#
# There is insufficient memory for the Java Runtime Environment to continue.
# Native memory allocation (malloc) failed to allocate 815216 bytes for Chunk::new
# Possible reasons:
#   The system is out of physical RAM or swap space
#   The process is running with CompressedOops enabled, and the Java Heap may be blocking the growth of the native heap
# Possible solutions:
#   Reduce memory load on the system
#   Increase physical memory or swap space
#   Check if swap backing store is full
#   Decrease Java heap size (-Xmx/-Xms)
#   Decrease number of Java threads
#   Decrease Java thread stack sizes (-Xss)
#   Set larger code cache with -XX:ReservedCodeCacheSize=
#   JVM is running with Unscaled Compressed Oops mode in which the Java heap is
#     placed in the first 4GB address space. The Java Heap base address is the
#     maximum limit for the native heap growth. Please use -XX:HeapBaseMinAddress
#     to set the Java Heap base and to place the Java Heap above 4GB virtual address.
# This output file may be truncated or incomplete.
#
#  Out of Memory Error (./src/hotspot/share/memory/arena.cpp:197), pid=6752, tid=2024
#
# JRE version: OpenJDK Runtime Environment (11.0.10) (build 11.0.10+0-b96-7249189)
# Java VM: OpenJDK 64-Bit Server VM (11.0.10+0-b96-7249189, mixed mode, tiered, compressed oops, g1 gc, windows-amd64)
# No core dump will be written. Minidumps are not enabled by default on client versions of Windows
#

---------------  S U M M A R Y ------------

Command Line: --add-opens=java.base/java.util=ALL-UNNAMED --add-opens=java.base/java.lang=ALL-UNNAMED --add-opens=java.base/java.lang.invoke=ALL-UNNAMED --add-opens=java.base/java.util=ALL-UNNAMED --add-opens=java.prefs/java.util.prefs=ALL-UNNAMED --add-opens=java.prefs/java.util.prefs=ALL-UNNAMED --add-opens=java.base/java.nio.charset=ALL-UNNAMED --add-opens=java.base/java.net=ALL-UNNAMED --add-opens=java.base/java.util.concurrent.atomic=ALL-UNNAMED -Xmx2048m -Dfile.encoding=UTF-8 -Duser.country=US -Duser.language=en -Duser.variant org.gradle.launcher.daemon.bootstrap.GradleDaemon 7.0.2

Host: 11th Gen Intel(R) Core(TM) i3-1115G4 @ 3.00GHz, 4 cores, 7G,  Windows 10 , 64 bit Build 19041 (10.0.19041.1889)
Time: Fri Oct 28 08:36:04 2022 SE Asia Standard Time elapsed time: 7.597749 seconds (0d 0h 0m 7s)

---------------  T H R E A D  ---------------

Current thread (0x000001d44d870800):  JavaThread "C2 CompilerThread0" daemon [_thread_in_native, id=2024, stack(0x00000044eca00000,0x00000044ecb00000)]


Current CompileTask:
C2:   7597 7329   !   4       jdk.internal.loader.Resource::getBytes (242 bytes)

Stack: [0x00000044eca00000,0x00000044ecb00000]
Native frames: (J=compiled Java code, j=interpreted, Vv=VM code, C=native code)
V  [jvm.dll+0x5ecfaa]
V  [jvm.dll+0x722bd5]
V  [jvm.dll+0x72412d]
V  [jvm.dll+0x7247e3]
V  [jvm.dll+0x242928]
V  [jvm.dll+0xbc4fc]
V  [jvm.dll+0xbca0c]
V  [jvm.dll+0x352d7d]
V  [jvm.dll+0x19800c]
V  [jvm.dll+0x1fb70e]
V  [jvm.dll+0x1fa7f4]
V  [jvm.dll+0x18354c]
V  [jvm.dll+0x208ee7]
V  [jvm.dll+0x207731]
V  [jvm.dll+0x6eb1cf]
V  [jvm.dll+0x6e3d45]
V  [jvm.dll+0x5ebe96]
C  [ucrtbase.dll+0x21bb2]
C  [KERNEL32.DLL+0x17034]
C  [ntdll.dll+0x526a1]


---------------  P R O C E S S  ---------------

Threads class SMR info:
_java_thread_list=0x000001d455d3db30, length=43, elements={
0x000001d433c7d800, 0x000001d44d84e800, 0x000001d44d850800, 0x000001d44d86c000,
0x000001d44d86d000, 0x000001d44d86e000, 0x000001d44d870800, 0x000001d44d87f000,
0x000001d44d880000, 0x000001d44d863000, 0x000001d44ff82800, 0x000001d44fb56800,
0x000001d44fa92000, 0x000001d44fa7f000, 0x000001d44fb55000, 0x000001d44fa25800,
0x000001d451c26800, 0x000001d450a71800, 0x000001d450a74000, 0x000001d450a6e000,
0x000001d450a6f000, 0x000001d450a75000, 0x000001d450a72800, 0x000001d450a70000,
0x000001d450a70800, 0x000001d450a73000, 0x000001d451f57000, 0x000001d451f57800,
0x000001d451f5b000, 0x000001d451f5c000, 0x000001d451f58800, 0x000001d451f5a000,
0x000001d451f56000, 0x000001d451f5c800, 0x000001d451f5f000, 0x000001d451f59800,
0x000001d451f61800, 0x000001d451f60800, 0x000001d451f62800, 0x000001d451f63000,
0x000001d451f64000, 0x000001d451f65000, 0x000001d4517bb000
}

Java Threads: ( => current thread )
  0x000001d433c7d800 JavaThread "main" [_thread_blocked, id=3612, stack(0x00000044ebe00000,0x00000044ebf00000)]
  0x000001d44d84e800 JavaThread "Reference Handler" daemon [_thread_blocked, id=11944, stack(0x00000044ec500000,0x00000044ec600000)]
  0x000001d44d850800 JavaThread "Finalizer" daemon [_thread_blocked, id=10312, stack(0x00000044ec600000,0x00000044ec700000)]
  0x000001d44d86c000 JavaThread "Signal Dispatcher" daemon [_thread_blocked, id=6484, stack(0x00000044ec700000,0x00000044ec800000)]
  0x000001d44d86d000 JavaThread "Attach Listener" daemon [_thread_blocked, id=4112, stack(0x00000044ec800000,0x00000044ec900000)]
  0x000001d44d86e000 JavaThread "Service Thread" daemon [_thread_blocked, id=9848, stack(0x00000044ec900000,0x00000044eca00000)]
=>0x000001d44d870800 JavaThread "C2 CompilerThread0" daemon [_thread_in_native, id=2024, stack(0x00000044eca00000,0x00000044ecb00000)]
  0x000001d44d87f000 JavaThread "C1 CompilerThread0" daemon [_thread_blocked, id=5640, stack(0x00000044ecb00000,0x00000044ecc00000)]
  0x000001d44d880000 JavaThread "Sweeper thread" daemon [_thread_blocked, id=8416, stack(0x00000044ecc00000,0x00000044ecd00000)]
  0x000001d44d863000 JavaThread "Common-Cleaner" daemon [_thread_blocked, id=3304, stack(0x00000044ecd00000,0x00000044ece00000)]
  0x000001d44ff82800 JavaThread "Daemon health stats" [_thread_blocked, id=10460, stack(0x00000044ed100000,0x00000044ed200000)]
  0x000001d44fb56800 JavaThread "Incoming local TCP Connector on port 50024" [_thread_in_native, id=11468, stack(0x00000044ecf00000,0x00000044ed000000)]
  0x000001d44fa92000 JavaThread "C2 CompilerThread1" daemon [_thread_in_native, id=9544, stack(0x00000044ed200000,0x00000044ed300000)]
  0x000001d44fa7f000 JavaThread "Daemon periodic checks" [_thread_blocked, id=8256, stack(0x00000044ed300000,0x00000044ed400000)]
  0x000001d44fb55000 JavaThread "Daemon" [_thread_blocked, id=7304, stack(0x00000044ed400000,0x00000044ed500000)]
  0x000001d44fa25800 JavaThread "Handler for socket connection from /127.0.0.1:50024 to /127.0.0.1:50025" [_thread_in_native, id=8252, stack(0x00000044ed500000,0x00000044ed600000)]
  0x000001d451c26800 JavaThread "Cancel handler" [_thread_blocked, id=9172, stack(0x00000044ed600000,0x00000044ed700000)]
  0x000001d450a71800 JavaThread "Daemon worker" [_thread_in_vm, id=2340, stack(0x00000044ed700000,0x00000044ed800000)]
  0x000001d450a74000 JavaThread "Asynchronous log dispatcher for DefaultDaemonConnection: socket connection from /127.0.0.1:50024 to /127.0.0.1:50025" [_thread_blocked, id=4836, stack(0x00000044ed800000,0x00000044ed900000)]
  0x000001d450a6e000 JavaThread "Stdin handler" [_thread_blocked, id=1996, stack(0x00000044ed900000,0x00000044eda00000)]
  0x000001d450a6f000 JavaThread "Daemon client event forwarder" [_thread_blocked, id=1880, stack(0x00000044eda00000,0x00000044edb00000)]
  0x000001d450a75000 JavaThread "Cache worker for file hash cache (C:\Users\LABKOM\.gradle\caches\7.0.2\fileHashes)" [_thread_blocked, id=2148, stack(0x00000044edb00000,0x00000044edc00000)]
  0x000001d450a72800 JavaThread "File lock request listener" [_thread_in_native, id=8784, stack(0x00000044edc00000,0x00000044edd00000)]
  0x000001d450a70000 JavaThread "Cache worker for journal cache (C:\Users\LABKOM\.gradle\caches\journal-1)" [_thread_blocked, id=6044, stack(0x00000044edf00000,0x00000044ee000000)]
  0x000001d450a70800 JavaThread "Cache worker for file hash cache (D:\104\.gradle\7.0.2\fileHashes)" [_thread_blocked, id=4548, stack(0x00000044ee000000,0x00000044ee100000)]
  0x000001d450a73000 JavaThread "File watcher server" daemon [_thread_in_native, id=7144, stack(0x00000044ee100000,0x00000044ee200000)]
  0x000001d451f57000 JavaThread "File watcher consumer" daemon [_thread_blocked, id=10160, stack(0x00000044ee200000,0x00000044ee300000)]
  0x000001d451f57800 JavaThread "jar transforms" [_thread_blocked, id=5344, stack(0x00000044ee300000,0x00000044ee400000)]
  0x000001d451f5b000 JavaThread "jar transforms Thread 2" [_thread_blocked, id=10780, stack(0x00000044ee400000,0x00000044ee500000)]
  0x000001d451f5c000 JavaThread "jar transforms Thread 3" [_thread_blocked, id=6924, stack(0x00000044ee500000,0x00000044ee600000)]
  0x000001d451f58800 JavaThread "jar transforms Thread 4" [_thread_blocked, id=5152, stack(0x00000044ee600000,0x00000044ee700000)]
  0x000001d451f5a000 JavaThread "Cache worker for checksums cache (D:\104\.gradle\checksums)" [_thread_blocked, id=3884, stack(0x00000044ee700000,0x00000044ee800000)]
  0x000001d451f56000 JavaThread "Cache worker for cache directory md-supplier (C:\Users\LABKOM\.gradle\caches\7.0.2\md-supplier)" [_thread_blocked, id=11432, stack(0x00000044ee800000,0x00000044ee900000)]
  0x000001d451f5c800 JavaThread "Cache worker for cache directory md-rule (C:\Users\LABKOM\.gradle\caches\7.0.2\md-rule)" [_thread_blocked, id=10088, stack(0x00000044ee900000,0x00000044eea00000)]
  0x000001d451f5f000 JavaThread "Cache worker for execution history cache (C:\Users\LABKOM\.gradle\caches\7.0.2\executionHistory)" [_thread_blocked, id=3252, stack(0x00000044eea00000,0x00000044eeb00000)]
  0x000001d451f59800 JavaThread "Cache worker for file content cache (C:\Users\LABKOM\.gradle\caches\7.0.2\fileContent)" [_thread_blocked, id=8572, stack(0x00000044eeb00000,0x00000044eec00000)]
  0x000001d451f61800 JavaThread "Cache worker for dependencies-accessors (D:\104\.gradle\7.0.2\dependencies-accessors)" [_thread_blocked, id=10376, stack(0x00000044eec00000,0x00000044eed00000)]
  0x000001d451f60800 JavaThread "Cache worker for Build Output Cleanup Cache (D:\104\.gradle\buildOutputCleanup)" [_thread_blocked, id=2372, stack(0x00000044eed00000,0x00000044eee00000)]
  0x000001d451f62800 JavaThread "Build operations" [_thread_blocked, id=10164, stack(0x00000044eee00000,0x00000044eef00000)]
  0x000001d451f63000 JavaThread "Build operations Thread 2" [_thread_blocked, id=11908, stack(0x00000044eef00000,0x00000044ef000000)]
  0x000001d451f64000 JavaThread "Build operations Thread 3" [_thread_blocked, id=532, stack(0x00000044ef000000,0x00000044ef100000)]
  0x000001d451f65000 JavaThread "Build operations Thread 4" [_thread_blocked, id=3620, stack(0x00000044ef100000,0x00000044ef200000)]
  0x000001d4517bb000 JavaThread "Memory manager" [_thread_blocked, id=1588, stack(0x00000044ef200000,0x00000044ef300000)]

Other Threads:
  0x000001d44d848000 VMThread "VM Thread" [stack: 0x00000044ec400000,0x00000044ec500000] [id=8584]
  0x000001d44e363000 WatcherThread [stack: 0x00000044ece00000,0x00000044ecf00000] [id=8500]
  0x000001d433c97000 GCTaskThread "GC Thread#0" [stack: 0x00000044ebf00000,0x00000044ec000000] [id=3636]
  0x000001d44e62c800 GCTaskThread "GC Thread#1" [stack: 0x00000044ed000000,0x00000044ed100000] [id=6204]
  0x000001d450587800 GCTaskThread "GC Thread#2" [stack: 0x00000044edd00000,0x00000044ede00000] [id=8868]
  0x000001d44f3b5800 GCTaskThread "GC Thread#3" [stack: 0x00000044ede00000,0x00000044edf00000] [id=8544]
  0x000001d433cc7000 ConcurrentGCThread "G1 Main Marker" [stack: 0x00000044ec000000,0x00000044ec100000] [id=3452]
  0x000001d433cc8800 ConcurrentGCThread "G1 Conc#0" [stack: 0x00000044ec100000,0x00000044ec200000] [id=1284]
  0x000001d433d54800 ConcurrentGCThread "G1 Refine#0" [stack: 0x00000044ec200000,0x00000044ec300000] [id=4056]
  0x000001d433d55800 ConcurrentGCThread "G1 Young RemSet Sampling" [stack: 0x00000044ec300000,0x00000044ec400000] [id=3352]

Threads with active compile tasks:
C2 CompilerThread0   7607 7329   !   4       jdk.internal.loader.Resource::getBytes (242 bytes)
C2 CompilerThread1   7607 7348       4       jdk.internal.loader.URLClassPath$JarLoader$2::getCodeSigners (8 bytes)

VM state:not at safepoint (normal execution)

VM Mutex/Monitor currently owned by a thread: None

Heap address: 0x0000000080000000, size: 2048 MB, Compressed Oops mode: 32-bit
Narrow klass base: 0x0000000000000000, Narrow klass shift: 3
Compressed class space size: 1073741824 Address: 0x0000000100000000

Heap:
 garbage-first heap   total 220160K, used 79097K [0x0000000080000000, 0x0000000100000000)
  region size 1024K, 8 young (8192K), 7 survivors (7168K)
 Metaspace       used 69488K, capacity 71429K, committed 71808K, reserved 1112064K
  class space    used 8803K, capacity 9475K, committed 9600K, reserved 1048576K
Heap Regions: E=young(eden), S=young(survivor), O=old, HS=humongous(starts), HC=humongous(continues), CS=collection set, F=free, A=archive, TAMS=top-at-mark-start (previous, next)
|   0|0x0000000080000000, 0x0000000080100000, 0x0000000080100000|100%| O|  |TAMS 0x0000000080100000, 0x0000000080100000| Untracked 
|   1|0x0000000080100000, 0x0000000080200000, 0x0000000080200000|100%| O|  |TAMS 0x0000000080200000, 0x0000000080200000| Untracked 
|   2|0x0000000080200000, 0x0000000080300000, 0x0000000080300000|100%| O|  |TAMS 0x0000000080300000, 0x0000000080300000| Untracked 
|   3|0x0000000080300000, 0x0000000080400000, 0x0000000080400000|100%|HS|  |TAMS 0x0000000080400000, 0x0000000080400000| Complete 
|   4|0x0000000080400000, 0x0000000080500000, 0x0000000080500000|100%|HC|  |TAMS 0x0000000080500000, 0x0000000080500000| Complete 
|   5|0x0000000080500000, 0x0000000080600000, 0x0000000080600000|100%|HC|  |TAMS 0x0000000080600000, 0x0000000080600000| Complete 
|   6|0x0000000080600000, 0x0000000080700000, 0x0000000080700000|100%| O|  |TAMS 0x0000000080700000, 0x0000000080700000| Untracked 
|   7|0x0000000080700000, 0x0000000080800000, 0x0000000080800000|100%| O|  |TAMS 0x0000000080800000, 0x0000000080800000| Untracked 
|   8|0x0000000080800000, 0x0000000080900000, 0x0000000080900000|100%| O|  |TAMS 0x0000000080900000, 0x0000000080900000| Untracked 
|   9|0x0000000080900000, 0x0000000080a00000, 0x0000000080a00000|100%|HS|  |TAMS 0x0000000080a00000, 0x0000000080a00000| Complete 
|  10|0x0000000080a00000, 0x0000000080b00000, 0x0000000080b00000|100%|HC|  |TAMS 0x0000000080b00000, 0x0000000080b00000| Complete 
|  11|0x0000000080b00000, 0x0000000080c00000, 0x0000000080c00000|100%|HS|  |TAMS 0x0000000080c00000, 0x0000000080c00000| Complete 
|  12|0x0000000080c00000, 0x0000000080d00000, 0x0000000080d00000|100%|HC|  |TAMS 0x0000000080d00000, 0x0000000080d00000| Complete 
|  13|0x0000000080d00000, 0x0000000080e00000, 0x0000000080e00000|100%|HC|  |TAMS 0x0000000080e00000, 0x0000000080e00000| Complete 
|  14|0x0000000080e00000, 0x0000000080f00000, 0x0000000080f00000|100%|HS|  |TAMS 0x0000000080f00000, 0x0000000080f00000| Complete 
|  15|0x0000000080f00000, 0x0000000081000000, 0x0000000081000000|100%|HC|  |TAMS 0x0000000081000000, 0x0000000081000000| Complete 
|  16|0x0000000081000000, 0x0000000081100000, 0x0000000081100000|100%|HC|  |TAMS 0x0000000081100000, 0x0000000081100000| Complete 
|  17|0x0000000081100000, 0x0000000081200000, 0x0000000081200000|100%|HC|  |TAMS 0x0000000081200000, 0x0000000081200000| Complete 
|  18|0x0000000081200000, 0x0000000081300000, 0x0000000081300000|100%|HC|  |TAMS 0x0000000081300000, 0x0000000081300000| Complete 
|  19|0x0000000081300000, 0x0000000081400000, 0x0000000081400000|100%| O|  |TAMS 0x0000000081400000, 0x0000000081400000| Untracked 
|  20|0x0000000081400000, 0x0000000081500000, 0x0000000081500000|100%| O|  |TAMS 0x0000000081500000, 0x0000000081500000| Untracked 
|  21|0x0000000081500000, 0x0000000081600000, 0x0000000081600000|100%| O|  |TAMS 0x0000000081600000, 0x0000000081600000| Untracked 
|  22|0x0000000081600000, 0x0000000081700000, 0x0000000081700000|100%| O|  |TAMS 0x0000000081700000, 0x0000000081700000| Untracked 
|  23|0x0000000081700000, 0x0000000081800000, 0x0000000081800000|100%| O|  |TAMS 0x0000000081800000, 0x0000000081800000| Untracked 
|  24|0x0000000081800000, 0x0000000081900000, 0x0000000081900000|100%| O|  |TAMS 0x0000000081900000, 0x0000000081900000| Untracked 
|  25|0x0000000081900000, 0x0000000081a00000, 0x0000000081a00000|100%| O|  |TAMS 0x0000000081a00000, 0x0000000081a00000| Untracked 
|  26|0x0000000081a00000, 0x0000000081b00000, 0x0000000081b00000|100%| O|  |TAMS 0x0000000081b00000, 0x0000000081b00000| Untracked 
|  27|0x0000000081b00000, 0x0000000081c00000, 0x0000000081c00000|100%| O|  |TAMS 0x0000000081b00000, 0x0000000081c00000| Untracked 
|  28|0x0000000081c00000, 0x0000000081d00000, 0x0000000081d00000|100%| O|  |TAMS 0x0000000081c00000, 0x0000000081d00000| Untracked 
|  29|0x0000000081d00000, 0x0000000081e00000, 0x0000000081e00000|100%| O|  |TAMS 0x0000000081d00000, 0x0000000081e00000| Untracked 
|  30|0x0000000081e00000, 0x0000000081f00000, 0x0000000081f00000|100%| O|  |TAMS 0x0000000081f00000, 0x0000000081f00000| Untracked 
|  31|0x0000000081f00000, 0x0000000082000000, 0x0000000082000000|100%| O|  |TAMS 0x0000000082000000, 0x0000000082000000| Untracked 
|  32|0x0000000082000000, 0x0000000082100000, 0x0000000082100000|100%| O|  |TAMS 0x0000000082100000, 0x0000000082100000| Untracked 
|  33|0x0000000082100000, 0x0000000082200000, 0x0000000082200000|100%| O|  |TAMS 0x0000000082200000, 0x0000000082200000| Untracked 
|  34|0x0000000082200000, 0x0000000082300000, 0x0000000082300000|100%| O|  |TAMS 0x000000008223fe00, 0x0000000082300000| Untracked 
|  35|0x0000000082300000, 0x0000000082400000, 0x0000000082400000|100%|HS|  |TAMS 0x0000000082300000, 0x0000000082400000| Complete 
|  36|0x0000000082400000, 0x0000000082500000, 0x0000000082500000|100%|HC|  |TAMS 0x0000000082400000, 0x0000000082500000| Complete 
|  37|0x0000000082500000, 0x0000000082600000, 0x0000000082600000|100%|HC|  |TAMS 0x0000000082500000, 0x0000000082600000| Complete 
|  38|0x0000000082600000, 0x0000000082700000, 0x0000000082700000|100%|HC|  |TAMS 0x0000000082600000, 0x0000000082700000| Complete 
|  39|0x0000000082700000, 0x0000000082800000, 0x0000000082800000|100%|HC|  |TAMS 0x0000000082700000, 0x0000000082800000| Complete 
|  40|0x0000000082800000, 0x0000000082900000, 0x0000000082900000|100%|HS|  |TAMS 0x0000000082800000, 0x0000000082900000| Complete 
|  41|0x0000000082900000, 0x0000000082a00000, 0x0000000082a00000|100%|HC|  |TAMS 0x0000000082900000, 0x0000000082a00000| Complete 
|  42|0x0000000082a00000, 0x0000000082b00000, 0x0000000082b00000|100%|HC|  |TAMS 0x0000000082a00000, 0x0000000082b00000| Complete 
|  43|0x0000000082b00000, 0x0000000082c00000, 0x0000000082c00000|100%| O|  |TAMS 0x0000000082b00000, 0x0000000082c00000| Untracked 
|  44|0x0000000082c00000, 0x0000000082d00000, 0x0000000082d00000|100%| O|  |TAMS 0x0000000082c00000, 0x0000000082d00000| Untracked 
|  45|0x0000000082d00000, 0x0000000082e00000, 0x0000000082e00000|100%| O|  |TAMS 0x0000000082d00000, 0x0000000082e00000| Untracked 
|  46|0x0000000082e00000, 0x0000000082f00000, 0x0000000082f00000|100%|HS|  |TAMS 0x0000000082e00000, 0x0000000082f00000| Complete 
|  47|0x0000000082f00000, 0x0000000083000000, 0x0000000083000000|100%| O|  |TAMS 0x0000000082f00000, 0x0000000083000000| Untracked 
|  48|0x0000000083000000, 0x0000000083100000, 0x0000000083100000|100%| O|  |TAMS 0x0000000083000000, 0x0000000083100000| Untracked 
|  49|0x0000000083100000, 0x0000000083200000, 0x0000000083200000|100%| O|  |TAMS 0x0000000083100000, 0x0000000083200000| Untracked 
|  50|0x0000000083200000, 0x0000000083300000, 0x0000000083300000|100%| O|  |TAMS 0x0000000083200000, 0x0000000083300000| Untracked 
|  51|0x0000000083300000, 0x0000000083400000, 0x0000000083400000|100%| O|  |TAMS 0x0000000083300000, 0x0000000083400000| Untracked 
|  52|0x0000000083400000, 0x0000000083500000, 0x0000000083500000|100%|HS|  |TAMS 0x0000000083400000, 0x0000000083500000| Complete 
|  53|0x0000000083500000, 0x0000000083600000, 0x0000000083600000|100%|HS|  |TAMS 0x0000000083500000, 0x0000000083600000| Complete 
|  54|0x0000000083600000, 0x0000000083700000, 0x0000000083700000|100%|HC|  |TAMS 0x0000000083600000, 0x0000000083700000| Complete 
|  55|0x0000000083700000, 0x0000000083800000, 0x0000000083800000|100%| O|  |TAMS 0x0000000083700000, 0x0000000083800000| Untracked 
|  56|0x0000000083800000, 0x0000000083900000, 0x0000000083900000|100%| O|  |TAMS 0x0000000083800000, 0x0000000083900000| Untracked 
|  57|0x0000000083900000, 0x0000000083a00000, 0x0000000083a00000|100%| O|  |TAMS 0x0000000083900000, 0x0000000083a00000| Untracked 
|  58|0x0000000083a00000, 0x0000000083b00000, 0x0000000083b00000|100%| O|  |TAMS 0x0000000083a00000, 0x0000000083b00000| Untracked 
|  59|0x0000000083b00000, 0x0000000083c00000, 0x0000000083c00000|100%| O|  |TAMS 0x0000000083b00000, 0x0000000083c00000| Untracked 
|  60|0x0000000083c00000, 0x0000000083d00000, 0x0000000083d00000|100%| O|  |TAMS 0x0000000083c00000, 0x0000000083d00000| Untracked 
|  61|0x0000000083d00000, 0x0000000083e00000, 0x0000000083e00000|100%| O|  |TAMS 0x0000000083d00000, 0x0000000083e00000| Untracked 
|  62|0x0000000083e00000, 0x0000000083f00000, 0x0000000083f00000|100%| O|  |TAMS 0x0000000083e00000, 0x0000000083f00000| Untracked 
|  63|0x0000000083f00000, 0x0000000084000000, 0x0000000084000000|100%| O|  |TAMS 0x0000000083f00000, 0x0000000084000000| Untracked 
|  64|0x0000000084000000, 0x0000000084100000, 0x0000000084100000|100%| O|  |TAMS 0x0000000084000000, 0x0000000084100000| Untracked 
|  65|0x0000000084100000, 0x0000000084200000, 0x0000000084200000|100%| O|  |TAMS 0x0000000084100000, 0x0000000084200000| Untracked 
|  66|0x0000000084200000, 0x0000000084300000, 0x0000000084300000|100%| O|  |TAMS 0x0000000084200000, 0x0000000084300000| Untracked 
|  67|0x0000000084300000, 0x0000000084400000, 0x0000000084400000|100%| O|  |TAMS 0x0000000084300000, 0x0000000084400000| Untracked 
|  68|0x0000000084400000, 0x0000000084500000, 0x0000000084500000|100%| O|  |TAMS 0x0000000084400000, 0x0000000084500000| Untracked 
|  69|0x0000000084500000, 0x0000000084600000, 0x0000000084600000|100%| O|  |TAMS 0x0000000084500000, 0x0000000084600000| Untracked 
|  70|0x0000000084600000, 0x00000000846cd800, 0x0000000084700000| 80%| O|  |TAMS 0x0000000084600000, 0x00000000846cd800| Untracked 
|  71|0x0000000084700000, 0x0000000084700000, 0x0000000084800000|  0%| F|  |TAMS 0x0000000084700000, 0x0000000084700000| Untracked 
|  72|0x0000000084800000, 0x0000000084800000, 0x0000000084900000|  0%| F|  |TAMS 0x0000000084800000, 0x0000000084800000| Untracked 
|  73|0x0000000084900000, 0x0000000084900000, 0x0000000084a00000|  0%| F|  |TAMS 0x0000000084900000, 0x0000000084900000| Untracked 
|  74|0x0000000084a00000, 0x0000000084a00000, 0x0000000084b00000|  0%| F|  |TAMS 0x0000000084a00000, 0x0000000084a00000| Untracked 
|  75|0x0000000084b00000, 0x0000000084b00000, 0x0000000084c00000|  0%| F|  |TAMS 0x0000000084b00000, 0x0000000084b00000| Untracked 
|  76|0x0000000084c00000, 0x0000000084c00000, 0x0000000084d00000|  0%| F|  |TAMS 0x0000000084c00000, 0x0000000084c00000| Untracked 
|  77|0x0000000084d00000, 0x0000000084d00000, 0x0000000084e00000|  0%| F|  |TAMS 0x0000000084d00000, 0x0000000084d00000| Untracked 
|  78|0x0000000084e00000, 0x0000000084e00000, 0x0000000084f00000|  0%| F|  |TAMS 0x0000000084e00000, 0x0000000084e00000| Untracked 
|  79|0x0000000084f00000, 0x0000000084f00000, 0x0000000085000000|  0%| F|  |TAMS 0x0000000084f00000, 0x0000000084f00000| Untracked 
|  80|0x0000000085000000, 0x0000000085000000, 0x0000000085100000|  0%| F|  |TAMS 0x0000000085000000, 0x0000000085000000| Untracked 
|  81|0x0000000085100000, 0x0000000085100000, 0x0000000085200000|  0%| F|  |TAMS 0x0000000085100000, 0x0000000085100000| Untracked 
|  82|0x0000000085200000, 0x0000000085200000, 0x0000000085300000|  0%| F|  |TAMS 0x0000000085200000, 0x0000000085200000| Untracked 
|  83|0x0000000085300000, 0x0000000085300000, 0x0000000085400000|  0%| F|  |TAMS 0x0000000085300000, 0x0000000085300000| Untracked 
|  84|0x0000000085400000, 0x0000000085400000, 0x0000000085500000|  0%| F|  |TAMS 0x0000000085400000, 0x0000000085400000| Untracked 
|  85|0x0000000085500000, 0x0000000085500000, 0x0000000085600000|  0%| F|  |TAMS 0x0000000085500000, 0x0000000085500000| Untracked 
|  86|0x0000000085600000, 0x0000000085600000, 0x0000000085700000|  0%| F|  |TAMS 0x0000000085600000, 0x0000000085600000| Untracked 
|  87|0x0000000085700000, 0x0000000085700000, 0x0000000085800000|  0%| F|  |TAMS 0x0000000085700000, 0x0000000085700000| Untracked 
|  88|0x0000000085800000, 0x0000000085800000, 0x0000000085900000|  0%| F|  |TAMS 0x0000000085800000, 0x0000000085800000| Untracked 
|  89|0x0000000085900000, 0x0000000085900000, 0x0000000085a00000|  0%| F|  |TAMS 0x0000000085900000, 0x0000000085900000| Untracked 
|  90|0x0000000085a00000, 0x0000000085a00000, 0x0000000085b00000|  0%| F|  |TAMS 0x0000000085a00000, 0x0000000085a00000| Untracked 
|  91|0x0000000085b00000, 0x0000000085b00000, 0x0000000085c00000|  0%| F|  |TAMS 0x0000000085b00000, 0x0000000085b00000| Untracked 
|  92|0x0000000085c00000, 0x0000000085c00000, 0x0000000085d00000|  0%| F|  |TAMS 0x0000000085c00000, 0x0000000085c00000| Untracked 
|  93|0x0000000085d00000, 0x0000000085d00000, 0x0000000085e00000|  0%| F|  |TAMS 0x0000000085d00000, 0x0000000085d00000| Untracked 
|  94|0x0000000085e00000, 0x0000000085e00000, 0x0000000085f00000|  0%| F|  |TAMS 0x0000000085e00000, 0x0000000085e00000| Untracked 
|  95|0x0000000085f00000, 0x0000000085f00000, 0x0000000086000000|  0%| F|  |TAMS 0x0000000085f00000, 0x0000000085f00000| Untracked 
|  96|0x0000000086000000, 0x0000000086000000, 0x0000000086100000|  0%| F|  |TAMS 0x0000000086000000, 0x0000000086000000| Untracked 
|  97|0x0000000086100000, 0x0000000086100000, 0x0000000086200000|  0%| F|  |TAMS 0x0000000086100000, 0x0000000086100000| Untracked 
|  98|0x0000000086200000, 0x0000000086200000, 0x0000000086300000|  0%| F|  |TAMS 0x0000000086200000, 0x0000000086200000| Untracked 
|  99|0x0000000086300000, 0x0000000086300000, 0x0000000086400000|  0%| F|  |TAMS 0x0000000086300000, 0x0000000086300000| Untracked 
| 100|0x0000000086400000, 0x0000000086400000, 0x0000000086500000|  0%| F|  |TAMS 0x0000000086400000, 0x0000000086400000| Untracked 
| 101|0x0000000086500000, 0x0000000086500000, 0x0000000086600000|  0%| F|  |TAMS 0x0000000086500000, 0x0000000086500000| Untracked 
| 102|0x0000000086600000, 0x0000000086600000, 0x0000000086700000|  0%| F|  |TAMS 0x0000000086600000, 0x0000000086600000| Untracked 
| 103|0x0000000086700000, 0x0000000086700000, 0x0000000086800000|  0%| F|  |TAMS 0x0000000086700000, 0x0000000086700000| Untracked 
| 104|0x0000000086800000, 0x0000000086800000, 0x0000000086900000|  0%| F|  |TAMS 0x0000000086800000, 0x0000000086800000| Untracked 
| 105|0x0000000086900000, 0x0000000086900000, 0x0000000086a00000|  0%| F|  |TAMS 0x0000000086900000, 0x0000000086900000| Untracked 
| 106|0x0000000086a00000, 0x0000000086a00000, 0x0000000086b00000|  0%| F|  |TAMS 0x0000000086a00000, 0x0000000086a00000| Untracked 
| 107|0x0000000086b00000, 0x0000000086b00000, 0x0000000086c00000|  0%| F|  |TAMS 0x0000000086b00000, 0x0000000086b00000| Untracked 
| 108|0x0000000086c00000, 0x0000000086c00000, 0x0000000086d00000|  0%| F|  |TAMS 0x0000000086c00000, 0x0000000086c00000| Untracked 
| 109|0x0000000086d00000, 0x0000000086d00000, 0x0000000086e00000|  0%| F|  |TAMS 0x0000000086d00000, 0x0000000086d00000| Untracked 
| 110|0x0000000086e00000, 0x0000000086e00000, 0x0000000086f00000|  0%| F|  |TAMS 0x0000000086e00000, 0x0000000086e00000| Untracked 
| 111|0x0000000086f00000, 0x0000000086f00000, 0x0000000087000000|  0%| F|  |TAMS 0x0000000086f00000, 0x0000000086f00000| Untracked 
| 112|0x0000000087000000, 0x0000000087000000, 0x0000000087100000|  0%| F|  |TAMS 0x0000000087000000, 0x0000000087000000| Untracked 
| 113|0x0000000087100000, 0x0000000087100000, 0x0000000087200000|  0%| F|  |TAMS 0x0000000087100000, 0x0000000087100000| Untracked 
| 114|0x0000000087200000, 0x0000000087200000, 0x0000000087300000|  0%| F|  |TAMS 0x0000000087200000, 0x0000000087200000| Untracked 
| 115|0x0000000087300000, 0x0000000087300000, 0x0000000087400000|  0%| F|  |TAMS 0x0000000087300000, 0x0000000087300000| Untracked 
| 116|0x0000000087400000, 0x0000000087400000, 0x0000000087500000|  0%| F|  |TAMS 0x0000000087400000, 0x0000000087400000| Untracked 
| 117|0x0000000087500000, 0x0000000087500000, 0x0000000087600000|  0%| F|  |TAMS 0x0000000087500000, 0x0000000087500000| Untracked 
| 118|0x0000000087600000, 0x0000000087600000, 0x0000000087700000|  0%| F|  |TAMS 0x0000000087600000, 0x0000000087600000| Untracked 
| 119|0x0000000087700000, 0x0000000087700000, 0x0000000087800000|  0%| F|  |TAMS 0x0000000087700000, 0x0000000087700000| Untracked 
| 120|0x0000000087800000, 0x0000000087800000, 0x0000000087900000|  0%| F|  |TAMS 0x0000000087800000, 0x0000000087800000| Untracked 
| 121|0x0000000087900000, 0x0000000087900000, 0x0000000087a00000|  0%| F|  |TAMS 0x0000000087900000, 0x0000000087900000| Untracked 
| 122|0x0000000087a00000, 0x0000000087a00000, 0x0000000087b00000|  0%| F|  |TAMS 0x0000000087a00000, 0x0000000087a00000| Untracked 
| 123|0x0000000087b00000, 0x0000000087b00000, 0x0000000087c00000|  0%| F|  |TAMS 0x0000000087b00000, 0x0000000087b00000| Untracked 
| 124|0x0000000087c00000, 0x0000000087c00000, 0x0000000087d00000|  0%| F|  |TAMS 0x0000000087c00000, 0x0000000087c00000| Untracked 
| 125|0x0000000087d00000, 0x0000000087d00000, 0x0000000087e00000|  0%| F|  |TAMS 0x0000000087d00000, 0x0000000087d00000| Untracked 
| 126|0x0000000087e00000, 0x0000000087e00000, 0x0000000087f00000|  0%| F|  |TAMS 0x0000000087e00000, 0x0000000087e00000| Untracked 
| 127|0x0000000087f00000, 0x0000000087f00000, 0x0000000088000000|  0%| F|  |TAMS 0x0000000087f00000, 0x0000000087f00000| Untracked 
| 128|0x0000000088000000, 0x0000000088000000, 0x0000000088100000|  0%| F|  |TAMS 0x0000000088000000, 0x0000000088000000| Untracked 
| 129|0x0000000088100000, 0x0000000088100000, 0x0000000088200000|  0%| F|  |TAMS 0x0000000088100000, 0x0000000088100000| Untracked 
| 130|0x0000000088200000, 0x0000000088200000, 0x0000000088300000|  0%| F|  |TAMS 0x0000000088200000, 0x0000000088200000| Untracked 
| 131|0x0000000088300000, 0x0000000088300000, 0x0000000088400000|  0%| F|  |TAMS 0x0000000088300000, 0x0000000088300000| Untracked 
| 132|0x0000000088400000, 0x0000000088400000, 0x0000000088500000|  0%| F|  |TAMS 0x0000000088400000, 0x0000000088400000| Untracked 
| 133|0x0000000088500000, 0x0000000088500000, 0x0000000088600000|  0%| F|  |TAMS 0x0000000088500000, 0x0000000088500000| Untracked 
| 134|0x0000000088600000, 0x0000000088600000, 0x0000000088700000|  0%| F|  |TAMS 0x0000000088600000, 0x0000000088600000| Untracked 
| 135|0x0000000088700000, 0x0000000088700000, 0x0000000088800000|  0%| F|  |TAMS 0x0000000088700000, 0x0000000088700000| Untracked 
| 136|0x0000000088800000, 0x0000000088800000, 0x0000000088900000|  0%| F|  |TAMS 0x0000000088800000, 0x0000000088800000| Untracked 
| 137|0x0000000088900000, 0x0000000088900000, 0x0000000088a00000|  0%| F|  |TAMS 0x0000000088900000, 0x0000000088900000| Untracked 
| 138|0x0000000088a00000, 0x0000000088a00000, 0x0000000088b00000|  0%| F|  |TAMS 0x0000000088a00000, 0x0000000088a00000| Untracked 
| 139|0x0000000088b00000, 0x0000000088b70f40, 0x0000000088c00000| 44%| S|CS|TAMS 0x0000000088b00000, 0x0000000088b00000| Complete 
| 140|0x0000000088c00000, 0x0000000088d00000, 0x0000000088d00000|100%| S|CS|TAMS 0x0000000088c00000, 0x0000000088c00000| Complete 
| 141|0x0000000088d00000, 0x0000000088e00000, 0x0000000088e00000|100%| S|CS|TAMS 0x0000000088d00000, 0x0000000088d00000| Complete 
| 142|0x0000000088e00000, 0x0000000088f00000, 0x0000000088f00000|100%| S|CS|TAMS 0x0000000088e00000, 0x0000000088e00000| Complete 
| 143|0x0000000088f00000, 0x0000000089000000, 0x0000000089000000|100%| S|CS|TAMS 0x0000000088f00000, 0x0000000088f00000| Complete 
| 144|0x0000000089000000, 0x0000000089100000, 0x0000000089100000|100%| S|CS|TAMS 0x0000000089000000, 0x0000000089000000| Complete 
| 145|0x0000000089100000, 0x0000000089200000, 0x0000000089200000|100%| S|CS|TAMS 0x0000000089100000, 0x0000000089100000| Complete 
| 146|0x0000000089200000, 0x0000000089200000, 0x0000000089300000|  0%| F|  |TAMS 0x0000000089200000, 0x0000000089200000| Untracked 
| 147|0x0000000089300000, 0x0000000089300000, 0x0000000089400000|  0%| F|  |TAMS 0x0000000089300000, 0x0000000089300000| Untracked 
| 148|0x0000000089400000, 0x0000000089400000, 0x0000000089500000|  0%| F|  |TAMS 0x0000000089400000, 0x0000000089400000| Untracked 
| 149|0x0000000089500000, 0x0000000089500000, 0x0000000089600000|  0%| F|  |TAMS 0x0000000089500000, 0x0000000089500000| Untracked 
| 150|0x0000000089600000, 0x0000000089600000, 0x0000000089700000|  0%| F|  |TAMS 0x0000000089600000, 0x0000000089600000| Untracked 
| 151|0x0000000089700000, 0x0000000089700000, 0x0000000089800000|  0%| F|  |TAMS 0x0000000089700000, 0x0000000089700000| Untracked 
| 152|0x0000000089800000, 0x0000000089800000, 0x0000000089900000|  0%| F|  |TAMS 0x0000000089800000, 0x0000000089800000| Untracked 
| 153|0x0000000089900000, 0x0000000089900000, 0x0000000089a00000|  0%| F|  |TAMS 0x0000000089900000, 0x0000000089900000| Untracked 
| 154|0x0000000089a00000, 0x0000000089a00000, 0x0000000089b00000|  0%| F|  |TAMS 0x0000000089a00000, 0x0000000089a00000| Untracked 
| 155|0x0000000089b00000, 0x0000000089b00000, 0x0000000089c00000|  0%| F|  |TAMS 0x0000000089b00000, 0x0000000089b00000| Untracked 
| 156|0x0000000089c00000, 0x0000000089c00000, 0x0000000089d00000|  0%| F|  |TAMS 0x0000000089c00000, 0x0000000089c00000| Untracked 
| 157|0x0000000089d00000, 0x0000000089d00000, 0x0000000089e00000|  0%| F|  |TAMS 0x0000000089d00000, 0x0000000089d00000| Untracked 
| 158|0x0000000089e00000, 0x0000000089e00000, 0x0000000089f00000|  0%| F|  |TAMS 0x0000000089e00000, 0x0000000089e00000| Untracked 
| 159|0x0000000089f00000, 0x0000000089f00000, 0x000000008a000000|  0%| F|  |TAMS 0x0000000089f00000, 0x0000000089f00000| Untracked 
| 160|0x000000008a000000, 0x000000008a000000, 0x000000008a100000|  0%| F|  |TAMS 0x000000008a000000, 0x000000008a000000| Untracked 
| 161|0x000000008a100000, 0x000000008a100000, 0x000000008a200000|  0%| F|  |TAMS 0x000000008a100000, 0x000000008a100000| Untracked 
| 162|0x000000008a200000, 0x000000008a200000, 0x000000008a300000|  0%| F|  |TAMS 0x000000008a200000, 0x000000008a200000| Untracked 
| 163|0x000000008a300000, 0x000000008a300000, 0x000000008a400000|  0%| F|  |TAMS 0x000000008a300000, 0x000000008a300000| Untracked 
| 164|0x000000008a400000, 0x000000008a400000, 0x000000008a500000|  0%| F|  |TAMS 0x000000008a400000, 0x000000008a400000| Untracked 
| 165|0x000000008a500000, 0x000000008a500000, 0x000000008a600000|  0%| F|  |TAMS 0x000000008a500000, 0x000000008a500000| Untracked 
| 166|0x000000008a600000, 0x000000008a600000, 0x000000008a700000|  0%| F|  |TAMS 0x000000008a600000, 0x000000008a600000| Untracked 
| 167|0x000000008a700000, 0x000000008a700000, 0x000000008a800000|  0%| F|  |TAMS 0x000000008a700000, 0x000000008a700000| Untracked 
| 168|0x000000008a800000, 0x000000008a800000, 0x000000008a900000|  0%| F|  |TAMS 0x000000008a800000, 0x000000008a800000| Untracked 
| 169|0x000000008a900000, 0x000000008a900000, 0x000000008aa00000|  0%| F|  |TAMS 0x000000008a900000, 0x000000008a900000| Untracked 
| 170|0x000000008aa00000, 0x000000008aa00000, 0x000000008ab00000|  0%| F|  |TAMS 0x000000008aa00000, 0x000000008aa00000| Untracked 
| 171|0x000000008ab00000, 0x000000008ab00000, 0x000000008ac00000|  0%| F|  |TAMS 0x000000008ab00000, 0x000000008ab00000| Untracked 
| 172|0x000000008ac00000, 0x000000008ac00000, 0x000000008ad00000|  0%| F|  |TAMS 0x000000008ac00000, 0x000000008ac00000| Untracked 
| 173|0x000000008ad00000, 0x000000008ad00000, 0x000000008ae00000|  0%| F|  |TAMS 0x000000008ad00000, 0x000000008ad00000| Untracked 
| 174|0x000000008ae00000, 0x000000008ae00000, 0x000000008af00000|  0%| F|  |TAMS 0x000000008ae00000, 0x000000008ae00000| Untracked 
| 175|0x000000008af00000, 0x000000008af00000, 0x000000008b000000|  0%| F|  |TAMS 0x000000008af00000, 0x000000008af00000| Untracked 
| 176|0x000000008b000000, 0x000000008b000000, 0x000000008b100000|  0%| F|  |TAMS 0x000000008b000000, 0x000000008b000000| Untracked 
| 177|0x000000008b100000, 0x000000008b100000, 0x000000008b200000|  0%| F|  |TAMS 0x000000008b100000, 0x000000008b100000| Untracked 
| 178|0x000000008b200000, 0x000000008b200000, 0x000000008b300000|  0%| F|  |TAMS 0x000000008b200000, 0x000000008b200000| Untracked 
| 179|0x000000008b300000, 0x000000008b300000, 0x000000008b400000|  0%| F|  |TAMS 0x000000008b300000, 0x000000008b300000| Untracked 
| 180|0x000000008b400000, 0x000000008b400000, 0x000000008b500000|  0%| F|  |TAMS 0x000000008b400000, 0x000000008b400000| Untracked 
| 181|0x000000008b500000, 0x000000008b500000, 0x000000008b600000|  0%| F|  |TAMS 0x000000008b500000, 0x000000008b500000| Untracked 
| 182|0x000000008b600000, 0x000000008b600000, 0x000000008b700000|  0%| F|  |TAMS 0x000000008b600000, 0x000000008b600000| Untracked 
| 183|0x000000008b700000, 0x000000008b700000, 0x000000008b800000|  0%| F|  |TAMS 0x000000008b700000, 0x000000008b700000| Untracked 
| 184|0x000000008b800000, 0x000000008b800000, 0x000000008b900000|  0%| F|  |TAMS 0x000000008b800000, 0x000000008b800000| Untracked 
| 185|0x000000008b900000, 0x000000008b900000, 0x000000008ba00000|  0%| F|  |TAMS 0x000000008b900000, 0x000000008b900000| Untracked 
| 186|0x000000008ba00000, 0x000000008ba00000, 0x000000008bb00000|  0%| F|  |TAMS 0x000000008ba00000, 0x000000008ba00000| Untracked 
| 187|0x000000008bb00000, 0x000000008bb00000, 0x000000008bc00000|  0%| F|  |TAMS 0x000000008bb00000, 0x000000008bb00000| Untracked 
| 188|0x000000008bc00000, 0x000000008bc00000, 0x000000008bd00000|  0%| F|  |TAMS 0x000000008bc00000, 0x000000008bc00000| Untracked 
| 189|0x000000008bd00000, 0x000000008bd00000, 0x000000008be00000|  0%| F|  |TAMS 0x000000008bd00000, 0x000000008bd00000| Untracked 
| 190|0x000000008be00000, 0x000000008be00000, 0x000000008bf00000|  0%| F|  |TAMS 0x000000008be00000, 0x000000008be00000| Untracked 
| 191|0x000000008bf00000, 0x000000008bf00000, 0x000000008c000000|  0%| F|  |TAMS 0x000000008bf00000, 0x000000008bf00000| Untracked 
| 192|0x000000008c000000, 0x000000008c000000, 0x000000008c100000|  0%| F|  |TAMS 0x000000008c000000, 0x000000008c000000| Untracked 
| 193|0x000000008c100000, 0x000000008c100000, 0x000000008c200000|  0%| F|  |TAMS 0x000000008c100000, 0x000000008c100000| Untracked 
| 194|0x000000008c200000, 0x000000008c200000, 0x000000008c300000|  0%| F|  |TAMS 0x000000008c200000, 0x000000008c200000| Untracked 
| 195|0x000000008c300000, 0x000000008c300000, 0x000000008c400000|  0%| F|  |TAMS 0x000000008c300000, 0x000000008c300000| Untracked 
| 196|0x000000008c400000, 0x000000008c400000, 0x000000008c500000|  0%| F|  |TAMS 0x000000008c400000, 0x000000008c400000| Untracked 
| 197|0x000000008c500000, 0x000000008c500000, 0x000000008c600000|  0%| F|  |TAMS 0x000000008c500000, 0x000000008c500000| Untracked 
| 198|0x000000008c600000, 0x000000008c600000, 0x000000008c700000|  0%| F|  |TAMS 0x000000008c600000, 0x000000008c600000| Untracked 
| 199|0x000000008c700000, 0x000000008c700000, 0x000000008c800000|  0%| F|  |TAMS 0x000000008c700000, 0x000000008c700000| Untracked 
| 200|0x000000008c800000, 0x000000008c800000, 0x000000008c900000|  0%| F|  |TAMS 0x000000008c800000, 0x000000008c800000| Untracked 
| 201|0x000000008c900000, 0x000000008c900000, 0x000000008ca00000|  0%| F|  |TAMS 0x000000008c900000, 0x000000008c900000| Untracked 
| 202|0x000000008ca00000, 0x000000008ca00000, 0x000000008cb00000|  0%| F|  |TAMS 0x000000008ca00000, 0x000000008ca00000| Untracked 
| 203|0x000000008cb00000, 0x000000008cb00000, 0x000000008cc00000|  0%| F|  |TAMS 0x000000008cb00000, 0x000000008cb00000| Untracked 
| 204|0x000000008cc00000, 0x000000008cc00000, 0x000000008cd00000|  0%| F|  |TAMS 0x000000008cc00000, 0x000000008cc00000| Untracked 
| 205|0x000000008cd00000, 0x000000008cd00000, 0x000000008ce00000|  0%| F|  |TAMS 0x000000008cd00000, 0x000000008cd00000| Untracked 
| 206|0x000000008ce00000, 0x000000008ce00000, 0x000000008cf00000|  0%| F|  |TAMS 0x000000008ce00000, 0x000000008ce00000| Untracked 
| 207|0x000000008cf00000, 0x000000008cf00000, 0x000000008d000000|  0%| F|  |TAMS 0x000000008cf00000, 0x000000008cf00000| Untracked 
| 208|0x000000008d000000, 0x000000008d000000, 0x000000008d100000|  0%| F|  |TAMS 0x000000008d000000, 0x000000008d000000| Untracked 
| 209|0x000000008d100000, 0x000000008d100000, 0x000000008d200000|  0%| F|  |TAMS 0x000000008d100000, 0x000000008d100000| Untracked 
| 210|0x000000008d200000, 0x000000008d200000, 0x000000008d300000|  0%| F|  |TAMS 0x000000008d200000, 0x000000008d200000| Untracked 
| 211|0x000000008d300000, 0x000000008d300000, 0x000000008d400000|  0%| F|  |TAMS 0x000000008d300000, 0x000000008d300000| Untracked 
| 212|0x000000008d400000, 0x000000008d400000, 0x000000008d500000|  0%| F|  |TAMS 0x000000008d400000, 0x000000008d400000| Untracked 
| 213|0x000000008d500000, 0x000000008d500000, 0x000000008d600000|  0%| F|  |TAMS 0x000000008d500000, 0x000000008d500000| Untracked 
| 214|0x000000008d600000, 0x000000008d700000, 0x000000008d700000|100%| E|  |TAMS 0x000000008d600000, 0x000000008d600000| Complete 

Card table byte_map: [0x000001d446b70000,0x000001d446f70000] _byte_map_base: 0x000001d446770000

Marking Bits (Prev, Next): (CMBitMap*) 0x000001d433cbe330, (CMBitMap*) 0x000001d433cbe2f8
 Prev Bits: [0x000001d449370000, 0x000001d44b370000)
 Next Bits: [0x000001d447370000, 0x000001d449370000)

Polling page: 0x000001d431ac0000

Metaspace:

Usage:
  Non-class:     60.56 MB capacity,    59.29 MB ( 98%) used,     1.09 MB (  2%) free+waste,   183.13 KB ( <1%) overhead. 
      Class:      9.25 MB capacity,     8.60 MB ( 93%) used,   579.52 KB (  6%) free+waste,    86.44 KB ( <1%) overhead. 
       Both:     69.82 MB capacity,    67.90 MB ( 97%) used,     1.66 MB (  2%) free+waste,   269.56 KB ( <1%) overhead. 

Virtual space:
  Non-class space:       62.00 MB reserved,      60.75 MB ( 98%) committed 
      Class space:        1.00 GB reserved,       9.38 MB ( <1%) committed 
             Both:        1.06 GB reserved,      70.13 MB (  6%) committed 

Chunk freelists:
   Non-Class:  62.00 KB
       Class:  29.00 KB
        Both:  91.00 KB

MaxMetaspaceSize: 17179869184.00 GB
CompressedClassSpaceSize: 1.00 GB

CodeHeap 'non-profiled nmethods': size=120064Kb used=4356Kb max_used=4356Kb free=115707Kb
 bounds [0x000001d43f230000, 0x000001d43f680000, 0x000001d446770000]
CodeHeap 'profiled nmethods': size=120000Kb used=15437Kb max_used=15437Kb free=104562Kb
 bounds [0x000001d437d00000, 0x000001d438c20000, 0x000001d43f230000]
CodeHeap 'non-nmethods': size=5696Kb used=2279Kb max_used=2328Kb free=3416Kb
 bounds [0x000001d437770000, 0x000001d4379e0000, 0x000001d437d00000]
 total_blobs=8194 nmethods=7329 adapters=776
 compilation: enabled
              stopped_count=0, restarted_count=0
 full_count=0

Compilation events (20 events):
Event: 7.568 Thread 0x000001d44d87f000 7374       3       org.gradle.cache.internal.DefaultCrossBuildInMemoryCacheFactory$DefaultClassMap::maybeGetRetainedValue (12 bytes)
Event: 7.568 Thread 0x000001d44d87f000 nmethod 7374 0x000001d438c0e390 code [0x000001d438c0e5e0, 0x000001d438c0ef18]
Event: 7.568 Thread 0x000001d44d87f000 7375       3       org.objectweb.asm.AnnotationWriter::visitEnd (44 bytes)
Event: 7.568 Thread 0x000001d44d87f000 nmethod 7375 0x000001d438c0f190 code [0x000001d438c0f340, 0x000001d438c0f4d8]
Event: 7.569 Thread 0x000001d44d87f000 7376       3       org.gradle.cache.internal.DefaultCrossBuildInMemoryCacheFactory$DefaultClassMap::retainValue (10 bytes)
Event: 7.569 Thread 0x000001d44d87f000 nmethod 7376 0x000001d438c0f610 code [0x000001d438c0f7e0, 0x000001d438c0fb38]
Event: 7.569 Thread 0x000001d44d87f000 7377       3       org.gradle.cache.internal.DefaultCrossBuildInMemoryCacheFactory$DefaultClassMap::retainValue (14 bytes)
Event: 7.569 Thread 0x000001d44d87f000 nmethod 7377 0x000001d438c0fc90 code [0x000001d438c0fee0, 0x000001d438c10838]
Event: 7.580 Thread 0x000001d44fa92000 nmethod 7365 0x000001d438c10b10 code [0x000001d438c10da0, 0x000001d438c11d20]
Event: 7.580 Thread 0x000001d44fa92000 7369       4       org.objectweb.asm.Frame::merge (322 bytes)
Event: 7.586 Thread 0x000001d44fa92000 nmethod 7369 0x000001d43f66ef90 code [0x000001d43f66f180, 0x000001d43f66f6a8]
Event: 7.586 Thread 0x000001d44fa92000 7372       4       java.nio.Buffer::nextGetIndex (32 bytes)
Event: 7.586 Thread 0x000001d44fa92000 nmethod 7372 0x000001d43f66fc10 code [0x000001d43f66fda0, 0x000001d43f66fe38]
Event: 7.587 Thread 0x000001d44fa92000 7368       4       org.objectweb.asm.ByteVector::putInt (74 bytes)
Event: 7.588 Thread 0x000001d44fa92000 nmethod 7368 0x000001d43f66ff10 code [0x000001d43f6700c0, 0x000001d43f670268]
Event: 7.588 Thread 0x000001d44fa92000 7378       4       org.objectweb.asm.Label::<init> (5 bytes)
Event: 7.588 Thread 0x000001d44fa92000 nmethod 7378 0x000001d43f670390 code [0x000001d43f670520, 0x000001d43f670578]
Event: 7.588 Thread 0x000001d44fa92000 7154       4       java.lang.ref.WeakReference::<init> (7 bytes)
Event: 7.589 Thread 0x000001d44fa92000 nmethod 7154 0x000001d43f670610 code [0x000001d43f6707a0, 0x000001d43f670998]
Event: 7.589 Thread 0x000001d44fa92000 7348       4       jdk.internal.loader.URLClassPath$JarLoader$2::getCodeSigners (8 bytes)

GC Heap History (20 events):
Event: 1.681 GC heap before
{Heap before GC invocations=3 (full 0):
 garbage-first heap   total 126976K, used 77659K [0x0000000080000000, 0x0000000100000000)
  region size 1024K, 68 young (69632K), 3 survivors (3072K)
 Metaspace       used 20563K, capacity 21085K, committed 21248K, reserved 1067008K
  class space    used 2513K, capacity 2699K, committed 2816K, reserved 1048576K
}
Event: 1.687 GC heap after
{Heap after GC invocations=4 (full 0):
 garbage-first heap   total 126976K, used 16930K [0x0000000080000000, 0x0000000100000000)
  region size 1024K, 9 young (9216K), 9 survivors (9216K)
 Metaspace       used 20563K, capacity 21085K, committed 21248K, reserved 1067008K
  class space    used 2513K, capacity 2699K, committed 2816K, reserved 1048576K
}
Event: 2.337 GC heap before
{Heap before GC invocations=5 (full 0):
 garbage-first heap   total 126976K, used 92706K [0x0000000080000000, 0x0000000100000000)
  region size 1024K, 73 young (74752K), 9 survivors (9216K)
 Metaspace       used 26875K, capacity 27626K, committed 27648K, reserved 1073152K
  class space    used 3548K, capacity 3838K, committed 3840K, reserved 1048576K
}
Event: 2.345 GC heap after
{Heap after GC invocations=6 (full 0):
 garbage-first heap   total 152576K, used 32330K [0x0000000080000000, 0x0000000100000000)
  region size 1024K, 5 young (5120K), 5 survivors (5120K)
 Metaspace       used 26875K, capacity 27626K, committed 27648K, reserved 1073152K
  class space    used 3548K, capacity 3838K, committed 3840K, reserved 1048576K
}
Event: 2.916 GC heap before
{Heap before GC invocations=6 (full 0):
 garbage-first heap   total 152576K, used 82506K [0x0000000080000000, 0x0000000100000000)
  region size 1024K, 55 young (56320K), 5 survivors (5120K)
 Metaspace       used 34848K, capacity 35727K, committed 35840K, reserved 1081344K
  class space    used 4562K, capacity 4899K, committed 4992K, reserved 1048576K
}
Event: 2.924 GC heap after
{Heap after GC invocations=7 (full 0):
 garbage-first heap   total 152576K, used 35262K [0x0000000080000000, 0x0000000100000000)
  region size 1024K, 8 young (8192K), 8 survivors (8192K)
 Metaspace       used 34848K, capacity 35727K, committed 35840K, reserved 1081344K
  class space    used 4562K, capacity 4899K, committed 4992K, reserved 1048576K
}
Event: 3.664 GC heap before
{Heap before GC invocations=8 (full 0):
 garbage-first heap   total 152576K, used 105918K [0x0000000080000000, 0x0000000100000000)
  region size 1024K, 75 young (76800K), 8 survivors (8192K)
 Metaspace       used 41531K, capacity 42607K, committed 42880K, reserved 1087488K
  class space    used 5339K, capacity 5700K, committed 5760K, reserved 1048576K
}
Event: 3.675 GC heap after
{Heap after GC invocations=9 (full 0):
 garbage-first heap   total 152576K, used 39634K [0x0000000080000000, 0x0000000100000000)
  region size 1024K, 8 young (8192K), 8 survivors (8192K)
 Metaspace       used 41531K, capacity 42607K, committed 42880K, reserved 1087488K
  class space    used 5339K, capacity 5700K, committed 5760K, reserved 1048576K
}
Event: 4.178 GC heap before
{Heap before GC invocations=10 (full 0):
 garbage-first heap   total 152576K, used 114386K [0x0000000080000000, 0x0000000100000000)
  region size 1024K, 76 young (77824K), 8 survivors (8192K)
 Metaspace       used 45002K, capacity 46157K, committed 46336K, reserved 1089536K
  class space    used 5875K, capacity 6288K, committed 6400K, reserved 1048576K
}
Event: 4.191 GC heap after
{Heap after GC invocations=11 (full 0):
 garbage-first heap   total 152576K, used 48345K [0x0000000080000000, 0x0000000100000000)
  region size 1024K, 8 young (8192K), 8 survivors (8192K)
 Metaspace       used 45002K, capacity 46157K, committed 46336K, reserved 1089536K
  class space    used 5875K, capacity 6288K, committed 6400K, reserved 1048576K
}
Event: 4.693 GC heap before
{Heap before GC invocations=11 (full 0):
 garbage-first heap   total 152576K, used 119001K [0x0000000080000000, 0x0000000100000000)
  region size 1024K, 74 young (75776K), 8 survivors (8192K)
 Metaspace       used 47328K, capacity 48541K, committed 48640K, reserved 1091584K
  class space    used 6125K, capacity 6585K, committed 6656K, reserved 1048576K
}
Event: 4.707 GC heap after
{Heap after GC invocations=12 (full 0):
 garbage-first heap   total 183296K, used 55578K [0x0000000080000000, 0x0000000100000000)
  region size 1024K, 9 young (9216K), 9 survivors (9216K)
 Metaspace       used 47328K, capacity 48541K, committed 48640K, reserved 1091584K
  class space    used 6125K, capacity 6585K, committed 6656K, reserved 1048576K
}
Event: 5.331 GC heap before
{Heap before GC invocations=12 (full 0):
 garbage-first heap   total 183296K, used 136474K [0x0000000080000000, 0x0000000100000000)
  region size 1024K, 88 young (90112K), 9 survivors (9216K)
 Metaspace       used 51709K, capacity 53144K, committed 53248K, reserved 1095680K
  class space    used 6607K, capacity 7108K, committed 7168K, reserved 1048576K
}
Event: 5.340 GC heap after
{Heap after GC invocations=13 (full 0):
 garbage-first heap   total 183296K, used 59452K [0x0000000080000000, 0x0000000100000000)
  region size 1024K, 8 young (8192K), 8 survivors (8192K)
 Metaspace       used 51709K, capacity 53144K, committed 53248K, reserved 1095680K
  class space    used 6607K, capacity 7108K, committed 7168K, reserved 1048576K
}
Event: 6.224 GC heap before
{Heap before GC invocations=13 (full 0):
 garbage-first heap   total 183296K, used 148540K [0x0000000080000000, 0x0000000100000000)
  region size 1024K, 92 young (94208K), 8 survivors (8192K)
 Metaspace       used 55411K, capacity 57044K, committed 57088K, reserved 1099776K
  class space    used 7105K, capacity 7653K, committed 7680K, reserved 1048576K
}
Event: 6.234 GC heap after
{Heap after GC invocations=14 (full 0):
 garbage-first heap   total 183296K, used 71517K [0x0000000080000000, 0x0000000100000000)
  region size 1024K, 12 young (12288K), 12 survivors (12288K)
 Metaspace       used 55411K, capacity 57044K, committed 57088K, reserved 1099776K
  class space    used 7105K, capacity 7653K, committed 7680K, reserved 1048576K
}
Event: 7.267 GC heap before
{Heap before GC invocations=14 (full 0):
 garbage-first heap   total 183296K, used 144221K [0x0000000080000000, 0x0000000100000000)
  region size 1024K, 83 young (84992K), 12 survivors (12288K)
 Metaspace       used 66063K, capacity 67959K, committed 68224K, reserved 1107968K
  class space    used 8400K, capacity 9070K, committed 9088K, reserved 1048576K
}
Event: 7.279 GC heap after
{Heap after GC invocations=15 (full 0):
 garbage-first heap   total 183296K, used 76052K [0x0000000080000000, 0x0000000100000000)
  region size 1024K, 4 young (4096K), 4 survivors (4096K)
 Metaspace       used 66063K, capacity 67959K, committed 68224K, reserved 1107968K
  class space    used 8400K, capacity 9070K, committed 9088K, reserved 1048576K
}
Event: 7.570 GC heap before
{Heap before GC invocations=15 (full 0):
 garbage-first heap   total 183296K, used 107796K [0x0000000080000000, 0x0000000100000000)
  region size 1024K, 37 young (37888K), 4 survivors (4096K)
 Metaspace       used 69437K, capacity 71396K, committed 71680K, reserved 1112064K
  class space    used 8797K, capacity 9443K, committed 9472K, reserved 1048576K
}
Event: 7.579 GC heap after
{Heap after GC invocations=16 (full 0):
 garbage-first heap   total 220160K, used 79097K [0x0000000080000000, 0x0000000100000000)
  region size 1024K, 7 young (7168K), 7 survivors (7168K)
 Metaspace       used 69437K, capacity 71396K, committed 71680K, reserved 1112064K
  class space    used 8797K, capacity 9443K, committed 9472K, reserved 1048576K
}

Deoptimization events (20 events):
Event: 7.415 Thread 0x000001d450a71800 DEOPT PACKING pc=0x000001d43868a95d sp=0x00000044ed7f3fe0
Event: 7.415 Thread 0x000001d450a71800 DEOPT UNPACKING pc=0x000001d437798ede sp=0x00000044ed7f3498 mode 0
Event: 7.415 Thread 0x000001d450a71800 DEOPT PACKING pc=0x000001d43868a95d sp=0x00000044ed7f3fe0
Event: 7.415 Thread 0x000001d450a71800 DEOPT UNPACKING pc=0x000001d437798ede sp=0x00000044ed7f3498 mode 0
Event: 7.415 Thread 0x000001d450a71800 DEOPT PACKING pc=0x000001d43868a95d sp=0x00000044ed7f3fe0
Event: 7.415 Thread 0x000001d450a71800 DEOPT UNPACKING pc=0x000001d437798ede sp=0x00000044ed7f3498 mode 0
Event: 7.415 Thread 0x000001d450a71800 DEOPT PACKING pc=0x000001d43868a95d sp=0x00000044ed7f3fe0
Event: 7.415 Thread 0x000001d450a71800 DEOPT UNPACKING pc=0x000001d437798ede sp=0x00000044ed7f3498 mode 0
Event: 7.415 Thread 0x000001d450a71800 DEOPT PACKING pc=0x000001d43868a95d sp=0x00000044ed7f3fe0
Event: 7.415 Thread 0x000001d450a71800 DEOPT UNPACKING pc=0x000001d437798ede sp=0x00000044ed7f3498 mode 0
Event: 7.416 Thread 0x000001d450a71800 DEOPT PACKING pc=0x000001d43868a95d sp=0x00000044ed7f3fe0
Event: 7.416 Thread 0x000001d450a71800 DEOPT UNPACKING pc=0x000001d437798ede sp=0x00000044ed7f3498 mode 0
Event: 7.417 Thread 0x000001d450a71800 Uncommon trap: trap_request=0xffffffc6 fr.pc=0x000001d43f5ebff4 relative=0x0000000000001514
Event: 7.417 Thread 0x000001d450a71800 Uncommon trap: reason=bimorphic_or_optimized_type_check action=maybe_recompile pc=0x000001d43f5ebff4 method=jdk.internal.loader.Resource.getBytes()[B @ 115 c2
Event: 7.417 Thread 0x000001d450a71800 DEOPT PACKING pc=0x000001d43f5ebff4 sp=0x00000044ed7f4730
Event: 7.417 Thread 0x000001d450a71800 DEOPT UNPACKING pc=0x000001d4377783af sp=0x00000044ed7f4740 mode 2
Event: 7.419 Thread 0x000001d450a71800 Uncommon trap: trap_request=0xffffffc6 fr.pc=0x000001d43f5ebff4 relative=0x0000000000001514
Event: 7.419 Thread 0x000001d450a71800 Uncommon trap: reason=bimorphic_or_optimized_type_check action=maybe_recompile pc=0x000001d43f5ebff4 method=jdk.internal.loader.Resource.getBytes()[B @ 115 c2
Event: 7.419 Thread 0x000001d450a71800 DEOPT PACKING pc=0x000001d43f5ebff4 sp=0x00000044ed7f1430
Event: 7.419 Thread 0x000001d450a71800 DEOPT UNPACKING pc=0x000001d4377783af sp=0x00000044ed7f1440 mode 2

Classes redefined (0 events):
No events

Internal exceptions (20 events):
Event: 6.152 Thread 0x000001d450a71800 Exception <a 'java/lang/ClassNotFoundException'{0x0000000086db1118}: org/gradle/api/DefaultTaskCustomizer> (0x0000000086db1118) thrown at [./src/hotspot/share/classfile/systemDictionary.cpp, line 231]
Event: 6.155 Thread 0x000001d450a71800 Exception <a 'java/lang/ClassNotFoundException'{0x0000000086c31218}: org/gradle/api/internal/ConventionTaskCustomizer> (0x0000000086c31218) thrown at [./src/hotspot/share/classfile/systemDictionary.cpp, line 231]
Event: 6.156 Thread 0x000001d450a71800 Exception <a 'java/lang/ClassNotFoundException'{0x0000000086c68470}: org/gradle/api/tasks/DeleteCustomizer> (0x0000000086c68470) thrown at [./src/hotspot/share/classfile/systemDictionary.cpp, line 231]
Event: 6.157 Thread 0x000001d450a71800 Exception <a 'java/lang/ClassNotFoundException'{0x0000000086ca6a90}: org/gradle/api/tasks/Delete_DecoratedCustomizer> (0x0000000086ca6a90) thrown at [./src/hotspot/share/classfile/systemDictionary.cpp, line 231]
Event: 6.256 Thread 0x000001d450a71800 Exception <a 'java/lang/ClassNotFoundException'{0x000000008b2ab118}: build_c5a0euxjgc89rn0qk3f7qgegvBeanInfo> (0x000000008b2ab118) thrown at [./src/hotspot/share/classfile/systemDictionary.cpp, line 231]
Event: 6.256 Thread 0x000001d450a71800 Exception <a 'java/lang/ClassNotFoundException'{0x000000008b2b6040}: build_c5a0euxjgc89rn0qk3f7qgegvCustomizer> (0x000000008b2b6040) thrown at [./src/hotspot/share/classfile/systemDictionary.cpp, line 231]
Event: 6.262 Thread 0x000001d450a71800 Exception <a 'java/lang/ClassNotFoundException'{0x000000008b13b6a8}: org/gradle/plugin/use/internal/PluginRequestCollector$PluginDependenciesSpecImplBeanInfo> (0x000000008b13b6a8) thrown at [./src/hotspot/share/classfile/systemDictionary.cpp, line 231]
Event: 6.263 Thread 0x000001d450a71800 Exception <a 'java/lang/ClassNotFoundException'{0x000000008b169558}: org/gradle/plugin/use/internal/PluginRequestCollector$PluginDependenciesSpecImplCustomizer> (0x000000008b169558) thrown at [./src/hotspot/share/classfile/systemDictionary.cpp, line 231]
Event: 6.415 Thread 0x000001d450a71800 Exception <a 'java/lang/NoSuchMethodError'{0x000000008a50b980}: 'java.lang.Object java.lang.invoke.DirectMethodHandle$Holder.invokeStatic(java.lang.Object, java.lang.Object, java.lang.Object, java.lang.Object, int)'> (0x000000008a50b980) thrown at [./src/hotspot/share/interpreter/linkResolver.cpp, line 773]
Event: 6.416 Thread 0x000001d450a71800 Exception <a 'java/lang/NoSuchMethodError'{0x000000008a510378}: 'java.lang.Object java.lang.invoke.DirectMethodHandle$Holder.invokeSpecial(java.lang.Object, java.lang.Object, java.lang.Object, java.lang.Object, java.lang.Object, int)'> (0x000000008a510378) thrown at [./src/hotspot/share/interpreter/linkResolver.cpp, line 773]
Event: 6.416 Thread 0x000001d450a71800 Exception <a 'java/lang/NoSuchMethodError'{0x000000008a5149b8}: 'java.lang.Object java.lang.invoke.Invokers$Holder.linkToTargetMethod(java.lang.Object, java.lang.Object, java.lang.Object, int, java.lang.Object)'> (0x000000008a5149b8) thrown at [./src/hotspot/share/interpreter/linkResolver.cpp, line 773]
Event: 6.713 Thread 0x000001d450a71800 Exception <a 'java/lang/NoSuchMethodError'{0x000000008978f948}: 'java.lang.Object java.lang.invoke.DirectMethodHandle$Holder.invokeSpecial(java.lang.Object, java.lang.Object, int, int, java.lang.Object, java.lang.Object, java.lang.Object)'> (0x000000008978f948) thrown at [./src/hotspot/share/interpreter/linkResolver.cpp, line 773]
Event: 6.714 Thread 0x000001d450a71800 Exception <a 'java/lang/NoSuchMethodError'{0x0000000089793ec8}: 'java.lang.Object java.lang.invoke.DelegatingMethodHandle$Holder.reinvoke_L(java.lang.Object, int, int, java.lang.Object, java.lang.Object, java.lang.Object)'> (0x0000000089793ec8) thrown at [./src/hotspot/share/interpreter/linkResolver.cpp, line 773]
Event: 6.865 Thread 0x000001d450a71800 Exception <a 'java/lang/NoSuchMethodError'{0x0000000088b24a50}: 'int java.lang.invoke.DirectMethodHandle$Holder.invokeInterface(java.lang.Object, java.lang.Object, java.lang.Object, java.lang.Object)'> (0x0000000088b24a50) thrown at [./src/hotspot/share/interpreter/linkResolver.cpp, line 773]
Event: 7.109 Thread 0x000001d450a71800 Exception <a 'java/lang/NoSuchMethodError'{0x0000000087654ad8}: 'void java.lang.invoke.DirectMethodHandle$Holder.invokeInterface(java.lang.Object, java.lang.Object, java.lang.Object, java.lang.Object)'> (0x0000000087654ad8) thrown at [./src/hotspot/share/interpreter/linkResolver.cpp, line 773]
Event: 7.213 Thread 0x000001d450a71800 Exception <a 'java/lang/IncompatibleClassChangeError'{0x0000000086e01238}: Found class java.lang.Object, but interface was expected> (0x0000000086e01238) thrown at [./src/hotspot/share/interpreter/linkResolver.cpp, line 839]
Event: 7.254 Thread 0x000001d450a71800 Implicit null exception at 0x000001d43f5e8654 to 0x000001d43f5e8838
Event: 7.254 Thread 0x000001d450a71800 Implicit null exception at 0x000001d43f5e4738 to 0x000001d43f5e62e4
Event: 7.322 Thread 0x000001d450a71800 Implicit null exception at 0x000001d43f35d38b to 0x000001d43f35d464
Event: 7.440 Thread 0x000001d450a71800 Exception <a 'sun/nio/fs/WindowsException'{0x000000008a0a8a18}> (0x000000008a0a8a18) thrown at [./src/hotspot/share/prims/jni.cpp, line 615]

Events (20 events):
Event: 7.559 loading class org/gradle/api/tasks/InputFile
Event: 7.559 loading class org/gradle/api/tasks/InputFile done
Event: 7.563 loading class com/android/build/api/dsl/ResourcesPackagingOptions
Event: 7.563 loading class com/android/build/api/dsl/ResourcesPackagingOptions done
Event: 7.564 loading class com/android/build/api/dsl/JniLibsPackagingOptions
Event: 7.564 loading class com/android/build/api/dsl/JniLibsPackagingOptions done
Event: 7.564 loading class com/android/build/api/dsl/DexPackagingOptions
Event: 7.564 loading class com/android/build/api/dsl/DexPackagingOptions done
Event: 7.565 loading class com/android/build/gradle/internal/packaging/PackagingOptionsUtilsKt
Event: 7.565 loading class com/android/build/gradle/internal/packaging/PackagingOptionsUtilsKt done
Event: 7.566 loading class com/android/build/gradle/internal/dsl/DexPackagingOptionsImpl
Event: 7.566 loading class com/android/build/gradle/internal/dsl/DexPackagingOptionsImpl done
Event: 7.567 loading class com/android/build/gradle/internal/dsl/JniLibsPackagingOptionsImpl
Event: 7.567 loading class com/android/build/gradle/internal/dsl/JniLibsPackagingOptionsImpl done
Event: 7.569 loading class com/android/build/gradle/internal/dsl/ResourcesPackagingOptionsImpl
Event: 7.569 loading class com/android/build/gradle/internal/dsl/ResourcesPackagingOptionsImpl done
Event: 7.570 loading class com/android/build/gradle/internal/dsl/LanguageSplitOptions
Event: 7.570 loading class com/android/build/gradle/internal/dsl/LanguageSplitOptions done
Event: 7.570 Executing VM operation: CollectForMetadataAllocation
Event: 7.579 Executing VM operation: CollectForMetadataAllocation done


Dynamic libraries:
0x00007ff6ae0c0000 - 0x00007ff6ae0ca000 	C:\Program Files\Android\Android Studio\jre\bin\java.exe
0x00007ffa00630000 - 0x00007ffa00828000 	C:\Windows\SYSTEM32\ntdll.dll
0x00007ff9ff2d0000 - 0x00007ff9ff38d000 	C:\Windows\System32\KERNEL32.DLL
0x00007ff9fe060000 - 0x00007ff9fe332000 	C:\Windows\System32\KERNELBASE.dll
0x00007ff9fde00000 - 0x00007ff9fdf00000 	C:\Windows\System32\ucrtbase.dll
0x00007ff9e5d50000 - 0x00007ff9e5d69000 	C:\Program Files\Android\Android Studio\jre\bin\jli.dll
0x00007ff9e5d30000 - 0x00007ff9e5d47000 	C:\Program Files\Android\Android Studio\jre\bin\VCRUNTIME140.dll
0x00007ff9fff60000 - 0x00007ffa000fd000 	C:\Windows\System32\USER32.dll
0x00007ff9fdd40000 - 0x00007ff9fdd62000 	C:\Windows\System32\win32u.dll
0x00007ff9e74d0000 - 0x00007ff9e776a000 	C:\Windows\WinSxS\amd64_microsoft.windows.common-controls_6595b64144ccf1df_6.0.19041.1110_none_60b5254171f9507e\COMCTL32.dll
0x00007ffa003e0000 - 0x00007ffa0040b000 	C:\Windows\System32\GDI32.dll
0x00007ff9ff560000 - 0x00007ff9ff5fe000 	C:\Windows\System32\msvcrt.dll
0x00007ff9fe340000 - 0x00007ff9fe44f000 	C:\Windows\System32\gdi32full.dll
0x00007ff9fdf00000 - 0x00007ff9fdf9d000 	C:\Windows\System32\msvcp_win.dll
0x00007ff9ff390000 - 0x00007ff9ff3c0000 	C:\Windows\System32\IMM32.DLL
0x00007ff9e5c90000 - 0x00007ff9e5d2d000 	C:\Program Files\Android\Android Studio\jre\bin\msvcp140.dll
0x00007ff986330000 - 0x00007ff986dff000 	C:\Program Files\Android\Android Studio\jre\bin\server\jvm.dll
0x00007ffa00540000 - 0x00007ffa005ee000 	C:\Windows\System32\ADVAPI32.dll
0x00007ff9ff230000 - 0x00007ff9ff2cc000 	C:\Windows\System32\sechost.dll
0x00007ffa00100000 - 0x00007ffa00225000 	C:\Windows\System32\RPCRT4.dll
0x00007ff9ff7a0000 - 0x00007ff9ff7a8000 	C:\Windows\System32\PSAPI.DLL
0x00007ff9ec860000 - 0x00007ff9ec869000 	C:\Windows\SYSTEM32\WSOCK32.dll
0x00007ff9e0060000 - 0x00007ff9e0087000 	C:\Windows\SYSTEM32\WINMM.dll
0x00007ff9f2830000 - 0x00007ff9f283a000 	C:\Windows\SYSTEM32\VERSION.dll
0x00007ffa002e0000 - 0x00007ffa0034b000 	C:\Windows\System32\WS2_32.dll
0x00007ff9fc590000 - 0x00007ff9fc5a2000 	C:\Windows\SYSTEM32\kernel.appcore.dll
0x00007ff9e9400000 - 0x00007ff9e9411000 	C:\Program Files\Android\Android Studio\jre\bin\verify.dll
0x00007ff9fb790000 - 0x00007ff9fb974000 	C:\Windows\SYSTEM32\DBGHELP.DLL
0x00007ff9e2690000 - 0x00007ff9e26bc000 	C:\Windows\SYSTEM32\dbgcore.DLL
0x00007ff9fdd70000 - 0x00007ff9fddf2000 	C:\Windows\System32\bcryptPrimitives.dll
0x00007ff9e8d30000 - 0x00007ff9e8d59000 	C:\Program Files\Android\Android Studio\jre\bin\java.dll
0x00007ff9ec850000 - 0x00007ff9ec85b000 	C:\Program Files\Android\Android Studio\jre\bin\jimage.dll
0x00007ff9e9230000 - 0x00007ff9e9248000 	C:\Program Files\Android\Android Studio\jre\bin\zip.dll
0x00007ff9ff7b0000 - 0x00007ff9ffef3000 	C:\Windows\System32\SHELL32.dll
0x00007ff9fbde0000 - 0x00007ff9fc571000 	C:\Windows\SYSTEM32\windows.storage.dll
0x00007ff9feb00000 - 0x00007ff9fee54000 	C:\Windows\System32\combase.dll
0x00007ff9fd7a0000 - 0x00007ff9fd7d0000 	C:\Windows\SYSTEM32\Wldp.dll
0x00007ffa00230000 - 0x00007ffa002dd000 	C:\Windows\System32\SHCORE.dll
0x00007ff9fee60000 - 0x00007ff9feeb5000 	C:\Windows\System32\shlwapi.dll
0x00007ff9fdc80000 - 0x00007ff9fdc9f000 	C:\Windows\SYSTEM32\profapi.dll
0x00007ff9e8ec0000 - 0x00007ff9e8eda000 	C:\Program Files\Android\Android Studio\jre\bin\net.dll
0x00007ff9f4ca0000 - 0x00007ff9f4dad000 	C:\Windows\SYSTEM32\WINHTTP.dll
0x00007ff9fd500000 - 0x00007ff9fd56a000 	C:\Windows\system32\mswsock.dll
0x00007ff9e8cf0000 - 0x00007ff9e8d04000 	C:\Program Files\Android\Android Studio\jre\bin\nio.dll
0x00007ff9e6040000 - 0x00007ff9e6067000 	C:\Users\LABKOM\.gradle\native\8bec1ad78214c89d9ad589b4d07fe93259594b29d510b10fafb7a158f7737e5d\windows-amd64\native-platform.dll
0x00007ff9d3470000 - 0x00007ff9d35ad000 	C:\Users\LABKOM\.gradle\native\53dbd7edfb1c66fb8903c78663c9afc45aea4f116125fa6feffd364cf09443e8\windows-amd64\native-platform-file-events.dll
0x00007ff9ecaa0000 - 0x00007ff9ecaaa000 	C:\Program Files\Android\Android Studio\jre\bin\management.dll
0x00007ff9e93f0000 - 0x00007ff9e93fc000 	C:\Program Files\Android\Android Studio\jre\bin\management_ext.dll
0x00007ff9fd6f0000 - 0x00007ff9fd708000 	C:\Windows\SYSTEM32\CRYPTSP.dll
0x00007ff9fcdb0000 - 0x00007ff9fcde4000 	C:\Windows\system32\rsaenh.dll
0x00007ff9fe660000 - 0x00007ff9fe687000 	C:\Windows\System32\bcrypt.dll
0x00007ff9fdc00000 - 0x00007ff9fdc2e000 	C:\Windows\SYSTEM32\USERENV.dll
0x00007ff9fd710000 - 0x00007ff9fd71c000 	C:\Windows\SYSTEM32\CRYPTBASE.dll
0x00007ff9fd1a0000 - 0x00007ff9fd1db000 	C:\Windows\SYSTEM32\IPHLPAPI.DLL
0x00007ff9ff070000 - 0x00007ff9ff078000 	C:\Windows\System32\NSI.dll
0x00007ff9f2840000 - 0x00007ff9f2857000 	C:\Windows\SYSTEM32\dhcpcsvc6.DLL
0x00007ff9f2810000 - 0x00007ff9f282d000 	C:\Windows\SYSTEM32\dhcpcsvc.DLL
0x00007ff9fd1f0000 - 0x00007ff9fd2ba000 	C:\Windows\SYSTEM32\DNSAPI.dll

dbghelp: loaded successfully - version: 4.0.5 - missing functions: none
symbol engine: initialized successfully - sym options: 0x614 - pdb path: .;C:\Program Files\Android\Android Studio\jre\bin;C:\Windows\SYSTEM32;C:\Windows\WinSxS\amd64_microsoft.windows.common-controls_6595b64144ccf1df_6.0.19041.1110_none_60b5254171f9507e;C:\Program Files\Android\Android Studio\jre\bin\server;C:\Users\LABKOM\.gradle\native\8bec1ad78214c89d9ad589b4d07fe93259594b29d510b10fafb7a158f7737e5d\windows-amd64;C:\Users\LABKOM\.gradle\native\53dbd7edfb1c66fb8903c78663c9afc45aea4f116125fa6feffd364cf09443e8\windows-amd64

VM Arguments:
jvm_args: --add-opens=java.base/java.util=ALL-UNNAMED --add-opens=java.base/java.lang=ALL-UNNAMED --add-opens=java.base/java.lang.invoke=ALL-UNNAMED --add-opens=java.base/java.util=ALL-UNNAMED --add-opens=java.prefs/java.util.prefs=ALL-UNNAMED --add-opens=java.prefs/java.util.prefs=ALL-UNNAMED --add-opens=java.base/java.nio.charset=ALL-UNNAMED --add-opens=java.base/java.net=ALL-UNNAMED --add-opens=java.base/java.util.concurrent.atomic=ALL-UNNAMED -Xmx2048m -Dfile.encoding=UTF-8 -Duser.country=US -Duser.language=en -Duser.variant 
java_command: org.gradle.launcher.daemon.bootstrap.GradleDaemon 7.0.2
java_class_path (initial): C:\Users\LABKOM\.gradle\wrapper\dists\gradle-7.0.2-bin\857tjihv64xamwrf0h14cai3r\gradle-7.0.2\lib\gradle-launcher-7.0.2.jar
Launcher Type: SUN_STANDARD

[Global flags]
     intx CICompilerCount                          = 3                                         {product} {ergonomic}
     uint ConcGCThreads                            = 1                                         {product} {ergonomic}
     uint G1ConcRefinementThreads                  = 4                                         {product} {ergonomic}
   size_t G1HeapRegionSize                         = 1048576                                   {product} {ergonomic}
    uintx GCDrainStackTargetSize                   = 64                                        {product} {ergonomic}
   size_t InitialHeapSize                          = 130023424                                 {product} {ergonomic}
   size_t MarkStackSize                            = 4194304                                   {product} {ergonomic}
   size_t MaxHeapSize                              = 2147483648                                {product} {command line}
   size_t MaxNewSize                               = 1287651328                                {product} {ergonomic}
   size_t MinHeapDeltaBytes                        = 1048576                                   {product} {ergonomic}
    uintx NonNMethodCodeHeapSize                   = 5830732                                {pd product} {ergonomic}
    uintx NonProfiledCodeHeapSize                  = 122913754                              {pd product} {ergonomic}
    uintx ProfiledCodeHeapSize                     = 122913754                              {pd product} {ergonomic}
    uintx ReservedCodeCacheSize                    = 251658240                              {pd product} {ergonomic}
     bool SegmentedCodeCache                       = true                                      {product} {ergonomic}
     bool UseCompressedClassPointers               = true                                 {lp64_product} {ergonomic}
     bool UseCompressedOops                        = true                                 {lp64_product} {ergonomic}
     bool UseG1GC                                  = true                                      {product} {ergonomic}
     bool UseLargePagesIndividualAllocation        = false                                  {pd product} {ergonomic}

Logging:
Log output configuration:
 #0: stdout all=warning uptime,level,tags
 #1: stderr all=off uptime,level,tags

Environment Variables:
PATH=C:\Program Files (x86)\Common Files\Intel\Shared Files\fortran\bin\Intel64;C:\Program Files (x86)\Common Files\Intel\Shared Libraries\redist\intel64_win\mpirt;C:\Program Files (x86)\Common Files\Intel\Shared Libraries\redist\intel64_win\compiler;C:\ProgramData\Oracle\Java\javapath;C:\Program Files\Common Files\Oracle\Java\javapath;C:\Windows\system32;C:\Windows;C:\Windows\System32\Wbem;C:\Windows\System32\WindowsPowerShell\v1.0\;C:\Windows\System32\OpenSSH\;C:\Program Files (x86)\MATLAB\MATLAB Production Server\R2015a\runtime\win32;C:\Program Files (x86)\MATLAB\MATLAB Production Server\R2015a\bin;C:\Program Files (x86)\MATLAB\MATLAB Production Server\R2015a\polyspace\bin;C:\xampp\php;C:\composer;C:\Program Files (x86)\Microsoft SQL Server\100\Tools\Binn\;C:\Program Files\Microsoft SQL Server\100\Tools\Binn\;C:\Program Files\Microsoft SQL Server\100\DTS\Binn\;C:\Program Files\Microsoft SQL Server\110\Tools\Binn\;C:\Program Files\Git\cmd;C:\Users\LABKOM\AppData\Local\Programs\Python\Python39\Scripts\;C:\Users\LABKOM\AppData\Local\Programs\Python\Python39\;C:\Users\LABKOM\AppData\Local\Microsoft\WindowsApps;;C:\Users\LABKOM\AppData\Local\Programs\Microsoft VS Code\bin;C:\Users\LABKOM\AppData\Roaming\Composer\vendor\bin
USERNAME=LABKOM
OS=Windows_NT
PROCESSOR_IDENTIFIER=Intel64 Family 6 Model 140 Stepping 1, GenuineIntel



---------------  S Y S T E M  ---------------

OS: Windows 10 , 64 bit Build 19041 (10.0.19041.1889)
OS uptime: 0 days 1:29 hours

CPU:total 4 (initial active 4) (2 cores per cpu, 2 threads per core) family 6 model 140 stepping 1 microcode 0x72, cmov, cx8, fxsr, mmx, sse, sse2, sse3, ssse3, sse4.1, sse4.2, popcnt, avx, avx2, aes, clmul, erms, 3dnowpref, lzcnt, ht, tsc, tscinvbit, bmi1, bmi2, adx, evex, sha, fma

Memory: 4k page, system-wide physical 7817M (807M free)
TotalPageFile size 8689M (AvailPageFile size 5M)
current process WorkingSet (physical memory assigned to process): 397M, peak: 397M
current process commit charge ("private bytes"): 461M, peak: 462M

vm_info: OpenJDK 64-Bit Server VM (11.0.10+0-b96-7249189) for windows-amd64 JRE (11.0.10+0-b96-7249189), built on Mar 31 2021 21:44:00 by "builder" with MS VC++ 14.0 (VS2015)

END.
