#
# There is insufficient memory for the Java Runtime Environment to continue.
# Native memory allocation (malloc) failed to allocate 1249296 bytes for Chunk::new
# Possible reasons:
#   The system is out of physical RAM or swap space
#   The process is running with CompressedOops enabled, and the Java Heap may be blocking the growth of the native heap
# Possible solutions:
#   Reduce memory load on the system
#   Increase physical memory or swap space
#   Check if swap backing store is full
#   Decrease Java heap size (-Xmx/-Xms)
#   Decrease number of Java threads
#   Decrease Java thread stack sizes (-Xss)
#   Set larger code cache with -XX:ReservedCodeCacheSize=
#   JVM is running with Unscaled Compressed Oops mode in which the Java heap is
#     placed in the first 4GB address space. The Java Heap base address is the
#     maximum limit for the native heap growth. Please use -XX:HeapBaseMinAddress
#     to set the Java Heap base and to place the Java Heap above 4GB virtual address.
# This output file may be truncated or incomplete.
#
#  Out of Memory Error (./src/hotspot/share/memory/arena.cpp:197), pid=12024, tid=5736
#
# JRE version: OpenJDK Runtime Environment (11.0.10) (build 11.0.10+0-b96-7249189)
# Java VM: OpenJDK 64-Bit Server VM (11.0.10+0-b96-7249189, mixed mode, tiered, compressed oops, g1 gc, windows-amd64)
# No core dump will be written. Minidumps are not enabled by default on client versions of Windows
#

---------------  S U M M A R Y ------------

Command Line: --add-opens=java.base/java.util=ALL-UNNAMED --add-opens=java.base/java.lang=ALL-UNNAMED --add-opens=java.base/java.lang.invoke=ALL-UNNAMED --add-opens=java.base/java.util=ALL-UNNAMED --add-opens=java.prefs/java.util.prefs=ALL-UNNAMED --add-opens=java.prefs/java.util.prefs=ALL-UNNAMED --add-opens=java.base/java.nio.charset=ALL-UNNAMED --add-opens=java.base/java.net=ALL-UNNAMED --add-opens=java.base/java.util.concurrent.atomic=ALL-UNNAMED -Xmx2048m -Dfile.encoding=UTF-8 -Duser.country=US -Duser.language=en -Duser.variant org.gradle.launcher.daemon.bootstrap.GradleDaemon 7.0.2

Host: 11th Gen Intel(R) Core(TM) i3-1115G4 @ 3.00GHz, 4 cores, 7G,  Windows 10 , 64 bit Build 19041 (10.0.19041.1889)
Time: Fri Oct 28 08:39:36 2022 SE Asia Standard Time elapsed time: 7.157453 seconds (0d 0h 0m 7s)

---------------  T H R E A D  ---------------

Current thread (0x000001c8fe5f5800):  JavaThread "C2 CompilerThread1" daemon [_thread_in_native, id=5736, stack(0x000000c451c00000,0x000000c451d00000)]


Current CompileTask:
C2:   7157 7165       4       java.net.URLClassLoader$1::run (5 bytes)

Stack: [0x000000c451c00000,0x000000c451d00000]
Native frames: (J=compiled Java code, j=interpreted, Vv=VM code, C=native code)
V  [jvm.dll+0x5ecfaa]
V  [jvm.dll+0x722bd5]
V  [jvm.dll+0x72412d]
V  [jvm.dll+0x7247e3]
V  [jvm.dll+0x242928]
V  [jvm.dll+0xbc4fc]
V  [jvm.dll+0xbca0c]
V  [jvm.dll+0x352d7d]
V  [jvm.dll+0x197e0c]
V  [jvm.dll+0x1fb70e]
V  [jvm.dll+0x1fa7f4]
V  [jvm.dll+0x18354c]
V  [jvm.dll+0x208ee7]
V  [jvm.dll+0x207731]
V  [jvm.dll+0x6eb1cf]
V  [jvm.dll+0x6e3d45]
V  [jvm.dll+0x5ebe96]
C  [ucrtbase.dll+0x21bb2]
C  [KERNEL32.DLL+0x17034]
C  [ntdll.dll+0x526a1]


---------------  P R O C E S S  ---------------

Threads class SMR info:
_java_thread_list=0x000001c894f03ff0, length=43, elements={
0x000001c8f0f3d800, 0x000001c8fe2d1800, 0x000001c8fe2db000, 0x000001c8fe2e3800,
0x000001c8fe2e8000, 0x000001c8fe2e9000, 0x000001c8fe2eb000, 0x000001c8fe2ee000,
0x000001c8fdaba000, 0x000001c8fda58000, 0x000001c890145800, 0x000001c8fe5f5800,
0x000001c88fbeb800, 0x000001c89080d800, 0x000001c88f897800, 0x000001c8ff64e800,
0x000001c8ff64f800, 0x000001c88fae2000, 0x000001c88f84f800, 0x000001c89096b800,
0x000001c88f7b4800, 0x000001c88f7ba800, 0x000001c88f7b5800, 0x000001c88f7b8000,
0x000001c88f7b8800, 0x000001c88f7b9800, 0x000001c88f7bb000, 0x000001c88f7b6000,
0x000001c88f7b7000, 0x000001c89286f000, 0x000001c89286e000, 0x000001c892870000,
0x000001c892871800, 0x000001c89286b800, 0x000001c892870800, 0x000001c892873000,
0x000001c892874000, 0x000001c892875800, 0x000001c892876800, 0x000001c892877000,
0x000001c892878000, 0x000001c892879000, 0x000001c892879800
}

Java Threads: ( => current thread )
  0x000001c8f0f3d800 JavaThread "main" [_thread_blocked, id=8736, stack(0x000000c450b00000,0x000000c450c00000)]
  0x000001c8fe2d1800 JavaThread "Reference Handler" daemon [_thread_blocked, id=11856, stack(0x000000c451200000,0x000000c451300000)]
  0x000001c8fe2db000 JavaThread "Finalizer" daemon [_thread_blocked, id=7536, stack(0x000000c451300000,0x000000c451400000)]
  0x000001c8fe2e3800 JavaThread "Signal Dispatcher" daemon [_thread_blocked, id=12264, stack(0x000000c451400000,0x000000c451500000)]
  0x000001c8fe2e8000 JavaThread "Attach Listener" daemon [_thread_blocked, id=104, stack(0x000000c451500000,0x000000c451600000)]
  0x000001c8fe2e9000 JavaThread "Service Thread" daemon [_thread_blocked, id=2624, stack(0x000000c451600000,0x000000c451700000)]
  0x000001c8fe2eb000 JavaThread "C2 CompilerThread0" daemon [_thread_in_native, id=8568, stack(0x000000c451700000,0x000000c451800000)]
  0x000001c8fe2ee000 JavaThread "C1 CompilerThread0" daemon [_thread_blocked, id=6968, stack(0x000000c451800000,0x000000c451900000)]
  0x000001c8fdaba000 JavaThread "Sweeper thread" daemon [_thread_blocked, id=4272, stack(0x000000c451900000,0x000000c451a00000)]
  0x000001c8fda58000 JavaThread "Common-Cleaner" daemon [_thread_blocked, id=11812, stack(0x000000c451a00000,0x000000c451b00000)]
  0x000001c890145800 JavaThread "Daemon health stats" [_thread_blocked, id=8532, stack(0x000000c451e00000,0x000000c451f00000)]
=>0x000001c8fe5f5800 JavaThread "C2 CompilerThread1" daemon [_thread_in_native, id=5736, stack(0x000000c451c00000,0x000000c451d00000)]
  0x000001c88fbeb800 JavaThread "Incoming local TCP Connector on port 50045" [_thread_in_native, id=4328, stack(0x000000c451f00000,0x000000c452000000)]
  0x000001c89080d800 JavaThread "Daemon periodic checks" [_thread_blocked, id=4204, stack(0x000000c452000000,0x000000c452100000)]
  0x000001c88f897800 JavaThread "Daemon" [_thread_blocked, id=7744, stack(0x000000c452100000,0x000000c452200000)]
  0x000001c8ff64e800 JavaThread "Handler for socket connection from /127.0.0.1:50045 to /127.0.0.1:50046" [_thread_in_native, id=4580, stack(0x000000c452200000,0x000000c452300000)]
  0x000001c8ff64f800 JavaThread "Cancel handler" [_thread_blocked, id=4680, stack(0x000000c452300000,0x000000c452400000)]
  0x000001c88fae2000 JavaThread "Daemon worker" [_thread_in_vm, id=10684, stack(0x000000c452400000,0x000000c452500000)]
  0x000001c88f84f800 JavaThread "Asynchronous log dispatcher for DefaultDaemonConnection: socket connection from /127.0.0.1:50045 to /127.0.0.1:50046" [_thread_blocked, id=2956, stack(0x000000c452500000,0x000000c452600000)]
  0x000001c89096b800 JavaThread "Stdin handler" [_thread_blocked, id=6512, stack(0x000000c452600000,0x000000c452700000)]
  0x000001c88f7b4800 JavaThread "Daemon client event forwarder" [_thread_blocked, id=1000, stack(0x000000c452700000,0x000000c452800000)]
  0x000001c88f7ba800 JavaThread "Cache worker for file hash cache (C:\Users\LABKOM\.gradle\caches\7.0.2\fileHashes)" [_thread_blocked, id=12236, stack(0x000000c452a00000,0x000000c452b00000)]
  0x000001c88f7b5800 JavaThread "File lock request listener" [_thread_in_native, id=7652, stack(0x000000c452b00000,0x000000c452c00000)]
  0x000001c88f7b8000 JavaThread "Cache worker for journal cache (C:\Users\LABKOM\.gradle\caches\journal-1)" [_thread_blocked, id=11260, stack(0x000000c452c00000,0x000000c452d00000)]
  0x000001c88f7b8800 JavaThread "Cache worker for file hash cache (D:\104\.gradle\7.0.2\fileHashes)" [_thread_blocked, id=12032, stack(0x000000c452d00000,0x000000c452e00000)]
  0x000001c88f7b9800 JavaThread "File watcher server" daemon [_thread_in_native, id=3788, stack(0x000000c452e00000,0x000000c452f00000)]
  0x000001c88f7bb000 JavaThread "File watcher consumer" daemon [_thread_blocked, id=10672, stack(0x000000c452f00000,0x000000c453000000)]
  0x000001c88f7b6000 JavaThread "jar transforms" [_thread_blocked, id=940, stack(0x000000c453000000,0x000000c453100000)]
  0x000001c88f7b7000 JavaThread "jar transforms Thread 2" [_thread_blocked, id=12220, stack(0x000000c453100000,0x000000c453200000)]
  0x000001c89286f000 JavaThread "jar transforms Thread 3" [_thread_blocked, id=5032, stack(0x000000c453200000,0x000000c453300000)]
  0x000001c89286e000 JavaThread "jar transforms Thread 4" [_thread_blocked, id=6132, stack(0x000000c453300000,0x000000c453400000)]
  0x000001c892870000 JavaThread "Cache worker for checksums cache (D:\104\.gradle\checksums)" [_thread_blocked, id=6812, stack(0x000000c453400000,0x000000c453500000)]
  0x000001c892871800 JavaThread "Cache worker for cache directory md-supplier (C:\Users\LABKOM\.gradle\caches\7.0.2\md-supplier)" [_thread_blocked, id=2428, stack(0x000000c453500000,0x000000c453600000)]
  0x000001c89286b800 JavaThread "Cache worker for cache directory md-rule (C:\Users\LABKOM\.gradle\caches\7.0.2\md-rule)" [_thread_blocked, id=11804, stack(0x000000c453600000,0x000000c453700000)]
  0x000001c892870800 JavaThread "Cache worker for execution history cache (C:\Users\LABKOM\.gradle\caches\7.0.2\executionHistory)" [_thread_blocked, id=2756, stack(0x000000c453700000,0x000000c453800000)]
  0x000001c892873000 JavaThread "Cache worker for file content cache (C:\Users\LABKOM\.gradle\caches\7.0.2\fileContent)" [_thread_blocked, id=1856, stack(0x000000c453800000,0x000000c453900000)]
  0x000001c892874000 JavaThread "Cache worker for dependencies-accessors (D:\104\.gradle\7.0.2\dependencies-accessors)" [_thread_blocked, id=3520, stack(0x000000c453900000,0x000000c453a00000)]
  0x000001c892875800 JavaThread "Cache worker for Build Output Cleanup Cache (D:\104\.gradle\buildOutputCleanup)" [_thread_blocked, id=6688, stack(0x000000c453a00000,0x000000c453b00000)]
  0x000001c892876800 JavaThread "Build operations" [_thread_blocked, id=6096, stack(0x000000c453b00000,0x000000c453c00000)]
  0x000001c892877000 JavaThread "Build operations Thread 2" [_thread_blocked, id=12088, stack(0x000000c453c00000,0x000000c453d00000)]
  0x000001c892878000 JavaThread "Build operations Thread 3" [_thread_blocked, id=7608, stack(0x000000c453d00000,0x000000c453e00000)]
  0x000001c892879000 JavaThread "Build operations Thread 4" [_thread_blocked, id=6760, stack(0x000000c453e00000,0x000000c453f00000)]
  0x000001c892879800 JavaThread "Memory manager" [_thread_blocked, id=1140, stack(0x000000c453f00000,0x000000c454000000)]

Other Threads:
  0x000001c8fdaa2800 VMThread "VM Thread" [stack: 0x000000c451100000,0x000000c451200000] [id=1268]
  0x000001c8fe2e0000 WatcherThread [stack: 0x000000c451b00000,0x000000c451c00000] [id=3348]
  0x000001c8f0f56000 GCTaskThread "GC Thread#0" [stack: 0x000000c450c00000,0x000000c450d00000] [id=2952]
  0x000001c8fea07800 GCTaskThread "GC Thread#1" [stack: 0x000000c451d00000,0x000000c451e00000] [id=8988]
  0x000001c8ff03b800 GCTaskThread "GC Thread#2" [stack: 0x000000c452800000,0x000000c452900000] [id=7552]
  0x000001c8ffdcf800 GCTaskThread "GC Thread#3" [stack: 0x000000c452900000,0x000000c452a00000] [id=9788]
  0x000001c8f0f87000 ConcurrentGCThread "G1 Main Marker" [stack: 0x000000c450d00000,0x000000c450e00000] [id=9356]
  0x000001c8f0f88800 ConcurrentGCThread "G1 Conc#0" [stack: 0x000000c450e00000,0x000000c450f00000] [id=11192]
  0x000001c8f1017800 ConcurrentGCThread "G1 Refine#0" [stack: 0x000000c450f00000,0x000000c451000000] [id=2072]
  0x000001c8f1018800 ConcurrentGCThread "G1 Young RemSet Sampling" [stack: 0x000000c451000000,0x000000c451100000] [id=2584]

Threads with active compile tasks:
C2 CompilerThread0   7166 7237   !   4       jdk.internal.loader.Resource::getBytes (242 bytes)
C2 CompilerThread1   7166 7165       4       java.net.URLClassLoader$1::run (5 bytes)

VM state:not at safepoint (normal execution)

VM Mutex/Monitor currently owned by a thread: None

Heap address: 0x0000000080000000, size: 2048 MB, Compressed Oops mode: 32-bit
Narrow klass base: 0x0000000000000000, Narrow klass shift: 3
Compressed class space size: 1073741824 Address: 0x0000000100000000

Heap:
 garbage-first heap   total 183296K, used 136694K [0x0000000080000000, 0x0000000100000000)
  region size 1024K, 66 young (67584K), 6 survivors (6144K)
 Metaspace       used 74215K, capacity 76249K, committed 76416K, reserved 1116160K
  class space    used 9580K, capacity 10288K, committed 10368K, reserved 1048576K
Heap Regions: E=young(eden), S=young(survivor), O=old, HS=humongous(starts), HC=humongous(continues), CS=collection set, F=free, A=archive, TAMS=top-at-mark-start (previous, next)
|   0|0x0000000080000000, 0x0000000080100000, 0x0000000080100000|100%| O|  |TAMS 0x0000000080100000, 0x0000000080000000| Untracked 
|   1|0x0000000080100000, 0x0000000080200000, 0x0000000080200000|100%| O|  |TAMS 0x0000000080200000, 0x0000000080100000| Untracked 
|   2|0x0000000080200000, 0x0000000080300000, 0x0000000080300000|100%| O|  |TAMS 0x0000000080300000, 0x0000000080200000| Untracked 
|   3|0x0000000080300000, 0x0000000080400000, 0x0000000080400000|100%|HS|  |TAMS 0x0000000080400000, 0x0000000080300000| Complete 
|   4|0x0000000080400000, 0x0000000080500000, 0x0000000080500000|100%|HC|  |TAMS 0x0000000080500000, 0x0000000080400000| Complete 
|   5|0x0000000080500000, 0x0000000080600000, 0x0000000080600000|100%|HC|  |TAMS 0x0000000080600000, 0x0000000080500000| Complete 
|   6|0x0000000080600000, 0x0000000080700000, 0x0000000080700000|100%| O|  |TAMS 0x0000000080700000, 0x0000000080600000| Untracked 
|   7|0x0000000080700000, 0x0000000080800000, 0x0000000080800000|100%| O|  |TAMS 0x0000000080800000, 0x0000000080700000| Untracked 
|   8|0x0000000080800000, 0x0000000080900000, 0x0000000080900000|100%| O|  |TAMS 0x0000000080900000, 0x0000000080800000| Untracked 
|   9|0x0000000080900000, 0x0000000080a00000, 0x0000000080a00000|100%| O|  |TAMS 0x0000000080a00000, 0x0000000080900000| Untracked 
|  10|0x0000000080a00000, 0x0000000080b00000, 0x0000000080b00000|100%| O|  |TAMS 0x0000000080b00000, 0x0000000080a00000| Untracked 
|  11|0x0000000080b00000, 0x0000000080c00000, 0x0000000080c00000|100%| O|  |TAMS 0x0000000080c00000, 0x0000000080b00000| Untracked 
|  12|0x0000000080c00000, 0x0000000080d00000, 0x0000000080d00000|100%| O|  |TAMS 0x0000000080d00000, 0x0000000080c00000| Untracked 
|  13|0x0000000080d00000, 0x0000000080e00000, 0x0000000080e00000|100%|HS|  |TAMS 0x0000000080e00000, 0x0000000080d00000| Complete 
|  14|0x0000000080e00000, 0x0000000080f00000, 0x0000000080f00000|100%|HC|  |TAMS 0x0000000080f00000, 0x0000000080e00000| Complete 
|  15|0x0000000080f00000, 0x0000000081000000, 0x0000000081000000|100%|HS|  |TAMS 0x0000000081000000, 0x0000000080f00000| Complete 
|  16|0x0000000081000000, 0x0000000081100000, 0x0000000081100000|100%|HC|  |TAMS 0x0000000081100000, 0x0000000081000000| Complete 
|  17|0x0000000081100000, 0x0000000081200000, 0x0000000081200000|100%|HC|  |TAMS 0x0000000081200000, 0x0000000081100000| Complete 
|  18|0x0000000081200000, 0x0000000081300000, 0x0000000081300000|100%|HS|  |TAMS 0x0000000081300000, 0x0000000081200000| Complete 
|  19|0x0000000081300000, 0x0000000081400000, 0x0000000081400000|100%|HC|  |TAMS 0x0000000081400000, 0x0000000081300000| Complete 
|  20|0x0000000081400000, 0x0000000081500000, 0x0000000081500000|100%|HC|  |TAMS 0x0000000081500000, 0x0000000081400000| Complete 
|  21|0x0000000081500000, 0x0000000081600000, 0x0000000081600000|100%|HC|  |TAMS 0x0000000081600000, 0x0000000081500000| Complete 
|  22|0x0000000081600000, 0x0000000081700000, 0x0000000081700000|100%|HC|  |TAMS 0x0000000081700000, 0x0000000081600000| Complete 
|  23|0x0000000081700000, 0x0000000081800000, 0x0000000081800000|100%| O|  |TAMS 0x0000000081800000, 0x0000000081700000| Untracked 
|  24|0x0000000081800000, 0x0000000081900000, 0x0000000081900000|100%| O|  |TAMS 0x0000000081900000, 0x0000000081800000| Untracked 
|  25|0x0000000081900000, 0x0000000081a00000, 0x0000000081a00000|100%| O|  |TAMS 0x0000000081a00000, 0x0000000081900000| Untracked 
|  26|0x0000000081a00000, 0x0000000081b00000, 0x0000000081b00000|100%| O|  |TAMS 0x0000000081b00000, 0x0000000081a00000| Untracked 
|  27|0x0000000081b00000, 0x0000000081c00000, 0x0000000081c00000|100%|HS|  |TAMS 0x0000000081c00000, 0x0000000081b00000| Complete 
|  28|0x0000000081c00000, 0x0000000081d00000, 0x0000000081d00000|100%|HC|  |TAMS 0x0000000081d00000, 0x0000000081c00000| Complete 
|  29|0x0000000081d00000, 0x0000000081e00000, 0x0000000081e00000|100%|HC|  |TAMS 0x0000000081e00000, 0x0000000081d00000| Complete 
|  30|0x0000000081e00000, 0x0000000081f00000, 0x0000000081f00000|100%| O|  |TAMS 0x0000000081f00000, 0x0000000081e00000| Untracked 
|  31|0x0000000081f00000, 0x0000000082000000, 0x0000000082000000|100%| O|  |TAMS 0x0000000082000000, 0x0000000081f00000| Untracked 
|  32|0x0000000082000000, 0x0000000082100000, 0x0000000082100000|100%| O|  |TAMS 0x0000000082100000, 0x0000000082000000| Untracked 
|  33|0x0000000082100000, 0x0000000082200000, 0x0000000082200000|100%| O|  |TAMS 0x0000000082200000, 0x0000000082100000| Untracked 
|  34|0x0000000082200000, 0x0000000082300000, 0x0000000082300000|100%| O|  |TAMS 0x0000000082300000, 0x0000000082200000| Untracked 
|  35|0x0000000082300000, 0x0000000082400000, 0x0000000082400000|100%|HS|  |TAMS 0x0000000082400000, 0x0000000082300000| Complete 
|  36|0x0000000082400000, 0x0000000082500000, 0x0000000082500000|100%|HC|  |TAMS 0x0000000082500000, 0x0000000082400000| Complete 
|  37|0x0000000082500000, 0x0000000082600000, 0x0000000082600000|100%|HC|  |TAMS 0x0000000082600000, 0x0000000082500000| Complete 
|  38|0x0000000082600000, 0x0000000082700000, 0x0000000082700000|100%|HC|  |TAMS 0x0000000082700000, 0x0000000082600000| Complete 
|  39|0x0000000082700000, 0x0000000082800000, 0x0000000082800000|100%|HC|  |TAMS 0x0000000082800000, 0x0000000082700000| Complete 
|  40|0x0000000082800000, 0x0000000082900000, 0x0000000082900000|100%|HS|  |TAMS 0x0000000082900000, 0x0000000082800000| Complete 
|  41|0x0000000082900000, 0x0000000082a00000, 0x0000000082a00000|100%| O|  |TAMS 0x0000000082a00000, 0x0000000082900000| Untracked 
|  42|0x0000000082a00000, 0x0000000082b00000, 0x0000000082b00000|100%| O|  |TAMS 0x0000000082b00000, 0x0000000082a00000| Untracked 
|  43|0x0000000082b00000, 0x0000000082c00000, 0x0000000082c00000|100%| O|  |TAMS 0x0000000082c00000, 0x0000000082b00000| Untracked 
|  44|0x0000000082c00000, 0x0000000082d00000, 0x0000000082d00000|100%|HS|  |TAMS 0x0000000082d00000, 0x0000000082c00000| Complete 
|  45|0x0000000082d00000, 0x0000000082e00000, 0x0000000082e00000|100%|HS|  |TAMS 0x0000000082e00000, 0x0000000082d00000| Complete 
|  46|0x0000000082e00000, 0x0000000082f00000, 0x0000000082f00000|100%|HC|  |TAMS 0x0000000082f00000, 0x0000000082e00000| Complete 
|  47|0x0000000082f00000, 0x0000000083000000, 0x0000000083000000|100%| O|  |TAMS 0x0000000083000000, 0x0000000082f00000| Untracked 
|  48|0x0000000083000000, 0x0000000083100000, 0x0000000083100000|100%| O|  |TAMS 0x0000000083100000, 0x0000000083000000| Untracked 
|  49|0x0000000083100000, 0x0000000083200000, 0x0000000083200000|100%| O|  |TAMS 0x0000000083200000, 0x0000000083100000| Untracked 
|  50|0x0000000083200000, 0x0000000083300000, 0x0000000083300000|100%| O|  |TAMS 0x0000000083300000, 0x0000000083200000| Untracked 
|  51|0x0000000083300000, 0x0000000083400000, 0x0000000083400000|100%| O|  |TAMS 0x0000000083400000, 0x0000000083300000| Untracked 
|  52|0x0000000083400000, 0x0000000083500000, 0x0000000083500000|100%| O|  |TAMS 0x0000000083500000, 0x0000000083400000| Untracked 
|  53|0x0000000083500000, 0x0000000083600000, 0x0000000083600000|100%| O|  |TAMS 0x0000000083600000, 0x0000000083500000| Untracked 
|  54|0x0000000083600000, 0x0000000083700000, 0x0000000083700000|100%| O|  |TAMS 0x0000000083700000, 0x0000000083600000| Untracked 
|  55|0x0000000083700000, 0x0000000083800000, 0x0000000083800000|100%| O|  |TAMS 0x0000000083800000, 0x0000000083700000| Untracked 
|  56|0x0000000083800000, 0x0000000083900000, 0x0000000083900000|100%| O|  |TAMS 0x0000000083900000, 0x0000000083800000| Untracked 
|  57|0x0000000083900000, 0x0000000083a00000, 0x0000000083a00000|100%| O|  |TAMS 0x0000000083a00000, 0x0000000083900000| Untracked 
|  58|0x0000000083a00000, 0x0000000083b00000, 0x0000000083b00000|100%| O|  |TAMS 0x0000000083b00000, 0x0000000083a00000| Untracked 
|  59|0x0000000083b00000, 0x0000000083c00000, 0x0000000083c00000|100%| O|  |TAMS 0x0000000083c00000, 0x0000000083b00000| Untracked 
|  60|0x0000000083c00000, 0x0000000083d00000, 0x0000000083d00000|100%| O|  |TAMS 0x0000000083d00000, 0x0000000083c00000| Untracked 
|  61|0x0000000083d00000, 0x0000000083e00000, 0x0000000083e00000|100%| O|  |TAMS 0x0000000083e00000, 0x0000000083d00000| Untracked 
|  62|0x0000000083e00000, 0x0000000083f00000, 0x0000000083f00000|100%| O|  |TAMS 0x0000000083f00000, 0x0000000083e00000| Untracked 
|  63|0x0000000083f00000, 0x0000000084000000, 0x0000000084000000|100%| O|  |TAMS 0x0000000084000000, 0x0000000083f00000| Untracked 
|  64|0x0000000084000000, 0x0000000084100000, 0x0000000084100000|100%| O|  |TAMS 0x0000000084100000, 0x0000000084000000| Untracked 
|  65|0x0000000084100000, 0x0000000084200000, 0x0000000084200000|100%| O|  |TAMS 0x0000000084200000, 0x0000000084100000| Untracked 
|  66|0x0000000084200000, 0x0000000084300000, 0x0000000084300000|100%| O|  |TAMS 0x0000000084300000, 0x0000000084200000| Untracked 
|  67|0x0000000084300000, 0x0000000084400000, 0x0000000084400000|100%| O|  |TAMS 0x0000000084400000, 0x0000000084300000| Untracked 
|  68|0x0000000084400000, 0x00000000844cb600, 0x0000000084500000| 79%| O|  |TAMS 0x00000000844cb600, 0x0000000084400000| Untracked 
|  69|0x0000000084500000, 0x0000000084500000, 0x0000000084600000|  0%| F|  |TAMS 0x0000000084500000, 0x0000000084500000| Untracked 
|  70|0x0000000084600000, 0x0000000084600000, 0x0000000084700000|  0%| F|  |TAMS 0x0000000084600000, 0x0000000084600000| Untracked 
|  71|0x0000000084700000, 0x0000000084700000, 0x0000000084800000|  0%| F|  |TAMS 0x0000000084700000, 0x0000000084700000| Untracked 
|  72|0x0000000084800000, 0x0000000084800000, 0x0000000084900000|  0%| F|  |TAMS 0x0000000084800000, 0x0000000084800000| Untracked 
|  73|0x0000000084900000, 0x0000000084900000, 0x0000000084a00000|  0%| F|  |TAMS 0x0000000084900000, 0x0000000084900000| Untracked 
|  74|0x0000000084a00000, 0x0000000084a00000, 0x0000000084b00000|  0%| F|  |TAMS 0x0000000084a00000, 0x0000000084a00000| Untracked 
|  75|0x0000000084b00000, 0x0000000084b00000, 0x0000000084c00000|  0%| F|  |TAMS 0x0000000084b00000, 0x0000000084b00000| Untracked 
|  76|0x0000000084c00000, 0x0000000084c00000, 0x0000000084d00000|  0%| F|  |TAMS 0x0000000084c00000, 0x0000000084c00000| Untracked 
|  77|0x0000000084d00000, 0x0000000084d00000, 0x0000000084e00000|  0%| F|  |TAMS 0x0000000084d00000, 0x0000000084d00000| Untracked 
|  78|0x0000000084e00000, 0x0000000084e00000, 0x0000000084f00000|  0%| F|  |TAMS 0x0000000084e00000, 0x0000000084e00000| Untracked 
|  79|0x0000000084f00000, 0x0000000084f00000, 0x0000000085000000|  0%| F|  |TAMS 0x0000000084f00000, 0x0000000084f00000| Untracked 
|  80|0x0000000085000000, 0x0000000085000000, 0x0000000085100000|  0%| F|  |TAMS 0x0000000085000000, 0x0000000085000000| Untracked 
|  81|0x0000000085100000, 0x0000000085100000, 0x0000000085200000|  0%| F|  |TAMS 0x0000000085100000, 0x0000000085100000| Untracked 
|  82|0x0000000085200000, 0x0000000085200000, 0x0000000085300000|  0%| F|  |TAMS 0x0000000085200000, 0x0000000085200000| Untracked 
|  83|0x0000000085300000, 0x0000000085300000, 0x0000000085400000|  0%| F|  |TAMS 0x0000000085300000, 0x0000000085300000| Untracked 
|  84|0x0000000085400000, 0x0000000085400000, 0x0000000085500000|  0%| F|  |TAMS 0x0000000085400000, 0x0000000085400000| Untracked 
|  85|0x0000000085500000, 0x0000000085500000, 0x0000000085600000|  0%| F|  |TAMS 0x0000000085500000, 0x0000000085500000| Untracked 
|  86|0x0000000085600000, 0x0000000085600000, 0x0000000085700000|  0%| F|  |TAMS 0x0000000085600000, 0x0000000085600000| Untracked 
|  87|0x0000000085700000, 0x0000000085700000, 0x0000000085800000|  0%| F|  |TAMS 0x0000000085700000, 0x0000000085700000| Untracked 
|  88|0x0000000085800000, 0x0000000085800000, 0x0000000085900000|  0%| F|  |TAMS 0x0000000085800000, 0x0000000085800000| Untracked 
|  89|0x0000000085900000, 0x0000000085900000, 0x0000000085a00000|  0%| F|  |TAMS 0x0000000085900000, 0x0000000085900000| Untracked 
|  90|0x0000000085a00000, 0x0000000085a00000, 0x0000000085b00000|  0%| F|  |TAMS 0x0000000085a00000, 0x0000000085a00000| Untracked 
|  91|0x0000000085b00000, 0x0000000085b00000, 0x0000000085c00000|  0%| F|  |TAMS 0x0000000085b00000, 0x0000000085b00000| Untracked 
|  92|0x0000000085c00000, 0x0000000085c00000, 0x0000000085d00000|  0%| F|  |TAMS 0x0000000085c00000, 0x0000000085c00000| Untracked 
|  93|0x0000000085d00000, 0x0000000085d00000, 0x0000000085e00000|  0%| F|  |TAMS 0x0000000085d00000, 0x0000000085d00000| Untracked 
|  94|0x0000000085e00000, 0x0000000085e00000, 0x0000000085f00000|  0%| F|  |TAMS 0x0000000085e00000, 0x0000000085e00000| Untracked 
|  95|0x0000000085f00000, 0x0000000085f00000, 0x0000000086000000|  0%| F|  |TAMS 0x0000000085f00000, 0x0000000085f00000| Untracked 
|  96|0x0000000086000000, 0x0000000086000000, 0x0000000086100000|  0%| F|  |TAMS 0x0000000086000000, 0x0000000086000000| Untracked 
|  97|0x0000000086100000, 0x0000000086100000, 0x0000000086200000|  0%| F|  |TAMS 0x0000000086100000, 0x0000000086100000| Untracked 
|  98|0x0000000086200000, 0x0000000086200000, 0x0000000086300000|  0%| F|  |TAMS 0x0000000086200000, 0x0000000086200000| Untracked 
|  99|0x0000000086300000, 0x0000000086300000, 0x0000000086400000|  0%| F|  |TAMS 0x0000000086300000, 0x0000000086300000| Untracked 
| 100|0x0000000086400000, 0x0000000086400000, 0x0000000086500000|  0%| F|  |TAMS 0x0000000086400000, 0x0000000086400000| Untracked 
| 101|0x0000000086500000, 0x0000000086500000, 0x0000000086600000|  0%| F|  |TAMS 0x0000000086500000, 0x0000000086500000| Untracked 
| 102|0x0000000086600000, 0x0000000086600000, 0x0000000086700000|  0%| F|  |TAMS 0x0000000086600000, 0x0000000086600000| Untracked 
| 103|0x0000000086700000, 0x0000000086700000, 0x0000000086800000|  0%| F|  |TAMS 0x0000000086700000, 0x0000000086700000| Untracked 
| 104|0x0000000086800000, 0x0000000086800000, 0x0000000086900000|  0%| F|  |TAMS 0x0000000086800000, 0x0000000086800000| Untracked 
| 105|0x0000000086900000, 0x0000000086900000, 0x0000000086a00000|  0%| F|  |TAMS 0x0000000086900000, 0x0000000086900000| Untracked 
| 106|0x0000000086a00000, 0x0000000086a00000, 0x0000000086b00000|  0%| F|  |TAMS 0x0000000086a00000, 0x0000000086a00000| Untracked 
| 107|0x0000000086b00000, 0x0000000086b00000, 0x0000000086c00000|  0%| F|  |TAMS 0x0000000086b00000, 0x0000000086b00000| Untracked 
| 108|0x0000000086c00000, 0x0000000086c00000, 0x0000000086d00000|  0%| F|  |TAMS 0x0000000086c00000, 0x0000000086c00000| Untracked 
| 109|0x0000000086d00000, 0x0000000086d00000, 0x0000000086e00000|  0%| F|  |TAMS 0x0000000086d00000, 0x0000000086d00000| Untracked 
| 110|0x0000000086e00000, 0x0000000086e00000, 0x0000000086f00000|  0%| F|  |TAMS 0x0000000086e00000, 0x0000000086e00000| Untracked 
| 111|0x0000000086f00000, 0x0000000086f00000, 0x0000000087000000|  0%| F|  |TAMS 0x0000000086f00000, 0x0000000086f00000| Untracked 
| 112|0x0000000087000000, 0x0000000087000000, 0x0000000087100000|  0%| F|  |TAMS 0x0000000087000000, 0x0000000087000000| Untracked 
| 113|0x0000000087100000, 0x0000000087200000, 0x0000000087200000|100%| E|  |TAMS 0x0000000087100000, 0x0000000087100000| Complete 
| 114|0x0000000087200000, 0x0000000087300000, 0x0000000087300000|100%| E|CS|TAMS 0x0000000087200000, 0x0000000087200000| Complete 
| 115|0x0000000087300000, 0x0000000087400000, 0x0000000087400000|100%| E|CS|TAMS 0x0000000087300000, 0x0000000087300000| Complete 
| 116|0x0000000087400000, 0x0000000087500000, 0x0000000087500000|100%| E|CS|TAMS 0x0000000087400000, 0x0000000087400000| Complete 
| 117|0x0000000087500000, 0x0000000087600000, 0x0000000087600000|100%| E|CS|TAMS 0x0000000087500000, 0x0000000087500000| Complete 
| 118|0x0000000087600000, 0x0000000087700000, 0x0000000087700000|100%| E|CS|TAMS 0x0000000087600000, 0x0000000087600000| Complete 
| 119|0x0000000087700000, 0x0000000087800000, 0x0000000087800000|100%| E|CS|TAMS 0x0000000087700000, 0x0000000087700000| Complete 
| 120|0x0000000087800000, 0x0000000087900000, 0x0000000087900000|100%| E|CS|TAMS 0x0000000087800000, 0x0000000087800000| Complete 
| 121|0x0000000087900000, 0x0000000087a00000, 0x0000000087a00000|100%| E|CS|TAMS 0x0000000087900000, 0x0000000087900000| Complete 
| 122|0x0000000087a00000, 0x0000000087b00000, 0x0000000087b00000|100%| E|CS|TAMS 0x0000000087a00000, 0x0000000087a00000| Complete 
| 123|0x0000000087b00000, 0x0000000087c00000, 0x0000000087c00000|100%| E|CS|TAMS 0x0000000087b00000, 0x0000000087b00000| Complete 
| 124|0x0000000087c00000, 0x0000000087d00000, 0x0000000087d00000|100%| E|CS|TAMS 0x0000000087c00000, 0x0000000087c00000| Complete 
| 125|0x0000000087d00000, 0x0000000087e00000, 0x0000000087e00000|100%| E|CS|TAMS 0x0000000087d00000, 0x0000000087d00000| Complete 
| 126|0x0000000087e00000, 0x0000000087f00000, 0x0000000087f00000|100%| E|CS|TAMS 0x0000000087e00000, 0x0000000087e00000| Complete 
| 127|0x0000000087f00000, 0x0000000088000000, 0x0000000088000000|100%| E|CS|TAMS 0x0000000087f00000, 0x0000000087f00000| Complete 
| 128|0x0000000088000000, 0x0000000088100000, 0x0000000088100000|100%| E|CS|TAMS 0x0000000088000000, 0x0000000088000000| Complete 
| 129|0x0000000088100000, 0x0000000088200000, 0x0000000088200000|100%| E|CS|TAMS 0x0000000088100000, 0x0000000088100000| Complete 
| 130|0x0000000088200000, 0x0000000088300000, 0x0000000088300000|100%| E|CS|TAMS 0x0000000088200000, 0x0000000088200000| Complete 
| 131|0x0000000088300000, 0x0000000088400000, 0x0000000088400000|100%| E|CS|TAMS 0x0000000088300000, 0x0000000088300000| Complete 
| 132|0x0000000088400000, 0x0000000088500000, 0x0000000088500000|100%| E|CS|TAMS 0x0000000088400000, 0x0000000088400000| Complete 
| 133|0x0000000088500000, 0x0000000088600000, 0x0000000088600000|100%| E|CS|TAMS 0x0000000088500000, 0x0000000088500000| Complete 
| 134|0x0000000088600000, 0x0000000088700000, 0x0000000088700000|100%| E|CS|TAMS 0x0000000088600000, 0x0000000088600000| Complete 
| 135|0x0000000088700000, 0x0000000088800000, 0x0000000088800000|100%| E|CS|TAMS 0x0000000088700000, 0x0000000088700000| Complete 
| 136|0x0000000088800000, 0x0000000088900000, 0x0000000088900000|100%| E|CS|TAMS 0x0000000088800000, 0x0000000088800000| Complete 
| 137|0x0000000088900000, 0x0000000088a00000, 0x0000000088a00000|100%| E|CS|TAMS 0x0000000088900000, 0x0000000088900000| Complete 
| 138|0x0000000088a00000, 0x0000000088b00000, 0x0000000088b00000|100%| E|CS|TAMS 0x0000000088a00000, 0x0000000088a00000| Complete 
| 139|0x0000000088b00000, 0x0000000088c00000, 0x0000000088c00000|100%| E|CS|TAMS 0x0000000088b00000, 0x0000000088b00000| Complete 
| 140|0x0000000088c00000, 0x0000000088d00000, 0x0000000088d00000|100%| E|CS|TAMS 0x0000000088c00000, 0x0000000088c00000| Complete 
| 141|0x0000000088d00000, 0x0000000088e00000, 0x0000000088e00000|100%| E|CS|TAMS 0x0000000088d00000, 0x0000000088d00000| Complete 
| 142|0x0000000088e00000, 0x0000000088f00000, 0x0000000088f00000|100%| E|CS|TAMS 0x0000000088e00000, 0x0000000088e00000| Complete 
| 143|0x0000000088f00000, 0x0000000089000000, 0x0000000089000000|100%| E|CS|TAMS 0x0000000088f00000, 0x0000000088f00000| Complete 
| 144|0x0000000089000000, 0x0000000089100000, 0x0000000089100000|100%| E|CS|TAMS 0x0000000089000000, 0x0000000089000000| Complete 
| 145|0x0000000089100000, 0x0000000089200000, 0x0000000089200000|100%| E|CS|TAMS 0x0000000089100000, 0x0000000089100000| Complete 
| 146|0x0000000089200000, 0x0000000089300000, 0x0000000089300000|100%| E|CS|TAMS 0x0000000089200000, 0x0000000089200000| Complete 
| 147|0x0000000089300000, 0x0000000089400000, 0x0000000089400000|100%| E|CS|TAMS 0x0000000089300000, 0x0000000089300000| Complete 
| 148|0x0000000089400000, 0x0000000089500000, 0x0000000089500000|100%| E|CS|TAMS 0x0000000089400000, 0x0000000089400000| Complete 
| 149|0x0000000089500000, 0x0000000089600000, 0x0000000089600000|100%| E|CS|TAMS 0x0000000089500000, 0x0000000089500000| Complete 
| 150|0x0000000089600000, 0x0000000089700000, 0x0000000089700000|100%| E|CS|TAMS 0x0000000089600000, 0x0000000089600000| Complete 
| 151|0x0000000089700000, 0x0000000089800000, 0x0000000089800000|100%| E|CS|TAMS 0x0000000089700000, 0x0000000089700000| Complete 
| 152|0x0000000089800000, 0x0000000089900000, 0x0000000089900000|100%| E|CS|TAMS 0x0000000089800000, 0x0000000089800000| Complete 
| 153|0x0000000089900000, 0x0000000089a00000, 0x0000000089a00000|100%| E|CS|TAMS 0x0000000089900000, 0x0000000089900000| Complete 
| 154|0x0000000089a00000, 0x0000000089b00000, 0x0000000089b00000|100%| E|CS|TAMS 0x0000000089a00000, 0x0000000089a00000| Complete 
| 155|0x0000000089b00000, 0x0000000089c00000, 0x0000000089c00000|100%| E|CS|TAMS 0x0000000089b00000, 0x0000000089b00000| Complete 
| 156|0x0000000089c00000, 0x0000000089d00000, 0x0000000089d00000|100%| E|CS|TAMS 0x0000000089c00000, 0x0000000089c00000| Complete 
| 157|0x0000000089d00000, 0x0000000089e00000, 0x0000000089e00000|100%| E|CS|TAMS 0x0000000089d00000, 0x0000000089d00000| Complete 
| 158|0x0000000089e00000, 0x0000000089f00000, 0x0000000089f00000|100%| E|CS|TAMS 0x0000000089e00000, 0x0000000089e00000| Complete 
| 159|0x0000000089f00000, 0x0000000089fb22d0, 0x000000008a000000| 69%| S|CS|TAMS 0x0000000089f00000, 0x0000000089f00000| Complete 
| 160|0x000000008a000000, 0x000000008a100000, 0x000000008a100000|100%| S|CS|TAMS 0x000000008a000000, 0x000000008a000000| Complete 
| 161|0x000000008a100000, 0x000000008a200000, 0x000000008a200000|100%| S|CS|TAMS 0x000000008a100000, 0x000000008a100000| Complete 
| 162|0x000000008a200000, 0x000000008a300000, 0x000000008a300000|100%| S|CS|TAMS 0x000000008a200000, 0x000000008a200000| Complete 
| 163|0x000000008a300000, 0x000000008a400000, 0x000000008a400000|100%| S|CS|TAMS 0x000000008a300000, 0x000000008a300000| Complete 
| 164|0x000000008a400000, 0x000000008a500000, 0x000000008a500000|100%| S|CS|TAMS 0x000000008a400000, 0x000000008a400000| Complete 
| 165|0x000000008a500000, 0x000000008a600000, 0x000000008a600000|100%| E|CS|TAMS 0x000000008a500000, 0x000000008a500000| Complete 
| 166|0x000000008a600000, 0x000000008a700000, 0x000000008a700000|100%| E|CS|TAMS 0x000000008a600000, 0x000000008a600000| Complete 
| 167|0x000000008a700000, 0x000000008a800000, 0x000000008a800000|100%| E|CS|TAMS 0x000000008a700000, 0x000000008a700000| Complete 
| 168|0x000000008a800000, 0x000000008a900000, 0x000000008a900000|100%| E|CS|TAMS 0x000000008a800000, 0x000000008a800000| Complete 
| 169|0x000000008a900000, 0x000000008aa00000, 0x000000008aa00000|100%| E|CS|TAMS 0x000000008a900000, 0x000000008a900000| Complete 
| 170|0x000000008aa00000, 0x000000008ab00000, 0x000000008ab00000|100%| E|CS|TAMS 0x000000008aa00000, 0x000000008aa00000| Complete 
| 171|0x000000008ab00000, 0x000000008ac00000, 0x000000008ac00000|100%| E|CS|TAMS 0x000000008ab00000, 0x000000008ab00000| Complete 
| 172|0x000000008ac00000, 0x000000008ad00000, 0x000000008ad00000|100%| E|CS|TAMS 0x000000008ac00000, 0x000000008ac00000| Complete 
| 173|0x000000008ad00000, 0x000000008ae00000, 0x000000008ae00000|100%| E|CS|TAMS 0x000000008ad00000, 0x000000008ad00000| Complete 
| 174|0x000000008ae00000, 0x000000008af00000, 0x000000008af00000|100%| E|CS|TAMS 0x000000008ae00000, 0x000000008ae00000| Complete 
| 175|0x000000008af00000, 0x000000008b000000, 0x000000008b000000|100%| E|CS|TAMS 0x000000008af00000, 0x000000008af00000| Complete 
| 176|0x000000008b000000, 0x000000008b100000, 0x000000008b100000|100%| E|CS|TAMS 0x000000008b000000, 0x000000008b000000| Complete 
| 177|0x000000008b100000, 0x000000008b200000, 0x000000008b200000|100%| E|CS|TAMS 0x000000008b100000, 0x000000008b100000| Complete 
| 178|0x000000008b200000, 0x000000008b300000, 0x000000008b300000|100%| E|CS|TAMS 0x000000008b200000, 0x000000008b200000| Complete 

Card table byte_map: [0x000001c8f6c30000,0x000001c8f7030000] _byte_map_base: 0x000001c8f6830000

Marking Bits (Prev, Next): (CMBitMap*) 0x000001c8f0f7e2d8, (CMBitMap*) 0x000001c8f0f7e310
 Prev Bits: [0x000001c8f7430000, 0x000001c8f9430000)
 Next Bits: [0x000001c8f9430000, 0x000001c8fb430000)

Polling page: 0x000001c8f1020000

Metaspace:

Usage:
  Non-class:     64.42 MB capacity,    63.14 MB ( 98%) used,     1.09 MB (  2%) free+waste,   184.88 KB ( <1%) overhead. 
      Class:     10.05 MB capacity,     9.37 MB ( 93%) used,   610.00 KB (  6%) free+waste,    86.94 KB ( <1%) overhead. 
       Both:     74.46 MB capacity,    72.51 MB ( 97%) used,     1.69 MB (  2%) free+waste,   271.81 KB ( <1%) overhead. 

Virtual space:
  Non-class space:       66.00 MB reserved,      64.50 MB ( 98%) committed 
      Class space:        1.00 GB reserved,      10.13 MB ( <1%) committed 
             Both:        1.06 GB reserved,      74.63 MB (  7%) committed 

Chunk freelists:
   Non-Class:  23.00 KB
       Class:  16.00 KB
        Both:  39.00 KB

MaxMetaspaceSize: 17179869184.00 GB
CompressedClassSpaceSize: 1.00 GB

CodeHeap 'non-profiled nmethods': size=120064Kb used=4232Kb max_used=4232Kb free=115831Kb
 bounds [0x000001c887ac0000, 0x000001c887ef0000, 0x000001c88f000000]
CodeHeap 'profiled nmethods': size=120000Kb used=15207Kb max_used=15207Kb free=104792Kb
 bounds [0x000001c880590000, 0x000001c881470000, 0x000001c887ac0000]
CodeHeap 'non-nmethods': size=5696Kb used=2309Kb max_used=2345Kb free=3386Kb
 bounds [0x000001c880000000, 0x000001c880270000, 0x000001c880590000]
 total_blobs=8092 nmethods=7214 adapters=786
 compilation: enabled
              stopped_count=0, restarted_count=0
 full_count=0

Compilation events (20 events):
Event: 7.122 Thread 0x000001c8fe2eb000 nmethod 7233 0x000001c887ee0a90 code [0x000001c887ee0c40, 0x000001c887ee13b8]
Event: 7.123 Thread 0x000001c8fe2ee000 7235       3       com.google.common.cache.LocalCache$LocalLoadingCache::get (9 bytes)
Event: 7.124 Thread 0x000001c8fe2ee000 nmethod 7235 0x000001c881465690 code [0x000001c8814658c0, 0x000001c881465ef8]
Event: 7.124 Thread 0x000001c8fe2ee000 7236       3       com.google.common.cache.LocalCache::getOrLoad (10 bytes)
Event: 7.124 Thread 0x000001c8fe2ee000 nmethod 7236 0x000001c881466210 code [0x000001c881466440, 0x000001c8814669f8]
Event: 7.124 Thread 0x000001c8fe2eb000 7237   !   4       jdk.internal.loader.Resource::getBytes (242 bytes)
Event: 7.129 Thread 0x000001c8fe2ee000 7241       3       org.gradle.configuration.internal.DefaultUserCodeApplicationContext::current (11 bytes)
Event: 7.130 Thread 0x000001c8fe2ee000 nmethod 7241 0x000001c881466c90 code [0x000001c881466e60, 0x000001c881467108]
Event: 7.131 Thread 0x000001c8fe2ee000 7242       3       org.gradle.api.internal.DefaultCollectionCallbackActionDecorator::decorate (51 bytes)
Event: 7.132 Thread 0x000001c8fe2ee000 nmethod 7242 0x000001c881467210 code [0x000001c881467440, 0x000001c881467ea8]
Event: 7.133 Thread 0x000001c8fe2ee000 7243       1       com.android.build.api.artifact.impl.TypedStorageProvider::access$getPropertyAllocator$p (5 bytes)
Event: 7.133 Thread 0x000001c8fe2ee000 nmethod 7243 0x000001c887ee1990 code [0x000001c887ee1b40, 0x000001c887ee1bd8]
Event: 7.148 Thread 0x000001c8fe2ee000 7244       3       org.gradle.internal.ImmutableActionSet::mergeFrom (37 bytes)
Event: 7.148 Thread 0x000001c8fe2ee000 nmethod 7244 0x000001c881468190 code [0x000001c881468380, 0x000001c8814687e8]
Event: 7.151 Thread 0x000001c8fe2ee000 7245       3       org.gradle.api.internal.DefaultDomainObjectCollection::withMutationDisabled (11 bytes)
Event: 7.151 Thread 0x000001c8fe2ee000 nmethod 7245 0x000001c881468910 code [0x000001c881468ae0, 0x000001c881468d58]
Event: 7.155 Thread 0x000001c8fe2ee000 7246       3       org.gradle.api.internal.provider.DefaultProperty::calculateValueFrom (10 bytes)
Event: 7.156 Thread 0x000001c8fe2ee000 nmethod 7246 0x000001c881468e90 code [0x000001c881469060, 0x000001c881469408]
Event: 7.156 Thread 0x000001c8fe2ee000 7247       3       org.gradle.api.internal.provider.DefaultProperty::calculateValueFrom (8 bytes)
Event: 7.156 Thread 0x000001c8fe2ee000 nmethod 7247 0x000001c881469510 code [0x000001c8814696c0, 0x000001c881469888]

GC Heap History (20 events):
Event: 1.680 GC heap before
{Heap before GC invocations=3 (full 0):
 garbage-first heap   total 126976K, used 61401K [0x0000000080000000, 0x0000000100000000)
  region size 1024K, 51 young (52224K), 4 survivors (4096K)
 Metaspace       used 18928K, capacity 19288K, committed 19328K, reserved 1067008K
  class space    used 2279K, capacity 2414K, committed 2432K, reserved 1048576K
}
Event: 1.688 GC heap after
{Heap after GC invocations=4 (full 0):
 garbage-first heap   total 126976K, used 16689K [0x0000000080000000, 0x0000000100000000)
  region size 1024K, 7 young (7168K), 7 survivors (7168K)
 Metaspace       used 18928K, capacity 19288K, committed 19328K, reserved 1067008K
  class space    used 2279K, capacity 2414K, committed 2432K, reserved 1048576K
}
Event: 1.781 GC heap before
{Heap before GC invocations=4 (full 0):
 garbage-first heap   total 126976K, used 30001K [0x0000000080000000, 0x0000000100000000)
  region size 1024K, 21 young (21504K), 7 survivors (7168K)
 Metaspace       used 20579K, capacity 21085K, committed 21248K, reserved 1067008K
  class space    used 2512K, capacity 2699K, committed 2816K, reserved 1048576K
}
Event: 1.785 GC heap after
{Heap after GC invocations=5 (full 0):
 garbage-first heap   total 152576K, used 17218K [0x0000000080000000, 0x0000000100000000)
  region size 1024K, 5 young (5120K), 5 survivors (5120K)
 Metaspace       used 20579K, capacity 21085K, committed 21248K, reserved 1067008K
  class space    used 2512K, capacity 2699K, committed 2816K, reserved 1048576K
}
Event: 2.292 GC heap before
{Heap before GC invocations=6 (full 0):
 garbage-first heap   total 152576K, used 86850K [0x0000000080000000, 0x0000000100000000)
  region size 1024K, 64 young (65536K), 5 survivors (5120K)
 Metaspace       used 26545K, capacity 27303K, committed 27392K, reserved 1073152K
  class space    used 3494K, capacity 3773K, committed 3840K, reserved 1048576K
}
Event: 2.297 GC heap after
{Heap after GC invocations=7 (full 0):
 garbage-first heap   total 152576K, used 31852K [0x0000000080000000, 0x0000000100000000)
  region size 1024K, 8 young (8192K), 8 survivors (8192K)
 Metaspace       used 26545K, capacity 27303K, committed 27392K, reserved 1073152K
  class space    used 3494K, capacity 3773K, committed 3840K, reserved 1048576K
}
Event: 2.875 GC heap before
{Heap before GC invocations=7 (full 0):
 garbage-first heap   total 152576K, used 89196K [0x0000000080000000, 0x0000000100000000)
  region size 1024K, 65 young (66560K), 8 survivors (8192K)
 Metaspace       used 34820K, capacity 35727K, committed 35840K, reserved 1081344K
  class space    used 4551K, capacity 4899K, committed 4992K, reserved 1048576K
}
Event: 2.884 GC heap after
{Heap after GC invocations=8 (full 0):
 garbage-first heap   total 152576K, used 35480K [0x0000000080000000, 0x0000000100000000)
  region size 1024K, 9 young (9216K), 9 survivors (9216K)
 Metaspace       used 34820K, capacity 35727K, committed 35840K, reserved 1081344K
  class space    used 4551K, capacity 4899K, committed 4992K, reserved 1048576K
}
Event: 3.434 GC heap before
{Heap before GC invocations=9 (full 0):
 garbage-first heap   total 152576K, used 105112K [0x0000000080000000, 0x0000000100000000)
  region size 1024K, 74 young (75776K), 9 survivors (9216K)
 Metaspace       used 41267K, capacity 42326K, committed 42624K, reserved 1085440K
  class space    used 5299K, capacity 5691K, committed 5760K, reserved 1048576K
}
Event: 3.445 GC heap after
{Heap after GC invocations=10 (full 0):
 garbage-first heap   total 152576K, used 39699K [0x0000000080000000, 0x0000000100000000)
  region size 1024K, 8 young (8192K), 8 survivors (8192K)
 Metaspace       used 41267K, capacity 42326K, committed 42624K, reserved 1085440K
  class space    used 5299K, capacity 5691K, committed 5760K, reserved 1048576K
}
Event: 4.038 GC heap before
{Heap before GC invocations=11 (full 0):
 garbage-first heap   total 152576K, used 115475K [0x0000000080000000, 0x0000000100000000)
  region size 1024K, 74 young (75776K), 8 survivors (8192K)
 Metaspace       used 45627K, capacity 46924K, committed 46976K, reserved 1089536K
  class space    used 5789K, capacity 6233K, committed 6272K, reserved 1048576K
}
Event: 4.049 GC heap after
{Heap after GC invocations=12 (full 0):
 garbage-first heap   total 183296K, used 54102K [0x0000000080000000, 0x0000000100000000)
  region size 1024K, 10 young (10240K), 10 survivors (10240K)
 Metaspace       used 45627K, capacity 46924K, committed 46976K, reserved 1089536K
  class space    used 5789K, capacity 6233K, committed 6272K, reserved 1048576K
}
Event: 4.805 GC heap before
{Heap before GC invocations=12 (full 0):
 garbage-first heap   total 183296K, used 144214K [0x0000000080000000, 0x0000000100000000)
  region size 1024K, 94 young (96256K), 10 survivors (10240K)
 Metaspace       used 50206K, capacity 51755K, committed 52096K, reserved 1093632K
  class space    used 6438K, capacity 6937K, committed 7040K, reserved 1048576K
}
Event: 4.817 GC heap after
{Heap after GC invocations=13 (full 0):
 garbage-first heap   total 183296K, used 67404K [0x0000000080000000, 0x0000000100000000)
  region size 1024K, 9 young (9216K), 9 survivors (9216K)
 Metaspace       used 50206K, capacity 51755K, committed 52096K, reserved 1093632K
  class space    used 6438K, capacity 6937K, committed 7040K, reserved 1048576K
}
Event: 5.619 GC heap before
{Heap before GC invocations=13 (full 0):
 garbage-first heap   total 183296K, used 139084K [0x0000000080000000, 0x0000000100000000)
  region size 1024K, 79 young (80896K), 9 survivors (9216K)
 Metaspace       used 61503K, capacity 63237K, committed 63488K, reserved 1103872K
  class space    used 7781K, capacity 8374K, committed 8448K, reserved 1048576K
}
Event: 5.628 GC heap after
{Heap after GC invocations=14 (full 0):
 garbage-first heap   total 183296K, used 71722K [0x0000000080000000, 0x0000000100000000)
  region size 1024K, 5 young (5120K), 5 survivors (5120K)
 Metaspace       used 61503K, capacity 63237K, committed 63488K, reserved 1103872K
  class space    used 7781K, capacity 8374K, committed 8448K, reserved 1048576K
}
Event: 6.281 GC heap before
{Heap before GC invocations=14 (full 0):
 garbage-first heap   total 183296K, used 142378K [0x0000000080000000, 0x0000000100000000)
  region size 1024K, 74 young (75776K), 5 survivors (5120K)
 Metaspace       used 68571K, capacity 70367K, committed 70656K, reserved 1110016K
  class space    used 8792K, capacity 9417K, committed 9472K, reserved 1048576K
}
Event: 6.289 GC heap after
{Heap after GC invocations=15 (full 0):
 garbage-first heap   total 183296K, used 75694K [0x0000000080000000, 0x0000000100000000)
  region size 1024K, 9 young (9216K), 9 survivors (9216K)
 Metaspace       used 68571K, capacity 70367K, committed 70656K, reserved 1110016K
  class space    used 8792K, capacity 9417K, committed 9472K, reserved 1048576K
}
Event: 6.392 GC heap before
{Heap before GC invocations=15 (full 0):
 garbage-first heap   total 183296K, used 89006K [0x0000000080000000, 0x0000000100000000)
  region size 1024K, 23 young (23552K), 9 survivors (9216K)
 Metaspace       used 69076K, capacity 70853K, committed 71040K, reserved 1110016K
  class space    used 8846K, capacity 9473K, committed 9600K, reserved 1048576K
}
Event: 6.399 GC heap after
{Heap after GC invocations=16 (full 0):
 garbage-first heap   total 183296K, used 76278K [0x0000000080000000, 0x0000000100000000)
  region size 1024K, 6 young (6144K), 6 survivors (6144K)
 Metaspace       used 69076K, capacity 70853K, committed 71040K, reserved 1110016K
  class space    used 8846K, capacity 9473K, committed 9600K, reserved 1048576K
}

Deoptimization events (20 events):
Event: 6.681 Thread 0x000001c88fae2000 Uncommon trap: trap_request=0xffffff4d fr.pc=0x000001c887cce860 relative=0x0000000000003480
Event: 6.681 Thread 0x000001c88fae2000 Uncommon trap: reason=unstable_if action=reinterpret pc=0x000001c887cce860 method=java.lang.ClassValue.match(Ljava/lang/ClassValue$Entry;)Z @ 12 c2
Event: 6.681 Thread 0x000001c88fae2000 DEOPT PACKING pc=0x000001c887cce860 sp=0x000000c4524f8110
Event: 6.681 Thread 0x000001c88fae2000 DEOPT UNPACKING pc=0x000001c8800083af sp=0x000000c4524f7e98 mode 2
Event: 6.681 Thread 0x000001c88fae2000 Uncommon trap: trap_request=0xffffff4d fr.pc=0x000001c887cb835c relative=0x000000000000559c
Event: 6.682 Thread 0x000001c88fae2000 Uncommon trap: reason=unstable_if action=reinterpret pc=0x000001c887cb835c method=java.lang.ClassValue.match(Ljava/lang/ClassValue$Entry;)Z @ 12 c2
Event: 6.682 Thread 0x000001c88fae2000 DEOPT PACKING pc=0x000001c887cb835c sp=0x000000c4524f8680
Event: 6.682 Thread 0x000001c88fae2000 DEOPT UNPACKING pc=0x000001c8800083af sp=0x000000c4524f83b8 mode 2
Event: 6.695 Thread 0x000001c88fae2000 Uncommon trap: trap_request=0xffffff4d fr.pc=0x000001c887cc3a48 relative=0x0000000000002a68
Event: 6.695 Thread 0x000001c88fae2000 Uncommon trap: reason=unstable_if action=reinterpret pc=0x000001c887cc3a48 method=java.lang.ClassValue.match(Ljava/lang/ClassValue$Entry;)Z @ 12 c2
Event: 6.695 Thread 0x000001c88fae2000 DEOPT PACKING pc=0x000001c887cc3a48 sp=0x000000c4524f85f0
Event: 6.695 Thread 0x000001c88fae2000 DEOPT UNPACKING pc=0x000001c8800083af sp=0x000000c4524f8380 mode 2
Event: 6.698 Thread 0x000001c88fae2000 Uncommon trap: trap_request=0xffffff4d fr.pc=0x000001c887c80f00 relative=0x0000000000000340
Event: 6.698 Thread 0x000001c88fae2000 Uncommon trap: reason=unstable_if action=reinterpret pc=0x000001c887c80f00 method=java.util.StringJoiner.add(Ljava/lang/CharSequence;)Ljava/util/StringJoiner; @ 33 c2
Event: 6.698 Thread 0x000001c88fae2000 DEOPT PACKING pc=0x000001c887c80f00 sp=0x000000c4524f61f0
Event: 6.698 Thread 0x000001c88fae2000 DEOPT UNPACKING pc=0x000001c8800083af sp=0x000000c4524f61a0 mode 2
Event: 6.749 Thread 0x000001c88fae2000 Uncommon trap: trap_request=0xffffffde fr.pc=0x000001c887c3d78c relative=0x00000000000009ac
Event: 6.749 Thread 0x000001c88fae2000 Uncommon trap: reason=class_check action=maybe_recompile pc=0x000001c887c3d78c method=java.util.WeakHashMap.eq(Ljava/lang/Object;Ljava/lang/Object;)Z @ 7 c2
Event: 6.749 Thread 0x000001c88fae2000 DEOPT PACKING pc=0x000001c887c3d78c sp=0x000000c4524f42c0
Event: 6.749 Thread 0x000001c88fae2000 DEOPT UNPACKING pc=0x000001c8800083af sp=0x000000c4524f4230 mode 2

Classes redefined (0 events):
No events

Internal exceptions (20 events):
Event: 6.746 Thread 0x000001c88fae2000 Exception <a 'java/lang/ClassNotFoundException'{0x00000000892e74f0}: org/gradle/api/internal/DefaultNamedDomainObjectSetCustomizer> (0x00000000892e74f0) thrown at [./src/hotspot/share/classfile/systemDictionary.cpp, line 231]
Event: 6.747 Thread 0x000001c88fae2000 Exception <a 'java/lang/ClassNotFoundException'{0x0000000089130bb0}: org/gradle/api/internal/AbstractNamedDomainObjectContainerCustomizer> (0x0000000089130bb0) thrown at [./src/hotspot/share/classfile/systemDictionary.cpp, line 231]
Event: 6.749 Thread 0x000001c88fae2000 Exception <a 'java/lang/ClassNotFoundException'{0x00000000891782b8}: org/gradle/api/internal/FactoryNamedDomainObjectContainerCustomizer> (0x00000000891782b8) thrown at [./src/hotspot/share/classfile/systemDictionary.cpp, line 231]
Event: 6.750 Thread 0x000001c88fae2000 Exception <a 'java/lang/ClassNotFoundException'{0x00000000891b84b8}: org/gradle/api/internal/FactoryNamedDomainObjectContainer_DecoratedCustomizer> (0x00000000891b84b8) thrown at [./src/hotspot/share/classfile/systemDictionary.cpp, line 231]
Event: 6.759 Thread 0x000001c88fae2000 Exception <a 'java/lang/ClassNotFoundException'{0x0000000088fd1d28}: com/android/build/gradle/internal/dsl/BuildType_DecoratedBeanInfo> (0x0000000088fd1d28) thrown at [./src/hotspot/share/classfile/systemDictionary.cpp, line 231]
Event: 6.759 Thread 0x000001c88fae2000 Exception <a 'java/lang/ClassNotFoundException'{0x0000000088fea410}: com/android/build/gradle/internal/dsl/BuildTypeBeanInfo> (0x0000000088fea410) thrown at [./src/hotspot/share/classfile/systemDictionary.cpp, line 231]
Event: 6.760 Thread 0x000001c88fae2000 Exception <a 'java/lang/ClassNotFoundException'{0x0000000088e02438}: com/android/builder/core/AbstractBuildTypeBeanInfo> (0x0000000088e02438) thrown at [./src/hotspot/share/classfile/systemDictionary.cpp, line 231]
Event: 6.760 Thread 0x000001c88fae2000 Exception <a 'java/lang/ClassNotFoundException'{0x0000000088e1a6e8}: com/android/builder/core/AbstractBuildTypeCustomizer> (0x0000000088e1a6e8) thrown at [./src/hotspot/share/classfile/systemDictionary.cpp, line 231]
Event: 6.760 Thread 0x000001c88fae2000 Exception <a 'java/lang/ClassNotFoundException'{0x0000000088e4f350}: com/android/build/gradle/internal/dsl/BuildTypeCustomizer> (0x0000000088e4f350) thrown at [./src/hotspot/share/classfile/systemDictionary.cpp, line 231]
Event: 6.763 Thread 0x000001c88fae2000 Exception <a 'java/lang/ClassNotFoundException'{0x0000000088edb920}: com/android/build/gradle/internal/dsl/BuildType_DecoratedCustomizer> (0x0000000088edb920) thrown at [./src/hotspot/share/classfile/systemDictionary.cpp, line 231]
Event: 6.768 Thread 0x000001c88fae2000 Exception <a 'java/lang/ClassNotFoundException'{0x0000000088d9dd70}: build_c5a0euxjgc89rn0qk3f7qgegv$_run_closure1$_closure4BeanInfo> (0x0000000088d9dd70) thrown at [./src/hotspot/share/classfile/systemDictionary.cpp, line 231]
Event: 6.768 Thread 0x000001c88fae2000 Exception <a 'java/lang/ClassNotFoundException'{0x0000000088dae4d8}: build_c5a0euxjgc89rn0qk3f7qgegv$_run_closure1$_closure4Customizer> (0x0000000088dae4d8) thrown at [./src/hotspot/share/classfile/systemDictionary.cpp, line 231]
Event: 6.770 Thread 0x000001c88fae2000 Exception <a 'java/lang/ClassNotFoundException'{0x0000000088dd7290}: build_c5a0euxjgc89rn0qk3f7qgegv$_run_closure1BeanInfo> (0x0000000088dd7290) thrown at [./src/hotspot/share/classfile/systemDictionary.cpp, line 231]
Event: 6.770 Thread 0x000001c88fae2000 Exception <a 'java/lang/ClassNotFoundException'{0x0000000088de70a0}: build_c5a0euxjgc89rn0qk3f7qgegv$_run_closure1Customizer> (0x0000000088de70a0) thrown at [./src/hotspot/share/classfile/systemDictionary.cpp, line 231]
Event: 6.776 Thread 0x000001c88fae2000 Exception <a 'java/lang/ClassNotFoundException'{0x0000000088c44f78}: org/gradle/api/JavaVersionBeanInfo> (0x0000000088c44f78) thrown at [./src/hotspot/share/classfile/systemDictionary.cpp, line 231]
Event: 6.777 Thread 0x000001c88fae2000 Exception <a 'java/lang/ClassNotFoundException'{0x0000000088c6f220}: org/gradle/api/JavaVersionCustomizer> (0x0000000088c6f220) thrown at [./src/hotspot/share/classfile/systemDictionary.cpp, line 231]
Event: 6.778 Thread 0x000001c88fae2000 Exception <a 'java/lang/ClassNotFoundException'{0x0000000088cc3b68}: com/android/build/gradle/internal/CompileOptions_DecoratedBeanInfo> (0x0000000088cc3b68) thrown at [./src/hotspot/share/classfile/systemDictionary.cpp, line 231]
Event: 6.779 Thread 0x000001c88fae2000 Exception <a 'java/lang/ClassNotFoundException'{0x0000000088cdafc0}: com/android/build/gradle/internal/CompileOptionsBeanInfo> (0x0000000088cdafc0) thrown at [./src/hotspot/share/classfile/systemDictionary.cpp, line 231]
Event: 6.779 Thread 0x000001c88fae2000 Exception <a 'java/lang/ClassNotFoundException'{0x0000000088cf2ba8}: com/android/build/gradle/internal/CompileOptionsCustomizer> (0x0000000088cf2ba8) thrown at [./src/hotspot/share/classfile/systemDictionary.cpp, line 231]
Event: 6.779 Thread 0x000001c88fae2000 Exception <a 'java/lang/ClassNotFoundException'{0x0000000088b17630}: com/android/build/gradle/internal/CompileOptions_DecoratedCustomizer> (0x0000000088b17630) thrown at [./src/hotspot/share/classfile/systemDictionary.cpp, line 231]

Events (20 events):
Event: 7.153 loading class com/android/build/gradle/internal/TaskManager$createPackagingTask$configureResourcesAndAssetsDependencies$1
Event: 7.153 loading class com/android/build/gradle/internal/TaskManager$createPackagingTask$configureResourcesAndAssetsDependencies$1 done
Event: 7.153 loading class com/android/build/gradle/tasks/PackageApplication$CreationAction
Event: 7.153 loading class com/android/build/gradle/tasks/PackageApplication$CreationAction done
Event: 7.154 loading class com/android/build/gradle/tasks/PackageAndroidArtifact$CreationAction
Event: 7.154 loading class com/android/build/gradle/tasks/PackageAndroidArtifact$CreationAction done
Event: 7.154 loading class com/android/build/gradle/internal/scope/InternalArtifactType$BASE_DEX
Event: 7.154 loading class com/android/build/gradle/internal/scope/InternalArtifactType$BASE_DEX done
Event: 7.155 loading class com/android/build/gradle/internal/scope/InternalArtifactType$APP_METADATA
Event: 7.155 loading class com/android/build/gradle/internal/scope/InternalArtifactType$APP_METADATA done
Event: 7.155 loading class com/android/build/gradle/internal/scope/InternalArtifactType$BINARY_ART_PROFILE
Event: 7.155 loading class com/android/build/gradle/internal/scope/InternalArtifactType$BINARY_ART_PROFILE done
Event: 7.155 loading class com/android/build/gradle/internal/scope/InternalArtifactType$SDK_DEPENDENCY_DATA
Event: 7.155 loading class com/android/build/gradle/internal/scope/InternalArtifactType$SDK_DEPENDENCY_DATA done
Event: 7.155 loading class com/android/build/gradle/internal/TaskManager$createPackagingTask$packageApp$1
Event: 7.155 loading class com/android/build/gradle/internal/TaskManager$createPackagingTask$packageApp$1 done
Event: 7.156 loading class com/android/build/gradle/tasks/PackageApplication
Event: 7.156 loading class com/android/build/gradle/tasks/PackageApplication done
Event: 7.156 loading class com/android/build/gradle/tasks/PackageAndroidArtifact
Event: 7.156 loading class com/android/build/gradle/tasks/PackageAndroidArtifact done


Dynamic libraries:
0x00007ff6ae0c0000 - 0x00007ff6ae0ca000 	C:\Program Files\Android\Android Studio\jre\bin\java.exe
0x00007ffa00630000 - 0x00007ffa00828000 	C:\Windows\SYSTEM32\ntdll.dll
0x00007ff9ff2d0000 - 0x00007ff9ff38d000 	C:\Windows\System32\KERNEL32.DLL
0x00007ff9fe060000 - 0x00007ff9fe332000 	C:\Windows\System32\KERNELBASE.dll
0x00007ff9fde00000 - 0x00007ff9fdf00000 	C:\Windows\System32\ucrtbase.dll
0x00007ff9e5d30000 - 0x00007ff9e5d47000 	C:\Program Files\Android\Android Studio\jre\bin\VCRUNTIME140.dll
0x00007ff9e5d50000 - 0x00007ff9e5d69000 	C:\Program Files\Android\Android Studio\jre\bin\jli.dll
0x00007ff9fff60000 - 0x00007ffa000fd000 	C:\Windows\System32\USER32.dll
0x00007ff9e74d0000 - 0x00007ff9e776a000 	C:\Windows\WinSxS\amd64_microsoft.windows.common-controls_6595b64144ccf1df_6.0.19041.1110_none_60b5254171f9507e\COMCTL32.dll
0x00007ff9fdd40000 - 0x00007ff9fdd62000 	C:\Windows\System32\win32u.dll
0x00007ffa003e0000 - 0x00007ffa0040b000 	C:\Windows\System32\GDI32.dll
0x00007ff9ff560000 - 0x00007ff9ff5fe000 	C:\Windows\System32\msvcrt.dll
0x00007ff9fe340000 - 0x00007ff9fe44f000 	C:\Windows\System32\gdi32full.dll
0x00007ff9fdf00000 - 0x00007ff9fdf9d000 	C:\Windows\System32\msvcp_win.dll
0x00007ff9ff390000 - 0x00007ff9ff3c0000 	C:\Windows\System32\IMM32.DLL
0x00007ff9e5c90000 - 0x00007ff9e5d2d000 	C:\Program Files\Android\Android Studio\jre\bin\msvcp140.dll
0x00007ff986330000 - 0x00007ff986dff000 	C:\Program Files\Android\Android Studio\jre\bin\server\jvm.dll
0x00007ffa00540000 - 0x00007ffa005ee000 	C:\Windows\System32\ADVAPI32.dll
0x00007ff9ff230000 - 0x00007ff9ff2cc000 	C:\Windows\System32\sechost.dll
0x00007ffa00100000 - 0x00007ffa00225000 	C:\Windows\System32\RPCRT4.dll
0x00007ff9ff7a0000 - 0x00007ff9ff7a8000 	C:\Windows\System32\PSAPI.DLL
0x00007ff9e0060000 - 0x00007ff9e0087000 	C:\Windows\SYSTEM32\WINMM.dll
0x00007ff9ec860000 - 0x00007ff9ec869000 	C:\Windows\SYSTEM32\WSOCK32.dll
0x00007ff9f2830000 - 0x00007ff9f283a000 	C:\Windows\SYSTEM32\VERSION.dll
0x00007ffa002e0000 - 0x00007ffa0034b000 	C:\Windows\System32\WS2_32.dll
0x00007ff9fc590000 - 0x00007ff9fc5a2000 	C:\Windows\SYSTEM32\kernel.appcore.dll
0x00007ff9e9400000 - 0x00007ff9e9411000 	C:\Program Files\Android\Android Studio\jre\bin\verify.dll
0x00007ff9fb790000 - 0x00007ff9fb974000 	C:\Windows\SYSTEM32\DBGHELP.DLL
0x00007ff9e2690000 - 0x00007ff9e26bc000 	C:\Windows\SYSTEM32\dbgcore.DLL
0x00007ff9fdd70000 - 0x00007ff9fddf2000 	C:\Windows\System32\bcryptPrimitives.dll
0x00007ff9e8d30000 - 0x00007ff9e8d59000 	C:\Program Files\Android\Android Studio\jre\bin\java.dll
0x00007ff9ec850000 - 0x00007ff9ec85b000 	C:\Program Files\Android\Android Studio\jre\bin\jimage.dll
0x00007ff9e9230000 - 0x00007ff9e9248000 	C:\Program Files\Android\Android Studio\jre\bin\zip.dll
0x00007ff9ff7b0000 - 0x00007ff9ffef3000 	C:\Windows\System32\SHELL32.dll
0x00007ff9fbde0000 - 0x00007ff9fc571000 	C:\Windows\SYSTEM32\windows.storage.dll
0x00007ff9feb00000 - 0x00007ff9fee54000 	C:\Windows\System32\combase.dll
0x00007ff9fd7a0000 - 0x00007ff9fd7d0000 	C:\Windows\SYSTEM32\Wldp.dll
0x00007ffa00230000 - 0x00007ffa002dd000 	C:\Windows\System32\SHCORE.dll
0x00007ff9fee60000 - 0x00007ff9feeb5000 	C:\Windows\System32\shlwapi.dll
0x00007ff9fdc80000 - 0x00007ff9fdc9f000 	C:\Windows\SYSTEM32\profapi.dll
0x00007ff9e8ec0000 - 0x00007ff9e8eda000 	C:\Program Files\Android\Android Studio\jre\bin\net.dll
0x00007ff9f4ca0000 - 0x00007ff9f4dad000 	C:\Windows\SYSTEM32\WINHTTP.dll
0x00007ff9fd500000 - 0x00007ff9fd56a000 	C:\Windows\system32\mswsock.dll
0x00007ff9e8cf0000 - 0x00007ff9e8d04000 	C:\Program Files\Android\Android Studio\jre\bin\nio.dll
0x00007ff9e6040000 - 0x00007ff9e6067000 	C:\Users\LABKOM\.gradle\native\8bec1ad78214c89d9ad589b4d07fe93259594b29d510b10fafb7a158f7737e5d\windows-amd64\native-platform.dll
0x00007ff9d3470000 - 0x00007ff9d35ad000 	C:\Users\LABKOM\.gradle\native\53dbd7edfb1c66fb8903c78663c9afc45aea4f116125fa6feffd364cf09443e8\windows-amd64\native-platform-file-events.dll
0x00007ff9ecaa0000 - 0x00007ff9ecaaa000 	C:\Program Files\Android\Android Studio\jre\bin\management.dll
0x00007ff9e93f0000 - 0x00007ff9e93fc000 	C:\Program Files\Android\Android Studio\jre\bin\management_ext.dll
0x00007ff9fd6f0000 - 0x00007ff9fd708000 	C:\Windows\SYSTEM32\CRYPTSP.dll
0x00007ff9fcdb0000 - 0x00007ff9fcde4000 	C:\Windows\system32\rsaenh.dll
0x00007ff9fe660000 - 0x00007ff9fe687000 	C:\Windows\System32\bcrypt.dll
0x00007ff9fdc00000 - 0x00007ff9fdc2e000 	C:\Windows\SYSTEM32\USERENV.dll
0x00007ff9fd710000 - 0x00007ff9fd71c000 	C:\Windows\SYSTEM32\CRYPTBASE.dll
0x00007ff9fd1a0000 - 0x00007ff9fd1db000 	C:\Windows\SYSTEM32\IPHLPAPI.DLL
0x00007ff9ff070000 - 0x00007ff9ff078000 	C:\Windows\System32\NSI.dll
0x00007ff9f2840000 - 0x00007ff9f2857000 	C:\Windows\SYSTEM32\dhcpcsvc6.DLL
0x00007ff9f2810000 - 0x00007ff9f282d000 	C:\Windows\SYSTEM32\dhcpcsvc.DLL
0x00007ff9fd1f0000 - 0x00007ff9fd2ba000 	C:\Windows\SYSTEM32\DNSAPI.dll

dbghelp: loaded successfully - version: 4.0.5 - missing functions: none
symbol engine: initialized successfully - sym options: 0x614 - pdb path: .;C:\Program Files\Android\Android Studio\jre\bin;C:\Windows\SYSTEM32;C:\Windows\WinSxS\amd64_microsoft.windows.common-controls_6595b64144ccf1df_6.0.19041.1110_none_60b5254171f9507e;C:\Program Files\Android\Android Studio\jre\bin\server;C:\Users\LABKOM\.gradle\native\8bec1ad78214c89d9ad589b4d07fe93259594b29d510b10fafb7a158f7737e5d\windows-amd64;C:\Users\LABKOM\.gradle\native\53dbd7edfb1c66fb8903c78663c9afc45aea4f116125fa6feffd364cf09443e8\windows-amd64

VM Arguments:
jvm_args: --add-opens=java.base/java.util=ALL-UNNAMED --add-opens=java.base/java.lang=ALL-UNNAMED --add-opens=java.base/java.lang.invoke=ALL-UNNAMED --add-opens=java.base/java.util=ALL-UNNAMED --add-opens=java.prefs/java.util.prefs=ALL-UNNAMED --add-opens=java.prefs/java.util.prefs=ALL-UNNAMED --add-opens=java.base/java.nio.charset=ALL-UNNAMED --add-opens=java.base/java.net=ALL-UNNAMED --add-opens=java.base/java.util.concurrent.atomic=ALL-UNNAMED -Xmx2048m -Dfile.encoding=UTF-8 -Duser.country=US -Duser.language=en -Duser.variant 
java_command: org.gradle.launcher.daemon.bootstrap.GradleDaemon 7.0.2
java_class_path (initial): C:\Users\LABKOM\.gradle\wrapper\dists\gradle-7.0.2-bin\857tjihv64xamwrf0h14cai3r\gradle-7.0.2\lib\gradle-launcher-7.0.2.jar
Launcher Type: SUN_STANDARD

[Global flags]
     intx CICompilerCount                          = 3                                         {product} {ergonomic}
     uint ConcGCThreads                            = 1                                         {product} {ergonomic}
     uint G1ConcRefinementThreads                  = 4                                         {product} {ergonomic}
   size_t G1HeapRegionSize                         = 1048576                                   {product} {ergonomic}
    uintx GCDrainStackTargetSize                   = 64                                        {product} {ergonomic}
   size_t InitialHeapSize                          = 130023424                                 {product} {ergonomic}
   size_t MarkStackSize                            = 4194304                                   {product} {ergonomic}
   size_t MaxHeapSize                              = 2147483648                                {product} {command line}
   size_t MaxNewSize                               = 1287651328                                {product} {ergonomic}
   size_t MinHeapDeltaBytes                        = 1048576                                   {product} {ergonomic}
    uintx NonNMethodCodeHeapSize                   = 5830732                                {pd product} {ergonomic}
    uintx NonProfiledCodeHeapSize                  = 122913754                              {pd product} {ergonomic}
    uintx ProfiledCodeHeapSize                     = 122913754                              {pd product} {ergonomic}
    uintx ReservedCodeCacheSize                    = 251658240                              {pd product} {ergonomic}
     bool SegmentedCodeCache                       = true                                      {product} {ergonomic}
     bool UseCompressedClassPointers               = true                                 {lp64_product} {ergonomic}
     bool UseCompressedOops                        = true                                 {lp64_product} {ergonomic}
     bool UseG1GC                                  = true                                      {product} {ergonomic}
     bool UseLargePagesIndividualAllocation        = false                                  {pd product} {ergonomic}

Logging:
Log output configuration:
 #0: stdout all=warning uptime,level,tags
 #1: stderr all=off uptime,level,tags

Environment Variables:
PATH=C:\Program Files (x86)\Common Files\Intel\Shared Files\fortran\bin\Intel64;C:\Program Files (x86)\Common Files\Intel\Shared Libraries\redist\intel64_win\mpirt;C:\Program Files (x86)\Common Files\Intel\Shared Libraries\redist\intel64_win\compiler;C:\ProgramData\Oracle\Java\javapath;C:\Program Files\Common Files\Oracle\Java\javapath;C:\Windows\system32;C:\Windows;C:\Windows\System32\Wbem;C:\Windows\System32\WindowsPowerShell\v1.0\;C:\Windows\System32\OpenSSH\;C:\Program Files (x86)\MATLAB\MATLAB Production Server\R2015a\runtime\win32;C:\Program Files (x86)\MATLAB\MATLAB Production Server\R2015a\bin;C:\Program Files (x86)\MATLAB\MATLAB Production Server\R2015a\polyspace\bin;C:\xampp\php;C:\composer;C:\Program Files (x86)\Microsoft SQL Server\100\Tools\Binn\;C:\Program Files\Microsoft SQL Server\100\Tools\Binn\;C:\Program Files\Microsoft SQL Server\100\DTS\Binn\;C:\Program Files\Microsoft SQL Server\110\Tools\Binn\;C:\Program Files\Git\cmd;C:\Users\LABKOM\AppData\Local\Programs\Python\Python39\Scripts\;C:\Users\LABKOM\AppData\Local\Programs\Python\Python39\;C:\Users\LABKOM\AppData\Local\Microsoft\WindowsApps;;C:\Users\LABKOM\AppData\Local\Programs\Microsoft VS Code\bin;C:\Users\LABKOM\AppData\Roaming\Composer\vendor\bin
USERNAME=LABKOM
OS=Windows_NT
PROCESSOR_IDENTIFIER=Intel64 Family 6 Model 140 Stepping 1, GenuineIntel



---------------  S Y S T E M  ---------------

OS: Windows 10 , 64 bit Build 19041 (10.0.19041.1889)
OS uptime: 0 days 1:32 hours

CPU:total 4 (initial active 4) (2 cores per cpu, 2 threads per core) family 6 model 140 stepping 1 microcode 0x72, cmov, cx8, fxsr, mmx, sse, sse2, sse3, ssse3, sse4.1, sse4.2, popcnt, avx, avx2, aes, clmul, erms, 3dnowpref, lzcnt, ht, tsc, tscinvbit, bmi1, bmi2, adx, evex, sha, fma

Memory: 4k page, system-wide physical 7817M (845M free)
TotalPageFile size 8689M (AvailPageFile size 5M)
current process WorkingSet (physical memory assigned to process): 404M, peak: 405M
current process commit charge ("private bytes"): 435M, peak: 436M

vm_info: OpenJDK 64-Bit Server VM (11.0.10+0-b96-7249189) for windows-amd64 JRE (11.0.10+0-b96-7249189), built on Mar 31 2021 21:44:00 by "builder" with MS VC++ 14.0 (VS2015)

END.
