#
# There is insufficient memory for the Java Runtime Environment to continue.
# Native memory allocation (malloc) failed to allocate 1048576 bytes for AllocateHeap
# Possible reasons:
#   The system is out of physical RAM or swap space
#   The process is running with CompressedOops enabled, and the Java Heap may be blocking the growth of the native heap
# Possible solutions:
#   Reduce memory load on the system
#   Increase physical memory or swap space
#   Check if swap backing store is full
#   Decrease Java heap size (-Xmx/-Xms)
#   Decrease number of Java threads
#   Decrease Java thread stack sizes (-Xss)
#   Set larger code cache with -XX:ReservedCodeCacheSize=
#   JVM is running with Unscaled Compressed Oops mode in which the Java heap is
#     placed in the first 4GB address space. The Java Heap base address is the
#     maximum limit for the native heap growth. Please use -XX:HeapBaseMinAddress
#     to set the Java Heap base and to place the Java Heap above 4GB virtual address.
# This output file may be truncated or incomplete.
#
#  Out of Memory Error (./src/hotspot/share/memory/allocation.cpp:46), pid=11260, tid=4204
#
# JRE version: OpenJDK Runtime Environment (11.0.10) (build 11.0.10+0-b96-7249189)
# Java VM: OpenJDK 64-Bit Server VM (11.0.10+0-b96-7249189, mixed mode, tiered, compressed oops, g1 gc, windows-amd64)
# No core dump will be written. Minidumps are not enabled by default on client versions of Windows
#

---------------  S U M M A R Y ------------

Command Line: --add-opens=java.base/java.util=ALL-UNNAMED --add-opens=java.base/java.lang=ALL-UNNAMED --add-opens=java.base/java.lang.invoke=ALL-UNNAMED --add-opens=java.base/java.util=ALL-UNNAMED --add-opens=java.prefs/java.util.prefs=ALL-UNNAMED --add-opens=java.prefs/java.util.prefs=ALL-UNNAMED --add-opens=java.base/java.nio.charset=ALL-UNNAMED --add-opens=java.base/java.net=ALL-UNNAMED --add-opens=java.base/java.util.concurrent.atomic=ALL-UNNAMED -Xmx2048m -Dfile.encoding=UTF-8 -Duser.country=US -Duser.language=en -Duser.variant org.gradle.launcher.daemon.bootstrap.GradleDaemon 7.0.2

Host: 11th Gen Intel(R) Core(TM) i3-1115G4 @ 3.00GHz, 4 cores, 7G,  Windows 10 , 64 bit Build 19041 (10.0.19041.1889)
Time: Fri Oct 28 08:41:29 2022 SE Asia Standard Time elapsed time: 4.633487 seconds (0d 0h 0m 4s)

---------------  T H R E A D  ---------------

Current thread (0x000002a35d4dc000):  VMThread "VM Thread" [stack: 0x000000c1fe300000,0x000000c1fe400000] [id=4204]

Stack: [0x000000c1fe300000,0x000000c1fe400000]
[error occurred during error reporting (printing stack bounds), id 0xc0000005, EXCEPTION_ACCESS_VIOLATION (0xc0000005) at pc=0x000002a3474010e7]

Native frames: (J=compiled Java code, j=interpreted, Vv=VM code, C=native code)
V  [jvm.dll+0x5ecfaa]
V  [jvm.dll+0x722bd5]
V  [jvm.dll+0x72412d]
V  [jvm.dll+0x724745]
V  [jvm.dll+0x7246fb]
V  [jvm.dll+0x5ec348]
V  [jvm.dll+0x5ecad8]
C  [ntdll.dll+0xa241f]
C  [ntdll.dll+0x514a4]
C  [ntdll.dll+0xa0f4e]
C  0x000002a3474010e7

VM_Operation (0x000000c1ff6e8690): CollectForMetadataAllocation, mode: safepoint, requested by thread 0x000002a35ffcf000


---------------  P R O C E S S  ---------------

Threads class SMR info:
_java_thread_list=0x000002a3638233b0, length=42, elements={
0x000002a34390f800, 0x000002a35d4e2800, 0x000002a35d4e3800, 0x000002a35d4ff800,
0x000002a35d500800, 0x000002a35d502000, 0x000002a35d503000, 0x000002a35d50c000,
0x000002a35d50d000, 0x000002a35d4f5000, 0x000002a35f51c000, 0x000002a35f55c000,
0x000002a35ffcc800, 0x000002a35ffcb800, 0x000002a35ffcd800, 0x000002a35ffce000,
0x000002a35ffcb000, 0x000002a35ffcf000, 0x000002a35ffc9800, 0x000002a35ffd0000,
0x000002a35ffca000, 0x000002a360b2d800, 0x000002a360b28000, 0x000002a360b2a000,
0x000002a360b2c800, 0x000002a360b2c000, 0x000002a360b29800, 0x000002a360b2e800,
0x000002a360b2b000, 0x000002a360b28800, 0x000002a360b35000, 0x000002a360b2f000,
0x000002a360b32800, 0x000002a360b31000, 0x000002a360b31800, 0x000002a360b33000,
0x000002a360b36800, 0x000002a36357f000, 0x000002a363584000, 0x000002a363583000,
0x000002a363580000, 0x000002a36357e800
}

Java Threads: ( => current thread )
  0x000002a34390f800 JavaThread "main" [_thread_blocked, id=3520, stack(0x000000c1fdd00000,0x000000c1fde00000)]
  0x000002a35d4e2800 JavaThread "Reference Handler" daemon [_thread_blocked, id=1140, stack(0x000000c1fe400000,0x000000c1fe500000)]
  0x000002a35d4e3800 JavaThread "Finalizer" daemon [_thread_blocked, id=8944, stack(0x000000c1fe500000,0x000000c1fe600000)]
  0x000002a35d4ff800 JavaThread "Signal Dispatcher" daemon [_thread_blocked, id=5736, stack(0x000000c1fe600000,0x000000c1fe700000)]
  0x000002a35d500800 JavaThread "Attach Listener" daemon [_thread_blocked, id=10304, stack(0x000000c1fe700000,0x000000c1fe800000)]
  0x000002a35d502000 JavaThread "Service Thread" daemon [_thread_blocked, id=12228, stack(0x000000c1fe800000,0x000000c1fe900000)]
  0x000002a35d503000 JavaThread "C2 CompilerThread0" daemon [_thread_blocked, id=492, stack(0x000000c1fe900000,0x000000c1fea00000)]
  0x000002a35d50c000 JavaThread "C1 CompilerThread0" daemon [_thread_blocked, id=8464, stack(0x000000c1fea00000,0x000000c1feb00000)]
  0x000002a35d50d000 JavaThread "Sweeper thread" daemon [_thread_blocked, id=10156, stack(0x000000c1feb00000,0x000000c1fec00000)]
  0x000002a35d4f5000 JavaThread "Common-Cleaner" daemon [_thread_blocked, id=9856, stack(0x000000c1fec00000,0x000000c1fed00000)]
  0x000002a35f51c000 JavaThread "Daemon health stats" [_thread_blocked, id=8420, stack(0x000000c1ff000000,0x000000c1ff100000)]
  0x000002a35f55c000 JavaThread "C2 CompilerThread1" daemon [_thread_in_native, id=9584, stack(0x000000c1fee00000,0x000000c1fef00000)]
  0x000002a35ffcc800 JavaThread "Incoming local TCP Connector on port 50066" [_thread_in_native, id=7312, stack(0x000000c1ff100000,0x000000c1ff200000)]
  0x000002a35ffcb800 JavaThread "Daemon periodic checks" [_thread_blocked, id=3488, stack(0x000000c1ff200000,0x000000c1ff300000)]
  0x000002a35ffcd800 JavaThread "Daemon" [_thread_blocked, id=8728, stack(0x000000c1ff300000,0x000000c1ff400000)]
  0x000002a35ffce000 JavaThread "Handler for socket connection from /127.0.0.1:50066 to /127.0.0.1:50067" [_thread_in_native, id=11480, stack(0x000000c1ff400000,0x000000c1ff500000)]
  0x000002a35ffcb000 JavaThread "Cancel handler" [_thread_blocked, id=2320, stack(0x000000c1ff500000,0x000000c1ff600000)]
  0x000002a35ffcf000 JavaThread "Daemon worker" [_thread_blocked, id=10388, stack(0x000000c1ff600000,0x000000c1ff700000)]
  0x000002a35ffc9800 JavaThread "Asynchronous log dispatcher for DefaultDaemonConnection: socket connection from /127.0.0.1:50066 to /127.0.0.1:50067" [_thread_blocked, id=9492, stack(0x000000c1ff700000,0x000000c1ff800000)]
  0x000002a35ffd0000 JavaThread "Stdin handler" [_thread_blocked, id=12144, stack(0x000000c1ff800000,0x000000c1ff900000)]
  0x000002a35ffca000 JavaThread "Daemon client event forwarder" [_thread_blocked, id=6860, stack(0x000000c1ff900000,0x000000c1ffa00000)]
  0x000002a360b2d800 JavaThread "Cache worker for file hash cache (C:\Users\LABKOM\.gradle\caches\7.0.2\fileHashes)" [_thread_blocked, id=7208, stack(0x000000c1ffa00000,0x000000c1ffb00000)]
  0x000002a360b28000 JavaThread "File lock request listener" [_thread_in_native, id=928, stack(0x000000c1ffb00000,0x000000c1ffc00000)]
  0x000002a360b2a000 JavaThread "Cache worker for journal cache (C:\Users\LABKOM\.gradle\caches\journal-1)" [_thread_blocked, id=3636, stack(0x000000c1ffe00000,0x000000c1fff00000)]
  0x000002a360b2c800 JavaThread "Cache worker for file hash cache (D:\104\.gradle\7.0.2\fileHashes)" [_thread_blocked, id=4208, stack(0x000000c1fff00000,0x000000c200000000)]
  0x000002a360b2c000 JavaThread "File watcher server" daemon [_thread_in_native, id=10608, stack(0x000000c180000000,0x000000c180100000)]
  0x000002a360b29800 JavaThread "File watcher consumer" daemon [_thread_blocked, id=1216, stack(0x000000c180100000,0x000000c180200000)]
  0x000002a360b2e800 JavaThread "jar transforms" [_thread_blocked, id=9744, stack(0x000000c180200000,0x000000c180300000)]
  0x000002a360b2b000 JavaThread "jar transforms Thread 2" [_thread_blocked, id=9312, stack(0x000000c180300000,0x000000c180400000)]
  0x000002a360b28800 JavaThread "jar transforms Thread 3" [_thread_blocked, id=8972, stack(0x000000c180400000,0x000000c180500000)]
  0x000002a360b35000 JavaThread "jar transforms Thread 4" [_thread_blocked, id=10440, stack(0x000000c180500000,0x000000c180600000)]
  0x000002a360b2f000 JavaThread "Cache worker for checksums cache (D:\104\.gradle\checksums)" [_thread_blocked, id=6908, stack(0x000000c180600000,0x000000c180700000)]
  0x000002a360b32800 JavaThread "Cache worker for cache directory md-supplier (C:\Users\LABKOM\.gradle\caches\7.0.2\md-supplier)" [_thread_blocked, id=6932, stack(0x000000c180700000,0x000000c180800000)]
  0x000002a360b31000 JavaThread "Cache worker for cache directory md-rule (C:\Users\LABKOM\.gradle\caches\7.0.2\md-rule)" [_thread_blocked, id=2464, stack(0x000000c180800000,0x000000c180900000)]
  0x000002a360b31800 JavaThread "Cache worker for execution history cache (C:\Users\LABKOM\.gradle\caches\7.0.2\executionHistory)" [_thread_blocked, id=11484, stack(0x000000c180900000,0x000000c180a00000)]
  0x000002a360b33000 JavaThread "Cache worker for file content cache (C:\Users\LABKOM\.gradle\caches\7.0.2\fileContent)" [_thread_blocked, id=1272, stack(0x000000c180a00000,0x000000c180b00000)]
  0x000002a360b36800 JavaThread "Cache worker for dependencies-accessors (D:\104\.gradle\7.0.2\dependencies-accessors)" [_thread_blocked, id=9004, stack(0x000000c180b00000,0x000000c180c00000)]
  0x000002a36357f000 JavaThread "Cache worker for Build Output Cleanup Cache (D:\104\.gradle\buildOutputCleanup)" [_thread_blocked, id=6996, stack(0x000000c180c00000,0x000000c180d00000)]
  0x000002a363584000 JavaThread "Build operations" [_thread_blocked, id=8036, stack(0x000000c180d00000,0x000000c180e00000)]
  0x000002a363583000 JavaThread "Build operations Thread 2" [_thread_blocked, id=7528, stack(0x000000c180e00000,0x000000c180f00000)]
  0x000002a363580000 JavaThread "Build operations Thread 3" [_thread_blocked, id=5720, stack(0x000000c180f00000,0x000000c181000000)]
  0x000002a36357e800 JavaThread "Build operations Thread 4" [_thread_blocked, id=5480, stack(0x000000c181000000,0x000000c181100000)]

Other Threads:
=>0x000002a35d4dc000 VMThread "VM Thread" [stack: 0x000000c1fe300000,0x000000c1fe400000] [id=4204]
  0x000002a35dfee000 WatcherThread [stack: 0x000000c1fed00000,0x000000c1fee00000] [id=12092]
  0x000002a343927800 GCTaskThread "GC Thread#0" [stack: 0x000000c1fde00000,0x000000c1fdf00000] [id=6688]
  0x000002a35e7bd800 GCTaskThread "GC Thread#1" [stack: 0x000000c1fef00000,0x000000c1ff000000] [id=8968]
  0x000002a36112c800 GCTaskThread "GC Thread#2" [stack: 0x000000c1ffc00000,0x000000c1ffd00000] [id=3480]
  0x000002a35f5ea800 GCTaskThread "GC Thread#3" [stack: 0x000000c1ffd00000,0x000000c1ffe00000] [id=6356]
  0x000002a343958000 ConcurrentGCThread "G1 Main Marker" [stack: 0x000000c1fdf00000,0x000000c1fe000000] [id=6096]
  0x000002a343959800 ConcurrentGCThread "G1 Conc#0" [stack: 0x000000c1fe000000,0x000000c1fe100000] [id=12088]
  0x000002a3439e6000 ConcurrentGCThread "G1 Refine#0" [stack: 0x000000c1fe100000,0x000000c1fe200000] [id=7608]
  0x000002a3439e9000 ConcurrentGCThread "G1 Young RemSet Sampling" [stack: 0x000000c1fe200000,0x000000c1fe300000] [id=6760]

Threads with active compile tasks:
C2 CompilerThread0   4638 4889       4       java.net.URLClassLoader$1::run (5 bytes)
C2 CompilerThread1   4638 4890   !   4       java.net.URLClassLoader$1::run (63 bytes)

VM state:at safepoint (normal execution)

VM Mutex/Monitor currently owned by a thread:  ([mutex/lock_event])
[0x000002a34390b290] Threads_lock - owner thread: 0x000002a35d4dc000
[0x000002a34390b710] Heap_lock - owner thread: 0x000002a35ffcf000

Heap address: 0x0000000080000000, size: 2048 MB, Compressed Oops mode: 32-bit
Narrow klass base: 0x0000000000000000, Narrow klass shift: 3
Compressed class space size: 1073741824 Address: 0x0000000100000000

Heap:
 garbage-first heap   total 183296K, used 68286K [0x0000000080000000, 0x0000000100000000)
  region size 1024K, 2 young (2048K), 2 survivors (2048K)
 Metaspace       used 51383K, capacity 52826K, committed 52864K, reserved 1103872K
  class space    used 6570K, capacity 7038K, committed 7040K, reserved 1048576K
Heap Regions: E=young(eden), S=young(survivor), O=old, HS=humongous(starts), HC=humongous(continues), CS=collection set, F=free, A=archive, TAMS=top-at-mark-start (previous, next)
|   0|0x0000000080000000, 0x0000000080100000, 0x0000000080100000|100%| O|  |TAMS 0x0000000080100000, 0x0000000080100000| Untracked 
|   1|0x0000000080100000, 0x0000000080200000, 0x0000000080200000|100%| O|  |TAMS 0x0000000080200000, 0x0000000080200000| Untracked 
|   2|0x0000000080200000, 0x0000000080300000, 0x0000000080300000|100%| O|  |TAMS 0x0000000080300000, 0x0000000080300000| Untracked 
|   3|0x0000000080300000, 0x0000000080400000, 0x0000000080400000|100%|HS|  |TAMS 0x0000000080400000, 0x0000000080400000| Complete 
|   4|0x0000000080400000, 0x0000000080500000, 0x0000000080500000|100%|HC|  |TAMS 0x0000000080500000, 0x0000000080500000| Complete 
|   5|0x0000000080500000, 0x0000000080600000, 0x0000000080600000|100%|HC|  |TAMS 0x0000000080600000, 0x0000000080600000| Complete 
|   6|0x0000000080600000, 0x0000000080700000, 0x0000000080700000|100%| O|  |TAMS 0x0000000080700000, 0x0000000080700000| Untracked 
|   7|0x0000000080700000, 0x0000000080800000, 0x0000000080800000|100%| O|  |TAMS 0x0000000080800000, 0x0000000080800000| Untracked 
|   8|0x0000000080800000, 0x0000000080900000, 0x0000000080900000|100%| O|  |TAMS 0x0000000080900000, 0x0000000080900000| Untracked 
|   9|0x0000000080900000, 0x0000000080a00000, 0x0000000080a00000|100%|HS|  |TAMS 0x0000000080a00000, 0x0000000080a00000| Complete 
|  10|0x0000000080a00000, 0x0000000080b00000, 0x0000000080b00000|100%|HC|  |TAMS 0x0000000080b00000, 0x0000000080b00000| Complete 
|  11|0x0000000080b00000, 0x0000000080c00000, 0x0000000080c00000|100%|HS|  |TAMS 0x0000000080c00000, 0x0000000080c00000| Complete 
|  12|0x0000000080c00000, 0x0000000080d00000, 0x0000000080d00000|100%|HC|  |TAMS 0x0000000080d00000, 0x0000000080d00000| Complete 
|  13|0x0000000080d00000, 0x0000000080e00000, 0x0000000080e00000|100%|HC|  |TAMS 0x0000000080e00000, 0x0000000080e00000| Complete 
|  14|0x0000000080e00000, 0x0000000080f00000, 0x0000000080f00000|100%|HS|  |TAMS 0x0000000080f00000, 0x0000000080f00000| Complete 
|  15|0x0000000080f00000, 0x0000000081000000, 0x0000000081000000|100%|HC|  |TAMS 0x0000000081000000, 0x0000000081000000| Complete 
|  16|0x0000000081000000, 0x0000000081100000, 0x0000000081100000|100%|HC|  |TAMS 0x0000000081100000, 0x0000000081100000| Complete 
|  17|0x0000000081100000, 0x0000000081200000, 0x0000000081200000|100%|HC|  |TAMS 0x0000000081200000, 0x0000000081200000| Complete 
|  18|0x0000000081200000, 0x0000000081300000, 0x0000000081300000|100%|HC|  |TAMS 0x0000000081300000, 0x0000000081300000| Complete 
|  19|0x0000000081300000, 0x0000000081400000, 0x0000000081400000|100%| O|  |TAMS 0x0000000081400000, 0x0000000081400000| Untracked 
|  20|0x0000000081400000, 0x0000000081500000, 0x0000000081500000|100%| O|  |TAMS 0x0000000081500000, 0x0000000081500000| Untracked 
|  21|0x0000000081500000, 0x0000000081600000, 0x0000000081600000|100%| O|  |TAMS 0x0000000081600000, 0x0000000081600000| Untracked 
|  22|0x0000000081600000, 0x0000000081700000, 0x0000000081700000|100%| O|  |TAMS 0x0000000081700000, 0x0000000081700000| Untracked 
|  23|0x0000000081700000, 0x0000000081800000, 0x0000000081800000|100%| O|  |TAMS 0x0000000081800000, 0x0000000081800000| Untracked 
|  24|0x0000000081800000, 0x0000000081900000, 0x0000000081900000|100%| O|  |TAMS 0x0000000081900000, 0x0000000081900000| Untracked 
|  25|0x0000000081900000, 0x0000000081a00000, 0x0000000081a00000|100%| O|  |TAMS 0x0000000081a00000, 0x0000000081a00000| Untracked 
|  26|0x0000000081a00000, 0x0000000081b00000, 0x0000000081b00000|100%|HS|  |TAMS 0x0000000081a00000, 0x0000000081b00000| Complete 
|  27|0x0000000081b00000, 0x0000000081c00000, 0x0000000081c00000|100%|HC|  |TAMS 0x0000000081b00000, 0x0000000081c00000| Complete 
|  28|0x0000000081c00000, 0x0000000081d00000, 0x0000000081d00000|100%|HC|  |TAMS 0x0000000081c00000, 0x0000000081d00000| Complete 
|  29|0x0000000081d00000, 0x0000000081e00000, 0x0000000081e00000|100%| O|  |TAMS 0x0000000081e00000, 0x0000000081e00000| Untracked 
|  30|0x0000000081e00000, 0x0000000081f00000, 0x0000000081f00000|100%| O|  |TAMS 0x0000000081f00000, 0x0000000081f00000| Untracked 
|  31|0x0000000081f00000, 0x0000000082000000, 0x0000000082000000|100%| O|  |TAMS 0x0000000082000000, 0x0000000082000000| Untracked 
|  32|0x0000000082000000, 0x0000000082100000, 0x0000000082100000|100%| O|  |TAMS 0x0000000082100000, 0x0000000082100000| Untracked 
|  33|0x0000000082100000, 0x0000000082200000, 0x0000000082200000|100%| O|  |TAMS 0x00000000821f5600, 0x0000000082200000| Untracked 
|  34|0x0000000082200000, 0x0000000082300000, 0x0000000082300000|100%|HS|  |TAMS 0x0000000082200000, 0x0000000082300000| Complete 
|  35|0x0000000082300000, 0x0000000082400000, 0x0000000082400000|100%|HC|  |TAMS 0x0000000082300000, 0x0000000082400000| Complete 
|  36|0x0000000082400000, 0x0000000082500000, 0x0000000082500000|100%|HC|  |TAMS 0x0000000082400000, 0x0000000082500000| Complete 
|  37|0x0000000082500000, 0x0000000082600000, 0x0000000082600000|100%|HC|  |TAMS 0x0000000082500000, 0x0000000082600000| Complete 
|  38|0x0000000082600000, 0x0000000082700000, 0x0000000082700000|100%|HC|  |TAMS 0x0000000082600000, 0x0000000082700000| Complete 
|  39|0x0000000082700000, 0x0000000082800000, 0x0000000082800000|100%|HS|  |TAMS 0x0000000082700000, 0x0000000082800000| Complete 
|  40|0x0000000082800000, 0x0000000082900000, 0x0000000082900000|100%| O|  |TAMS 0x0000000082800000, 0x0000000082900000| Untracked 
|  41|0x0000000082900000, 0x0000000082a00000, 0x0000000082a00000|100%| O|  |TAMS 0x0000000082900000, 0x0000000082a00000| Untracked 
|  42|0x0000000082a00000, 0x0000000082b00000, 0x0000000082b00000|100%| O|  |TAMS 0x0000000082a00000, 0x0000000082b00000| Untracked 
|  43|0x0000000082b00000, 0x0000000082c00000, 0x0000000082c00000|100%| O|  |TAMS 0x0000000082b00000, 0x0000000082c00000| Untracked 
|  44|0x0000000082c00000, 0x0000000082d00000, 0x0000000082d00000|100%|HS|  |TAMS 0x0000000082c00000, 0x0000000082d00000| Complete 
|  45|0x0000000082d00000, 0x0000000082e00000, 0x0000000082e00000|100%|HS|  |TAMS 0x0000000082d00000, 0x0000000082e00000| Complete 
|  46|0x0000000082e00000, 0x0000000082f00000, 0x0000000082f00000|100%|HC|  |TAMS 0x0000000082e00000, 0x0000000082f00000| Complete 
|  47|0x0000000082f00000, 0x0000000083000000, 0x0000000083000000|100%| O|  |TAMS 0x0000000082f00000, 0x0000000083000000| Untracked 
|  48|0x0000000083000000, 0x0000000083100000, 0x0000000083100000|100%| O|  |TAMS 0x0000000083000000, 0x0000000083100000| Untracked 
|  49|0x0000000083100000, 0x0000000083200000, 0x0000000083200000|100%| O|  |TAMS 0x0000000083100000, 0x0000000083200000| Untracked 
|  50|0x0000000083200000, 0x0000000083300000, 0x0000000083300000|100%| O|  |TAMS 0x0000000083200000, 0x0000000083300000| Untracked 
|  51|0x0000000083300000, 0x0000000083400000, 0x0000000083400000|100%| O|  |TAMS 0x0000000083300000, 0x0000000083400000| Untracked 
|  52|0x0000000083400000, 0x0000000083500000, 0x0000000083500000|100%| O|  |TAMS 0x0000000083400000, 0x0000000083500000| Untracked 
|  53|0x0000000083500000, 0x0000000083600000, 0x0000000083600000|100%| O|  |TAMS 0x0000000083500000, 0x0000000083600000| Untracked 
|  54|0x0000000083600000, 0x0000000083700000, 0x0000000083700000|100%| O|  |TAMS 0x0000000083600000, 0x0000000083700000| Untracked 
|  55|0x0000000083700000, 0x0000000083800000, 0x0000000083800000|100%| O|  |TAMS 0x0000000083700000, 0x0000000083800000| Untracked 
|  56|0x0000000083800000, 0x0000000083900000, 0x0000000083900000|100%| O|  |TAMS 0x0000000083800000, 0x0000000083900000| Untracked 
|  57|0x0000000083900000, 0x0000000083a00000, 0x0000000083a00000|100%| O|  |TAMS 0x0000000083900000, 0x0000000083a00000| Untracked 
|  58|0x0000000083a00000, 0x0000000083b00000, 0x0000000083b00000|100%| O|  |TAMS 0x0000000083a00000, 0x0000000083b00000| Untracked 
|  59|0x0000000083b00000, 0x0000000083c00000, 0x0000000083c00000|100%| O|  |TAMS 0x0000000083b00000, 0x0000000083c00000| Untracked 
|  60|0x0000000083c00000, 0x0000000083d00000, 0x0000000083d00000|100%| O|  |TAMS 0x0000000083c00000, 0x0000000083d00000| Untracked 
|  61|0x0000000083d00000, 0x0000000083e00000, 0x0000000083e00000|100%| O|  |TAMS 0x0000000083d00000, 0x0000000083e00000| Untracked 
|  62|0x0000000083e00000, 0x0000000083f00000, 0x0000000083f00000|100%| O|  |TAMS 0x0000000083e00000, 0x0000000083f00000| Untracked 
|  63|0x0000000083f00000, 0x0000000084000000, 0x0000000084000000|100%| O|  |TAMS 0x0000000083f00000, 0x0000000084000000| Untracked 
|  64|0x0000000084000000, 0x00000000840b4000, 0x0000000084100000| 70%| O|  |TAMS 0x0000000084000000, 0x00000000840b4000| Untracked 
|  65|0x0000000084100000, 0x0000000084100000, 0x0000000084200000|  0%| F|  |TAMS 0x0000000084100000, 0x0000000084100000| Untracked 
|  66|0x0000000084200000, 0x0000000084200000, 0x0000000084300000|  0%| F|  |TAMS 0x0000000084200000, 0x0000000084200000| Untracked 
|  67|0x0000000084300000, 0x0000000084300000, 0x0000000084400000|  0%| F|  |TAMS 0x0000000084300000, 0x0000000084300000| Untracked 
|  68|0x0000000084400000, 0x0000000084400000, 0x0000000084500000|  0%| F|  |TAMS 0x0000000084400000, 0x0000000084400000| Untracked 
|  69|0x0000000084500000, 0x0000000084500000, 0x0000000084600000|  0%| F|  |TAMS 0x0000000084500000, 0x0000000084500000| Untracked 
|  70|0x0000000084600000, 0x0000000084600000, 0x0000000084700000|  0%| F|  |TAMS 0x0000000084600000, 0x0000000084600000| Untracked 
|  71|0x0000000084700000, 0x0000000084700000, 0x0000000084800000|  0%| F|  |TAMS 0x0000000084700000, 0x0000000084700000| Untracked 
|  72|0x0000000084800000, 0x0000000084800000, 0x0000000084900000|  0%| F|  |TAMS 0x0000000084800000, 0x0000000084800000| Untracked 
|  73|0x0000000084900000, 0x0000000084900000, 0x0000000084a00000|  0%| F|  |TAMS 0x0000000084900000, 0x0000000084900000| Untracked 
|  74|0x0000000084a00000, 0x0000000084a00000, 0x0000000084b00000|  0%| F|  |TAMS 0x0000000084a00000, 0x0000000084a00000| Untracked 
|  75|0x0000000084b00000, 0x0000000084b00000, 0x0000000084c00000|  0%| F|  |TAMS 0x0000000084b00000, 0x0000000084b00000| Untracked 
|  76|0x0000000084c00000, 0x0000000084c00000, 0x0000000084d00000|  0%| F|  |TAMS 0x0000000084c00000, 0x0000000084c00000| Untracked 
|  77|0x0000000084d00000, 0x0000000084d00000, 0x0000000084e00000|  0%| F|  |TAMS 0x0000000084d00000, 0x0000000084d00000| Untracked 
|  78|0x0000000084e00000, 0x0000000084e00000, 0x0000000084f00000|  0%| F|  |TAMS 0x0000000084e00000, 0x0000000084e00000| Untracked 
|  79|0x0000000084f00000, 0x0000000084f00000, 0x0000000085000000|  0%| F|  |TAMS 0x0000000084f00000, 0x0000000084f00000| Untracked 
|  80|0x0000000085000000, 0x0000000085000000, 0x0000000085100000|  0%| F|  |TAMS 0x0000000085000000, 0x0000000085000000| Untracked 
|  81|0x0000000085100000, 0x0000000085100000, 0x0000000085200000|  0%| F|  |TAMS 0x0000000085100000, 0x0000000085100000| Untracked 
|  82|0x0000000085200000, 0x0000000085200000, 0x0000000085300000|  0%| F|  |TAMS 0x0000000085200000, 0x0000000085200000| Untracked 
|  83|0x0000000085300000, 0x0000000085300000, 0x0000000085400000|  0%| F|  |TAMS 0x0000000085300000, 0x0000000085300000| Untracked 
|  84|0x0000000085400000, 0x0000000085400000, 0x0000000085500000|  0%| F|  |TAMS 0x0000000085400000, 0x0000000085400000| Untracked 
|  85|0x0000000085500000, 0x0000000085500000, 0x0000000085600000|  0%| F|  |TAMS 0x0000000085500000, 0x0000000085500000| Untracked 
|  86|0x0000000085600000, 0x0000000085600000, 0x0000000085700000|  0%| F|  |TAMS 0x0000000085600000, 0x0000000085600000| Untracked 
|  87|0x0000000085700000, 0x0000000085700000, 0x0000000085800000|  0%| F|  |TAMS 0x0000000085700000, 0x0000000085700000| Untracked 
|  88|0x0000000085800000, 0x0000000085800000, 0x0000000085900000|  0%| F|  |TAMS 0x0000000085800000, 0x0000000085800000| Untracked 
|  89|0x0000000085900000, 0x0000000085900000, 0x0000000085a00000|  0%| F|  |TAMS 0x0000000085900000, 0x0000000085900000| Untracked 
|  90|0x0000000085a00000, 0x0000000085a00000, 0x0000000085b00000|  0%| F|  |TAMS 0x0000000085a00000, 0x0000000085a00000| Untracked 
|  91|0x0000000085b00000, 0x0000000085b00000, 0x0000000085c00000|  0%| F|  |TAMS 0x0000000085b00000, 0x0000000085b00000| Untracked 
|  92|0x0000000085c00000, 0x0000000085c00000, 0x0000000085d00000|  0%| F|  |TAMS 0x0000000085c00000, 0x0000000085c00000| Untracked 
|  93|0x0000000085d00000, 0x0000000085d00000, 0x0000000085e00000|  0%| F|  |TAMS 0x0000000085d00000, 0x0000000085d00000| Untracked 
|  94|0x0000000085e00000, 0x0000000085e00000, 0x0000000085f00000|  0%| F|  |TAMS 0x0000000085e00000, 0x0000000085e00000| Untracked 
|  95|0x0000000085f00000, 0x0000000085f00000, 0x0000000086000000|  0%| F|  |TAMS 0x0000000085f00000, 0x0000000085f00000| Untracked 
|  96|0x0000000086000000, 0x0000000086000000, 0x0000000086100000|  0%| F|  |TAMS 0x0000000086000000, 0x0000000086000000| Untracked 
|  97|0x0000000086100000, 0x0000000086100000, 0x0000000086200000|  0%| F|  |TAMS 0x0000000086100000, 0x0000000086100000| Untracked 
|  98|0x0000000086200000, 0x0000000086200000, 0x0000000086300000|  0%| F|  |TAMS 0x0000000086200000, 0x0000000086200000| Untracked 
|  99|0x0000000086300000, 0x0000000086300000, 0x0000000086400000|  0%| F|  |TAMS 0x0000000086300000, 0x0000000086300000| Untracked 
| 100|0x0000000086400000, 0x0000000086400000, 0x0000000086500000|  0%| F|  |TAMS 0x0000000086400000, 0x0000000086400000| Untracked 
| 101|0x0000000086500000, 0x0000000086500000, 0x0000000086600000|  0%| F|  |TAMS 0x0000000086500000, 0x0000000086500000| Untracked 
| 102|0x0000000086600000, 0x0000000086600000, 0x0000000086700000|  0%| F|  |TAMS 0x0000000086600000, 0x0000000086600000| Untracked 
| 103|0x0000000086700000, 0x0000000086700000, 0x0000000086800000|  0%| F|  |TAMS 0x0000000086700000, 0x0000000086700000| Untracked 
| 104|0x0000000086800000, 0x0000000086800000, 0x0000000086900000|  0%| F|  |TAMS 0x0000000086800000, 0x0000000086800000| Untracked 
| 105|0x0000000086900000, 0x0000000086900000, 0x0000000086a00000|  0%| F|  |TAMS 0x0000000086900000, 0x0000000086900000| Untracked 
| 106|0x0000000086a00000, 0x0000000086a00000, 0x0000000086b00000|  0%| F|  |TAMS 0x0000000086a00000, 0x0000000086a00000| Untracked 
| 107|0x0000000086b00000, 0x0000000086b00000, 0x0000000086c00000|  0%| F|  |TAMS 0x0000000086b00000, 0x0000000086b00000| Untracked 
| 108|0x0000000086c00000, 0x0000000086c00000, 0x0000000086d00000|  0%| F|  |TAMS 0x0000000086c00000, 0x0000000086c00000| Untracked 
| 109|0x0000000086d00000, 0x0000000086d00000, 0x0000000086e00000|  0%| F|  |TAMS 0x0000000086d00000, 0x0000000086d00000| Untracked 
| 110|0x0000000086e00000, 0x0000000086e00000, 0x0000000086f00000|  0%| F|  |TAMS 0x0000000086e00000, 0x0000000086e00000| Untracked 
| 111|0x0000000086f00000, 0x0000000086f00000, 0x0000000087000000|  0%| F|  |TAMS 0x0000000086f00000, 0x0000000086f00000| Untracked 
| 112|0x0000000087000000, 0x0000000087000000, 0x0000000087100000|  0%| F|  |TAMS 0x0000000087000000, 0x0000000087000000| Untracked 
| 113|0x0000000087100000, 0x0000000087100000, 0x0000000087200000|  0%| F|  |TAMS 0x0000000087100000, 0x0000000087100000| Untracked 
| 114|0x0000000087200000, 0x0000000087200000, 0x0000000087300000|  0%| F|  |TAMS 0x0000000087200000, 0x0000000087200000| Untracked 
| 115|0x0000000087300000, 0x0000000087300000, 0x0000000087400000|  0%| F|  |TAMS 0x0000000087300000, 0x0000000087300000| Untracked 
| 116|0x0000000087400000, 0x0000000087400000, 0x0000000087500000|  0%| F|  |TAMS 0x0000000087400000, 0x0000000087400000| Untracked 
| 117|0x0000000087500000, 0x0000000087500000, 0x0000000087600000|  0%| F|  |TAMS 0x0000000087500000, 0x0000000087500000| Untracked 
| 118|0x0000000087600000, 0x0000000087600000, 0x0000000087700000|  0%| F|  |TAMS 0x0000000087600000, 0x0000000087600000| Untracked 
| 119|0x0000000087700000, 0x0000000087700000, 0x0000000087800000|  0%| F|  |TAMS 0x0000000087700000, 0x0000000087700000| Untracked 
| 120|0x0000000087800000, 0x0000000087800000, 0x0000000087900000|  0%| F|  |TAMS 0x0000000087800000, 0x0000000087800000| Untracked 
| 121|0x0000000087900000, 0x0000000087900000, 0x0000000087a00000|  0%| F|  |TAMS 0x0000000087900000, 0x0000000087900000| Untracked 
| 122|0x0000000087a00000, 0x0000000087a00000, 0x0000000087b00000|  0%| F|  |TAMS 0x0000000087a00000, 0x0000000087a00000| Untracked 
| 123|0x0000000087b00000, 0x0000000087b00000, 0x0000000087c00000|  0%| F|  |TAMS 0x0000000087b00000, 0x0000000087b00000| Untracked 
| 124|0x0000000087c00000, 0x0000000087c00000, 0x0000000087d00000|  0%| F|  |TAMS 0x0000000087c00000, 0x0000000087c00000| Untracked 
| 125|0x0000000087d00000, 0x0000000087d00000, 0x0000000087e00000|  0%| F|  |TAMS 0x0000000087d00000, 0x0000000087d00000| Untracked 
| 126|0x0000000087e00000, 0x0000000087e00000, 0x0000000087f00000|  0%| F|  |TAMS 0x0000000087e00000, 0x0000000087e00000| Untracked 
| 127|0x0000000087f00000, 0x0000000087f00000, 0x0000000088000000|  0%| F|  |TAMS 0x0000000087f00000, 0x0000000087f00000| Untracked 
| 128|0x0000000088000000, 0x0000000088000000, 0x0000000088100000|  0%| F|  |TAMS 0x0000000088000000, 0x0000000088000000| Untracked 
| 129|0x0000000088100000, 0x0000000088100000, 0x0000000088200000|  0%| F|  |TAMS 0x0000000088100000, 0x0000000088100000| Untracked 
| 130|0x0000000088200000, 0x0000000088200000, 0x0000000088300000|  0%| F|  |TAMS 0x0000000088200000, 0x0000000088200000| Untracked 
| 131|0x0000000088300000, 0x0000000088300000, 0x0000000088400000|  0%| F|  |TAMS 0x0000000088300000, 0x0000000088300000| Untracked 
| 132|0x0000000088400000, 0x0000000088400000, 0x0000000088500000|  0%| F|  |TAMS 0x0000000088400000, 0x0000000088400000| Untracked 
| 133|0x0000000088500000, 0x0000000088500000, 0x0000000088600000|  0%| F|  |TAMS 0x0000000088500000, 0x0000000088500000| Untracked 
| 134|0x0000000088600000, 0x0000000088600000, 0x0000000088700000|  0%| F|  |TAMS 0x0000000088600000, 0x0000000088600000| Untracked 
| 135|0x0000000088700000, 0x0000000088700000, 0x0000000088800000|  0%| F|  |TAMS 0x0000000088700000, 0x0000000088700000| Untracked 
| 136|0x0000000088800000, 0x0000000088800000, 0x0000000088900000|  0%| F|  |TAMS 0x0000000088800000, 0x0000000088800000| Untracked 
| 137|0x0000000088900000, 0x0000000088900000, 0x0000000088a00000|  0%| F|  |TAMS 0x0000000088900000, 0x0000000088900000| Untracked 
| 138|0x0000000088a00000, 0x0000000088a00000, 0x0000000088b00000|  0%| F|  |TAMS 0x0000000088a00000, 0x0000000088a00000| Untracked 
| 139|0x0000000088b00000, 0x0000000088b00000, 0x0000000088c00000|  0%| F|  |TAMS 0x0000000088b00000, 0x0000000088b00000| Untracked 
| 140|0x0000000088c00000, 0x0000000088c00000, 0x0000000088d00000|  0%| F|  |TAMS 0x0000000088c00000, 0x0000000088c00000| Untracked 
| 141|0x0000000088d00000, 0x0000000088d00000, 0x0000000088e00000|  0%| F|  |TAMS 0x0000000088d00000, 0x0000000088d00000| Untracked 
| 142|0x0000000088e00000, 0x0000000088e00000, 0x0000000088f00000|  0%| F|  |TAMS 0x0000000088e00000, 0x0000000088e00000| Untracked 
| 143|0x0000000088f00000, 0x0000000088f00000, 0x0000000089000000|  0%| F|  |TAMS 0x0000000088f00000, 0x0000000088f00000| Untracked 
| 144|0x0000000089000000, 0x0000000089000000, 0x0000000089100000|  0%| F|  |TAMS 0x0000000089000000, 0x0000000089000000| Untracked 
| 145|0x0000000089100000, 0x0000000089100000, 0x0000000089200000|  0%| F|  |TAMS 0x0000000089100000, 0x0000000089100000| Untracked 
| 146|0x0000000089200000, 0x0000000089200000, 0x0000000089300000|  0%| F|  |TAMS 0x0000000089200000, 0x0000000089200000| Untracked 
| 147|0x0000000089300000, 0x0000000089300000, 0x0000000089400000|  0%| F|  |TAMS 0x0000000089300000, 0x0000000089300000| Untracked 
| 148|0x0000000089400000, 0x0000000089400000, 0x0000000089500000|  0%| F|  |TAMS 0x0000000089400000, 0x0000000089400000| Untracked 
| 149|0x0000000089500000, 0x0000000089500000, 0x0000000089600000|  0%| F|  |TAMS 0x0000000089500000, 0x0000000089500000| Untracked 
| 150|0x0000000089600000, 0x0000000089600000, 0x0000000089700000|  0%| F|  |TAMS 0x0000000089600000, 0x0000000089600000| Untracked 
| 151|0x0000000089700000, 0x0000000089700000, 0x0000000089800000|  0%| F|  |TAMS 0x0000000089700000, 0x0000000089700000| Untracked 
| 152|0x0000000089800000, 0x0000000089800000, 0x0000000089900000|  0%| F|  |TAMS 0x0000000089800000, 0x0000000089800000| Untracked 
| 153|0x0000000089900000, 0x0000000089900000, 0x0000000089a00000|  0%| F|  |TAMS 0x0000000089900000, 0x0000000089900000| Untracked 
| 154|0x0000000089a00000, 0x0000000089a00000, 0x0000000089b00000|  0%| F|  |TAMS 0x0000000089a00000, 0x0000000089a00000| Untracked 
| 155|0x0000000089b00000, 0x0000000089b00000, 0x0000000089c00000|  0%| F|  |TAMS 0x0000000089b00000, 0x0000000089b00000| Untracked 
| 156|0x0000000089c00000, 0x0000000089c00000, 0x0000000089d00000|  0%| F|  |TAMS 0x0000000089c00000, 0x0000000089c00000| Untracked 
| 157|0x0000000089d00000, 0x0000000089d00000, 0x0000000089e00000|  0%| F|  |TAMS 0x0000000089d00000, 0x0000000089d00000| Untracked 
| 158|0x0000000089e00000, 0x0000000089e00000, 0x0000000089f00000|  0%| F|  |TAMS 0x0000000089e00000, 0x0000000089e00000| Untracked 
| 159|0x0000000089f00000, 0x0000000089ffb808, 0x000000008a000000| 98%| S|CS|TAMS 0x0000000089f00000, 0x0000000089f00000| Complete 
| 160|0x000000008a000000, 0x000000008a100000, 0x000000008a100000|100%| S|CS|TAMS 0x000000008a000000, 0x000000008a000000| Complete 
| 161|0x000000008a100000, 0x000000008a100000, 0x000000008a200000|  0%| F|  |TAMS 0x000000008a100000, 0x000000008a100000| Untracked 
| 162|0x000000008a200000, 0x000000008a200000, 0x000000008a300000|  0%| F|  |TAMS 0x000000008a200000, 0x000000008a200000| Untracked 
| 163|0x000000008a300000, 0x000000008a300000, 0x000000008a400000|  0%| F|  |TAMS 0x000000008a300000, 0x000000008a300000| Untracked 
| 164|0x000000008a400000, 0x000000008a400000, 0x000000008a500000|  0%| F|  |TAMS 0x000000008a400000, 0x000000008a400000| Untracked 
| 165|0x000000008a500000, 0x000000008a500000, 0x000000008a600000|  0%| F|  |TAMS 0x000000008a500000, 0x000000008a500000| Untracked 
| 166|0x000000008a600000, 0x000000008a600000, 0x000000008a700000|  0%| F|  |TAMS 0x000000008a600000, 0x000000008a600000| Untracked 
| 167|0x000000008a700000, 0x000000008a700000, 0x000000008a800000|  0%| F|  |TAMS 0x000000008a700000, 0x000000008a700000| Untracked 
| 168|0x000000008a800000, 0x000000008a800000, 0x000000008a900000|  0%| F|  |TAMS 0x000000008a800000, 0x000000008a800000| Untracked 
| 169|0x000000008a900000, 0x000000008a900000, 0x000000008aa00000|  0%| F|  |TAMS 0x000000008a900000, 0x000000008a900000| Untracked 
| 170|0x000000008aa00000, 0x000000008aa00000, 0x000000008ab00000|  0%| F|  |TAMS 0x000000008aa00000, 0x000000008aa00000| Untracked 
| 171|0x000000008ab00000, 0x000000008ab00000, 0x000000008ac00000|  0%| F|  |TAMS 0x000000008ab00000, 0x000000008ab00000| Untracked 
| 172|0x000000008ac00000, 0x000000008ac00000, 0x000000008ad00000|  0%| F|  |TAMS 0x000000008ac00000, 0x000000008ac00000| Untracked 
| 173|0x000000008ad00000, 0x000000008ad00000, 0x000000008ae00000|  0%| F|  |TAMS 0x000000008ad00000, 0x000000008ad00000| Untracked 
| 174|0x000000008ae00000, 0x000000008ae00000, 0x000000008af00000|  0%| F|  |TAMS 0x000000008ae00000, 0x000000008ae00000| Untracked 
| 175|0x000000008af00000, 0x000000008af00000, 0x000000008b000000|  0%| F|  |TAMS 0x000000008af00000, 0x000000008af00000| Untracked 
| 176|0x000000008b000000, 0x000000008b000000, 0x000000008b100000|  0%| F|  |TAMS 0x000000008b000000, 0x000000008b000000| Untracked 
| 177|0x000000008b100000, 0x000000008b100000, 0x000000008b200000|  0%| F|  |TAMS 0x000000008b100000, 0x000000008b100000| Untracked 
| 178|0x000000008b200000, 0x000000008b200000, 0x000000008b300000|  0%| F|  |TAMS 0x000000008b200000, 0x000000008b200000| Untracked 

Card table byte_map: [0x000002a356800000,0x000002a356c00000] _byte_map_base: 0x000002a356400000

Marking Bits (Prev, Next): (CMBitMap*) 0x000002a34394f3c0, (CMBitMap*) 0x000002a34394f388
 Prev Bits: [0x000002a359000000, 0x000002a35b000000)
 Next Bits: [0x000002a357000000, 0x000002a359000000)

Polling page: 0x000002a3417e0000

Metaspace:

Usage:
  Non-class:     44.71 MB capacity,    43.76 MB ( 98%) used,   839.80 KB (  2%) free+waste,   134.56 KB ( <1%) overhead. 
      Class:      6.87 MB capacity,     6.42 MB ( 93%) used,   403.17 KB (  6%) free+waste,    64.56 KB ( <1%) overhead. 
       Both:     51.59 MB capacity,    50.18 MB ( 97%) used,     1.21 MB (  2%) free+waste,   199.13 KB ( <1%) overhead. 

Virtual space:
  Non-class space:       54.00 MB reserved,      44.75 MB ( 83%) committed 
      Class space:        1.00 GB reserved,       6.88 MB ( <1%) committed 
             Both:        1.05 GB reserved,      51.63 MB (  5%) committed 

Chunk freelists:
   Non-Class:  36.00 KB
       Class:  2.00 KB
        Both:  38.00 KB

MaxMetaspaceSize: 17179869184.00 GB
CompressedClassSpaceSize: 1.00 GB

CodeHeap 'non-profiled nmethods': size=120064Kb used=2589Kb max_used=2589Kb free=117474Kb
 bounds [0x000002a34eec0000, 0x000002a34f150000, 0x000002a356400000]
CodeHeap 'profiled nmethods': size=120000Kb used=11321Kb max_used=11321Kb free=108678Kb
 bounds [0x000002a347990000, 0x000002a3484a0000, 0x000002a34eec0000]
CodeHeap 'non-nmethods': size=5696Kb used=2236Kb max_used=2270Kb free=3459Kb
 bounds [0x000002a347400000, 0x000002a347670000, 0x000002a347990000]
 total_blobs=6135 nmethods=5337 adapters=709
 compilation: enabled
              stopped_count=0, restarted_count=0
 full_count=0

Compilation events (20 events):
Event: 4.534 Thread 0x000002a35d50c000 5349       3       com.google.common.collect.MapMakerInternalMap$StrongKeyWeakValueEntry::getValue (10 bytes)
Event: 4.535 Thread 0x000002a35d50c000 nmethod 5349 0x000002a348497690 code [0x000002a348497840, 0x000002a348497a08]
Event: 4.546 Thread 0x000002a35d50c000 5351       2       java.util.jar.Manifest::read (340 bytes)
Event: 4.548 Thread 0x000002a35d50c000 nmethod 5351 0x000002a348497b10 code [0x000002a348497e20, 0x000002a348498e78]
Event: 4.606 Thread 0x000002a35d50c000 5354       2       sun.security.provider.SHA2::implCompress0 (322 bytes)
Event: 4.606 Thread 0x000002a35d50c000 nmethod 5354 0x000002a348499710 code [0x000002a348499900, 0x000002a348499fd8]
Event: 4.607 Thread 0x000002a35d50c000 5355       2       java.lang.invoke.MethodTypeForm::<init> (687 bytes)
Event: 4.609 Thread 0x000002a35d50c000 nmethod 5355 0x000002a34849a410 code [0x000002a34849a6c0, 0x000002a34849ba28]
Event: 4.610 Thread 0x000002a35d50c000 5360       2       java.lang.Class::createAnnotationData (195 bytes)
Event: 4.611 Thread 0x000002a35d50c000 nmethod 5360 0x000002a34849c310 code [0x000002a34849c600, 0x000002a34849cdd8]
Event: 4.613 Thread 0x000002a35d50c000 5361       1       java.util.zip.ZipEntry::getName (5 bytes)
Event: 4.613 Thread 0x000002a35d50c000 nmethod 5361 0x000002a34f147290 code [0x000002a34f147440, 0x000002a34f1474f8]
Event: 4.614 Thread 0x000002a35d50c000 5362       2       java.nio.HeapByteBuffer::getInt (25 bytes)
Event: 4.614 Thread 0x000002a35d50c000 nmethod 5362 0x000002a34849d290 code [0x000002a34849d440, 0x000002a34849d628]
Event: 4.616 Thread 0x000002a35d50c000 5363       2       org.objectweb.asm.SymbolTable::hash (7 bytes)
Event: 4.616 Thread 0x000002a35d50c000 nmethod 5363 0x000002a34849d710 code [0x000002a34849d8c0, 0x000002a34849d998]
Event: 4.616 Thread 0x000002a35d50c000 5364       2       org.objectweb.asm.SymbolTable::addConstantUtf8 (98 bytes)
Event: 4.617 Thread 0x000002a35d50c000 nmethod 5364 0x000002a34849da10 code [0x000002a34849dc20, 0x000002a34849e018]
Event: 4.618 Thread 0x000002a35d50c000 5365       2       java.lang.reflect.Modifier::isVolatile (13 bytes)
Event: 4.619 Thread 0x000002a35d50c000 nmethod 5365 0x000002a34849e310 code [0x000002a34849e4c0, 0x000002a34849e5b8]

GC Heap History (20 events):
Event: 0.300 GC heap before
{Heap before GC invocations=0 (full 0):
 garbage-first heap   total 126976K, used 19456K [0x0000000080000000, 0x0000000100000000)
  region size 1024K, 14 young (14336K), 0 survivors (0K)
 Metaspace       used 6725K, capacity 6921K, committed 7168K, reserved 1056768K
  class space    used 582K, capacity 650K, committed 768K, reserved 1048576K
}
Event: 0.303 GC heap after
{Heap after GC invocations=1 (full 0):
 garbage-first heap   total 126976K, used 7761K [0x0000000080000000, 0x0000000100000000)
  region size 1024K, 2 young (2048K), 2 survivors (2048K)
 Metaspace       used 6725K, capacity 6921K, committed 7168K, reserved 1056768K
  class space    used 582K, capacity 650K, committed 768K, reserved 1048576K
}
Event: 0.496 GC heap before
{Heap before GC invocations=1 (full 0):
 garbage-first heap   total 126976K, used 20049K [0x0000000080000000, 0x0000000100000000)
  region size 1024K, 14 young (14336K), 2 survivors (2048K)
 Metaspace       used 9828K, capacity 10050K, committed 10112K, reserved 1058816K
  class space    used 1021K, capacity 1102K, committed 1152K, reserved 1048576K
}
Event: 0.498 GC heap after
{Heap after GC invocations=2 (full 0):
 garbage-first heap   total 126976K, used 9052K [0x0000000080000000, 0x0000000100000000)
  region size 1024K, 2 young (2048K), 2 survivors (2048K)
 Metaspace       used 9828K, capacity 10050K, committed 10112K, reserved 1058816K
  class space    used 1021K, capacity 1102K, committed 1152K, reserved 1048576K
}
Event: 0.750 GC heap before
{Heap before GC invocations=2 (full 0):
 garbage-first heap   total 126976K, used 39772K [0x0000000080000000, 0x0000000100000000)
  region size 1024K, 32 young (32768K), 2 survivors (2048K)
 Metaspace       used 10778K, capacity 11003K, committed 11264K, reserved 1058816K
  class space    used 1124K, capacity 1206K, committed 1280K, reserved 1048576K
}
Event: 0.753 GC heap after
{Heap after GC invocations=3 (full 0):
 garbage-first heap   total 126976K, used 12136K [0x0000000080000000, 0x0000000100000000)
  region size 1024K, 4 young (4096K), 4 survivors (4096K)
 Metaspace       used 10778K, capacity 11003K, committed 11264K, reserved 1058816K
  class space    used 1124K, capacity 1206K, committed 1280K, reserved 1048576K
}
Event: 1.637 GC heap before
{Heap before GC invocations=3 (full 0):
 garbage-first heap   total 126976K, used 74600K [0x0000000080000000, 0x0000000100000000)
  region size 1024K, 66 young (67584K), 4 survivors (4096K)
 Metaspace       used 20571K, capacity 21085K, committed 21248K, reserved 1067008K
  class space    used 2512K, capacity 2699K, committed 2816K, reserved 1048576K
}
Event: 1.643 GC heap after
{Heap after GC invocations=4 (full 0):
 garbage-first heap   total 126976K, used 16673K [0x0000000080000000, 0x0000000100000000)
  region size 1024K, 9 young (9216K), 9 survivors (9216K)
 Metaspace       used 20571K, capacity 21085K, committed 21248K, reserved 1067008K
  class space    used 2512K, capacity 2699K, committed 2816K, reserved 1048576K
}
Event: 2.146 GC heap before
{Heap before GC invocations=5 (full 0):
 garbage-first heap   total 126976K, used 91425K [0x0000000080000000, 0x0000000100000000)
  region size 1024K, 72 young (73728K), 9 survivors (9216K)
 Metaspace       used 26772K, capacity 27530K, committed 27648K, reserved 1073152K
  class space    used 3533K, capacity 3806K, committed 3840K, reserved 1048576K
}
Event: 2.154 GC heap after
{Heap after GC invocations=6 (full 0):
 garbage-first heap   total 152576K, used 32241K [0x0000000080000000, 0x0000000100000000)
  region size 1024K, 6 young (6144K), 6 survivors (6144K)
 Metaspace       used 26772K, capacity 27530K, committed 27648K, reserved 1073152K
  class space    used 3533K, capacity 3806K, committed 3840K, reserved 1048576K
}
Event: 2.663 GC heap before
{Heap before GC invocations=6 (full 0):
 garbage-first heap   total 152576K, used 83441K [0x0000000080000000, 0x0000000100000000)
  region size 1024K, 57 young (58368K), 6 survivors (6144K)
 Metaspace       used 34832K, capacity 35727K, committed 35840K, reserved 1081344K
  class space    used 4558K, capacity 4899K, committed 4992K, reserved 1048576K
}
Event: 2.670 GC heap after
{Heap after GC invocations=7 (full 0):
 garbage-first heap   total 152576K, used 35336K [0x0000000080000000, 0x0000000100000000)
  region size 1024K, 9 young (9216K), 9 survivors (9216K)
 Metaspace       used 34832K, capacity 35727K, committed 35840K, reserved 1081344K
  class space    used 4558K, capacity 4899K, committed 4992K, reserved 1048576K
}
Event: 3.229 GC heap before
{Heap before GC invocations=8 (full 0):
 garbage-first heap   total 152576K, used 110088K [0x0000000080000000, 0x0000000100000000)
  region size 1024K, 80 young (81920K), 9 survivors (9216K)
 Metaspace       used 41704K, capacity 42828K, committed 43008K, reserved 1087488K
  class space    used 5377K, capacity 5775K, committed 5888K, reserved 1048576K
}
Event: 3.240 GC heap after
{Heap after GC invocations=9 (full 0):
 garbage-first heap   total 152576K, used 39589K [0x0000000080000000, 0x0000000100000000)
  region size 1024K, 8 young (8192K), 8 survivors (8192K)
 Metaspace       used 41704K, capacity 42828K, committed 43008K, reserved 1087488K
  class space    used 5377K, capacity 5775K, committed 5888K, reserved 1048576K
}
Event: 3.817 GC heap before
{Heap before GC invocations=10 (full 0):
 garbage-first heap   total 152576K, used 120485K [0x0000000080000000, 0x0000000100000000)
  region size 1024K, 79 young (80896K), 8 survivors (8192K)
 Metaspace       used 46209K, capacity 47472K, committed 47616K, reserved 1091584K
  class space    used 5884K, capacity 6329K, committed 6400K, reserved 1048576K
}
Event: 3.829 GC heap after
{Heap after GC invocations=11 (full 0):
 garbage-first heap   total 152576K, used 54005K [0x0000000080000000, 0x0000000100000000)
  region size 1024K, 10 young (10240K), 10 survivors (10240K)
 Metaspace       used 46209K, capacity 47472K, committed 47616K, reserved 1091584K
  class space    used 5884K, capacity 6329K, committed 6400K, reserved 1048576K
}
Event: 4.443 GC heap before
{Heap before GC invocations=11 (full 0):
 garbage-first heap   total 152576K, used 122613K [0x0000000080000000, 0x0000000100000000)
  region size 1024K, 74 young (75776K), 10 survivors (10240K)
 Metaspace       used 49594K, capacity 51001K, committed 51200K, reserved 1093632K
  class space    used 6343K, capacity 6814K, committed 6912K, reserved 1048576K
}
Event: 4.455 GC heap after
{Heap after GC invocations=12 (full 0):
 garbage-first heap   total 183296K, used 66325K [0x0000000080000000, 0x0000000100000000)
  region size 1024K, 8 young (8192K), 8 survivors (8192K)
 Metaspace       used 49594K, capacity 51001K, committed 51200K, reserved 1093632K
  class space    used 6343K, capacity 6814K, committed 6912K, reserved 1048576K
}
Event: 4.624 GC heap before
{Heap before GC invocations=12 (full 0):
 garbage-first heap   total 183296K, used 83733K [0x0000000080000000, 0x0000000100000000)
  region size 1024K, 26 young (26624K), 8 survivors (8192K)
 Metaspace       used 51383K, capacity 52826K, committed 52864K, reserved 1101824K
  class space    used 6570K, capacity 7038K, committed 7040K, reserved 1048576K
}
Event: 4.632 GC heap after
{Heap after GC invocations=13 (full 0):
 garbage-first heap   total 183296K, used 68286K [0x0000000080000000, 0x0000000100000000)
  region size 1024K, 2 young (2048K), 2 survivors (2048K)
 Metaspace       used 51383K, capacity 52826K, committed 52864K, reserved 1101824K
  class space    used 6570K, capacity 7038K, committed 7040K, reserved 1048576K
}

Deoptimization events (20 events):
Event: 4.494 Thread 0x000002a35ffcf000 Uncommon trap: trap_request=0xffffffc6 fr.pc=0x000002a34efd68a8 relative=0x0000000000000248
Event: 4.494 Thread 0x000002a35ffcf000 Uncommon trap: reason=bimorphic_or_optimized_type_check action=maybe_recompile pc=0x000002a34efd68a8 method=com.google.common.base.CharMatcher.indexIn(Ljava/lang/CharSequence;I)I @ 31 c2
Event: 4.494 Thread 0x000002a35ffcf000 DEOPT PACKING pc=0x000002a34efd68a8 sp=0x000000c1ff6f85e0
Event: 4.494 Thread 0x000002a35ffcf000 DEOPT UNPACKING pc=0x000002a3474083af sp=0x000000c1ff6f8588 mode 2
Event: 4.496 Thread 0x000002a35ffcf000 Uncommon trap: trap_request=0xffffffc6 fr.pc=0x000002a34efd68a8 relative=0x0000000000000248
Event: 4.496 Thread 0x000002a35ffcf000 Uncommon trap: reason=bimorphic_or_optimized_type_check action=maybe_recompile pc=0x000002a34efd68a8 method=com.google.common.base.CharMatcher.indexIn(Ljava/lang/CharSequence;I)I @ 31 c2
Event: 4.496 Thread 0x000002a35ffcf000 DEOPT PACKING pc=0x000002a34efd68a8 sp=0x000000c1ff6f9eb0
Event: 4.496 Thread 0x000002a35ffcf000 DEOPT UNPACKING pc=0x000002a3474083af sp=0x000000c1ff6f9e58 mode 2
Event: 4.597 Thread 0x000002a35ffcf000 Uncommon trap: trap_request=0xffffff4d fr.pc=0x000002a34f02438c relative=0x000000000000058c
Event: 4.597 Thread 0x000002a35ffcf000 Uncommon trap: reason=unstable_if action=reinterpret pc=0x000002a34f02438c method=java.io.BufferedInputStream.read([BII)I @ 56 c2
Event: 4.597 Thread 0x000002a35ffcf000 DEOPT PACKING pc=0x000002a34f02438c sp=0x000000c1ff6f7550
Event: 4.597 Thread 0x000002a35ffcf000 DEOPT UNPACKING pc=0x000002a3474083af sp=0x000000c1ff6f7508 mode 2
Event: 4.599 Thread 0x000002a35ffcf000 Uncommon trap: trap_request=0xffffff4d fr.pc=0x000002a34efaa3f4 relative=0x0000000000000054
Event: 4.599 Thread 0x000002a35ffcf000 Uncommon trap: reason=unstable_if action=reinterpret pc=0x000002a34efaa3f4 method=java.util.regex.Pattern.has(I)Z @ 6 c2
Event: 4.599 Thread 0x000002a35ffcf000 DEOPT PACKING pc=0x000002a34efaa3f4 sp=0x000000c1ff6f6680
Event: 4.599 Thread 0x000002a35ffcf000 DEOPT UNPACKING pc=0x000002a3474083af sp=0x000000c1ff6f6610 mode 2
Event: 4.616 Thread 0x000002a35ffcf000 Uncommon trap: trap_request=0xffffff45 fr.pc=0x000002a34f073820 relative=0x0000000000000d60
Event: 4.616 Thread 0x000002a35ffcf000 Uncommon trap: reason=unstable_fused_if action=reinterpret pc=0x000002a34f073820 method=org.objectweb.asm.ByteVector.putUTF8(Ljava/lang/String;)Lorg/objectweb/asm/ByteVector; @ 93 c2
Event: 4.616 Thread 0x000002a35ffcf000 DEOPT PACKING pc=0x000002a34f073820 sp=0x000000c1ff6f7f80
Event: 4.616 Thread 0x000002a35ffcf000 DEOPT UNPACKING pc=0x000002a3474083af sp=0x000000c1ff6f7ed8 mode 2

Classes redefined (0 events):
No events

Internal exceptions (20 events):
Event: 4.421 Thread 0x000002a35ffcf000 Exception <a 'java/security/PrivilegedActionException'{0x00000000859c6398}> (0x00000000859c6398) thrown at [./src/hotspot/share/prims/jvm.cpp, line 1306]
Event: 4.421 Thread 0x000002a35ffcf000 Exception <a 'java/security/PrivilegedActionException'{0x00000000859c9320}> (0x00000000859c9320) thrown at [./src/hotspot/share/prims/jvm.cpp, line 1306]
Event: 4.421 Thread 0x000002a35ffcf000 Exception <a 'java/security/PrivilegedActionException'{0x00000000859ca5e0}> (0x00000000859ca5e0) thrown at [./src/hotspot/share/prims/jvm.cpp, line 1306]
Event: 4.458 Thread 0x000002a35ffcf000 Exception <a 'java/lang/ClassNotFoundException'{0x000000008b259bc8}: org/gradle/api/tasks/Delete_DecoratedBeanInfo> (0x000000008b259bc8) thrown at [./src/hotspot/share/classfile/systemDictionary.cpp, line 231]
Event: 4.459 Thread 0x000002a35ffcf000 Exception <a 'java/lang/ClassNotFoundException'{0x000000008b2820e8}: org/gradle/api/tasks/DeleteBeanInfo> (0x000000008b2820e8) thrown at [./src/hotspot/share/classfile/systemDictionary.cpp, line 231]
Event: 4.459 Thread 0x000002a35ffcf000 Exception <a 'java/lang/ClassNotFoundException'{0x000000008b2b4f00}: org/gradle/api/internal/ConventionTaskBeanInfo> (0x000000008b2b4f00) thrown at [./src/hotspot/share/classfile/systemDictionary.cpp, line 231]
Event: 4.460 Thread 0x000002a35ffcf000 Exception <a 'java/lang/ClassNotFoundException'{0x000000008b2dcc00}: org/gradle/api/DefaultTaskBeanInfo> (0x000000008b2dcc00) thrown at [./src/hotspot/share/classfile/systemDictionary.cpp, line 231]
Event: 4.461 Thread 0x000002a35ffcf000 Exception <a 'java/lang/ClassNotFoundException'{0x000000008b108e58}: org/gradle/api/internal/AbstractTaskBeanInfo> (0x000000008b108e58) thrown at [./src/hotspot/share/classfile/systemDictionary.cpp, line 231]
Event: 4.461 Thread 0x000002a35ffcf000 Exception <a 'java/lang/ClassNotFoundException'{0x000000008b134ba0}: org/gradle/api/internal/AbstractTaskCustomizer> (0x000000008b134ba0) thrown at [./src/hotspot/share/classfile/systemDictionary.cpp, line 231]
Event: 4.464 Thread 0x000002a35ffcf000 Exception <a 'java/lang/ClassNotFoundException'{0x000000008b1aad58}: org/gradle/api/DefaultTaskCustomizer> (0x000000008b1aad58) thrown at [./src/hotspot/share/classfile/systemDictionary.cpp, line 231]
Event: 4.466 Thread 0x000002a35ffcf000 Exception <a 'java/lang/ClassNotFoundException'{0x000000008b02aec8}: org/gradle/api/internal/ConventionTaskCustomizer> (0x000000008b02aec8) thrown at [./src/hotspot/share/classfile/systemDictionary.cpp, line 231]
Event: 4.467 Thread 0x000002a35ffcf000 Exception <a 'java/lang/ClassNotFoundException'{0x000000008b062120}: org/gradle/api/tasks/DeleteCustomizer> (0x000000008b062120) thrown at [./src/hotspot/share/classfile/systemDictionary.cpp, line 231]
Event: 4.469 Thread 0x000002a35ffcf000 Exception <a 'java/lang/ClassNotFoundException'{0x000000008b0a0750}: org/gradle/api/tasks/Delete_DecoratedCustomizer> (0x000000008b0a0750) thrown at [./src/hotspot/share/classfile/systemDictionary.cpp, line 231]
Event: 4.485 Thread 0x000002a35ffcf000 Exception <a 'java/lang/ClassNotFoundException'{0x000000008afe3300}: build_c5a0euxjgc89rn0qk3f7qgegvBeanInfo> (0x000000008afe3300) thrown at [./src/hotspot/share/classfile/systemDictionary.cpp, line 231]
Event: 4.485 Thread 0x000002a35ffcf000 Exception <a 'java/lang/ClassNotFoundException'{0x000000008afee228}: build_c5a0euxjgc89rn0qk3f7qgegvCustomizer> (0x000000008afee228) thrown at [./src/hotspot/share/classfile/systemDictionary.cpp, line 231]
Event: 4.493 Thread 0x000002a35ffcf000 Exception <a 'java/lang/ClassNotFoundException'{0x000000008ae73240}: org/gradle/plugin/use/internal/PluginRequestCollector$PluginDependenciesSpecImplBeanInfo> (0x000000008ae73240) thrown at [./src/hotspot/share/classfile/systemDictionary.cpp, line 231]
Event: 4.493 Thread 0x000002a35ffcf000 Exception <a 'java/lang/ClassNotFoundException'{0x000000008aeb30e0}: org/gradle/plugin/use/internal/PluginRequestCollector$PluginDependenciesSpecImplCustomizer> (0x000000008aeb30e0) thrown at [./src/hotspot/share/classfile/systemDictionary.cpp, line 231]
Event: 4.608 Thread 0x000002a35ffcf000 Exception <a 'java/lang/NoSuchMethodError'{0x000000008a24f150}: 'java.lang.Object java.lang.invoke.DirectMethodHandle$Holder.invokeStatic(java.lang.Object, java.lang.Object, java.lang.Object, java.lang.Object, int)'> (0x000000008a24f150) thrown at [./src/hotspot/share/interpreter/linkResolver.cpp, line 773]
Event: 4.609 Thread 0x000002a35ffcf000 Exception <a 'java/lang/NoSuchMethodError'{0x000000008a253b48}: 'java.lang.Object java.lang.invoke.DirectMethodHandle$Holder.invokeSpecial(java.lang.Object, java.lang.Object, java.lang.Object, java.lang.Object, java.lang.Object, int)'> (0x000000008a253b48) thrown at [./src/hotspot/share/interpreter/linkResolver.cpp, line 773]
Event: 4.609 Thread 0x000002a35ffcf000 Exception <a 'java/lang/NoSuchMethodError'{0x000000008a258188}: 'java.lang.Object java.lang.invoke.Invokers$Holder.linkToTargetMethod(java.lang.Object, java.lang.Object, java.lang.Object, int, java.lang.Object)'> (0x000000008a258188) thrown at [./src/hotspot/share/interpreter/linkResolver.cpp, line 773]

Events (20 events):
Event: 4.619 loading class org/gradle/internal/instantiation/generator/AsmBackedClassGenerator done
Event: 4.619 loading class com/android/build/gradle/options/TestRunnerArguments
Event: 4.619 loading class com/android/build/gradle/options/TestRunnerArguments done
Event: 4.619 loading class com/android/build/gradle/options/TestRunnerArguments$Companion
Event: 4.619 loading class com/android/build/gradle/options/TestRunnerArguments$Companion done
Event: 4.620 loading class org/gradle/api/plugins/ExtraPropertiesExtension
Event: 4.620 loading class org/gradle/api/plugins/ExtraPropertiesExtension done
Event: 4.620 loading class kotlin/text/StringsKt
Event: 4.620 loading class kotlin/text/StringsKt done
Event: 4.620 loading class kotlin/text/StringsKt
Event: 4.620 loading class kotlin/text/StringsKt done
Event: 4.620 loading class kotlin/text/StringsKt___StringsKt
Event: 4.620 loading class kotlin/text/StringsKt___StringsKt done
Event: 4.622 loading class kotlin/text/StringsKt___StringsJvmKt
Event: 4.622 loading class kotlin/text/StringsKt___StringsJvmKt done
Event: 4.623 loading class kotlin/text/StringsKt__StringsKt
Event: 4.623 loading class kotlin/text/StringsKt__StringsKt done
Event: 4.624 loading class kotlin/text/StringsKt__StringsJVMKt
Event: 4.624 loading class kotlin/text/StringsKt__StringsJVMKt done
Event: 4.624 Executing VM operation: CollectForMetadataAllocation


Dynamic libraries:
0x00007ff6ae0c0000 - 0x00007ff6ae0ca000 	C:\Program Files\Android\Android Studio\jre\bin\java.exe
0x00007ffa00630000 - 0x00007ffa00828000 	C:\Windows\SYSTEM32\ntdll.dll
0x00007ff9ff2d0000 - 0x00007ff9ff38d000 	C:\Windows\System32\KERNEL32.DLL
0x00007ff9fe060000 - 0x00007ff9fe332000 	C:\Windows\System32\KERNELBASE.dll
0x00007ff9fde00000 - 0x00007ff9fdf00000 	C:\Windows\System32\ucrtbase.dll
0x00007ff9e5d50000 - 0x00007ff9e5d69000 	C:\Program Files\Android\Android Studio\jre\bin\jli.dll
0x00007ff9e5d30000 - 0x00007ff9e5d47000 	C:\Program Files\Android\Android Studio\jre\bin\VCRUNTIME140.dll
0x00007ff9fff60000 - 0x00007ffa000fd000 	C:\Windows\System32\USER32.dll
0x00007ff9e74d0000 - 0x00007ff9e776a000 	C:\Windows\WinSxS\amd64_microsoft.windows.common-controls_6595b64144ccf1df_6.0.19041.1110_none_60b5254171f9507e\COMCTL32.dll
0x00007ff9fdd40000 - 0x00007ff9fdd62000 	C:\Windows\System32\win32u.dll
0x00007ff9ff560000 - 0x00007ff9ff5fe000 	C:\Windows\System32\msvcrt.dll
0x00007ffa003e0000 - 0x00007ffa0040b000 	C:\Windows\System32\GDI32.dll
0x00007ff9fe340000 - 0x00007ff9fe44f000 	C:\Windows\System32\gdi32full.dll
0x00007ff9fdf00000 - 0x00007ff9fdf9d000 	C:\Windows\System32\msvcp_win.dll
0x00007ff9ff390000 - 0x00007ff9ff3c0000 	C:\Windows\System32\IMM32.DLL
0x00007ff9e5c90000 - 0x00007ff9e5d2d000 	C:\Program Files\Android\Android Studio\jre\bin\msvcp140.dll
0x00007ff986330000 - 0x00007ff986dff000 	C:\Program Files\Android\Android Studio\jre\bin\server\jvm.dll
0x00007ffa00540000 - 0x00007ffa005ee000 	C:\Windows\System32\ADVAPI32.dll
0x00007ff9ff230000 - 0x00007ff9ff2cc000 	C:\Windows\System32\sechost.dll
0x00007ffa00100000 - 0x00007ffa00225000 	C:\Windows\System32\RPCRT4.dll
0x00007ff9ff7a0000 - 0x00007ff9ff7a8000 	C:\Windows\System32\PSAPI.DLL
0x00007ff9ec860000 - 0x00007ff9ec869000 	C:\Windows\SYSTEM32\WSOCK32.dll
0x00007ff9e0060000 - 0x00007ff9e0087000 	C:\Windows\SYSTEM32\WINMM.dll
0x00007ffa002e0000 - 0x00007ffa0034b000 	C:\Windows\System32\WS2_32.dll
0x00007ff9f2830000 - 0x00007ff9f283a000 	C:\Windows\SYSTEM32\VERSION.dll
0x00007ff9fc590000 - 0x00007ff9fc5a2000 	C:\Windows\SYSTEM32\kernel.appcore.dll
0x00007ff9e9400000 - 0x00007ff9e9411000 	C:\Program Files\Android\Android Studio\jre\bin\verify.dll
0x00007ff9fb790000 - 0x00007ff9fb974000 	C:\Windows\SYSTEM32\DBGHELP.DLL
0x00007ff9e2690000 - 0x00007ff9e26bc000 	C:\Windows\SYSTEM32\dbgcore.DLL
0x00007ff9fdd70000 - 0x00007ff9fddf2000 	C:\Windows\System32\bcryptPrimitives.dll
0x00007ff9e8d30000 - 0x00007ff9e8d59000 	C:\Program Files\Android\Android Studio\jre\bin\java.dll
0x00007ff9ec850000 - 0x00007ff9ec85b000 	C:\Program Files\Android\Android Studio\jre\bin\jimage.dll
0x00007ff9e9230000 - 0x00007ff9e9248000 	C:\Program Files\Android\Android Studio\jre\bin\zip.dll
0x00007ff9ff7b0000 - 0x00007ff9ffef3000 	C:\Windows\System32\SHELL32.dll
0x00007ff9fbde0000 - 0x00007ff9fc571000 	C:\Windows\SYSTEM32\windows.storage.dll
0x00007ff9feb00000 - 0x00007ff9fee54000 	C:\Windows\System32\combase.dll
0x00007ff9fd7a0000 - 0x00007ff9fd7d0000 	C:\Windows\SYSTEM32\Wldp.dll
0x00007ffa00230000 - 0x00007ffa002dd000 	C:\Windows\System32\SHCORE.dll
0x00007ff9fee60000 - 0x00007ff9feeb5000 	C:\Windows\System32\shlwapi.dll
0x00007ff9fdc80000 - 0x00007ff9fdc9f000 	C:\Windows\SYSTEM32\profapi.dll
0x00007ff9e8ec0000 - 0x00007ff9e8eda000 	C:\Program Files\Android\Android Studio\jre\bin\net.dll
0x00007ff9f4ca0000 - 0x00007ff9f4dad000 	C:\Windows\SYSTEM32\WINHTTP.dll
0x00007ff9fd500000 - 0x00007ff9fd56a000 	C:\Windows\system32\mswsock.dll
0x00007ff9e8cf0000 - 0x00007ff9e8d04000 	C:\Program Files\Android\Android Studio\jre\bin\nio.dll
0x00007ff9e6040000 - 0x00007ff9e6067000 	C:\Users\LABKOM\.gradle\native\8bec1ad78214c89d9ad589b4d07fe93259594b29d510b10fafb7a158f7737e5d\windows-amd64\native-platform.dll
0x00007ff9d3470000 - 0x00007ff9d35ad000 	C:\Users\LABKOM\.gradle\native\53dbd7edfb1c66fb8903c78663c9afc45aea4f116125fa6feffd364cf09443e8\windows-amd64\native-platform-file-events.dll
0x00007ff9ecaa0000 - 0x00007ff9ecaaa000 	C:\Program Files\Android\Android Studio\jre\bin\management.dll
0x00007ff9e93f0000 - 0x00007ff9e93fc000 	C:\Program Files\Android\Android Studio\jre\bin\management_ext.dll
0x00007ff9fd6f0000 - 0x00007ff9fd708000 	C:\Windows\SYSTEM32\CRYPTSP.dll
0x00007ff9fcdb0000 - 0x00007ff9fcde4000 	C:\Windows\system32\rsaenh.dll
0x00007ff9fe660000 - 0x00007ff9fe687000 	C:\Windows\System32\bcrypt.dll
0x00007ff9fdc00000 - 0x00007ff9fdc2e000 	C:\Windows\SYSTEM32\USERENV.dll
0x00007ff9fd710000 - 0x00007ff9fd71c000 	C:\Windows\SYSTEM32\CRYPTBASE.dll
0x00007ff9fd1a0000 - 0x00007ff9fd1db000 	C:\Windows\SYSTEM32\IPHLPAPI.DLL
0x00007ff9ff070000 - 0x00007ff9ff078000 	C:\Windows\System32\NSI.dll
0x00007ff9f2840000 - 0x00007ff9f2857000 	C:\Windows\SYSTEM32\dhcpcsvc6.DLL
0x00007ff9f2810000 - 0x00007ff9f282d000 	C:\Windows\SYSTEM32\dhcpcsvc.DLL
0x00007ff9fd1f0000 - 0x00007ff9fd2ba000 	C:\Windows\SYSTEM32\DNSAPI.dll

dbghelp: loaded successfully - version: 4.0.5 - missing functions: none
symbol engine: initialized successfully - sym options: 0x614 - pdb path: .;C:\Program Files\Android\Android Studio\jre\bin;C:\Windows\SYSTEM32;C:\Windows\WinSxS\amd64_microsoft.windows.common-controls_6595b64144ccf1df_6.0.19041.1110_none_60b5254171f9507e;C:\Program Files\Android\Android Studio\jre\bin\server;C:\Users\LABKOM\.gradle\native\8bec1ad78214c89d9ad589b4d07fe93259594b29d510b10fafb7a158f7737e5d\windows-amd64;C:\Users\LABKOM\.gradle\native\53dbd7edfb1c66fb8903c78663c9afc45aea4f116125fa6feffd364cf09443e8\windows-amd64

VM Arguments:
jvm_args: --add-opens=java.base/java.util=ALL-UNNAMED --add-opens=java.base/java.lang=ALL-UNNAMED --add-opens=java.base/java.lang.invoke=ALL-UNNAMED --add-opens=java.base/java.util=ALL-UNNAMED --add-opens=java.prefs/java.util.prefs=ALL-UNNAMED --add-opens=java.prefs/java.util.prefs=ALL-UNNAMED --add-opens=java.base/java.nio.charset=ALL-UNNAMED --add-opens=java.base/java.net=ALL-UNNAMED --add-opens=java.base/java.util.concurrent.atomic=ALL-UNNAMED -Xmx2048m -Dfile.encoding=UTF-8 -Duser.country=US -Duser.language=en -Duser.variant 
java_command: org.gradle.launcher.daemon.bootstrap.GradleDaemon 7.0.2
java_class_path (initial): C:\Users\LABKOM\.gradle\wrapper\dists\gradle-7.0.2-bin\857tjihv64xamwrf0h14cai3r\gradle-7.0.2\lib\gradle-launcher-7.0.2.jar
Launcher Type: SUN_STANDARD

[Global flags]
     intx CICompilerCount                          = 3                                         {product} {ergonomic}
     uint ConcGCThreads                            = 1                                         {product} {ergonomic}
     uint G1ConcRefinementThreads                  = 4                                         {product} {ergonomic}
   size_t G1HeapRegionSize                         = 1048576                                   {product} {ergonomic}
    uintx GCDrainStackTargetSize                   = 64                                        {product} {ergonomic}
   size_t InitialHeapSize                          = 130023424                                 {product} {ergonomic}
   size_t MarkStackSize                            = 4194304                                   {product} {ergonomic}
   size_t MaxHeapSize                              = 2147483648                                {product} {command line}
   size_t MaxNewSize                               = 1287651328                                {product} {ergonomic}
   size_t MinHeapDeltaBytes                        = 1048576                                   {product} {ergonomic}
    uintx NonNMethodCodeHeapSize                   = 5830732                                {pd product} {ergonomic}
    uintx NonProfiledCodeHeapSize                  = 122913754                              {pd product} {ergonomic}
    uintx ProfiledCodeHeapSize                     = 122913754                              {pd product} {ergonomic}
    uintx ReservedCodeCacheSize                    = 251658240                              {pd product} {ergonomic}
     bool SegmentedCodeCache                       = true                                      {product} {ergonomic}
     bool UseCompressedClassPointers               = true                                 {lp64_product} {ergonomic}
     bool UseCompressedOops                        = true                                 {lp64_product} {ergonomic}
     bool UseG1GC                                  = true                                      {product} {ergonomic}
     bool UseLargePagesIndividualAllocation        = false                                  {pd product} {ergonomic}

Logging:
Log output configuration:
 #0: stdout all=warning uptime,level,tags
 #1: stderr all=off uptime,level,tags

Environment Variables:
PATH=C:\Program Files (x86)\Common Files\Intel\Shared Files\fortran\bin\Intel64;C:\Program Files (x86)\Common Files\Intel\Shared Libraries\redist\intel64_win\mpirt;C:\Program Files (x86)\Common Files\Intel\Shared Libraries\redist\intel64_win\compiler;C:\ProgramData\Oracle\Java\javapath;C:\Program Files\Common Files\Oracle\Java\javapath;C:\Windows\system32;C:\Windows;C:\Windows\System32\Wbem;C:\Windows\System32\WindowsPowerShell\v1.0\;C:\Windows\System32\OpenSSH\;C:\Program Files (x86)\MATLAB\MATLAB Production Server\R2015a\runtime\win32;C:\Program Files (x86)\MATLAB\MATLAB Production Server\R2015a\bin;C:\Program Files (x86)\MATLAB\MATLAB Production Server\R2015a\polyspace\bin;C:\xampp\php;C:\composer;C:\Program Files (x86)\Microsoft SQL Server\100\Tools\Binn\;C:\Program Files\Microsoft SQL Server\100\Tools\Binn\;C:\Program Files\Microsoft SQL Server\100\DTS\Binn\;C:\Program Files\Microsoft SQL Server\110\Tools\Binn\;C:\Program Files\Git\cmd;C:\Users\LABKOM\AppData\Local\Programs\Python\Python39\Scripts\;C:\Users\LABKOM\AppData\Local\Programs\Python\Python39\;C:\Users\LABKOM\AppData\Local\Microsoft\WindowsApps;;C:\Users\LABKOM\AppData\Local\Programs\Microsoft VS Code\bin;C:\Users\LABKOM\AppData\Roaming\Composer\vendor\bin
USERNAME=LABKOM
OS=Windows_NT
PROCESSOR_IDENTIFIER=Intel64 Family 6 Model 140 Stepping 1, GenuineIntel



---------------  S Y S T E M  ---------------

OS: Windows 10 , 64 bit Build 19041 (10.0.19041.1889)
OS uptime: 0 days 1:34 hours

CPU:total 4 (initial active 4) (2 cores per cpu, 2 threads per core) family 6 model 140 stepping 1 microcode 0x72, cmov, cx8, fxsr, mmx, sse, sse2, sse3, ssse3, sse4.1, sse4.2, popcnt, avx, avx2, aes, clmul, erms, 3dnowpref, lzcnt, ht, tsc, tscinvbit, bmi1, bmi2, adx, evex, sha, fma

Memory: 4k page, system-wide physical 7817M (875M free)
TotalPageFile size 8689M (AvailPageFile size 8M)
current process WorkingSet (physical memory assigned to process): 368M, peak: 372M
current process commit charge ("private bytes"): 411M, peak: 416M

vm_info: OpenJDK 64-Bit Server VM (11.0.10+0-b96-7249189) for windows-amd64 JRE (11.0.10+0-b96-7249189), built on Mar 31 2021 21:44:00 by "builder" with MS VC++ 14.0 (VS2015)

END.
