#
# There is insufficient memory for the Java Runtime Environment to continue.
# Native memory allocation (mmap) failed to map 37748736 bytes for Failed to commit area from 0x000000008b300000 to 0x000000008d700000 of length 37748736.
# Possible reasons:
#   The system is out of physical RAM or swap space
#   The process is running with CompressedOops enabled, and the Java Heap may be blocking the growth of the native heap
# Possible solutions:
#   Reduce memory load on the system
#   Increase physical memory or swap space
#   Check if swap backing store is full
#   Decrease Java heap size (-Xmx/-Xms)
#   Decrease number of Java threads
#   Decrease Java thread stack sizes (-Xss)
#   Set larger code cache with -XX:ReservedCodeCacheSize=
#   JVM is running with Unscaled Compressed Oops mode in which the Java heap is
#     placed in the first 4GB address space. The Java Heap base address is the
#     maximum limit for the native heap growth. Please use -XX:HeapBaseMinAddress
#     to set the Java Heap base and to place the Java Heap above 4GB virtual address.
# This output file may be truncated or incomplete.
#
#  Out of Memory Error (./src/hotspot/os/windows/os_windows.cpp:3301), pid=1672, tid=4920
#
# JRE version: OpenJDK Runtime Environment (11.0.10) (build 11.0.10+0-b96-7249189)
# Java VM: OpenJDK 64-Bit Server VM (11.0.10+0-b96-7249189, mixed mode, tiered, compressed oops, g1 gc, windows-amd64)
# No core dump will be written. Minidumps are not enabled by default on client versions of Windows
#

---------------  S U M M A R Y ------------

Command Line: --add-opens=java.base/java.util=ALL-UNNAMED --add-opens=java.base/java.lang=ALL-UNNAMED --add-opens=java.base/java.lang.invoke=ALL-UNNAMED --add-opens=java.base/java.util=ALL-UNNAMED --add-opens=java.prefs/java.util.prefs=ALL-UNNAMED --add-opens=java.prefs/java.util.prefs=ALL-UNNAMED --add-opens=java.base/java.nio.charset=ALL-UNNAMED --add-opens=java.base/java.net=ALL-UNNAMED --add-opens=java.base/java.util.concurrent.atomic=ALL-UNNAMED -Xmx2048m -Dfile.encoding=UTF-8 -Duser.country=US -Duser.language=en -Duser.variant org.gradle.launcher.daemon.bootstrap.GradleDaemon 7.0.2

Host: 11th Gen Intel(R) Core(TM) i3-1115G4 @ 3.00GHz, 4 cores, 7G,  Windows 10 , 64 bit Build 19041 (10.0.19041.1889)
Time: Fri Oct 28 08:36:35 2022 SE Asia Standard Time elapsed time: 6.262870 seconds (0d 0h 0m 6s)

---------------  T H R E A D  ---------------

Current thread (0x00000251d2180000):  VMThread "VM Thread" [stack: 0x000000f85c100000,0x000000f85c200000] [id=4920]

Stack: [0x000000f85c100000,0x000000f85c200000]
[error occurred during error reporting (printing stack bounds), id 0xc0000005, EXCEPTION_ACCESS_VIOLATION (0xc0000005) at pc=0x00000251bc0a10e7]

Native frames: (J=compiled Java code, j=interpreted, Vv=VM code, C=native code)
V  [jvm.dll+0x5ecfaa]
V  [jvm.dll+0x722bd5]
V  [jvm.dll+0x72412d]
V  [jvm.dll+0x724745]
V  [jvm.dll+0x7246fb]
V  [jvm.dll+0x5ec348]
V  [jvm.dll+0x5ecad8]
C  [ntdll.dll+0xa241f]
C  [ntdll.dll+0x514a4]
C  [ntdll.dll+0xa0f4e]
C  0x00000251bc0a10e7

VM_Operation (0x000000f85d4f57f0): CollectForMetadataAllocation, mode: safepoint, requested by thread 0x00000251d4e8e800


---------------  P R O C E S S  ---------------

Threads class SMR info:
_java_thread_list=0x00000251d90a0f60, length=43, elements={
0x00000251b85b0800, 0x00000251d2183800, 0x00000251d218d000, 0x00000251d2b13000,
0x00000251d21a2800, 0x00000251d21a3800, 0x00000251d21a5800, 0x00000251d21a6800,
0x00000251d21aa800, 0x00000251d2c5c000, 0x00000251d4e8d800, 0x00000251d2d7a000,
0x00000251d4e8c000, 0x00000251d4e8a000, 0x00000251d4e87800, 0x00000251d4e88800,
0x00000251d4e8c800, 0x00000251d4e8e800, 0x00000251d4e89800, 0x00000251d4e8b000,
0x00000251d4c11000, 0x00000251d4c10000, 0x00000251d4c0e800, 0x00000251d4c0d800,
0x00000251d4c0c000, 0x00000251d4c0b000, 0x00000251d4c12800, 0x00000251d4c11800,
0x00000251d4c0f000, 0x00000251d4c0d000, 0x00000251d4c16800, 0x00000251d4c14000,
0x00000251d4c15000, 0x00000251d4c16000, 0x00000251d4c13800, 0x00000251d4c1a000,
0x00000251d4c19000, 0x00000251d4d98000, 0x00000251d4d98800, 0x00000251d4d99800,
0x00000251d4d9a800, 0x00000251d4d9b000, 0x00000251d4d9c000
}

Java Threads: ( => current thread )
  0x00000251b85b0800 JavaThread "main" [_thread_blocked, id=8496, stack(0x000000f85bb00000,0x000000f85bc00000)]
  0x00000251d2183800 JavaThread "Reference Handler" daemon [_thread_blocked, id=9956, stack(0x000000f85c200000,0x000000f85c300000)]
  0x00000251d218d000 JavaThread "Finalizer" daemon [_thread_blocked, id=3284, stack(0x000000f85c300000,0x000000f85c400000)]
  0x00000251d2b13000 JavaThread "Signal Dispatcher" daemon [_thread_blocked, id=8460, stack(0x000000f85c400000,0x000000f85c500000)]
  0x00000251d21a2800 JavaThread "Attach Listener" daemon [_thread_blocked, id=11664, stack(0x000000f85c500000,0x000000f85c600000)]
  0x00000251d21a3800 JavaThread "Service Thread" daemon [_thread_blocked, id=3696, stack(0x000000f85c600000,0x000000f85c700000)]
  0x00000251d21a5800 JavaThread "C2 CompilerThread0" daemon [_thread_in_native, id=2992, stack(0x000000f85c700000,0x000000f85c800000)]
  0x00000251d21a6800 JavaThread "C1 CompilerThread0" daemon [_thread_blocked, id=8404, stack(0x000000f85c800000,0x000000f85c900000)]
  0x00000251d21aa800 JavaThread "Sweeper thread" daemon [_thread_blocked, id=4424, stack(0x000000f85c900000,0x000000f85ca00000)]
  0x00000251d2c5c000 JavaThread "Common-Cleaner" daemon [_thread_blocked, id=10016, stack(0x000000f85ca00000,0x000000f85cb00000)]
  0x00000251d4e8d800 JavaThread "Daemon health stats" [_thread_blocked, id=3588, stack(0x000000f85ce00000,0x000000f85cf00000)]
  0x00000251d2d7a000 JavaThread "C2 CompilerThread1" daemon [_thread_in_native, id=8804, stack(0x000000f85cc00000,0x000000f85cd00000)]
  0x00000251d4e8c000 JavaThread "Incoming local TCP Connector on port 50032" [_thread_in_native, id=8960, stack(0x000000f85cf00000,0x000000f85d000000)]
  0x00000251d4e8a000 JavaThread "Daemon periodic checks" [_thread_blocked, id=12072, stack(0x000000f85d000000,0x000000f85d100000)]
  0x00000251d4e87800 JavaThread "Daemon" [_thread_blocked, id=7920, stack(0x000000f85d100000,0x000000f85d200000)]
  0x00000251d4e88800 JavaThread "Handler for socket connection from /127.0.0.1:50032 to /127.0.0.1:50033" [_thread_in_native, id=11676, stack(0x000000f85d200000,0x000000f85d300000)]
  0x00000251d4e8c800 JavaThread "Cancel handler" [_thread_blocked, id=1504, stack(0x000000f85d300000,0x000000f85d400000)]
  0x00000251d4e8e800 JavaThread "Daemon worker" [_thread_blocked, id=11492, stack(0x000000f85d400000,0x000000f85d500000)]
  0x00000251d4e89800 JavaThread "Asynchronous log dispatcher for DefaultDaemonConnection: socket connection from /127.0.0.1:50032 to /127.0.0.1:50033" [_thread_blocked, id=4392, stack(0x000000f85d500000,0x000000f85d600000)]
  0x00000251d4e8b000 JavaThread "Stdin handler" [_thread_blocked, id=7512, stack(0x000000f85d600000,0x000000f85d700000)]
  0x00000251d4c11000 JavaThread "Daemon client event forwarder" [_thread_blocked, id=2392, stack(0x000000f85d700000,0x000000f85d800000)]
  0x00000251d4c10000 JavaThread "Cache worker for file hash cache (C:\Users\LABKOM\.gradle\caches\7.0.2\fileHashes)" [_thread_blocked, id=3736, stack(0x000000f85da00000,0x000000f85db00000)]
  0x00000251d4c0e800 JavaThread "File lock request listener" [_thread_in_native, id=10720, stack(0x000000f85db00000,0x000000f85dc00000)]
  0x00000251d4c0d800 JavaThread "Cache worker for journal cache (C:\Users\LABKOM\.gradle\caches\journal-1)" [_thread_blocked, id=12136, stack(0x000000f85dc00000,0x000000f85dd00000)]
  0x00000251d4c0c000 JavaThread "Cache worker for file hash cache (D:\104\.gradle\7.0.2\fileHashes)" [_thread_blocked, id=11968, stack(0x000000f85dd00000,0x000000f85de00000)]
  0x00000251d4c0b000 JavaThread "File watcher server" daemon [_thread_in_native, id=4148, stack(0x000000f85de00000,0x000000f85df00000)]
  0x00000251d4c12800 JavaThread "File watcher consumer" daemon [_thread_blocked, id=7476, stack(0x000000f85df00000,0x000000f85e000000)]
  0x00000251d4c11800 JavaThread "jar transforms" [_thread_blocked, id=9992, stack(0x000000f85e000000,0x000000f85e100000)]
  0x00000251d4c0f000 JavaThread "jar transforms Thread 2" [_thread_blocked, id=2200, stack(0x000000f85e100000,0x000000f85e200000)]
  0x00000251d4c0d000 JavaThread "jar transforms Thread 3" [_thread_blocked, id=5508, stack(0x000000f85e200000,0x000000f85e300000)]
  0x00000251d4c16800 JavaThread "jar transforms Thread 4" [_thread_blocked, id=904, stack(0x000000f85e300000,0x000000f85e400000)]
  0x00000251d4c14000 JavaThread "Cache worker for checksums cache (D:\104\.gradle\checksums)" [_thread_blocked, id=7368, stack(0x000000f85e400000,0x000000f85e500000)]
  0x00000251d4c15000 JavaThread "Cache worker for cache directory md-supplier (C:\Users\LABKOM\.gradle\caches\7.0.2\md-supplier)" [_thread_blocked, id=1964, stack(0x000000f85e500000,0x000000f85e600000)]
  0x00000251d4c16000 JavaThread "Cache worker for cache directory md-rule (C:\Users\LABKOM\.gradle\caches\7.0.2\md-rule)" [_thread_blocked, id=9068, stack(0x000000f85e600000,0x000000f85e700000)]
  0x00000251d4c13800 JavaThread "Cache worker for execution history cache (C:\Users\LABKOM\.gradle\caches\7.0.2\executionHistory)" [_thread_blocked, id=3716, stack(0x000000f85e700000,0x000000f85e800000)]
  0x00000251d4c1a000 JavaThread "Cache worker for file content cache (C:\Users\LABKOM\.gradle\caches\7.0.2\fileContent)" [_thread_blocked, id=1688, stack(0x000000f85e800000,0x000000f85e900000)]
  0x00000251d4c19000 JavaThread "Cache worker for dependencies-accessors (D:\104\.gradle\7.0.2\dependencies-accessors)" [_thread_blocked, id=10424, stack(0x000000f85e900000,0x000000f85ea00000)]
  0x00000251d4d98000 JavaThread "Cache worker for Build Output Cleanup Cache (D:\104\.gradle\buildOutputCleanup)" [_thread_blocked, id=9344, stack(0x000000f85ea00000,0x000000f85eb00000)]
  0x00000251d4d98800 JavaThread "Build operations" [_thread_blocked, id=2492, stack(0x000000f85eb00000,0x000000f85ec00000)]
  0x00000251d4d99800 JavaThread "Build operations Thread 2" [_thread_blocked, id=12160, stack(0x000000f85ec00000,0x000000f85ed00000)]
  0x00000251d4d9a800 JavaThread "Build operations Thread 3" [_thread_blocked, id=6432, stack(0x000000f85ed00000,0x000000f85ee00000)]
  0x00000251d4d9b000 JavaThread "Build operations Thread 4" [_thread_blocked, id=9620, stack(0x000000f85ee00000,0x000000f85ef00000)]
  0x00000251d4d9c000 JavaThread "Memory manager" [_thread_blocked, id=7224, stack(0x000000f85ef00000,0x000000f85f000000)]

Other Threads:
=>0x00000251d2180000 VMThread "VM Thread" [stack: 0x000000f85c100000,0x000000f85c200000] [id=4920]
  0x00000251d2c84800 WatcherThread [stack: 0x000000f85cb00000,0x000000f85cc00000] [id=8432]
  0x00000251b85c8800 GCTaskThread "GC Thread#0" [stack: 0x000000f85bc00000,0x000000f85bd00000] [id=9320]
  0x00000251d345e800 GCTaskThread "GC Thread#1" [stack: 0x000000f85cd00000,0x000000f85ce00000] [id=11736]
  0x00000251d4382000 GCTaskThread "GC Thread#2" [stack: 0x000000f85d800000,0x000000f85d900000] [id=10716]
  0x00000251d5c39000 GCTaskThread "GC Thread#3" [stack: 0x000000f85d900000,0x000000f85da00000] [id=3236]
  0x00000251b85f9000 ConcurrentGCThread "G1 Main Marker" [stack: 0x000000f85bd00000,0x000000f85be00000] [id=1920]
  0x00000251b85fa000 ConcurrentGCThread "G1 Conc#0" [stack: 0x000000f85be00000,0x000000f85bf00000] [id=9532]
  0x00000251b8687800 ConcurrentGCThread "G1 Refine#0" [stack: 0x000000f85bf00000,0x000000f85c000000] [id=3824]
  0x00000251b8688800 ConcurrentGCThread "G1 Young RemSet Sampling" [stack: 0x000000f85c000000,0x000000f85c100000] [id=12196]

Threads with active compile tasks:
C2 CompilerThread0   6268 6660       4       groovyjarjarantlr4.v4.runtime.atn.PredictionContext::join (569 bytes)
C2 CompilerThread1   6268 6638       4       groovyjarjarantlr4.v4.runtime.atn.ParserATNSimulator::closure (784 bytes)

VM state:at safepoint (normal execution)

VM Mutex/Monitor currently owned by a thread:  ([mutex/lock_event])
[0x00000251b85acd00] Threads_lock - owner thread: 0x00000251d2180000
[0x00000251b85aceb0] Heap_lock - owner thread: 0x00000251d4e8e800

Heap address: 0x0000000080000000, size: 2048 MB, Compressed Oops mode: 32-bit
Narrow klass base: 0x0000000000000000, Narrow klass shift: 3
Compressed class space size: 1073741824 Address: 0x0000000100000000

Heap:
 garbage-first heap   total 220160K, used 76800K [0x0000000080000000, 0x0000000100000000)
  region size 1024K, 2 young (2048K), 2 survivors (2048K)
 Metaspace       used 68733K, capacity 70504K, committed 70616K, reserved 1110016K
  class space    used 8811K, capacity 9421K, committed 9472K, reserved 1048576K
Heap Regions: E=young(eden), S=young(survivor), O=old, HS=humongous(starts), HC=humongous(continues), CS=collection set, F=free, A=archive, TAMS=top-at-mark-start (previous, next)
|   0|0x0000000080000000, 0x0000000080100000, 0x0000000080100000|100%| O|  |TAMS 0x0000000080100000, 0x0000000080100000| Untracked 
|   1|0x0000000080100000, 0x0000000080200000, 0x0000000080200000|100%| O|  |TAMS 0x0000000080200000, 0x0000000080200000| Untracked 
|   2|0x0000000080200000, 0x0000000080300000, 0x0000000080300000|100%| O|  |TAMS 0x0000000080300000, 0x0000000080300000| Untracked 
|   3|0x0000000080300000, 0x0000000080400000, 0x0000000080400000|100%|HS|  |TAMS 0x0000000080400000, 0x0000000080400000| Complete 
|   4|0x0000000080400000, 0x0000000080500000, 0x0000000080500000|100%|HC|  |TAMS 0x0000000080500000, 0x0000000080500000| Complete 
|   5|0x0000000080500000, 0x0000000080600000, 0x0000000080600000|100%|HC|  |TAMS 0x0000000080600000, 0x0000000080600000| Complete 
|   6|0x0000000080600000, 0x0000000080700000, 0x0000000080700000|100%| O|  |TAMS 0x0000000080700000, 0x0000000080700000| Untracked 
|   7|0x0000000080700000, 0x0000000080800000, 0x0000000080800000|100%| O|  |TAMS 0x0000000080800000, 0x0000000080800000| Untracked 
|   8|0x0000000080800000, 0x0000000080900000, 0x0000000080900000|100%| O|  |TAMS 0x0000000080900000, 0x0000000080900000| Untracked 
|   9|0x0000000080900000, 0x0000000080a00000, 0x0000000080a00000|100%| O|  |TAMS 0x0000000080a00000, 0x0000000080a00000| Untracked 
|  10|0x0000000080a00000, 0x0000000080b00000, 0x0000000080b00000|100%| O|  |TAMS 0x0000000080b00000, 0x0000000080b00000| Untracked 
|  11|0x0000000080b00000, 0x0000000080c00000, 0x0000000080c00000|100%| O|  |TAMS 0x0000000080c00000, 0x0000000080c00000| Untracked 
|  12|0x0000000080c00000, 0x0000000080d00000, 0x0000000080d00000|100%| O|  |TAMS 0x0000000080d00000, 0x0000000080d00000| Untracked 
|  13|0x0000000080d00000, 0x0000000080e00000, 0x0000000080e00000|100%|HS|  |TAMS 0x0000000080e00000, 0x0000000080e00000| Complete 
|  14|0x0000000080e00000, 0x0000000080f00000, 0x0000000080f00000|100%|HC|  |TAMS 0x0000000080f00000, 0x0000000080f00000| Complete 
|  15|0x0000000080f00000, 0x0000000081000000, 0x0000000081000000|100%|HS|  |TAMS 0x0000000081000000, 0x0000000081000000| Complete 
|  16|0x0000000081000000, 0x0000000081100000, 0x0000000081100000|100%|HC|  |TAMS 0x0000000081100000, 0x0000000081100000| Complete 
|  17|0x0000000081100000, 0x0000000081200000, 0x0000000081200000|100%|HC|  |TAMS 0x0000000081200000, 0x0000000081200000| Complete 
|  18|0x0000000081200000, 0x0000000081300000, 0x0000000081300000|100%| O|  |TAMS 0x0000000081300000, 0x0000000081300000| Untracked 
|  19|0x0000000081300000, 0x0000000081400000, 0x0000000081400000|100%| O|  |TAMS 0x0000000081400000, 0x0000000081400000| Untracked 
|  20|0x0000000081400000, 0x0000000081500000, 0x0000000081500000|100%| O|  |TAMS 0x0000000081500000, 0x0000000081500000| Untracked 
|  21|0x0000000081500000, 0x0000000081600000, 0x0000000081600000|100%| O|  |TAMS 0x0000000081600000, 0x0000000081600000| Untracked 
|  22|0x0000000081600000, 0x0000000081700000, 0x0000000081700000|100%|HS|  |TAMS 0x0000000081700000, 0x0000000081700000| Complete 
|  23|0x0000000081700000, 0x0000000081800000, 0x0000000081800000|100%|HC|  |TAMS 0x0000000081800000, 0x0000000081800000| Complete 
|  24|0x0000000081800000, 0x0000000081900000, 0x0000000081900000|100%|HC|  |TAMS 0x0000000081900000, 0x0000000081900000| Complete 
|  25|0x0000000081900000, 0x0000000081a00000, 0x0000000081a00000|100%|HC|  |TAMS 0x0000000081a00000, 0x0000000081a00000| Complete 
|  26|0x0000000081a00000, 0x0000000081b00000, 0x0000000081b00000|100%|HC|  |TAMS 0x0000000081b00000, 0x0000000081b00000| Complete 
|  27|0x0000000081b00000, 0x0000000081c00000, 0x0000000081c00000|100%|HS|  |TAMS 0x0000000081b00000, 0x0000000081c00000| Complete 
|  28|0x0000000081c00000, 0x0000000081d00000, 0x0000000081d00000|100%|HC|  |TAMS 0x0000000081c00000, 0x0000000081d00000| Complete 
|  29|0x0000000081d00000, 0x0000000081e00000, 0x0000000081e00000|100%|HC|  |TAMS 0x0000000081d00000, 0x0000000081e00000| Complete 
|  30|0x0000000081e00000, 0x0000000081f00000, 0x0000000081f00000|100%| O|  |TAMS 0x0000000081f00000, 0x0000000081f00000| Untracked 
|  31|0x0000000081f00000, 0x0000000082000000, 0x0000000082000000|100%| O|  |TAMS 0x0000000082000000, 0x0000000082000000| Untracked 
|  32|0x0000000082000000, 0x0000000082100000, 0x0000000082100000|100%| O|  |TAMS 0x0000000082081200, 0x0000000082100000| Untracked 
|  33|0x0000000082100000, 0x0000000082200000, 0x0000000082200000|100%|HS|  |TAMS 0x0000000082100000, 0x0000000082200000| Complete 
|  34|0x0000000082200000, 0x0000000082300000, 0x0000000082300000|100%|HC|  |TAMS 0x0000000082200000, 0x0000000082300000| Complete 
|  35|0x0000000082300000, 0x0000000082400000, 0x0000000082400000|100%|HC|  |TAMS 0x0000000082300000, 0x0000000082400000| Complete 
|  36|0x0000000082400000, 0x0000000082500000, 0x0000000082500000|100%|HC|  |TAMS 0x0000000082400000, 0x0000000082500000| Complete 
|  37|0x0000000082500000, 0x0000000082600000, 0x0000000082600000|100%|HC|  |TAMS 0x0000000082500000, 0x0000000082600000| Complete 
|  38|0x0000000082600000, 0x0000000082700000, 0x0000000082700000|100%| O|  |TAMS 0x0000000082600000, 0x0000000082700000| Untracked 
|  39|0x0000000082700000, 0x0000000082800000, 0x0000000082800000|100%| O|  |TAMS 0x0000000082700000, 0x0000000082800000| Untracked 
|  40|0x0000000082800000, 0x0000000082900000, 0x0000000082900000|100%| O|  |TAMS 0x0000000082800000, 0x0000000082900000| Untracked 
|  41|0x0000000082900000, 0x0000000082a00000, 0x0000000082a00000|100%| O|  |TAMS 0x0000000082900000, 0x0000000082a00000| Untracked 
|  42|0x0000000082a00000, 0x0000000082b00000, 0x0000000082b00000|100%| O|  |TAMS 0x0000000082a00000, 0x0000000082b00000| Untracked 
|  43|0x0000000082b00000, 0x0000000082c00000, 0x0000000082c00000|100%| O|  |TAMS 0x0000000082b00000, 0x0000000082c00000| Untracked 
|  44|0x0000000082c00000, 0x0000000082d00000, 0x0000000082d00000|100%| O|  |TAMS 0x0000000082c00000, 0x0000000082d00000| Untracked 
|  45|0x0000000082d00000, 0x0000000082e00000, 0x0000000082e00000|100%| O|  |TAMS 0x0000000082d00000, 0x0000000082e00000| Untracked 
|  46|0x0000000082e00000, 0x0000000082f00000, 0x0000000082f00000|100%| O|  |TAMS 0x0000000082e00000, 0x0000000082f00000| Untracked 
|  47|0x0000000082f00000, 0x0000000083000000, 0x0000000083000000|100%| O|  |TAMS 0x0000000082f00000, 0x0000000083000000| Untracked 
|  48|0x0000000083000000, 0x0000000083100000, 0x0000000083100000|100%| O|  |TAMS 0x0000000083000000, 0x0000000083100000| Untracked 
|  49|0x0000000083100000, 0x0000000083200000, 0x0000000083200000|100%| O|  |TAMS 0x0000000083100000, 0x0000000083200000| Untracked 
|  50|0x0000000083200000, 0x0000000083300000, 0x0000000083300000|100%| O|  |TAMS 0x0000000083200000, 0x0000000083300000| Untracked 
|  51|0x0000000083300000, 0x0000000083400000, 0x0000000083400000|100%| O|  |TAMS 0x0000000083300000, 0x0000000083400000| Untracked 
|  52|0x0000000083400000, 0x0000000083500000, 0x0000000083500000|100%|HS|  |TAMS 0x0000000083400000, 0x0000000083500000| Complete 
|  53|0x0000000083500000, 0x0000000083600000, 0x0000000083600000|100%|HS|  |TAMS 0x0000000083500000, 0x0000000083600000| Complete 
|  54|0x0000000083600000, 0x0000000083700000, 0x0000000083700000|100%|HS|  |TAMS 0x0000000083600000, 0x0000000083700000| Complete 
|  55|0x0000000083700000, 0x0000000083800000, 0x0000000083800000|100%|HC|  |TAMS 0x0000000083700000, 0x0000000083800000| Complete 
|  56|0x0000000083800000, 0x0000000083900000, 0x0000000083900000|100%| O|  |TAMS 0x0000000083800000, 0x0000000083900000| Untracked 
|  57|0x0000000083900000, 0x0000000083a00000, 0x0000000083a00000|100%| O|  |TAMS 0x0000000083900000, 0x0000000083a00000| Untracked 
|  58|0x0000000083a00000, 0x0000000083b00000, 0x0000000083b00000|100%| O|  |TAMS 0x0000000083a00000, 0x0000000083b00000| Untracked 
|  59|0x0000000083b00000, 0x0000000083c00000, 0x0000000083c00000|100%| O|  |TAMS 0x0000000083b00000, 0x0000000083c00000| Untracked 
|  60|0x0000000083c00000, 0x0000000083d00000, 0x0000000083d00000|100%| O|  |TAMS 0x0000000083c00000, 0x0000000083d00000| Untracked 
|  61|0x0000000083d00000, 0x0000000083e00000, 0x0000000083e00000|100%| O|  |TAMS 0x0000000083d00000, 0x0000000083e00000| Untracked 
|  62|0x0000000083e00000, 0x0000000083f00000, 0x0000000083f00000|100%| O|  |TAMS 0x0000000083e00000, 0x0000000083f00000| Untracked 
|  63|0x0000000083f00000, 0x0000000084000000, 0x0000000084000000|100%| O|  |TAMS 0x0000000083f00000, 0x0000000084000000| Untracked 
|  64|0x0000000084000000, 0x0000000084100000, 0x0000000084100000|100%| O|  |TAMS 0x0000000084000000, 0x0000000084100000| Untracked 
|  65|0x0000000084100000, 0x0000000084200000, 0x0000000084200000|100%| O|  |TAMS 0x0000000084100000, 0x0000000084200000| Untracked 
|  66|0x0000000084200000, 0x0000000084300000, 0x0000000084300000|100%| O|  |TAMS 0x0000000084200000, 0x0000000084300000| Untracked 
|  67|0x0000000084300000, 0x0000000084400000, 0x0000000084400000|100%| O|  |TAMS 0x0000000084300000, 0x0000000084400000| Untracked 
|  68|0x0000000084400000, 0x0000000084500000, 0x0000000084500000|100%| O|  |TAMS 0x0000000084400000, 0x0000000084500000| Untracked 
|  69|0x0000000084500000, 0x0000000084600000, 0x0000000084600000|100%| O|  |TAMS 0x0000000084500000, 0x0000000084600000| Untracked 
|  70|0x0000000084600000, 0x0000000084700000, 0x0000000084700000|100%| O|  |TAMS 0x0000000084600000, 0x0000000084700000| Untracked 
|  71|0x0000000084700000, 0x0000000084800000, 0x0000000084800000|100%| O|  |TAMS 0x0000000084700000, 0x0000000084800000| Untracked 
|  72|0x0000000084800000, 0x0000000084900000, 0x0000000084900000|100%| O|  |TAMS 0x0000000084800000, 0x0000000084900000| Untracked 
|  73|0x0000000084900000, 0x0000000084900000, 0x0000000084a00000|  0%| F|  |TAMS 0x0000000084900000, 0x0000000084900000| Untracked 
|  74|0x0000000084a00000, 0x0000000084a00000, 0x0000000084b00000|  0%| F|  |TAMS 0x0000000084a00000, 0x0000000084a00000| Untracked 
|  75|0x0000000084b00000, 0x0000000084b00000, 0x0000000084c00000|  0%| F|  |TAMS 0x0000000084b00000, 0x0000000084b00000| Untracked 
|  76|0x0000000084c00000, 0x0000000084c00000, 0x0000000084d00000|  0%| F|  |TAMS 0x0000000084c00000, 0x0000000084c00000| Untracked 
|  77|0x0000000084d00000, 0x0000000084d00000, 0x0000000084e00000|  0%| F|  |TAMS 0x0000000084d00000, 0x0000000084d00000| Untracked 
|  78|0x0000000084e00000, 0x0000000084e00000, 0x0000000084f00000|  0%| F|  |TAMS 0x0000000084e00000, 0x0000000084e00000| Untracked 
|  79|0x0000000084f00000, 0x0000000084f00000, 0x0000000085000000|  0%| F|  |TAMS 0x0000000084f00000, 0x0000000084f00000| Untracked 
|  80|0x0000000085000000, 0x0000000085000000, 0x0000000085100000|  0%| F|  |TAMS 0x0000000085000000, 0x0000000085000000| Untracked 
|  81|0x0000000085100000, 0x0000000085100000, 0x0000000085200000|  0%| F|  |TAMS 0x0000000085100000, 0x0000000085100000| Untracked 
|  82|0x0000000085200000, 0x0000000085200000, 0x0000000085300000|  0%| F|  |TAMS 0x0000000085200000, 0x0000000085200000| Untracked 
|  83|0x0000000085300000, 0x0000000085300000, 0x0000000085400000|  0%| F|  |TAMS 0x0000000085300000, 0x0000000085300000| Untracked 
|  84|0x0000000085400000, 0x0000000085400000, 0x0000000085500000|  0%| F|  |TAMS 0x0000000085400000, 0x0000000085400000| Untracked 
|  85|0x0000000085500000, 0x0000000085500000, 0x0000000085600000|  0%| F|  |TAMS 0x0000000085500000, 0x0000000085500000| Untracked 
|  86|0x0000000085600000, 0x0000000085600000, 0x0000000085700000|  0%| F|  |TAMS 0x0000000085600000, 0x0000000085600000| Untracked 
|  87|0x0000000085700000, 0x0000000085700000, 0x0000000085800000|  0%| F|  |TAMS 0x0000000085700000, 0x0000000085700000| Untracked 
|  88|0x0000000085800000, 0x0000000085800000, 0x0000000085900000|  0%| F|  |TAMS 0x0000000085800000, 0x0000000085800000| Untracked 
|  89|0x0000000085900000, 0x0000000085900000, 0x0000000085a00000|  0%| F|  |TAMS 0x0000000085900000, 0x0000000085900000| Untracked 
|  90|0x0000000085a00000, 0x0000000085a00000, 0x0000000085b00000|  0%| F|  |TAMS 0x0000000085a00000, 0x0000000085a00000| Untracked 
|  91|0x0000000085b00000, 0x0000000085b00000, 0x0000000085c00000|  0%| F|  |TAMS 0x0000000085b00000, 0x0000000085b00000| Untracked 
|  92|0x0000000085c00000, 0x0000000085c00000, 0x0000000085d00000|  0%| F|  |TAMS 0x0000000085c00000, 0x0000000085c00000| Untracked 
|  93|0x0000000085d00000, 0x0000000085d00000, 0x0000000085e00000|  0%| F|  |TAMS 0x0000000085d00000, 0x0000000085d00000| Untracked 
|  94|0x0000000085e00000, 0x0000000085e00000, 0x0000000085f00000|  0%| F|  |TAMS 0x0000000085e00000, 0x0000000085e00000| Untracked 
|  95|0x0000000085f00000, 0x0000000085f00000, 0x0000000086000000|  0%| F|  |TAMS 0x0000000085f00000, 0x0000000085f00000| Untracked 
|  96|0x0000000086000000, 0x0000000086000000, 0x0000000086100000|  0%| F|  |TAMS 0x0000000086000000, 0x0000000086000000| Untracked 
|  97|0x0000000086100000, 0x0000000086100000, 0x0000000086200000|  0%| F|  |TAMS 0x0000000086100000, 0x0000000086100000| Untracked 
|  98|0x0000000086200000, 0x0000000086200000, 0x0000000086300000|  0%| F|  |TAMS 0x0000000086200000, 0x0000000086200000| Untracked 
|  99|0x0000000086300000, 0x0000000086300000, 0x0000000086400000|  0%| F|  |TAMS 0x0000000086300000, 0x0000000086300000| Untracked 
| 100|0x0000000086400000, 0x0000000086400000, 0x0000000086500000|  0%| F|  |TAMS 0x0000000086400000, 0x0000000086400000| Untracked 
| 101|0x0000000086500000, 0x0000000086500000, 0x0000000086600000|  0%| F|  |TAMS 0x0000000086500000, 0x0000000086500000| Untracked 
| 102|0x0000000086600000, 0x0000000086600000, 0x0000000086700000|  0%| F|  |TAMS 0x0000000086600000, 0x0000000086600000| Untracked 
| 103|0x0000000086700000, 0x0000000086700000, 0x0000000086800000|  0%| F|  |TAMS 0x0000000086700000, 0x0000000086700000| Untracked 
| 104|0x0000000086800000, 0x0000000086800000, 0x0000000086900000|  0%| F|  |TAMS 0x0000000086800000, 0x0000000086800000| Untracked 
| 105|0x0000000086900000, 0x0000000086900000, 0x0000000086a00000|  0%| F|  |TAMS 0x0000000086900000, 0x0000000086900000| Untracked 
| 106|0x0000000086a00000, 0x0000000086a00000, 0x0000000086b00000|  0%| F|  |TAMS 0x0000000086a00000, 0x0000000086a00000| Untracked 
| 107|0x0000000086b00000, 0x0000000086b00000, 0x0000000086c00000|  0%| F|  |TAMS 0x0000000086b00000, 0x0000000086b00000| Untracked 
| 108|0x0000000086c00000, 0x0000000086c00000, 0x0000000086d00000|  0%| F|  |TAMS 0x0000000086c00000, 0x0000000086c00000| Untracked 
| 109|0x0000000086d00000, 0x0000000086d00000, 0x0000000086e00000|  0%| F|  |TAMS 0x0000000086d00000, 0x0000000086d00000| Untracked 
| 110|0x0000000086e00000, 0x0000000086e00000, 0x0000000086f00000|  0%| F|  |TAMS 0x0000000086e00000, 0x0000000086e00000| Untracked 
| 111|0x0000000086f00000, 0x0000000086f00000, 0x0000000087000000|  0%| F|  |TAMS 0x0000000086f00000, 0x0000000086f00000| Untracked 
| 112|0x0000000087000000, 0x0000000087000000, 0x0000000087100000|  0%| F|  |TAMS 0x0000000087000000, 0x0000000087000000| Untracked 
| 113|0x0000000087100000, 0x0000000087100000, 0x0000000087200000|  0%| F|  |TAMS 0x0000000087100000, 0x0000000087100000| Untracked 
| 114|0x0000000087200000, 0x0000000087200000, 0x0000000087300000|  0%| F|  |TAMS 0x0000000087200000, 0x0000000087200000| Untracked 
| 115|0x0000000087300000, 0x0000000087300000, 0x0000000087400000|  0%| F|  |TAMS 0x0000000087300000, 0x0000000087300000| Untracked 
| 116|0x0000000087400000, 0x0000000087400000, 0x0000000087500000|  0%| F|  |TAMS 0x0000000087400000, 0x0000000087400000| Untracked 
| 117|0x0000000087500000, 0x0000000087500000, 0x0000000087600000|  0%| F|  |TAMS 0x0000000087500000, 0x0000000087500000| Untracked 
| 118|0x0000000087600000, 0x0000000087600000, 0x0000000087700000|  0%| F|  |TAMS 0x0000000087600000, 0x0000000087600000| Untracked 
| 119|0x0000000087700000, 0x0000000087700000, 0x0000000087800000|  0%| F|  |TAMS 0x0000000087700000, 0x0000000087700000| Untracked 
| 120|0x0000000087800000, 0x0000000087800000, 0x0000000087900000|  0%| F|  |TAMS 0x0000000087800000, 0x0000000087800000| Untracked 
| 121|0x0000000087900000, 0x0000000087900000, 0x0000000087a00000|  0%| F|  |TAMS 0x0000000087900000, 0x0000000087900000| Untracked 
| 122|0x0000000087a00000, 0x0000000087a00000, 0x0000000087b00000|  0%| F|  |TAMS 0x0000000087a00000, 0x0000000087a00000| Untracked 
| 123|0x0000000087b00000, 0x0000000087b00000, 0x0000000087c00000|  0%| F|  |TAMS 0x0000000087b00000, 0x0000000087b00000| Untracked 
| 124|0x0000000087c00000, 0x0000000087c00000, 0x0000000087d00000|  0%| F|  |TAMS 0x0000000087c00000, 0x0000000087c00000| Untracked 
| 125|0x0000000087d00000, 0x0000000087d00000, 0x0000000087e00000|  0%| F|  |TAMS 0x0000000087d00000, 0x0000000087d00000| Untracked 
| 126|0x0000000087e00000, 0x0000000087e00000, 0x0000000087f00000|  0%| F|  |TAMS 0x0000000087e00000, 0x0000000087e00000| Untracked 
| 127|0x0000000087f00000, 0x0000000087f00000, 0x0000000088000000|  0%| F|  |TAMS 0x0000000087f00000, 0x0000000087f00000| Untracked 
| 128|0x0000000088000000, 0x0000000088000000, 0x0000000088100000|  0%| F|  |TAMS 0x0000000088000000, 0x0000000088000000| Untracked 
| 129|0x0000000088100000, 0x0000000088100000, 0x0000000088200000|  0%| F|  |TAMS 0x0000000088100000, 0x0000000088100000| Untracked 
| 130|0x0000000088200000, 0x0000000088200000, 0x0000000088300000|  0%| F|  |TAMS 0x0000000088200000, 0x0000000088200000| Untracked 
| 131|0x0000000088300000, 0x0000000088300000, 0x0000000088400000|  0%| F|  |TAMS 0x0000000088300000, 0x0000000088300000| Untracked 
| 132|0x0000000088400000, 0x0000000088400000, 0x0000000088500000|  0%| F|  |TAMS 0x0000000088400000, 0x0000000088400000| Untracked 
| 133|0x0000000088500000, 0x0000000088500000, 0x0000000088600000|  0%| F|  |TAMS 0x0000000088500000, 0x0000000088500000| Untracked 
| 134|0x0000000088600000, 0x0000000088600000, 0x0000000088700000|  0%| F|  |TAMS 0x0000000088600000, 0x0000000088600000| Untracked 
| 135|0x0000000088700000, 0x0000000088700000, 0x0000000088800000|  0%| F|  |TAMS 0x0000000088700000, 0x0000000088700000| Untracked 
| 136|0x0000000088800000, 0x0000000088800000, 0x0000000088900000|  0%| F|  |TAMS 0x0000000088800000, 0x0000000088800000| Untracked 
| 137|0x0000000088900000, 0x0000000088900000, 0x0000000088a00000|  0%| F|  |TAMS 0x0000000088900000, 0x0000000088900000| Untracked 
| 138|0x0000000088a00000, 0x0000000088a00000, 0x0000000088b00000|  0%| F|  |TAMS 0x0000000088a00000, 0x0000000088a00000| Untracked 
| 139|0x0000000088b00000, 0x0000000088b00000, 0x0000000088c00000|  0%| F|  |TAMS 0x0000000088b00000, 0x0000000088b00000| Untracked 
| 140|0x0000000088c00000, 0x0000000088c00000, 0x0000000088d00000|  0%| F|  |TAMS 0x0000000088c00000, 0x0000000088c00000| Untracked 
| 141|0x0000000088d00000, 0x0000000088d00000, 0x0000000088e00000|  0%| F|  |TAMS 0x0000000088d00000, 0x0000000088d00000| Untracked 
| 142|0x0000000088e00000, 0x0000000088e00000, 0x0000000088f00000|  0%| F|  |TAMS 0x0000000088e00000, 0x0000000088e00000| Untracked 
| 143|0x0000000088f00000, 0x0000000088f00000, 0x0000000089000000|  0%| F|  |TAMS 0x0000000088f00000, 0x0000000088f00000| Untracked 
| 144|0x0000000089000000, 0x0000000089000000, 0x0000000089100000|  0%| F|  |TAMS 0x0000000089000000, 0x0000000089000000| Untracked 
| 145|0x0000000089100000, 0x0000000089100000, 0x0000000089200000|  0%| F|  |TAMS 0x0000000089100000, 0x0000000089100000| Untracked 
| 146|0x0000000089200000, 0x0000000089200000, 0x0000000089300000|  0%| F|  |TAMS 0x0000000089200000, 0x0000000089200000| Untracked 
| 147|0x0000000089300000, 0x0000000089300000, 0x0000000089400000|  0%| F|  |TAMS 0x0000000089300000, 0x0000000089300000| Untracked 
| 148|0x0000000089400000, 0x0000000089400000, 0x0000000089500000|  0%| F|  |TAMS 0x0000000089400000, 0x0000000089400000| Untracked 
| 149|0x0000000089500000, 0x0000000089600000, 0x0000000089600000|100%| S|CS|TAMS 0x0000000089500000, 0x0000000089500000| Complete 
| 150|0x0000000089600000, 0x0000000089700000, 0x0000000089700000|100%| S|CS|TAMS 0x0000000089600000, 0x0000000089600000| Complete 
| 151|0x0000000089700000, 0x0000000089700000, 0x0000000089800000|  0%| F|  |TAMS 0x0000000089700000, 0x0000000089700000| Untracked 
| 152|0x0000000089800000, 0x0000000089800000, 0x0000000089900000|  0%| F|  |TAMS 0x0000000089800000, 0x0000000089800000| Untracked 
| 153|0x0000000089900000, 0x0000000089900000, 0x0000000089a00000|  0%| F|  |TAMS 0x0000000089900000, 0x0000000089900000| Untracked 
| 154|0x0000000089a00000, 0x0000000089a00000, 0x0000000089b00000|  0%| F|  |TAMS 0x0000000089a00000, 0x0000000089a00000| Untracked 
| 155|0x0000000089b00000, 0x0000000089b00000, 0x0000000089c00000|  0%| F|  |TAMS 0x0000000089b00000, 0x0000000089b00000| Untracked 
| 156|0x0000000089c00000, 0x0000000089c00000, 0x0000000089d00000|  0%| F|  |TAMS 0x0000000089c00000, 0x0000000089c00000| Untracked 
| 157|0x0000000089d00000, 0x0000000089d00000, 0x0000000089e00000|  0%| F|  |TAMS 0x0000000089d00000, 0x0000000089d00000| Untracked 
| 158|0x0000000089e00000, 0x0000000089e00000, 0x0000000089f00000|  0%| F|  |TAMS 0x0000000089e00000, 0x0000000089e00000| Untracked 
| 159|0x0000000089f00000, 0x0000000089f00000, 0x000000008a000000|  0%| F|  |TAMS 0x0000000089f00000, 0x0000000089f00000| Untracked 
| 160|0x000000008a000000, 0x000000008a000000, 0x000000008a100000|  0%| F|  |TAMS 0x000000008a000000, 0x000000008a000000| Untracked 
| 161|0x000000008a100000, 0x000000008a100000, 0x000000008a200000|  0%| F|  |TAMS 0x000000008a100000, 0x000000008a100000| Untracked 
| 162|0x000000008a200000, 0x000000008a200000, 0x000000008a300000|  0%| F|  |TAMS 0x000000008a200000, 0x000000008a200000| Untracked 
| 163|0x000000008a300000, 0x000000008a300000, 0x000000008a400000|  0%| F|  |TAMS 0x000000008a300000, 0x000000008a300000| Untracked 
| 164|0x000000008a400000, 0x000000008a400000, 0x000000008a500000|  0%| F|  |TAMS 0x000000008a400000, 0x000000008a400000| Untracked 
| 165|0x000000008a500000, 0x000000008a500000, 0x000000008a600000|  0%| F|  |TAMS 0x000000008a500000, 0x000000008a500000| Untracked 
| 166|0x000000008a600000, 0x000000008a600000, 0x000000008a700000|  0%| F|  |TAMS 0x000000008a600000, 0x000000008a600000| Untracked 
| 167|0x000000008a700000, 0x000000008a700000, 0x000000008a800000|  0%| F|  |TAMS 0x000000008a700000, 0x000000008a700000| Untracked 
| 168|0x000000008a800000, 0x000000008a800000, 0x000000008a900000|  0%| F|  |TAMS 0x000000008a800000, 0x000000008a800000| Untracked 
| 169|0x000000008a900000, 0x000000008a900000, 0x000000008aa00000|  0%| F|  |TAMS 0x000000008a900000, 0x000000008a900000| Untracked 
| 170|0x000000008aa00000, 0x000000008aa00000, 0x000000008ab00000|  0%| F|  |TAMS 0x000000008aa00000, 0x000000008aa00000| Untracked 
| 171|0x000000008ab00000, 0x000000008ab00000, 0x000000008ac00000|  0%| F|  |TAMS 0x000000008ab00000, 0x000000008ab00000| Untracked 
| 172|0x000000008ac00000, 0x000000008ac00000, 0x000000008ad00000|  0%| F|  |TAMS 0x000000008ac00000, 0x000000008ac00000| Untracked 
| 173|0x000000008ad00000, 0x000000008ad00000, 0x000000008ae00000|  0%| F|  |TAMS 0x000000008ad00000, 0x000000008ad00000| Untracked 
| 174|0x000000008ae00000, 0x000000008ae00000, 0x000000008af00000|  0%| F|  |TAMS 0x000000008ae00000, 0x000000008ae00000| Untracked 
| 175|0x000000008af00000, 0x000000008af00000, 0x000000008b000000|  0%| F|  |TAMS 0x000000008af00000, 0x000000008af00000| Untracked 
| 176|0x000000008b000000, 0x000000008b000000, 0x000000008b100000|  0%| F|  |TAMS 0x000000008b000000, 0x000000008b000000| Untracked 
| 177|0x000000008b100000, 0x000000008b100000, 0x000000008b200000|  0%| F|  |TAMS 0x000000008b100000, 0x000000008b100000| Untracked 
| 178|0x000000008b200000, 0x000000008b200000, 0x000000008b300000|  0%| F|  |TAMS 0x000000008b200000, 0x000000008b200000| Untracked 

Card table byte_map: [0x00000251cb4a0000,0x00000251cb8a0000] _byte_map_base: 0x00000251cb0a0000

Marking Bits (Prev, Next): (CMBitMap*) 0x00000251b85f01f0, (CMBitMap*) 0x00000251b85f01b8
 Prev Bits: [0x00000251cdca0000, 0x00000251cfca0000)
 Next Bits: [0x00000251cbca0000, 0x00000251cdca0000)

Polling page: 0x00000251b6430000

Metaspace:

Usage:
  Non-class:     59.65 MB capacity,    58.52 MB ( 98%) used,   987.90 KB (  2%) free+waste,   173.06 KB ( <1%) overhead. 
      Class:      9.20 MB capacity,     8.60 MB ( 94%) used,   528.11 KB (  6%) free+waste,    81.69 KB ( <1%) overhead. 
       Both:     68.85 MB capacity,    67.12 MB ( 97%) used,     1.48 MB (  2%) free+waste,   254.75 KB ( <1%) overhead. 

Virtual space:
  Non-class space:       60.00 MB reserved,      59.71 MB (>99%) committed 
      Class space:        1.00 GB reserved,       9.25 MB ( <1%) committed 
             Both:        1.06 GB reserved,      68.96 MB (  6%) committed 

Chunk freelists:
   Non-Class:  37.00 KB
       Class:  19.00 KB
        Both:  56.00 KB

MaxMetaspaceSize: 17179869184.00 GB
CompressedClassSpaceSize: 1.00 GB

CodeHeap 'non-profiled nmethods': size=120064Kb used=3634Kb max_used=3634Kb free=116429Kb
 bounds [0x00000251c3b60000, 0x00000251c3ef0000, 0x00000251cb0a0000]
CodeHeap 'profiled nmethods': size=120000Kb used=13767Kb max_used=13767Kb free=106232Kb
 bounds [0x00000251bc630000, 0x00000251bd3b0000, 0x00000251c3b60000]
CodeHeap 'non-nmethods': size=5696Kb used=2279Kb max_used=2334Kb free=3417Kb
 bounds [0x00000251bc0a0000, 0x00000251bc310000, 0x00000251bc630000]
 total_blobs=7620 nmethods=6757 adapters=774
 compilation: enabled
              stopped_count=0, restarted_count=0
 full_count=0

Compilation events (20 events):
Event: 6.246 Thread 0x00000251d21a6800 6818       1       java.util.stream.IntPipeline$StatelessOp::opIsStateful (2 bytes)
Event: 6.246 Thread 0x00000251d21a6800 nmethod 6818 0x00000251c3eebf90 code [0x00000251c3eec140, 0x00000251c3eec1f8]
Event: 6.247 Thread 0x00000251d21a6800 6819       1       groovyjarjarantlr4.v4.runtime.ParserRuleContext::getStart (5 bytes)
Event: 6.247 Thread 0x00000251d21a6800 nmethod 6819 0x00000251c3eec290 code [0x00000251c3eec440, 0x00000251c3eec4f8]
Event: 6.247 Thread 0x00000251d21a6800 6820       1       groovyjarjarantlr4.v4.runtime.ParserRuleContext::getStop (5 bytes)
Event: 6.247 Thread 0x00000251d21a6800 nmethod 6820 0x00000251c3eec590 code [0x00000251c3eec740, 0x00000251c3eec7f8]
Event: 6.247 Thread 0x00000251d21a6800 6821       2       org.codehaus.groovy.ast.ASTNode::<init> (25 bytes)
Event: 6.247 Thread 0x00000251d21a6800 nmethod 6821 0x00000251bd39f910 code [0x00000251bd39fac0, 0x00000251bd39fbd8]
Event: 6.247 Thread 0x00000251d21a6800 6823       2       groovyjarjarantlr4.v4.runtime.ParserRuleContext::getChild (93 bytes)
Event: 6.247 Thread 0x00000251d21a6800 nmethod 6823 0x00000251bd39fc90 code [0x00000251bd39fec0, 0x00000251bd3a0338]
Event: 6.247 Thread 0x00000251d21a6800 6825       2       java.lang.String::codePointAt (50 bytes)
Event: 6.247 Thread 0x00000251d21a6800 nmethod 6825 0x00000251bd3a0590 code [0x00000251bd3a0760, 0x00000251bd3a0948]
Event: 6.247 Thread 0x00000251d21a6800 6822       2       groovyjarjarantlr4.v4.runtime.ParserRuleContext::getRuleContext (10 bytes)
Event: 6.248 Thread 0x00000251d21a6800 nmethod 6822 0x00000251bd3a0a90 code [0x00000251bd3a0c40, 0x00000251bd3a0d88]
Event: 6.248 Thread 0x00000251d21a6800 6826       2       java.lang.StringLatin1$CharsSpliterator::forEachRemaining (72 bytes)
Event: 6.248 Thread 0x00000251d21a6800 nmethod 6826 0x00000251bd3a0e90 code [0x00000251bd3a1060, 0x00000251bd3a1338]
Event: 6.248 Thread 0x00000251d21a6800 6824       2       org.codehaus.groovy.runtime.DefaultGroovyMethods::asBoolean (10 bytes)
Event: 6.248 Thread 0x00000251d21a6800 nmethod 6824 0x00000251bd3a1490 code [0x00000251bd3a1640, 0x00000251bd3a1738]
Event: 6.248 Thread 0x00000251d21a6800 6827       2       groovy.lang.Tuple::<init> (22 bytes)
Event: 6.248 Thread 0x00000251d21a6800 nmethod 6827 0x00000251bd3a1810 code [0x00000251bd3a19e0, 0x00000251bd3a1be8]

GC Heap History (20 events):
Event: 0.842 GC heap after
{Heap after GC invocations=3 (full 0):
 garbage-first heap   total 126976K, used 13155K [0x0000000080000000, 0x0000000100000000)
  region size 1024K, 4 young (4096K), 4 survivors (4096K)
 Metaspace       used 10792K, capacity 11067K, committed 11264K, reserved 1058816K
  class space    used 1125K, capacity 1206K, committed 1280K, reserved 1048576K
}
Event: 1.636 GC heap before
{Heap before GC invocations=3 (full 0):
 garbage-first heap   total 126976K, used 61283K [0x0000000080000000, 0x0000000100000000)
  region size 1024K, 51 young (52224K), 4 survivors (4096K)
 Metaspace       used 18922K, capacity 19288K, committed 19328K, reserved 1067008K
  class space    used 2279K, capacity 2414K, committed 2432K, reserved 1048576K
}
Event: 1.641 GC heap after
{Heap after GC invocations=4 (full 0):
 garbage-first heap   total 126976K, used 16335K [0x0000000080000000, 0x0000000100000000)
  region size 1024K, 7 young (7168K), 7 survivors (7168K)
 Metaspace       used 18922K, capacity 19288K, committed 19328K, reserved 1067008K
  class space    used 2279K, capacity 2414K, committed 2432K, reserved 1048576K
}
Event: 1.730 GC heap before
{Heap before GC invocations=4 (full 0):
 garbage-first heap   total 126976K, used 29647K [0x0000000080000000, 0x0000000100000000)
  region size 1024K, 21 young (21504K), 7 survivors (7168K)
 Metaspace       used 20578K, capacity 21117K, committed 21248K, reserved 1067008K
  class space    used 2512K, capacity 2731K, committed 2816K, reserved 1048576K
}
Event: 1.735 GC heap after
{Heap after GC invocations=5 (full 0):
 garbage-first heap   total 152576K, used 17382K [0x0000000080000000, 0x0000000100000000)
  region size 1024K, 5 young (5120K), 5 survivors (5120K)
 Metaspace       used 20578K, capacity 21117K, committed 21248K, reserved 1067008K
  class space    used 2512K, capacity 2731K, committed 2816K, reserved 1048576K
}
Event: 2.160 GC heap before
{Heap before GC invocations=6 (full 0):
 garbage-first heap   total 152576K, used 75750K [0x0000000080000000, 0x0000000100000000)
  region size 1024K, 57 young (58368K), 5 survivors (5120K)
 Metaspace       used 26017K, capacity 26677K, committed 26752K, reserved 1073152K
  class space    used 3412K, capacity 3649K, committed 3712K, reserved 1048576K
}
Event: 2.167 GC heap after
{Heap after GC invocations=7 (full 0):
 garbage-first heap   total 152576K, used 25566K [0x0000000080000000, 0x0000000100000000)
  region size 1024K, 4 young (4096K), 4 survivors (4096K)
 Metaspace       used 26017K, capacity 26677K, committed 26752K, reserved 1073152K
  class space    used 3412K, capacity 3649K, committed 3712K, reserved 1048576K
}
Event: 2.845 GC heap before
{Heap before GC invocations=7 (full 0):
 garbage-first heap   total 152576K, used 94174K [0x0000000080000000, 0x0000000100000000)
  region size 1024K, 67 young (68608K), 4 survivors (4096K)
 Metaspace       used 34837K, capacity 35727K, committed 35840K, reserved 1081344K
  class space    used 4559K, capacity 4899K, committed 4992K, reserved 1048576K
}
Event: 2.855 GC heap after
{Heap after GC invocations=8 (full 0):
 garbage-first heap   total 152576K, used 35217K [0x0000000080000000, 0x0000000100000000)
  region size 1024K, 9 young (9216K), 9 survivors (9216K)
 Metaspace       used 34837K, capacity 35727K, committed 35840K, reserved 1081344K
  class space    used 4559K, capacity 4899K, committed 4992K, reserved 1048576K
}
Event: 3.367 GC heap before
{Heap before GC invocations=9 (full 0):
 garbage-first heap   total 152576K, used 100753K [0x0000000080000000, 0x0000000100000000)
  region size 1024K, 70 young (71680K), 9 survivors (9216K)
 Metaspace       used 40966K, capacity 42001K, committed 42368K, reserved 1085440K
  class space    used 5266K, capacity 5647K, committed 5760K, reserved 1048576K
}
Event: 3.377 GC heap after
{Heap after GC invocations=10 (full 0):
 garbage-first heap   total 152576K, used 39142K [0x0000000080000000, 0x0000000100000000)
  region size 1024K, 9 young (9216K), 9 survivors (9216K)
 Metaspace       used 40966K, capacity 42001K, committed 42368K, reserved 1085440K
  class space    used 5266K, capacity 5647K, committed 5760K, reserved 1048576K
}
Event: 3.906 GC heap before
{Heap before GC invocations=11 (full 0):
 garbage-first heap   total 152576K, used 111846K [0x0000000080000000, 0x0000000100000000)
  region size 1024K, 72 young (73728K), 9 survivors (9216K)
 Metaspace       used 45153K, capacity 46288K, committed 46336K, reserved 1089536K
  class space    used 5711K, capacity 6128K, committed 6144K, reserved 1048576K
}
Event: 3.916 GC heap after
{Heap after GC invocations=12 (full 0):
 garbage-first heap   total 183296K, used 53177K [0x0000000080000000, 0x0000000100000000)
  region size 1024K, 9 young (9216K), 9 survivors (9216K)
 Metaspace       used 45153K, capacity 46288K, committed 46336K, reserved 1089536K
  class space    used 5711K, capacity 6128K, committed 6144K, reserved 1048576K
}
Event: 4.629 GC heap before
{Heap before GC invocations=12 (full 0):
 garbage-first heap   total 183296K, used 127929K [0x0000000080000000, 0x0000000100000000)
  region size 1024K, 82 young (83968K), 9 survivors (9216K)
 Metaspace       used 49526K, capacity 50921K, committed 51200K, reserved 1093632K
  class space    used 6333K, capacity 6810K, committed 6912K, reserved 1048576K
}
Event: 4.641 GC heap after
{Heap after GC invocations=13 (full 0):
 garbage-first heap   total 183296K, used 57344K [0x0000000080000000, 0x0000000100000000)
  region size 1024K, 4 young (4096K), 4 survivors (4096K)
 Metaspace       used 49526K, capacity 50921K, committed 51200K, reserved 1093632K
  class space    used 6333K, capacity 6810K, committed 6912K, reserved 1048576K
}
Event: 5.328 GC heap before
{Heap before GC invocations=13 (full 0):
 garbage-first heap   total 183296K, used 135168K [0x0000000080000000, 0x0000000100000000)
  region size 1024K, 77 young (78848K), 4 survivors (4096K)
 Metaspace       used 58874K, capacity 60485K, committed 60800K, reserved 1101824K
  class space    used 7444K, capacity 7989K, committed 8064K, reserved 1048576K
}
Event: 5.338 GC heap after
{Heap after GC invocations=14 (full 0):
 garbage-first heap   total 183296K, used 69292K [0x0000000080000000, 0x0000000100000000)
  region size 1024K, 10 young (10240K), 10 survivors (10240K)
 Metaspace       used 58874K, capacity 60485K, committed 60800K, reserved 1101824K
  class space    used 7444K, capacity 7989K, committed 8064K, reserved 1048576K
}
Event: 6.013 GC heap before
{Heap before GC invocations=14 (full 0):
 garbage-first heap   total 183296K, used 138924K [0x0000000080000000, 0x0000000100000000)
  region size 1024K, 78 young (79872K), 10 survivors (10240K)
 Metaspace       used 67048K, capacity 68795K, committed 68864K, reserved 1110016K
  class space    used 8577K, capacity 9150K, committed 9216K, reserved 1048576K
}
Event: 6.024 GC heap after
{Heap after GC invocations=15 (full 0):
 garbage-first heap   total 183296K, used 75104K [0x0000000080000000, 0x0000000100000000)
  region size 1024K, 6 young (6144K), 6 survivors (6144K)
 Metaspace       used 67048K, capacity 68795K, committed 68864K, reserved 1110016K
  class space    used 8577K, capacity 9150K, committed 9216K, reserved 1048576K
}
Event: 6.250 GC heap before
{Heap before GC invocations=15 (full 0):
 garbage-first heap   total 183296K, used 102752K [0x0000000080000000, 0x0000000100000000)
  region size 1024K, 34 young (34816K), 6 survivors (6144K)
 Metaspace       used 68733K, capacity 70504K, committed 70616K, reserved 1110016K
  class space    used 8811K, capacity 9421K, committed 9472K, reserved 1048576K
}

Deoptimization events (20 events):
Event: 6.144 Thread 0x00000251d4e8e800 Uncommon trap: trap_request=0xffffff4d fr.pc=0x00000251c3cacc1c relative=0x000000000000007c
Event: 6.144 Thread 0x00000251d4e8e800 Uncommon trap: reason=unstable_if action=reinterpret pc=0x00000251c3cacc1c method=java.lang.String.codePointAt(I)I @ 4 c2
Event: 6.144 Thread 0x00000251d4e8e800 DEOPT PACKING pc=0x00000251c3cacc1c sp=0x000000f85d4f7520
Event: 6.144 Thread 0x00000251d4e8e800 DEOPT UNPACKING pc=0x00000251bc0a83af sp=0x000000f85d4f74b8 mode 2
Event: 6.183 Thread 0x00000251d4e8e800 Uncommon trap: trap_request=0xffffffde fr.pc=0x00000251c3e5ece0 relative=0x00000000000014e0
Event: 6.183 Thread 0x00000251d4e8e800 Uncommon trap: reason=class_check action=maybe_recompile pc=0x00000251c3e5ece0 method=java.util.concurrent.ConcurrentHashMap.putVal(Ljava/lang/Object;Ljava/lang/Object;Z)Ljava/lang/Object; @ 159 c2
Event: 6.183 Thread 0x00000251d4e8e800 DEOPT PACKING pc=0x00000251c3e5ece0 sp=0x000000f85d4f8390
Event: 6.183 Thread 0x00000251d4e8e800 DEOPT UNPACKING pc=0x00000251bc0a83af sp=0x000000f85d4f8320 mode 2
Event: 6.192 Thread 0x00000251d4e8e800 Uncommon trap: trap_request=0xffffffde fr.pc=0x00000251c3e5ece0 relative=0x00000000000014e0
Event: 6.192 Thread 0x00000251d4e8e800 Uncommon trap: reason=class_check action=maybe_recompile pc=0x00000251c3e5ece0 method=java.util.concurrent.ConcurrentHashMap.putVal(Ljava/lang/Object;Ljava/lang/Object;Z)Ljava/lang/Object; @ 159 c2
Event: 6.192 Thread 0x00000251d4e8e800 DEOPT PACKING pc=0x00000251c3e5ece0 sp=0x000000f85d4f7c80
Event: 6.192 Thread 0x00000251d4e8e800 DEOPT UNPACKING pc=0x00000251bc0a83af sp=0x000000f85d4f7c10 mode 2
Event: 6.201 Thread 0x00000251d4e8e800 Uncommon trap: trap_request=0xffffffde fr.pc=0x00000251c3e5ece0 relative=0x00000000000014e0
Event: 6.201 Thread 0x00000251d4e8e800 Uncommon trap: reason=class_check action=maybe_recompile pc=0x00000251c3e5ece0 method=java.util.concurrent.ConcurrentHashMap.putVal(Ljava/lang/Object;Ljava/lang/Object;Z)Ljava/lang/Object; @ 159 c2
Event: 6.201 Thread 0x00000251d4e8e800 DEOPT PACKING pc=0x00000251c3e5ece0 sp=0x000000f85d4f7c80
Event: 6.201 Thread 0x00000251d4e8e800 DEOPT UNPACKING pc=0x00000251bc0a83af sp=0x000000f85d4f7c10 mode 2
Event: 6.239 Thread 0x00000251d4e8e800 Uncommon trap: trap_request=0xffffff4d fr.pc=0x00000251c3ebe840 relative=0x00000000000019e0
Event: 6.239 Thread 0x00000251d4e8e800 Uncommon trap: reason=unstable_if action=reinterpret pc=0x00000251c3ebe840 method=java.util.regex.Pattern.atom()Ljava/util/regex/Pattern$Node; @ 14 c2
Event: 6.239 Thread 0x00000251d4e8e800 DEOPT PACKING pc=0x00000251c3ebe840 sp=0x000000f85d4f6980
Event: 6.239 Thread 0x00000251d4e8e800 DEOPT UNPACKING pc=0x00000251bc0a83af sp=0x000000f85d4f6968 mode 2

Classes redefined (0 events):
No events

Internal exceptions (20 events):
Event: 4.689 Thread 0x00000251d4e8e800 Exception <a 'java/lang/ClassNotFoundException'{0x000000008aab0ff8}: org/gradle/api/DefaultTaskCustomizer> (0x000000008aab0ff8) thrown at [./src/hotspot/share/classfile/systemDictionary.cpp, line 231]
Event: 4.692 Thread 0x00000251d4e8e800 Exception <a 'java/lang/ClassNotFoundException'{0x000000008a931140}: org/gradle/api/internal/ConventionTaskCustomizer> (0x000000008a931140) thrown at [./src/hotspot/share/classfile/systemDictionary.cpp, line 231]
Event: 4.693 Thread 0x00000251d4e8e800 Exception <a 'java/lang/ClassNotFoundException'{0x000000008a968398}: org/gradle/api/tasks/DeleteCustomizer> (0x000000008a968398) thrown at [./src/hotspot/share/classfile/systemDictionary.cpp, line 231]
Event: 4.694 Thread 0x00000251d4e8e800 Exception <a 'java/lang/ClassNotFoundException'{0x000000008a9a69b8}: org/gradle/api/tasks/Delete_DecoratedCustomizer> (0x000000008a9a69b8) thrown at [./src/hotspot/share/classfile/systemDictionary.cpp, line 231]
Event: 4.712 Thread 0x00000251d4e8e800 Exception <a 'java/lang/ClassNotFoundException'{0x000000008a8ed178}: build_c5a0euxjgc89rn0qk3f7qgegvBeanInfo> (0x000000008a8ed178) thrown at [./src/hotspot/share/classfile/systemDictionary.cpp, line 231]
Event: 4.713 Thread 0x00000251d4e8e800 Exception <a 'java/lang/ClassNotFoundException'{0x000000008a8f80a0}: build_c5a0euxjgc89rn0qk3f7qgegvCustomizer> (0x000000008a8f80a0) thrown at [./src/hotspot/share/classfile/systemDictionary.cpp, line 231]
Event: 4.722 Thread 0x00000251d4e8e800 Exception <a 'java/lang/ClassNotFoundException'{0x000000008a77c3f8}: org/gradle/plugin/use/internal/PluginRequestCollector$PluginDependenciesSpecImplBeanInfo> (0x000000008a77c3f8) thrown at [./src/hotspot/share/classfile/systemDictionary.cpp, line 231]
Event: 4.722 Thread 0x00000251d4e8e800 Exception <a 'java/lang/ClassNotFoundException'{0x000000008a7aa508}: org/gradle/plugin/use/internal/PluginRequestCollector$PluginDependenciesSpecImplCustomizer> (0x000000008a7aa508) thrown at [./src/hotspot/share/classfile/systemDictionary.cpp, line 231]
Event: 4.814 Thread 0x00000251d4e8e800 Exception <a 'java/lang/NoSuchMethodError'{0x0000000089b163a8}: 'java.lang.Object java.lang.invoke.DirectMethodHandle$Holder.invokeStatic(java.lang.Object, java.lang.Object, java.lang.Object, java.lang.Object, int)'> (0x0000000089b163a8) thrown at [./src/hotspot/share/interpreter/linkResolver.cpp, line 773]
Event: 4.814 Thread 0x00000251d4e8e800 Exception <a 'java/lang/NoSuchMethodError'{0x0000000089b1ae40}: 'java.lang.Object java.lang.invoke.DirectMethodHandle$Holder.invokeSpecial(java.lang.Object, java.lang.Object, java.lang.Object, java.lang.Object, java.lang.Object, int)'> (0x0000000089b1ae40) thrown at [./src/hotspot/share/interpreter/linkResolver.cpp, line 773]
Event: 4.814 Thread 0x00000251d4e8e800 Exception <a 'java/lang/NoSuchMethodError'{0x0000000089b1f480}: 'java.lang.Object java.lang.invoke.Invokers$Holder.linkToTargetMethod(java.lang.Object, java.lang.Object, java.lang.Object, int, java.lang.Object)'> (0x0000000089b1f480) thrown at [./src/hotspot/share/interpreter/linkResolver.cpp, line 773]
Event: 4.931 Thread 0x00000251d4e8e800 Exception <a 'java/lang/NoSuchMethodError'{0x0000000088d60350}: 'java.lang.Object java.lang.invoke.DirectMethodHandle$Holder.invokeSpecial(java.lang.Object, java.lang.Object, int, int, java.lang.Object, java.lang.Object, java.lang.Object)'> (0x0000000088d60350) thrown at [./src/hotspot/share/interpreter/linkResolver.cpp, line 773]
Event: 4.931 Thread 0x00000251d4e8e800 Exception <a 'java/lang/NoSuchMethodError'{0x0000000088d648d0}: 'java.lang.Object java.lang.invoke.DelegatingMethodHandle$Holder.reinvoke_L(java.lang.Object, int, int, java.lang.Object, java.lang.Object, java.lang.Object)'> (0x0000000088d648d0) thrown at [./src/hotspot/share/interpreter/linkResolver.cpp, line 773]
Event: 5.084 Thread 0x00000251d4e8e800 Exception <a 'java/lang/NoSuchMethodError'{0x00000000882dfd80}: 'int java.lang.invoke.DirectMethodHandle$Holder.invokeInterface(java.lang.Object, java.lang.Object, java.lang.Object, java.lang.Object)'> (0x00000000882dfd80) thrown at [./src/hotspot/share/interpreter/linkResolver.cpp, line 773]
Event: 5.296 Thread 0x00000251d4e8e800 Exception <a 'java/lang/NoSuchMethodError'{0x0000000086dc28b0}: 'void java.lang.invoke.DirectMethodHandle$Holder.invokeInterface(java.lang.Object, java.lang.Object, java.lang.Object, java.lang.Object)'> (0x0000000086dc28b0) thrown at [./src/hotspot/share/interpreter/linkResolver.cpp, line 773]
Event: 5.392 Thread 0x00000251d4e8e800 Exception <a 'java/lang/IncompatibleClassChangeError'{0x000000008ae6e520}: Found class java.lang.Object, but interface was expected> (0x000000008ae6e520) thrown at [./src/hotspot/share/interpreter/linkResolver.cpp, line 839]
Event: 5.429 Thread 0x00000251d4e8e800 Implicit null exception at 0x00000251c3e0d96c to 0x00000251c3e0f49c
Event: 5.480 Thread 0x00000251d4e8e800 Implicit null exception at 0x00000251c3d6468b to 0x00000251c3d64764
Event: 5.615 Thread 0x00000251d4e8e800 Exception <a 'sun/nio/fs/WindowsException'{0x0000000089810978}> (0x0000000089810978) thrown at [./src/hotspot/share/prims/jni.cpp, line 615]
Event: 5.967 Thread 0x00000251d4e8e800 Exception <a 'java/lang/NoSuchMethodError'{0x0000000087465f90}: 'void java.lang.invoke.DirectMethodHandle$Holder.invokeVirtual(java.lang.Object, java.lang.Object)'> (0x0000000087465f90) thrown at [./src/hotspot/share/interpreter/linkResolver.cpp, line 773]

Events (20 events):
Event: 6.242 loading class org/apache/groovy/parser/antlr4/AstBuilder done
Event: 6.242 loading class org/codehaus/groovy/ast/expr/MethodCallExpression$1
Event: 6.242 loading class org/codehaus/groovy/ast/expr/MethodCallExpression$1 done
Event: 6.242 loading class org/codehaus/groovy/ast/stmt/Statement
Event: 6.242 loading class org/codehaus/groovy/ast/stmt/Statement done
Event: 6.242 loading class org/codehaus/groovy/ast/stmt/Statement
Event: 6.242 loading class org/codehaus/groovy/ast/stmt/Statement done
Event: 6.243 loading class org/apache/groovy/parser/antlr4/GroovyParser$CommandArgumentContext
Event: 6.243 loading class org/apache/groovy/parser/antlr4/GroovyParser$CommandArgumentContext done
Event: 6.243 loading class org/apache/groovy/parser/antlr4/GroovyParser$CommandArgumentContext
Event: 6.243 loading class org/apache/groovy/parser/antlr4/GroovyParser$CommandArgumentContext done
Event: 6.243 loading class org/apache/groovy/parser/antlr4/AstBuilder
Event: 6.243 loading class org/apache/groovy/parser/antlr4/AstBuilder done
Event: 6.243 loading class org/codehaus/groovy/syntax/Numbers
Event: 6.243 loading class org/codehaus/groovy/syntax/Numbers done
Event: 6.243 loading class org/codehaus/groovy/antlr/ASTRuntimeException
Event: 6.243 loading class org/codehaus/groovy/antlr/ASTRuntimeException done
Event: 6.248 loading class org/codehaus/groovy/transform/BaseScriptASTTransformation
Event: 6.248 loading class org/codehaus/groovy/transform/BaseScriptASTTransformation done
Event: 6.250 Executing VM operation: CollectForMetadataAllocation


Dynamic libraries:
0x00007ff6ae0c0000 - 0x00007ff6ae0ca000 	C:\Program Files\Android\Android Studio\jre\bin\java.exe
0x00007ffa00630000 - 0x00007ffa00828000 	C:\Windows\SYSTEM32\ntdll.dll
0x00007ff9ff2d0000 - 0x00007ff9ff38d000 	C:\Windows\System32\KERNEL32.DLL
0x00007ff9fe060000 - 0x00007ff9fe332000 	C:\Windows\System32\KERNELBASE.dll
0x00007ff9fde00000 - 0x00007ff9fdf00000 	C:\Windows\System32\ucrtbase.dll
0x00007ff9e5d50000 - 0x00007ff9e5d69000 	C:\Program Files\Android\Android Studio\jre\bin\jli.dll
0x00007ff9e5d30000 - 0x00007ff9e5d47000 	C:\Program Files\Android\Android Studio\jre\bin\VCRUNTIME140.dll
0x00007ff9fff60000 - 0x00007ffa000fd000 	C:\Windows\System32\USER32.dll
0x00007ff9e74d0000 - 0x00007ff9e776a000 	C:\Windows\WinSxS\amd64_microsoft.windows.common-controls_6595b64144ccf1df_6.0.19041.1110_none_60b5254171f9507e\COMCTL32.dll
0x00007ff9fdd40000 - 0x00007ff9fdd62000 	C:\Windows\System32\win32u.dll
0x00007ff9ff560000 - 0x00007ff9ff5fe000 	C:\Windows\System32\msvcrt.dll
0x00007ffa003e0000 - 0x00007ffa0040b000 	C:\Windows\System32\GDI32.dll
0x00007ff9fe340000 - 0x00007ff9fe44f000 	C:\Windows\System32\gdi32full.dll
0x00007ff9fdf00000 - 0x00007ff9fdf9d000 	C:\Windows\System32\msvcp_win.dll
0x00007ff9ff390000 - 0x00007ff9ff3c0000 	C:\Windows\System32\IMM32.DLL
0x00007ff9e5c90000 - 0x00007ff9e5d2d000 	C:\Program Files\Android\Android Studio\jre\bin\msvcp140.dll
0x00007ff986330000 - 0x00007ff986dff000 	C:\Program Files\Android\Android Studio\jre\bin\server\jvm.dll
0x00007ffa00540000 - 0x00007ffa005ee000 	C:\Windows\System32\ADVAPI32.dll
0x00007ff9ff230000 - 0x00007ff9ff2cc000 	C:\Windows\System32\sechost.dll
0x00007ffa00100000 - 0x00007ffa00225000 	C:\Windows\System32\RPCRT4.dll
0x00007ff9ff7a0000 - 0x00007ff9ff7a8000 	C:\Windows\System32\PSAPI.DLL
0x00007ff9ec860000 - 0x00007ff9ec869000 	C:\Windows\SYSTEM32\WSOCK32.dll
0x00007ffa002e0000 - 0x00007ffa0034b000 	C:\Windows\System32\WS2_32.dll
0x00007ff9e0060000 - 0x00007ff9e0087000 	C:\Windows\SYSTEM32\WINMM.dll
0x00007ff9f2830000 - 0x00007ff9f283a000 	C:\Windows\SYSTEM32\VERSION.dll
0x00007ff9fc590000 - 0x00007ff9fc5a2000 	C:\Windows\SYSTEM32\kernel.appcore.dll
0x00007ff9e9400000 - 0x00007ff9e9411000 	C:\Program Files\Android\Android Studio\jre\bin\verify.dll
0x00007ff9fb790000 - 0x00007ff9fb974000 	C:\Windows\SYSTEM32\DBGHELP.DLL
0x00007ff9e2690000 - 0x00007ff9e26bc000 	C:\Windows\SYSTEM32\dbgcore.DLL
0x00007ff9fdd70000 - 0x00007ff9fddf2000 	C:\Windows\System32\bcryptPrimitives.dll
0x00007ff9e8d30000 - 0x00007ff9e8d59000 	C:\Program Files\Android\Android Studio\jre\bin\java.dll
0x00007ff9ec850000 - 0x00007ff9ec85b000 	C:\Program Files\Android\Android Studio\jre\bin\jimage.dll
0x00007ff9e9230000 - 0x00007ff9e9248000 	C:\Program Files\Android\Android Studio\jre\bin\zip.dll
0x00007ff9ff7b0000 - 0x00007ff9ffef3000 	C:\Windows\System32\SHELL32.dll
0x00007ff9fbde0000 - 0x00007ff9fc571000 	C:\Windows\SYSTEM32\windows.storage.dll
0x00007ff9feb00000 - 0x00007ff9fee54000 	C:\Windows\System32\combase.dll
0x00007ff9fd7a0000 - 0x00007ff9fd7d0000 	C:\Windows\SYSTEM32\Wldp.dll
0x00007ffa00230000 - 0x00007ffa002dd000 	C:\Windows\System32\SHCORE.dll
0x00007ff9fee60000 - 0x00007ff9feeb5000 	C:\Windows\System32\shlwapi.dll
0x00007ff9fdc80000 - 0x00007ff9fdc9f000 	C:\Windows\SYSTEM32\profapi.dll
0x00007ff9e8ec0000 - 0x00007ff9e8eda000 	C:\Program Files\Android\Android Studio\jre\bin\net.dll
0x00007ff9f4ca0000 - 0x00007ff9f4dad000 	C:\Windows\SYSTEM32\WINHTTP.dll
0x00007ff9fd500000 - 0x00007ff9fd56a000 	C:\Windows\system32\mswsock.dll
0x00007ff9e8cf0000 - 0x00007ff9e8d04000 	C:\Program Files\Android\Android Studio\jre\bin\nio.dll
0x00007ff9e6040000 - 0x00007ff9e6067000 	C:\Users\LABKOM\.gradle\native\8bec1ad78214c89d9ad589b4d07fe93259594b29d510b10fafb7a158f7737e5d\windows-amd64\native-platform.dll
0x00007ff9d3470000 - 0x00007ff9d35ad000 	C:\Users\LABKOM\.gradle\native\53dbd7edfb1c66fb8903c78663c9afc45aea4f116125fa6feffd364cf09443e8\windows-amd64\native-platform-file-events.dll
0x00007ff9ecaa0000 - 0x00007ff9ecaaa000 	C:\Program Files\Android\Android Studio\jre\bin\management.dll
0x00007ff9e93f0000 - 0x00007ff9e93fc000 	C:\Program Files\Android\Android Studio\jre\bin\management_ext.dll
0x00007ff9fd6f0000 - 0x00007ff9fd708000 	C:\Windows\SYSTEM32\CRYPTSP.dll
0x00007ff9fcdb0000 - 0x00007ff9fcde4000 	C:\Windows\system32\rsaenh.dll
0x00007ff9fe660000 - 0x00007ff9fe687000 	C:\Windows\System32\bcrypt.dll
0x00007ff9fdc00000 - 0x00007ff9fdc2e000 	C:\Windows\SYSTEM32\USERENV.dll
0x00007ff9fd710000 - 0x00007ff9fd71c000 	C:\Windows\SYSTEM32\CRYPTBASE.dll
0x00007ff9fd1a0000 - 0x00007ff9fd1db000 	C:\Windows\SYSTEM32\IPHLPAPI.DLL
0x00007ff9ff070000 - 0x00007ff9ff078000 	C:\Windows\System32\NSI.dll
0x00007ff9f2840000 - 0x00007ff9f2857000 	C:\Windows\SYSTEM32\dhcpcsvc6.DLL
0x00007ff9f2810000 - 0x00007ff9f282d000 	C:\Windows\SYSTEM32\dhcpcsvc.DLL
0x00007ff9fd1f0000 - 0x00007ff9fd2ba000 	C:\Windows\SYSTEM32\DNSAPI.dll

dbghelp: loaded successfully - version: 4.0.5 - missing functions: none
symbol engine: initialized successfully - sym options: 0x614 - pdb path: .;C:\Program Files\Android\Android Studio\jre\bin;C:\Windows\SYSTEM32;C:\Windows\WinSxS\amd64_microsoft.windows.common-controls_6595b64144ccf1df_6.0.19041.1110_none_60b5254171f9507e;C:\Program Files\Android\Android Studio\jre\bin\server;C:\Users\LABKOM\.gradle\native\8bec1ad78214c89d9ad589b4d07fe93259594b29d510b10fafb7a158f7737e5d\windows-amd64;C:\Users\LABKOM\.gradle\native\53dbd7edfb1c66fb8903c78663c9afc45aea4f116125fa6feffd364cf09443e8\windows-amd64

VM Arguments:
jvm_args: --add-opens=java.base/java.util=ALL-UNNAMED --add-opens=java.base/java.lang=ALL-UNNAMED --add-opens=java.base/java.lang.invoke=ALL-UNNAMED --add-opens=java.base/java.util=ALL-UNNAMED --add-opens=java.prefs/java.util.prefs=ALL-UNNAMED --add-opens=java.prefs/java.util.prefs=ALL-UNNAMED --add-opens=java.base/java.nio.charset=ALL-UNNAMED --add-opens=java.base/java.net=ALL-UNNAMED --add-opens=java.base/java.util.concurrent.atomic=ALL-UNNAMED -Xmx2048m -Dfile.encoding=UTF-8 -Duser.country=US -Duser.language=en -Duser.variant 
java_command: org.gradle.launcher.daemon.bootstrap.GradleDaemon 7.0.2
java_class_path (initial): C:\Users\LABKOM\.gradle\wrapper\dists\gradle-7.0.2-bin\857tjihv64xamwrf0h14cai3r\gradle-7.0.2\lib\gradle-launcher-7.0.2.jar
Launcher Type: SUN_STANDARD

[Global flags]
     intx CICompilerCount                          = 3                                         {product} {ergonomic}
     uint ConcGCThreads                            = 1                                         {product} {ergonomic}
     uint G1ConcRefinementThreads                  = 4                                         {product} {ergonomic}
   size_t G1HeapRegionSize                         = 1048576                                   {product} {ergonomic}
    uintx GCDrainStackTargetSize                   = 64                                        {product} {ergonomic}
   size_t InitialHeapSize                          = 130023424                                 {product} {ergonomic}
   size_t MarkStackSize                            = 4194304                                   {product} {ergonomic}
   size_t MaxHeapSize                              = 2147483648                                {product} {command line}
   size_t MaxNewSize                               = 1287651328                                {product} {ergonomic}
   size_t MinHeapDeltaBytes                        = 1048576                                   {product} {ergonomic}
    uintx NonNMethodCodeHeapSize                   = 5830732                                {pd product} {ergonomic}
    uintx NonProfiledCodeHeapSize                  = 122913754                              {pd product} {ergonomic}
    uintx ProfiledCodeHeapSize                     = 122913754                              {pd product} {ergonomic}
    uintx ReservedCodeCacheSize                    = 251658240                              {pd product} {ergonomic}
     bool SegmentedCodeCache                       = true                                      {product} {ergonomic}
     bool UseCompressedClassPointers               = true                                 {lp64_product} {ergonomic}
     bool UseCompressedOops                        = true                                 {lp64_product} {ergonomic}
     bool UseG1GC                                  = true                                      {product} {ergonomic}
     bool UseLargePagesIndividualAllocation        = false                                  {pd product} {ergonomic}

Logging:
Log output configuration:
 #0: stdout all=warning uptime,level,tags
 #1: stderr all=off uptime,level,tags

Environment Variables:
PATH=C:\Program Files (x86)\Common Files\Intel\Shared Files\fortran\bin\Intel64;C:\Program Files (x86)\Common Files\Intel\Shared Libraries\redist\intel64_win\mpirt;C:\Program Files (x86)\Common Files\Intel\Shared Libraries\redist\intel64_win\compiler;C:\ProgramData\Oracle\Java\javapath;C:\Program Files\Common Files\Oracle\Java\javapath;C:\Windows\system32;C:\Windows;C:\Windows\System32\Wbem;C:\Windows\System32\WindowsPowerShell\v1.0\;C:\Windows\System32\OpenSSH\;C:\Program Files (x86)\MATLAB\MATLAB Production Server\R2015a\runtime\win32;C:\Program Files (x86)\MATLAB\MATLAB Production Server\R2015a\bin;C:\Program Files (x86)\MATLAB\MATLAB Production Server\R2015a\polyspace\bin;C:\xampp\php;C:\composer;C:\Program Files (x86)\Microsoft SQL Server\100\Tools\Binn\;C:\Program Files\Microsoft SQL Server\100\Tools\Binn\;C:\Program Files\Microsoft SQL Server\100\DTS\Binn\;C:\Program Files\Microsoft SQL Server\110\Tools\Binn\;C:\Program Files\Git\cmd;C:\Users\LABKOM\AppData\Local\Programs\Python\Python39\Scripts\;C:\Users\LABKOM\AppData\Local\Programs\Python\Python39\;C:\Users\LABKOM\AppData\Local\Microsoft\WindowsApps;;C:\Users\LABKOM\AppData\Local\Programs\Microsoft VS Code\bin;C:\Users\LABKOM\AppData\Roaming\Composer\vendor\bin
USERNAME=LABKOM
OS=Windows_NT
PROCESSOR_IDENTIFIER=Intel64 Family 6 Model 140 Stepping 1, GenuineIntel



---------------  S Y S T E M  ---------------

OS: Windows 10 , 64 bit Build 19041 (10.0.19041.1889)
OS uptime: 0 days 1:29 hours

CPU:total 4 (initial active 4) (2 cores per cpu, 2 threads per core) family 6 model 140 stepping 1 microcode 0x72, cmov, cx8, fxsr, mmx, sse, sse2, sse3, ssse3, sse4.1, sse4.2, popcnt, avx, avx2, aes, clmul, erms, 3dnowpref, lzcnt, ht, tsc, tscinvbit, bmi1, bmi2, adx, evex, sha, fma

Memory: 4k page, system-wide physical 7817M (818M free)
TotalPageFile size 8689M (AvailPageFile size 40M)
current process WorkingSet (physical memory assigned to process): 388M, peak: 388M
current process commit charge ("private bytes"): 420M, peak: 456M

vm_info: OpenJDK 64-Bit Server VM (11.0.10+0-b96-7249189) for windows-amd64 JRE (11.0.10+0-b96-7249189), built on Mar 31 2021 21:44:00 by "builder" with MS VC++ 14.0 (VS2015)

END.
