#
# There is insufficient memory for the Java Runtime Environment to continue.
# Native memory allocation (mmap) failed to map 130023424 bytes for Failed to commit area from 0x0000000085c00000 to 0x000000008d800000 of length 130023424.
# Possible reasons:
#   The system is out of physical RAM or swap space
#   The process is running with CompressedOops enabled, and the Java Heap may be blocking the growth of the native heap
# Possible solutions:
#   Reduce memory load on the system
#   Increase physical memory or swap space
#   Check if swap backing store is full
#   Decrease Java heap size (-Xmx/-Xms)
#   Decrease number of Java threads
#   Decrease Java thread stack sizes (-Xss)
#   Set larger code cache with -XX:ReservedCodeCacheSize=
# This output file may be truncated or incomplete.
#
#  Out of Memory Error (./src/hotspot/os/windows/os_windows.cpp:3301), pid=6564, tid=2548
#
# JRE version:  (11.0.10) (build )
# Java VM: OpenJDK 64-Bit Server VM (11.0.10+0-b96-7249189, mixed mode, sharing, tiered, compressed oops, g1 gc, windows-amd64)
# No core dump will be written. Minidumps are not enabled by default on client versions of Windows
#

---------------  S U M M A R Y ------------

Command Line: org.jetbrains.git4idea.http.GitAskPassApp Username for 'https://github.com': 

Host: 11th Gen Intel(R) Core(TM) i3-1115G4 @ 3.00GHz, 4 cores, 7G,  Windows 10 , 64 bit Build 19041 (10.0.19041.1889)
Time: Fri Oct 28 09:46:58 2022 SE Asia Standard Time elapsed time: 0.007668 seconds (0d 0h 0m 0s)

---------------  T H R E A D  ---------------

Current thread (0x0000028c3e1ac800):  JavaThread "Unknown thread" [_thread_in_vm, id=2548, stack(0x000000a2cdb00000,0x000000a2cdc00000)]

Stack: [0x000000a2cdb00000,0x000000a2cdc00000]
Native frames: (J=compiled Java code, j=interpreted, Vv=VM code, C=native code)
V  [jvm.dll+0x5ecfaa]
V  [jvm.dll+0x722bd5]
V  [jvm.dll+0x72412d]
V  [jvm.dll+0x7247e3]
V  [jvm.dll+0x242928]
V  [jvm.dll+0x5ea374]
V  [jvm.dll+0x5df425]
V  [jvm.dll+0x2fdebb]
V  [jvm.dll+0x2fde2a]
V  [jvm.dll+0x2fdd02]
V  [jvm.dll+0x302bf6]
V  [jvm.dll+0x34b2a3]
V  [jvm.dll+0x34b9a6]
V  [jvm.dll+0x34b3a3]
V  [jvm.dll+0x2d8888]
V  [jvm.dll+0x2d9a37]
V  [jvm.dll+0x701737]
V  [jvm.dll+0x702f2c]
V  [jvm.dll+0x3587d9]
V  [jvm.dll+0x6e4fae]
V  [jvm.dll+0x3c0be3]
V  [jvm.dll+0x3c2e91]
C  [jli.dll+0x5373]
C  [ucrtbase.dll+0x21bb2]
C  [KERNEL32.DLL+0x17034]
C  [ntdll.dll+0x526a1]


---------------  P R O C E S S  ---------------

Threads class SMR info:
_java_thread_list=0x0000028c3c0416a0, length=0, elements={
}

Java Threads: ( => current thread )

Other Threads:
  0x0000028c3e1c6000 GCTaskThread "GC Thread#0" [stack: 0x000000a2cdc00000,0x000000a2cdd00000] [id=1532]
  0x0000028c3e1f4000 ConcurrentGCThread "G1 Main Marker" [stack: 0x000000a2cdd00000,0x000000a2cde00000] [id=3336]
  0x0000028c3e1f8000 ConcurrentGCThread "G1 Conc#0" [stack: 0x000000a2cde00000,0x000000a2cdf00000] [id=11396]

[error occurred during error reporting (printing all threads), id 0xc0000005, EXCEPTION_ACCESS_VIOLATION (0xc0000005) at pc=0x00007ff986619107]

VM state:not at safepoint (not fully initialized)

VM Mutex/Monitor currently owned by a thread:  ([mutex/lock_event])
[0x0000028c3e1a9ff0] Heap_lock - owner thread: 0x0000028c3e1ac800

Heap address: 0x0000000085c00000, size: 1956 MB, Compressed Oops mode: Non-zero based: 0x0000000085c00000
Narrow klass base: 0x0000000000000000, Narrow klass shift: 0

GC Heap History (0 events):
No events

Deoptimization events (0 events):
No events

Classes redefined (0 events):
No events

Internal exceptions (0 events):
No events

Events (1 events):
Event: 0.004 Loaded shared library C:\Program Files\Android\Android Studio\jre\bin\zip.dll


Dynamic libraries:
0x00007ff6ae0c0000 - 0x00007ff6ae0ca000 	C:\Program Files\Android\Android Studio\jre\bin\java.exe
0x00007ffa00630000 - 0x00007ffa00828000 	C:\Windows\SYSTEM32\ntdll.dll
0x00007ff9ff2d0000 - 0x00007ff9ff38d000 	C:\Windows\System32\KERNEL32.DLL
0x00007ff9fe060000 - 0x00007ff9fe332000 	C:\Windows\System32\KERNELBASE.dll
0x00007ff9fde00000 - 0x00007ff9fdf00000 	C:\Windows\System32\ucrtbase.dll
0x00007ff9e5d50000 - 0x00007ff9e5d69000 	C:\Program Files\Android\Android Studio\jre\bin\jli.dll
0x00007ff9e5d30000 - 0x00007ff9e5d47000 	C:\Program Files\Android\Android Studio\jre\bin\VCRUNTIME140.dll
0x00007ff9fff60000 - 0x00007ffa000fd000 	C:\Windows\System32\USER32.dll
0x00007ff9fdd40000 - 0x00007ff9fdd62000 	C:\Windows\System32\win32u.dll
0x00007ff9e74d0000 - 0x00007ff9e776a000 	C:\Windows\WinSxS\amd64_microsoft.windows.common-controls_6595b64144ccf1df_6.0.19041.1110_none_60b5254171f9507e\COMCTL32.dll
0x00007ffa003e0000 - 0x00007ffa0040b000 	C:\Windows\System32\GDI32.dll
0x00007ff9ff560000 - 0x00007ff9ff5fe000 	C:\Windows\System32\msvcrt.dll
0x00007ff9fe340000 - 0x00007ff9fe44f000 	C:\Windows\System32\gdi32full.dll
0x00007ff9fdf00000 - 0x00007ff9fdf9d000 	C:\Windows\System32\msvcp_win.dll
0x00007ff9ff390000 - 0x00007ff9ff3c0000 	C:\Windows\System32\IMM32.DLL
0x00007ff9e5c90000 - 0x00007ff9e5d2d000 	C:\Program Files\Android\Android Studio\jre\bin\msvcp140.dll
0x00007ff986330000 - 0x00007ff986dff000 	C:\Program Files\Android\Android Studio\jre\bin\server\jvm.dll
0x00007ffa00540000 - 0x00007ffa005ee000 	C:\Windows\System32\ADVAPI32.dll
0x00007ff9ff230000 - 0x00007ff9ff2cc000 	C:\Windows\System32\sechost.dll
0x00007ffa00100000 - 0x00007ffa00225000 	C:\Windows\System32\RPCRT4.dll
0x00007ff9ff7a0000 - 0x00007ff9ff7a8000 	C:\Windows\System32\PSAPI.DLL
0x00007ff9ec860000 - 0x00007ff9ec869000 	C:\Windows\SYSTEM32\WSOCK32.dll
0x00007ff9e0060000 - 0x00007ff9e0087000 	C:\Windows\SYSTEM32\WINMM.dll
0x00007ffa002e0000 - 0x00007ffa0034b000 	C:\Windows\System32\WS2_32.dll
0x00007ff9f2830000 - 0x00007ff9f283a000 	C:\Windows\SYSTEM32\VERSION.dll
0x00007ff9fc590000 - 0x00007ff9fc5a2000 	C:\Windows\SYSTEM32\kernel.appcore.dll
0x00007ff9e9400000 - 0x00007ff9e9411000 	C:\Program Files\Android\Android Studio\jre\bin\verify.dll
0x00007ff9fb790000 - 0x00007ff9fb974000 	C:\Windows\SYSTEM32\DBGHELP.DLL
0x00007ff9e2690000 - 0x00007ff9e26bc000 	C:\Windows\SYSTEM32\dbgcore.DLL
0x00007ff9fdd70000 - 0x00007ff9fddf2000 	C:\Windows\System32\bcryptPrimitives.dll
0x00007ff9e8d30000 - 0x00007ff9e8d59000 	C:\Program Files\Android\Android Studio\jre\bin\java.dll
0x00007ff9ec850000 - 0x00007ff9ec85b000 	C:\Program Files\Android\Android Studio\jre\bin\jimage.dll
0x00007ff9e9230000 - 0x00007ff9e9248000 	C:\Program Files\Android\Android Studio\jre\bin\zip.dll

dbghelp: loaded successfully - version: 4.0.5 - missing functions: none
symbol engine: initialized successfully - sym options: 0x614 - pdb path: .;C:\Program Files\Android\Android Studio\jre\bin;C:\Windows\SYSTEM32;C:\Windows\WinSxS\amd64_microsoft.windows.common-controls_6595b64144ccf1df_6.0.19041.1110_none_60b5254171f9507e;C:\Program Files\Android\Android Studio\jre\bin\server

VM Arguments:
java_command: org.jetbrains.git4idea.http.GitAskPassApp Username for 'https://github.com': 
java_class_path (initial): C:/Program Files/Android/Android Studio/plugins/git4idea/lib/git4idea-rt.jar;C:/Program Files/Android/Android Studio/lib/xmlrpc-2.0.1.jar;C:/Program Files/Android/Android Studio/lib/commons-codec-1.14.jar
Launcher Type: SUN_STANDARD

[Global flags]
     intx CICompilerCount                          = 3                                         {product} {ergonomic}
     uint ConcGCThreads                            = 1                                         {product} {ergonomic}
     uint G1ConcRefinementThreads                  = 4                                         {product} {ergonomic}
   size_t G1HeapRegionSize                         = 1048576                                   {product} {ergonomic}
    uintx GCDrainStackTargetSize                   = 64                                        {product} {ergonomic}
   size_t InitialHeapSize                          = 130023424                                 {product} {ergonomic}
   size_t MarkStackSize                            = 4194304                                   {product} {ergonomic}
   size_t MaxHeapSize                              = 2051014656                                {product} {ergonomic}
   size_t MinHeapDeltaBytes                        = 1048576                                   {product} {ergonomic}
    uintx NonNMethodCodeHeapSize                   = 5830732                                {pd product} {ergonomic}
    uintx NonProfiledCodeHeapSize                  = 122913754                              {pd product} {ergonomic}
    uintx ProfiledCodeHeapSize                     = 122913754                              {pd product} {ergonomic}
    uintx ReservedCodeCacheSize                    = 251658240                              {pd product} {ergonomic}
     bool SegmentedCodeCache                       = true                                      {product} {ergonomic}
     bool UseCompressedClassPointers               = true                                 {lp64_product} {ergonomic}
     bool UseCompressedOops                        = true                                 {lp64_product} {ergonomic}
     bool UseG1GC                                  = true                                      {product} {ergonomic}
     bool UseLargePagesIndividualAllocation        = false                                  {pd product} {ergonomic}

Logging:
Log output configuration:
 #0: stdout all=warning uptime,level,tags
 #1: stderr all=off uptime,level,tags

Environment Variables:
PATH=C:\Program Files\Git\mingw64\libexec\git-core;C:\Program Files\Git\mingw64\libexec\git-core;C:\Program Files\Git\mingw64\bin;C:\Program Files\Git\usr\bin;C:\Users\LABKOM\bin;C:\Program Files (x86)\Common Files\Intel\Shared Files\fortran\bin\Intel64;C:\Program Files (x86)\Common Files\Intel\Shared Libraries\redist\intel64_win\mpirt;C:\Program Files (x86)\Common Files\Intel\Shared Libraries\redist\intel64_win\compiler;C:\ProgramData\Oracle\Java\javapath;C:\Program Files\Common Files\Oracle\Java\javapath;C:\Windows\system32;C:\Windows;C:\Windows\System32\Wbem;C:\Windows\System32\WindowsPowerShell\v1.0;C:\Windows\System32\OpenSSH;C:\Program Files (x86)\MATLAB\MATLAB Production Server\R2015a\runtime\win32;C:\Program Files (x86)\MATLAB\MATLAB Production Server\R2015a\bin;C:\Program Files (x86)\MATLAB\MATLAB Production Server\R2015a\polyspace\bin;C:\xampp\php;C:\composer;C:\Program Files (x86)\Microsoft SQL Server\100\Tools\Binn;C:\Program Files\Microsoft SQL Server\100\Tools\Binn;C:\Program Files\Microsoft SQL Server\100\DTS\Binn;C:\Program Files\Microsoft SQL Server\110\Tools\Binn;C:\Program Files\Git\cmd;C:\Users\LABKOM\AppData\Local\Programs\Python\Python39\Scripts;C:\Users\LABKOM\AppData\Local\Programs\Python\Python39;C:\Users\LABKOM\AppData\Local\Microsoft\WindowsApps;C:\Users\LABKOM\AppData\Local\Programs\Microsoft VS Code\bin;C:\Users\LABKOM\AppData\Roaming\Composer\vendor\bin
USERNAME=LABKOM
DISPLAY=:0.0
LC_ALL=en_US.UTF-8
OS=Windows_NT
PROCESSOR_IDENTIFIER=Intel64 Family 6 Model 140 Stepping 1, GenuineIntel



---------------  S Y S T E M  ---------------

OS: Windows 10 , 64 bit Build 19041 (10.0.19041.1889)
OS uptime: 0 days 2:40 hours

CPU:total 4 (initial active 4) (2 cores per cpu, 2 threads per core) family 6 model 140 stepping 1 microcode 0x72, cmov, cx8, fxsr, mmx, sse, sse2, sse3, ssse3, sse4.1, sse4.2, popcnt, avx, avx2, aes, clmul, erms, 3dnowpref, lzcnt, ht, tsc, tscinvbit, bmi1, bmi2, adx, evex, sha, fma

Memory: 4k page, system-wide physical 7817M (1462M free)
TotalPageFile size 8689M (AvailPageFile size 61M)
current process WorkingSet (physical memory assigned to process): 9M, peak: 9M
current process commit charge ("private bytes"): 51M, peak: 175M

vm_info: OpenJDK 64-Bit Server VM (11.0.10+0-b96-7249189) for windows-amd64 JRE (11.0.10+0-b96-7249189), built on Mar 31 2021 21:44:00 by "builder" with MS VC++ 14.0 (VS2015)

END.
