#
# There is insufficient memory for the Java Runtime Environment to continue.
# Native memory allocation (malloc) failed to allocate 1442736 bytes for Chunk::new
# Possible reasons:
#   The system is out of physical RAM or swap space
#   The process is running with CompressedOops enabled, and the Java Heap may be blocking the growth of the native heap
# Possible solutions:
#   Reduce memory load on the system
#   Increase physical memory or swap space
#   Check if swap backing store is full
#   Decrease Java heap size (-Xmx/-Xms)
#   Decrease number of Java threads
#   Decrease Java thread stack sizes (-Xss)
#   Set larger code cache with -XX:ReservedCodeCacheSize=
#   JVM is running with Unscaled Compressed Oops mode in which the Java heap is
#     placed in the first 4GB address space. The Java Heap base address is the
#     maximum limit for the native heap growth. Please use -XX:HeapBaseMinAddress
#     to set the Java Heap base and to place the Java Heap above 4GB virtual address.
# This output file may be truncated or incomplete.
#
#  Out of Memory Error (./src/hotspot/share/memory/arena.cpp:197), pid=5920, tid=8592
#
# JRE version: OpenJDK Runtime Environment (11.0.10) (build 11.0.10+0-b96-7249189)
# Java VM: OpenJDK 64-Bit Server VM (11.0.10+0-b96-7249189, mixed mode, tiered, compressed oops, g1 gc, windows-amd64)
# No core dump will be written. Minidumps are not enabled by default on client versions of Windows
#

---------------  S U M M A R Y ------------

Command Line: --add-opens=java.base/java.util=ALL-UNNAMED --add-opens=java.base/java.lang=ALL-UNNAMED --add-opens=java.base/java.lang.invoke=ALL-UNNAMED --add-opens=java.base/java.util=ALL-UNNAMED --add-opens=java.prefs/java.util.prefs=ALL-UNNAMED --add-opens=java.prefs/java.util.prefs=ALL-UNNAMED --add-opens=java.base/java.nio.charset=ALL-UNNAMED --add-opens=java.base/java.net=ALL-UNNAMED --add-opens=java.base/java.util.concurrent.atomic=ALL-UNNAMED -Xmx2048m -Dfile.encoding=UTF-8 -Duser.country=US -Duser.language=en -Duser.variant org.gradle.launcher.daemon.bootstrap.GradleDaemon 7.0.2

Host: 11th Gen Intel(R) Core(TM) i3-1115G4 @ 3.00GHz, 4 cores, 7G,  Windows 10 , 64 bit Build 19041 (10.0.19041.1889)
Time: Fri Oct 28 08:41:13 2022 SE Asia Standard Time elapsed time: 5.972026 seconds (0d 0h 0m 5s)

---------------  T H R E A D  ---------------

Current thread (0x000001efce911800):  JavaThread "C2 CompilerThread1" daemon [_thread_in_native, id=8592, stack(0x000000eda8200000,0x000000eda8300000)]


Current CompileTask:
C2:   5972 6386       4       java.lang.Class::getMethodsRecursive (99 bytes)

Stack: [0x000000eda8200000,0x000000eda8300000]
Native frames: (J=compiled Java code, j=interpreted, Vv=VM code, C=native code)
V  [jvm.dll+0x5ecfaa]
V  [jvm.dll+0x722bd5]
V  [jvm.dll+0x72412d]
V  [jvm.dll+0x7247e3]
V  [jvm.dll+0x242928]
V  [jvm.dll+0xbc4fc]
V  [jvm.dll+0xbca0c]
V  [jvm.dll+0x352d7d]
V  [jvm.dll+0x320ad3]
V  [jvm.dll+0x31ffca]
V  [jvm.dll+0x1fb602]
V  [jvm.dll+0x1fa7f4]
V  [jvm.dll+0x18354c]
V  [jvm.dll+0x208ee7]
V  [jvm.dll+0x207731]
V  [jvm.dll+0x6eb1cf]
V  [jvm.dll+0x6e3d45]
V  [jvm.dll+0x5ebe96]
C  [ucrtbase.dll+0x21bb2]
C  [KERNEL32.DLL+0x17034]
C  [ntdll.dll+0x526a1]


---------------  P R O C E S S  ---------------

Threads class SMR info:
_java_thread_list=0x000001efd2d2e2b0, length=43, elements={
0x000001efb068c800, 0x000001efcc1e6800, 0x000001efcc1e7800, 0x000001efcc203800,
0x000001efcc204000, 0x000001efcc205000, 0x000001efcc209800, 0x000001efcc216800,
0x000001efcc218000, 0x000001efcccc3000, 0x000001efceaa7000, 0x000001efcf2f5800,
0x000001efccd86000, 0x000001efceed5000, 0x000001efce6fe800, 0x000001efce911800,
0x000001efce332800, 0x000001efcdf75800, 0x000001efcf001000, 0x000001efccd48800,
0x000001efccd4a800, 0x000001efccd47000, 0x000001efccd4b000, 0x000001efccd46800,
0x000001efccd49800, 0x000001efccd48000, 0x000001efccd45800, 0x000001efccd4c000,
0x000001efcfcfc800, 0x000001efcfd00000, 0x000001efcfcfe000, 0x000001efcfd01800,
0x000001efcfcfd800, 0x000001efcfd00800, 0x000001efcfcff000, 0x000001efcfd08000,
0x000001efcfd04800, 0x000001efcfd06800, 0x000001efcfd02800, 0x000001efcfd07000,
0x000001efcfd09000, 0x000001efcfd04000, 0x000001efcfd03000
}

Java Threads: ( => current thread )
  0x000001efb068c800 JavaThread "main" [_thread_blocked, id=8600, stack(0x000000eda6b00000,0x000000eda6c00000)]
  0x000001efcc1e6800 JavaThread "Reference Handler" daemon [_thread_blocked, id=10544, stack(0x000000eda7200000,0x000000eda7300000)]
  0x000001efcc1e7800 JavaThread "Finalizer" daemon [_thread_blocked, id=11024, stack(0x000000eda7300000,0x000000eda7400000)]
  0x000001efcc203800 JavaThread "Signal Dispatcher" daemon [_thread_blocked, id=5444, stack(0x000000eda7400000,0x000000eda7500000)]
  0x000001efcc204000 JavaThread "Attach Listener" daemon [_thread_blocked, id=7612, stack(0x000000eda7500000,0x000000eda7600000)]
  0x000001efcc205000 JavaThread "Service Thread" daemon [_thread_blocked, id=1392, stack(0x000000eda7600000,0x000000eda7700000)]
  0x000001efcc209800 JavaThread "C2 CompilerThread0" daemon [_thread_in_native, id=4464, stack(0x000000eda7700000,0x000000eda7800000)]
  0x000001efcc216800 JavaThread "C1 CompilerThread0" daemon [_thread_blocked, id=1796, stack(0x000000eda7800000,0x000000eda7900000)]
  0x000001efcc218000 JavaThread "Sweeper thread" daemon [_thread_blocked, id=2816, stack(0x000000eda7900000,0x000000eda7a00000)]
  0x000001efcccc3000 JavaThread "Common-Cleaner" daemon [_thread_blocked, id=800, stack(0x000000eda7a00000,0x000000eda7b00000)]
  0x000001efceaa7000 JavaThread "Daemon health stats" [_thread_blocked, id=11576, stack(0x000000eda7e00000,0x000000eda7f00000)]
  0x000001efcf2f5800 JavaThread "Incoming local TCP Connector on port 50058" [_thread_in_native, id=9404, stack(0x000000eda7c00000,0x000000eda7d00000)]
  0x000001efccd86000 JavaThread "Daemon periodic checks" [_thread_blocked, id=7216, stack(0x000000eda7f00000,0x000000eda8000000)]
  0x000001efceed5000 JavaThread "Daemon" [_thread_blocked, id=1144, stack(0x000000eda8000000,0x000000eda8100000)]
  0x000001efce6fe800 JavaThread "Handler for socket connection from /127.0.0.1:50058 to /127.0.0.1:50059" [_thread_in_native, id=4944, stack(0x000000eda8100000,0x000000eda8200000)]
=>0x000001efce911800 JavaThread "C2 CompilerThread1" daemon [_thread_in_native, id=8592, stack(0x000000eda8200000,0x000000eda8300000)]
  0x000001efce332800 JavaThread "Cancel handler" [_thread_blocked, id=4092, stack(0x000000eda8300000,0x000000eda8400000)]
  0x000001efcdf75800 JavaThread "Daemon worker" [_thread_in_Java, id=2036, stack(0x000000eda8400000,0x000000eda8500000)]
  0x000001efcf001000 JavaThread "Asynchronous log dispatcher for DefaultDaemonConnection: socket connection from /127.0.0.1:50058 to /127.0.0.1:50059" [_thread_blocked, id=11828, stack(0x000000eda8500000,0x000000eda8600000)]
  0x000001efccd48800 JavaThread "Stdin handler" [_thread_blocked, id=11124, stack(0x000000eda8600000,0x000000eda8700000)]
  0x000001efccd4a800 JavaThread "Daemon client event forwarder" [_thread_blocked, id=1552, stack(0x000000eda8700000,0x000000eda8800000)]
  0x000001efccd47000 JavaThread "Cache worker for file hash cache (C:\Users\LABKOM\.gradle\caches\7.0.2\fileHashes)" [_thread_blocked, id=1708, stack(0x000000eda8800000,0x000000eda8900000)]
  0x000001efccd4b000 JavaThread "File lock request listener" [_thread_in_native, id=4916, stack(0x000000eda8900000,0x000000eda8a00000)]
  0x000001efccd46800 JavaThread "Cache worker for journal cache (C:\Users\LABKOM\.gradle\caches\journal-1)" [_thread_blocked, id=3048, stack(0x000000eda8c00000,0x000000eda8d00000)]
  0x000001efccd49800 JavaThread "Cache worker for file hash cache (D:\104\.gradle\7.0.2\fileHashes)" [_thread_blocked, id=544, stack(0x000000eda8d00000,0x000000eda8e00000)]
  0x000001efccd48000 JavaThread "File watcher server" daemon [_thread_in_native, id=10128, stack(0x000000eda8e00000,0x000000eda8f00000)]
  0x000001efccd45800 JavaThread "File watcher consumer" daemon [_thread_blocked, id=3256, stack(0x000000eda8f00000,0x000000eda9000000)]
  0x000001efccd4c000 JavaThread "jar transforms" [_thread_blocked, id=3748, stack(0x000000eda9000000,0x000000eda9100000)]
  0x000001efcfcfc800 JavaThread "jar transforms Thread 2" [_thread_blocked, id=8664, stack(0x000000eda9100000,0x000000eda9200000)]
  0x000001efcfd00000 JavaThread "jar transforms Thread 3" [_thread_blocked, id=10136, stack(0x000000eda9200000,0x000000eda9300000)]
  0x000001efcfcfe000 JavaThread "jar transforms Thread 4" [_thread_blocked, id=10872, stack(0x000000eda9300000,0x000000eda9400000)]
  0x000001efcfd01800 JavaThread "Cache worker for checksums cache (D:\104\.gradle\checksums)" [_thread_blocked, id=11552, stack(0x000000eda9400000,0x000000eda9500000)]
  0x000001efcfcfd800 JavaThread "Cache worker for cache directory md-supplier (C:\Users\LABKOM\.gradle\caches\7.0.2\md-supplier)" [_thread_blocked, id=4268, stack(0x000000eda9500000,0x000000eda9600000)]
  0x000001efcfd00800 JavaThread "Cache worker for cache directory md-rule (C:\Users\LABKOM\.gradle\caches\7.0.2\md-rule)" [_thread_blocked, id=11724, stack(0x000000eda9600000,0x000000eda9700000)]
  0x000001efcfcff000 JavaThread "Cache worker for execution history cache (C:\Users\LABKOM\.gradle\caches\7.0.2\executionHistory)" [_thread_blocked, id=9672, stack(0x000000eda9700000,0x000000eda9800000)]
  0x000001efcfd08000 JavaThread "Cache worker for file content cache (C:\Users\LABKOM\.gradle\caches\7.0.2\fileContent)" [_thread_blocked, id=700, stack(0x000000eda9800000,0x000000eda9900000)]
  0x000001efcfd04800 JavaThread "Cache worker for dependencies-accessors (D:\104\.gradle\7.0.2\dependencies-accessors)" [_thread_blocked, id=2628, stack(0x000000eda9900000,0x000000eda9a00000)]
  0x000001efcfd06800 JavaThread "Cache worker for Build Output Cleanup Cache (D:\104\.gradle\buildOutputCleanup)" [_thread_blocked, id=10320, stack(0x000000eda9a00000,0x000000eda9b00000)]
  0x000001efcfd02800 JavaThread "Build operations" [_thread_blocked, id=8668, stack(0x000000eda9b00000,0x000000eda9c00000)]
  0x000001efcfd07000 JavaThread "Build operations Thread 2" [_thread_blocked, id=9660, stack(0x000000eda9c00000,0x000000eda9d00000)]
  0x000001efcfd09000 JavaThread "Build operations Thread 3" [_thread_blocked, id=4980, stack(0x000000eda9d00000,0x000000eda9e00000)]
  0x000001efcfd04000 JavaThread "Build operations Thread 4" [_thread_blocked, id=10880, stack(0x000000eda9e00000,0x000000eda9f00000)]
  0x000001efcfd03000 JavaThread "Memory manager" [_thread_blocked, id=1928, stack(0x000000eda9f00000,0x000000edaa000000)]

Other Threads:
  0x000001efcc1e2000 VMThread "VM Thread" [stack: 0x000000eda7100000,0x000000eda7200000] [id=8368]
  0x000001efcccd2800 WatcherThread [stack: 0x000000eda7b00000,0x000000eda7c00000] [id=5844]
  0x000001efb06a6800 GCTaskThread "GC Thread#0" [stack: 0x000000eda6c00000,0x000000eda6d00000] [id=11104]
  0x000001efcd465800 GCTaskThread "GC Thread#1" [stack: 0x000000eda7d00000,0x000000eda7e00000] [id=2444]
  0x000001efcf6a1800 GCTaskThread "GC Thread#2" [stack: 0x000000eda8a00000,0x000000eda8b00000] [id=11956]
  0x000001efcf672800 GCTaskThread "GC Thread#3" [stack: 0x000000eda8b00000,0x000000eda8c00000] [id=1816]
  0x000001efb06d8000 ConcurrentGCThread "G1 Main Marker" [stack: 0x000000eda6d00000,0x000000eda6e00000] [id=3536]
  0x000001efb06d9000 ConcurrentGCThread "G1 Conc#0" [stack: 0x000000eda6e00000,0x000000eda6f00000] [id=9724]
  0x000001efcc030800 ConcurrentGCThread "G1 Refine#0" [stack: 0x000000eda6f00000,0x000000eda7000000] [id=11876]
  0x000001efcc038800 ConcurrentGCThread "G1 Young RemSet Sampling" [stack: 0x000000eda7000000,0x000000eda7100000] [id=5360]

Threads with active compile tasks:
C2 CompilerThread0   5982 6396  s    4       java.util.Hashtable::put (104 bytes)
C2 CompilerThread1   5982 6386       4       java.lang.Class::getMethodsRecursive (99 bytes)

VM state:not at safepoint (normal execution)

VM Mutex/Monitor currently owned by a thread: None

Heap address: 0x0000000080000000, size: 2048 MB, Compressed Oops mode: 32-bit
Narrow klass base: 0x0000000000000000, Narrow klass shift: 3
Compressed class space size: 1073741824 Address: 0x0000000100000000

Heap:
 garbage-first heap   total 184320K, used 90111K [0x0000000080000000, 0x0000000100000000)
  region size 1024K, 25 young (25600K), 10 survivors (10240K)
 Metaspace       used 66322K, capacity 68074K, committed 68224K, reserved 1107968K
  class space    used 8400K, capacity 9014K, committed 9088K, reserved 1048576K
Heap Regions: E=young(eden), S=young(survivor), O=old, HS=humongous(starts), HC=humongous(continues), CS=collection set, F=free, A=archive, TAMS=top-at-mark-start (previous, next)
|   0|0x0000000080000000, 0x0000000080100000, 0x0000000080100000|100%| O|  |TAMS 0x0000000080100000, 0x0000000080000000| Untracked 
|   1|0x0000000080100000, 0x0000000080200000, 0x0000000080200000|100%| O|  |TAMS 0x0000000080200000, 0x0000000080100000| Untracked 
|   2|0x0000000080200000, 0x0000000080300000, 0x0000000080300000|100%| O|  |TAMS 0x0000000080300000, 0x0000000080200000| Untracked 
|   3|0x0000000080300000, 0x0000000080400000, 0x0000000080400000|100%|HS|  |TAMS 0x0000000080400000, 0x0000000080300000| Complete 
|   4|0x0000000080400000, 0x0000000080500000, 0x0000000080500000|100%|HC|  |TAMS 0x0000000080500000, 0x0000000080400000| Complete 
|   5|0x0000000080500000, 0x0000000080600000, 0x0000000080600000|100%|HC|  |TAMS 0x0000000080600000, 0x0000000080500000| Complete 
|   6|0x0000000080600000, 0x0000000080700000, 0x0000000080700000|100%| O|  |TAMS 0x0000000080700000, 0x0000000080600000| Untracked 
|   7|0x0000000080700000, 0x0000000080800000, 0x0000000080800000|100%| O|  |TAMS 0x0000000080800000, 0x0000000080700000| Untracked 
|   8|0x0000000080800000, 0x0000000080900000, 0x0000000080900000|100%| O|  |TAMS 0x0000000080900000, 0x0000000080800000| Untracked 
|   9|0x0000000080900000, 0x0000000080a00000, 0x0000000080a00000|100%|HS|  |TAMS 0x0000000080a00000, 0x0000000080900000| Complete 
|  10|0x0000000080a00000, 0x0000000080b00000, 0x0000000080b00000|100%|HC|  |TAMS 0x0000000080b00000, 0x0000000080a00000| Complete 
|  11|0x0000000080b00000, 0x0000000080c00000, 0x0000000080c00000|100%|HS|  |TAMS 0x0000000080c00000, 0x0000000080b00000| Complete 
|  12|0x0000000080c00000, 0x0000000080d00000, 0x0000000080d00000|100%|HC|  |TAMS 0x0000000080d00000, 0x0000000080c00000| Complete 
|  13|0x0000000080d00000, 0x0000000080e00000, 0x0000000080e00000|100%|HC|  |TAMS 0x0000000080e00000, 0x0000000080d00000| Complete 
|  14|0x0000000080e00000, 0x0000000080f00000, 0x0000000080f00000|100%|HS|  |TAMS 0x0000000080f00000, 0x0000000080e00000| Complete 
|  15|0x0000000080f00000, 0x0000000081000000, 0x0000000081000000|100%|HC|  |TAMS 0x0000000081000000, 0x0000000080f00000| Complete 
|  16|0x0000000081000000, 0x0000000081100000, 0x0000000081100000|100%|HC|  |TAMS 0x0000000081100000, 0x0000000081000000| Complete 
|  17|0x0000000081100000, 0x0000000081200000, 0x0000000081200000|100%|HC|  |TAMS 0x0000000081200000, 0x0000000081100000| Complete 
|  18|0x0000000081200000, 0x0000000081300000, 0x0000000081300000|100%|HC|  |TAMS 0x0000000081300000, 0x0000000081200000| Complete 
|  19|0x0000000081300000, 0x0000000081400000, 0x0000000081400000|100%| O|  |TAMS 0x0000000081400000, 0x0000000081300000| Untracked 
|  20|0x0000000081400000, 0x0000000081500000, 0x0000000081500000|100%| O|  |TAMS 0x0000000081500000, 0x0000000081400000| Untracked 
|  21|0x0000000081500000, 0x0000000081600000, 0x0000000081600000|100%| O|  |TAMS 0x0000000081600000, 0x0000000081500000| Untracked 
|  22|0x0000000081600000, 0x0000000081700000, 0x0000000081700000|100%| O|  |TAMS 0x0000000081700000, 0x0000000081600000| Untracked 
|  23|0x0000000081700000, 0x0000000081800000, 0x0000000081800000|100%| O|  |TAMS 0x0000000081800000, 0x0000000081700000| Untracked 
|  24|0x0000000081800000, 0x0000000081900000, 0x0000000081900000|100%| O|  |TAMS 0x0000000081900000, 0x0000000081800000| Untracked 
|  25|0x0000000081900000, 0x0000000081a00000, 0x0000000081a00000|100%| O|  |TAMS 0x0000000081a00000, 0x0000000081900000| Untracked 
|  26|0x0000000081a00000, 0x0000000081b00000, 0x0000000081b00000|100%| O|  |TAMS 0x0000000081b00000, 0x0000000081a00000| Untracked 
|  27|0x0000000081b00000, 0x0000000081c00000, 0x0000000081c00000|100%|HS|  |TAMS 0x0000000081b00000, 0x0000000081b00000| Complete 
|  28|0x0000000081c00000, 0x0000000081d00000, 0x0000000081d00000|100%|HC|  |TAMS 0x0000000081c00000, 0x0000000081c00000| Complete 
|  29|0x0000000081d00000, 0x0000000081e00000, 0x0000000081e00000|100%|HC|  |TAMS 0x0000000081d00000, 0x0000000081d00000| Complete 
|  30|0x0000000081e00000, 0x0000000081f00000, 0x0000000081f00000|100%| O|  |TAMS 0x0000000081f00000, 0x0000000081e00000| Untracked 
|  31|0x0000000081f00000, 0x0000000082000000, 0x0000000082000000|100%| O|  |TAMS 0x0000000082000000, 0x0000000081f00000| Untracked 
|  32|0x0000000082000000, 0x0000000082100000, 0x0000000082100000|100%| O|  |TAMS 0x0000000082100000, 0x0000000082000000| Untracked 
|  33|0x0000000082100000, 0x0000000082200000, 0x0000000082200000|100%| O|  |TAMS 0x0000000082200000, 0x0000000082100000| Untracked 
|  34|0x0000000082200000, 0x0000000082300000, 0x0000000082300000|100%| O|  |TAMS 0x0000000082217800, 0x0000000082200000| Untracked 
|  35|0x0000000082300000, 0x0000000082400000, 0x0000000082400000|100%|HS|  |TAMS 0x0000000082300000, 0x0000000082300000| Complete 
|  36|0x0000000082400000, 0x0000000082500000, 0x0000000082500000|100%|HC|  |TAMS 0x0000000082400000, 0x0000000082400000| Complete 
|  37|0x0000000082500000, 0x0000000082600000, 0x0000000082600000|100%|HC|  |TAMS 0x0000000082500000, 0x0000000082500000| Complete 
|  38|0x0000000082600000, 0x0000000082700000, 0x0000000082700000|100%|HC|  |TAMS 0x0000000082600000, 0x0000000082600000| Complete 
|  39|0x0000000082700000, 0x0000000082800000, 0x0000000082800000|100%|HC|  |TAMS 0x0000000082700000, 0x0000000082700000| Complete 
|  40|0x0000000082800000, 0x0000000082900000, 0x0000000082900000|100%|HS|  |TAMS 0x0000000082800000, 0x0000000082800000| Complete 
|  41|0x0000000082900000, 0x0000000082a00000, 0x0000000082a00000|100%| O|  |TAMS 0x0000000082900000, 0x0000000082900000| Untracked 
|  42|0x0000000082a00000, 0x0000000082b00000, 0x0000000082b00000|100%| O|  |TAMS 0x0000000082a00000, 0x0000000082a00000| Untracked 
|  43|0x0000000082b00000, 0x0000000082c00000, 0x0000000082c00000|100%| O|  |TAMS 0x0000000082b00000, 0x0000000082b00000| Untracked 
|  44|0x0000000082c00000, 0x0000000082d00000, 0x0000000082d00000|100%|HS|  |TAMS 0x0000000082c00000, 0x0000000082c00000| Complete 
|  45|0x0000000082d00000, 0x0000000082e00000, 0x0000000082e00000|100%| O|  |TAMS 0x0000000082d00000, 0x0000000082d00000| Untracked 
|  46|0x0000000082e00000, 0x0000000082f00000, 0x0000000082f00000|100%| O|  |TAMS 0x0000000082e00000, 0x0000000082e00000| Untracked 
|  47|0x0000000082f00000, 0x0000000083000000, 0x0000000083000000|100%| O|  |TAMS 0x0000000082f00000, 0x0000000082f00000| Untracked 
|  48|0x0000000083000000, 0x0000000083100000, 0x0000000083100000|100%| O|  |TAMS 0x0000000083000000, 0x0000000083000000| Untracked 
|  49|0x0000000083100000, 0x0000000083200000, 0x0000000083200000|100%| O|  |TAMS 0x0000000083100000, 0x0000000083100000| Untracked 
|  50|0x0000000083200000, 0x0000000083300000, 0x0000000083300000|100%| O|  |TAMS 0x0000000083200000, 0x0000000083200000| Untracked 
|  51|0x0000000083300000, 0x0000000083400000, 0x0000000083400000|100%| O|  |TAMS 0x0000000083300000, 0x0000000083300000| Untracked 
|  52|0x0000000083400000, 0x0000000083500000, 0x0000000083500000|100%| O|  |TAMS 0x0000000083400000, 0x0000000083400000| Untracked 
|  53|0x0000000083500000, 0x0000000083600000, 0x0000000083600000|100%| O|  |TAMS 0x0000000083500000, 0x0000000083500000| Untracked 
|  54|0x0000000083600000, 0x0000000083700000, 0x0000000083700000|100%| O|  |TAMS 0x0000000083600000, 0x0000000083600000| Untracked 
|  55|0x0000000083700000, 0x0000000083800000, 0x0000000083800000|100%| O|  |TAMS 0x0000000083700000, 0x0000000083700000| Untracked 
|  56|0x0000000083800000, 0x0000000083900000, 0x0000000083900000|100%|HS|  |TAMS 0x0000000083800000, 0x0000000083800000| Complete 
|  57|0x0000000083900000, 0x0000000083a00000, 0x0000000083a00000|100%|HC|  |TAMS 0x0000000083900000, 0x0000000083900000| Complete 
|  58|0x0000000083a00000, 0x0000000083b00000, 0x0000000083b00000|100%| O|  |TAMS 0x0000000083a00000, 0x0000000083a00000| Untracked 
|  59|0x0000000083b00000, 0x0000000083c00000, 0x0000000083c00000|100%| O|  |TAMS 0x0000000083b00000, 0x0000000083b00000| Untracked 
|  60|0x0000000083c00000, 0x0000000083d00000, 0x0000000083d00000|100%| O|  |TAMS 0x0000000083c00000, 0x0000000083c00000| Untracked 
|  61|0x0000000083d00000, 0x0000000083e00000, 0x0000000083e00000|100%| O|  |TAMS 0x0000000083d00000, 0x0000000083d00000| Untracked 
|  62|0x0000000083e00000, 0x0000000083f00000, 0x0000000083f00000|100%| O|  |TAMS 0x0000000083e00000, 0x0000000083e00000| Untracked 
|  63|0x0000000083f00000, 0x0000000084000000, 0x0000000084000000|100%| O|  |TAMS 0x0000000083f00000, 0x0000000083f00000| Untracked 
|  64|0x0000000084000000, 0x0000000084000000, 0x0000000084100000|  0%| F|  |TAMS 0x0000000084000000, 0x0000000084000000| Untracked 
|  65|0x0000000084100000, 0x0000000084100000, 0x0000000084200000|  0%| F|  |TAMS 0x0000000084100000, 0x0000000084100000| Untracked 
|  66|0x0000000084200000, 0x0000000084200000, 0x0000000084300000|  0%| F|  |TAMS 0x0000000084200000, 0x0000000084200000| Untracked 
|  67|0x0000000084300000, 0x0000000084300000, 0x0000000084400000|  0%| F|  |TAMS 0x0000000084300000, 0x0000000084300000| Untracked 
|  68|0x0000000084400000, 0x0000000084400000, 0x0000000084500000|  0%| F|  |TAMS 0x0000000084400000, 0x0000000084400000| Untracked 
|  69|0x0000000084500000, 0x0000000084500000, 0x0000000084600000|  0%| F|  |TAMS 0x0000000084500000, 0x0000000084500000| Untracked 
|  70|0x0000000084600000, 0x0000000084600000, 0x0000000084700000|  0%| F|  |TAMS 0x0000000084600000, 0x0000000084600000| Untracked 
|  71|0x0000000084700000, 0x0000000084700000, 0x0000000084800000|  0%| F|  |TAMS 0x0000000084700000, 0x0000000084700000| Untracked 
|  72|0x0000000084800000, 0x0000000084800000, 0x0000000084900000|  0%| F|  |TAMS 0x0000000084800000, 0x0000000084800000| Untracked 
|  73|0x0000000084900000, 0x0000000084900000, 0x0000000084a00000|  0%| F|  |TAMS 0x0000000084900000, 0x0000000084900000| Untracked 
|  74|0x0000000084a00000, 0x0000000084a00000, 0x0000000084b00000|  0%| F|  |TAMS 0x0000000084a00000, 0x0000000084a00000| Untracked 
|  75|0x0000000084b00000, 0x0000000084b00000, 0x0000000084c00000|  0%| F|  |TAMS 0x0000000084b00000, 0x0000000084b00000| Untracked 
|  76|0x0000000084c00000, 0x0000000084c00000, 0x0000000084d00000|  0%| F|  |TAMS 0x0000000084c00000, 0x0000000084c00000| Untracked 
|  77|0x0000000084d00000, 0x0000000084d00000, 0x0000000084e00000|  0%| F|  |TAMS 0x0000000084d00000, 0x0000000084d00000| Untracked 
|  78|0x0000000084e00000, 0x0000000084e00000, 0x0000000084f00000|  0%| F|  |TAMS 0x0000000084e00000, 0x0000000084e00000| Untracked 
|  79|0x0000000084f00000, 0x0000000084f00000, 0x0000000085000000|  0%| F|  |TAMS 0x0000000084f00000, 0x0000000084f00000| Untracked 
|  80|0x0000000085000000, 0x0000000085000000, 0x0000000085100000|  0%| F|  |TAMS 0x0000000085000000, 0x0000000085000000| Untracked 
|  81|0x0000000085100000, 0x0000000085100000, 0x0000000085200000|  0%| F|  |TAMS 0x0000000085100000, 0x0000000085100000| Untracked 
|  82|0x0000000085200000, 0x0000000085200000, 0x0000000085300000|  0%| F|  |TAMS 0x0000000085200000, 0x0000000085200000| Untracked 
|  83|0x0000000085300000, 0x0000000085300000, 0x0000000085400000|  0%| F|  |TAMS 0x0000000085300000, 0x0000000085300000| Untracked 
|  84|0x0000000085400000, 0x0000000085400000, 0x0000000085500000|  0%| F|  |TAMS 0x0000000085400000, 0x0000000085400000| Untracked 
|  85|0x0000000085500000, 0x0000000085500000, 0x0000000085600000|  0%| F|  |TAMS 0x0000000085500000, 0x0000000085500000| Untracked 
|  86|0x0000000085600000, 0x0000000085600000, 0x0000000085700000|  0%| F|  |TAMS 0x0000000085600000, 0x0000000085600000| Untracked 
|  87|0x0000000085700000, 0x0000000085700000, 0x0000000085800000|  0%| F|  |TAMS 0x0000000085700000, 0x0000000085700000| Untracked 
|  88|0x0000000085800000, 0x0000000085800000, 0x0000000085900000|  0%| F|  |TAMS 0x0000000085800000, 0x0000000085800000| Untracked 
|  89|0x0000000085900000, 0x0000000085900000, 0x0000000085a00000|  0%| F|  |TAMS 0x0000000085900000, 0x0000000085900000| Untracked 
|  90|0x0000000085a00000, 0x0000000085a00000, 0x0000000085b00000|  0%| F|  |TAMS 0x0000000085a00000, 0x0000000085a00000| Untracked 
|  91|0x0000000085b00000, 0x0000000085b00000, 0x0000000085c00000|  0%| F|  |TAMS 0x0000000085b00000, 0x0000000085b00000| Untracked 
|  92|0x0000000085c00000, 0x0000000085c00000, 0x0000000085d00000|  0%| F|  |TAMS 0x0000000085c00000, 0x0000000085c00000| Untracked 
|  93|0x0000000085d00000, 0x0000000085d00000, 0x0000000085e00000|  0%| F|  |TAMS 0x0000000085d00000, 0x0000000085d00000| Untracked 
|  94|0x0000000085e00000, 0x0000000085e00000, 0x0000000085f00000|  0%| F|  |TAMS 0x0000000085e00000, 0x0000000085e00000| Untracked 
|  95|0x0000000085f00000, 0x0000000085fffd48, 0x0000000086000000| 99%| S|CS|TAMS 0x0000000085f00000, 0x0000000085f00000| Complete 
|  96|0x0000000086000000, 0x0000000086100000, 0x0000000086100000|100%| S|CS|TAMS 0x0000000086000000, 0x0000000086000000| Complete 
|  97|0x0000000086100000, 0x0000000086200000, 0x0000000086200000|100%| S|CS|TAMS 0x0000000086100000, 0x0000000086100000| Complete 
|  98|0x0000000086200000, 0x0000000086300000, 0x0000000086300000|100%| S|CS|TAMS 0x0000000086200000, 0x0000000086200000| Complete 
|  99|0x0000000086300000, 0x0000000086400000, 0x0000000086400000|100%| S|CS|TAMS 0x0000000086300000, 0x0000000086300000| Complete 
| 100|0x0000000086400000, 0x0000000086500000, 0x0000000086500000|100%| S|CS|TAMS 0x0000000086400000, 0x0000000086400000| Complete 
| 101|0x0000000086500000, 0x0000000086600000, 0x0000000086600000|100%| S|CS|TAMS 0x0000000086500000, 0x0000000086500000| Complete 
| 102|0x0000000086600000, 0x0000000086700000, 0x0000000086700000|100%| S|CS|TAMS 0x0000000086600000, 0x0000000086600000| Complete 
| 103|0x0000000086700000, 0x0000000086800000, 0x0000000086800000|100%| S|CS|TAMS 0x0000000086700000, 0x0000000086700000| Complete 
| 104|0x0000000086800000, 0x0000000086900000, 0x0000000086900000|100%| S|CS|TAMS 0x0000000086800000, 0x0000000086800000| Complete 
| 105|0x0000000086900000, 0x0000000086900000, 0x0000000086a00000|  0%| F|  |TAMS 0x0000000086900000, 0x0000000086900000| Untracked 
| 106|0x0000000086a00000, 0x0000000086a00000, 0x0000000086b00000|  0%| F|  |TAMS 0x0000000086a00000, 0x0000000086a00000| Untracked 
| 107|0x0000000086b00000, 0x0000000086b00000, 0x0000000086c00000|  0%| F|  |TAMS 0x0000000086b00000, 0x0000000086b00000| Untracked 
| 108|0x0000000086c00000, 0x0000000086c00000, 0x0000000086d00000|  0%| F|  |TAMS 0x0000000086c00000, 0x0000000086c00000| Untracked 
| 109|0x0000000086d00000, 0x0000000086d00000, 0x0000000086e00000|  0%| F|  |TAMS 0x0000000086d00000, 0x0000000086d00000| Untracked 
| 110|0x0000000086e00000, 0x0000000086e00000, 0x0000000086f00000|  0%| F|  |TAMS 0x0000000086e00000, 0x0000000086e00000| Untracked 
| 111|0x0000000086f00000, 0x0000000086f00000, 0x0000000087000000|  0%| F|  |TAMS 0x0000000086f00000, 0x0000000086f00000| Untracked 
| 112|0x0000000087000000, 0x0000000087000000, 0x0000000087100000|  0%| F|  |TAMS 0x0000000087000000, 0x0000000087000000| Untracked 
| 113|0x0000000087100000, 0x0000000087100000, 0x0000000087200000|  0%| F|  |TAMS 0x0000000087100000, 0x0000000087100000| Untracked 
| 114|0x0000000087200000, 0x0000000087200000, 0x0000000087300000|  0%| F|  |TAMS 0x0000000087200000, 0x0000000087200000| Untracked 
| 115|0x0000000087300000, 0x0000000087300000, 0x0000000087400000|  0%| F|  |TAMS 0x0000000087300000, 0x0000000087300000| Untracked 
| 116|0x0000000087400000, 0x0000000087400000, 0x0000000087500000|  0%| F|  |TAMS 0x0000000087400000, 0x0000000087400000| Untracked 
| 117|0x0000000087500000, 0x0000000087500000, 0x0000000087600000|  0%| F|  |TAMS 0x0000000087500000, 0x0000000087500000| Untracked 
| 118|0x0000000087600000, 0x0000000087600000, 0x0000000087700000|  0%| F|  |TAMS 0x0000000087600000, 0x0000000087600000| Untracked 
| 119|0x0000000087700000, 0x0000000087700000, 0x0000000087800000|  0%| F|  |TAMS 0x0000000087700000, 0x0000000087700000| Untracked 
| 120|0x0000000087800000, 0x0000000087800000, 0x0000000087900000|  0%| F|  |TAMS 0x0000000087800000, 0x0000000087800000| Untracked 
| 121|0x0000000087900000, 0x0000000087900000, 0x0000000087a00000|  0%| F|  |TAMS 0x0000000087900000, 0x0000000087900000| Untracked 
| 122|0x0000000087a00000, 0x0000000087a00000, 0x0000000087b00000|  0%| F|  |TAMS 0x0000000087a00000, 0x0000000087a00000| Untracked 
| 123|0x0000000087b00000, 0x0000000087b00000, 0x0000000087c00000|  0%| F|  |TAMS 0x0000000087b00000, 0x0000000087b00000| Untracked 
| 124|0x0000000087c00000, 0x0000000087c00000, 0x0000000087d00000|  0%| F|  |TAMS 0x0000000087c00000, 0x0000000087c00000| Untracked 
| 125|0x0000000087d00000, 0x0000000087d00000, 0x0000000087e00000|  0%| F|  |TAMS 0x0000000087d00000, 0x0000000087d00000| Untracked 
| 126|0x0000000087e00000, 0x0000000087e00000, 0x0000000087f00000|  0%| F|  |TAMS 0x0000000087e00000, 0x0000000087e00000| Untracked 
| 127|0x0000000087f00000, 0x0000000087f00000, 0x0000000088000000|  0%| F|  |TAMS 0x0000000087f00000, 0x0000000087f00000| Untracked 
| 128|0x0000000088000000, 0x0000000088000000, 0x0000000088100000|  0%| F|  |TAMS 0x0000000088000000, 0x0000000088000000| Untracked 
| 129|0x0000000088100000, 0x0000000088100000, 0x0000000088200000|  0%| F|  |TAMS 0x0000000088100000, 0x0000000088100000| Untracked 
| 130|0x0000000088200000, 0x0000000088200000, 0x0000000088300000|  0%| F|  |TAMS 0x0000000088200000, 0x0000000088200000| Untracked 
| 131|0x0000000088300000, 0x0000000088300000, 0x0000000088400000|  0%| F|  |TAMS 0x0000000088300000, 0x0000000088300000| Untracked 
| 132|0x0000000088400000, 0x0000000088400000, 0x0000000088500000|  0%| F|  |TAMS 0x0000000088400000, 0x0000000088400000| Untracked 
| 133|0x0000000088500000, 0x0000000088500000, 0x0000000088600000|  0%| F|  |TAMS 0x0000000088500000, 0x0000000088500000| Untracked 
| 134|0x0000000088600000, 0x0000000088600000, 0x0000000088700000|  0%| F|  |TAMS 0x0000000088600000, 0x0000000088600000| Untracked 
| 135|0x0000000088700000, 0x0000000088700000, 0x0000000088800000|  0%| F|  |TAMS 0x0000000088700000, 0x0000000088700000| Untracked 
| 136|0x0000000088800000, 0x0000000088800000, 0x0000000088900000|  0%| F|  |TAMS 0x0000000088800000, 0x0000000088800000| Untracked 
| 137|0x0000000088900000, 0x0000000088900000, 0x0000000088a00000|  0%| F|  |TAMS 0x0000000088900000, 0x0000000088900000| Untracked 
| 138|0x0000000088a00000, 0x0000000088a00000, 0x0000000088b00000|  0%| F|  |TAMS 0x0000000088a00000, 0x0000000088a00000| Untracked 
| 139|0x0000000088b00000, 0x0000000088b00000, 0x0000000088c00000|  0%| F|  |TAMS 0x0000000088b00000, 0x0000000088b00000| Untracked 
| 140|0x0000000088c00000, 0x0000000088c00000, 0x0000000088d00000|  0%| F|  |TAMS 0x0000000088c00000, 0x0000000088c00000| Untracked 
| 141|0x0000000088d00000, 0x0000000088d00000, 0x0000000088e00000|  0%| F|  |TAMS 0x0000000088d00000, 0x0000000088d00000| Untracked 
| 142|0x0000000088e00000, 0x0000000088e00000, 0x0000000088f00000|  0%| F|  |TAMS 0x0000000088e00000, 0x0000000088e00000| Untracked 
| 143|0x0000000088f00000, 0x0000000088f00000, 0x0000000089000000|  0%| F|  |TAMS 0x0000000088f00000, 0x0000000088f00000| Untracked 
| 144|0x0000000089000000, 0x0000000089000000, 0x0000000089100000|  0%| F|  |TAMS 0x0000000089000000, 0x0000000089000000| Untracked 
| 145|0x0000000089100000, 0x0000000089100000, 0x0000000089200000|  0%| F|  |TAMS 0x0000000089100000, 0x0000000089100000| Untracked 
| 146|0x0000000089200000, 0x0000000089200000, 0x0000000089300000|  0%| F|  |TAMS 0x0000000089200000, 0x0000000089200000| Untracked 
| 147|0x0000000089300000, 0x0000000089300000, 0x0000000089400000|  0%| F|  |TAMS 0x0000000089300000, 0x0000000089300000| Untracked 
| 148|0x0000000089400000, 0x0000000089400000, 0x0000000089500000|  0%| F|  |TAMS 0x0000000089400000, 0x0000000089400000| Untracked 
| 149|0x0000000089500000, 0x0000000089500000, 0x0000000089600000|  0%| F|  |TAMS 0x0000000089500000, 0x0000000089500000| Untracked 
| 150|0x0000000089600000, 0x0000000089600000, 0x0000000089700000|  0%| F|  |TAMS 0x0000000089600000, 0x0000000089600000| Untracked 
| 151|0x0000000089700000, 0x0000000089700000, 0x0000000089800000|  0%| F|  |TAMS 0x0000000089700000, 0x0000000089700000| Untracked 
| 152|0x0000000089800000, 0x0000000089800000, 0x0000000089900000|  0%| F|  |TAMS 0x0000000089800000, 0x0000000089800000| Untracked 
| 153|0x0000000089900000, 0x0000000089900000, 0x0000000089a00000|  0%| F|  |TAMS 0x0000000089900000, 0x0000000089900000| Untracked 
| 154|0x0000000089a00000, 0x0000000089a00000, 0x0000000089b00000|  0%| F|  |TAMS 0x0000000089a00000, 0x0000000089a00000| Untracked 
| 155|0x0000000089b00000, 0x0000000089b00000, 0x0000000089c00000|  0%| F|  |TAMS 0x0000000089b00000, 0x0000000089b00000| Untracked 
| 156|0x0000000089c00000, 0x0000000089c00000, 0x0000000089d00000|  0%| F|  |TAMS 0x0000000089c00000, 0x0000000089c00000| Untracked 
| 157|0x0000000089d00000, 0x0000000089d00000, 0x0000000089e00000|  0%| F|  |TAMS 0x0000000089d00000, 0x0000000089d00000| Untracked 
| 158|0x0000000089e00000, 0x0000000089e00000, 0x0000000089f00000|  0%| F|  |TAMS 0x0000000089e00000, 0x0000000089e00000| Untracked 
| 159|0x0000000089f00000, 0x0000000089f00000, 0x000000008a000000|  0%| F|  |TAMS 0x0000000089f00000, 0x0000000089f00000| Untracked 
| 160|0x000000008a000000, 0x000000008a000000, 0x000000008a100000|  0%| F|  |TAMS 0x000000008a000000, 0x000000008a000000| Untracked 
| 161|0x000000008a100000, 0x000000008a100000, 0x000000008a200000|  0%| F|  |TAMS 0x000000008a100000, 0x000000008a100000| Untracked 
| 162|0x000000008a200000, 0x000000008a200000, 0x000000008a300000|  0%| F|  |TAMS 0x000000008a200000, 0x000000008a200000| Untracked 
| 163|0x000000008a300000, 0x000000008a300000, 0x000000008a400000|  0%| F|  |TAMS 0x000000008a300000, 0x000000008a300000| Untracked 
| 164|0x000000008a400000, 0x000000008a400000, 0x000000008a500000|  0%| F|  |TAMS 0x000000008a400000, 0x000000008a400000| Untracked 
| 165|0x000000008a500000, 0x000000008a58c5d0, 0x000000008a600000| 54%| E|  |TAMS 0x000000008a500000, 0x000000008a500000| Complete 
| 166|0x000000008a600000, 0x000000008a700000, 0x000000008a700000|100%| E|CS|TAMS 0x000000008a600000, 0x000000008a600000| Complete 
| 167|0x000000008a700000, 0x000000008a800000, 0x000000008a800000|100%| E|CS|TAMS 0x000000008a700000, 0x000000008a700000| Complete 
| 168|0x000000008a800000, 0x000000008a900000, 0x000000008a900000|100%| E|CS|TAMS 0x000000008a800000, 0x000000008a800000| Complete 
| 169|0x000000008a900000, 0x000000008aa00000, 0x000000008aa00000|100%| E|CS|TAMS 0x000000008a900000, 0x000000008a900000| Complete 
| 170|0x000000008aa00000, 0x000000008ab00000, 0x000000008ab00000|100%| E|CS|TAMS 0x000000008aa00000, 0x000000008aa00000| Complete 
| 171|0x000000008ab00000, 0x000000008ac00000, 0x000000008ac00000|100%| E|CS|TAMS 0x000000008ab00000, 0x000000008ab00000| Complete 
| 172|0x000000008ac00000, 0x000000008ad00000, 0x000000008ad00000|100%| E|CS|TAMS 0x000000008ac00000, 0x000000008ac00000| Complete 
| 173|0x000000008ad00000, 0x000000008ae00000, 0x000000008ae00000|100%| E|CS|TAMS 0x000000008ad00000, 0x000000008ad00000| Complete 
| 174|0x000000008ae00000, 0x000000008af00000, 0x000000008af00000|100%| E|CS|TAMS 0x000000008ae00000, 0x000000008ae00000| Complete 
| 175|0x000000008af00000, 0x000000008b000000, 0x000000008b000000|100%| E|CS|TAMS 0x000000008af00000, 0x000000008af00000| Complete 
| 176|0x000000008b000000, 0x000000008b100000, 0x000000008b100000|100%| E|CS|TAMS 0x000000008b000000, 0x000000008b000000| Complete 
| 177|0x000000008b100000, 0x000000008b200000, 0x000000008b200000|100%| E|CS|TAMS 0x000000008b100000, 0x000000008b100000| Complete 
| 178|0x000000008b200000, 0x000000008b300000, 0x000000008b300000|100%| E|CS|TAMS 0x000000008b200000, 0x000000008b200000| Complete 
| 179|0x000000008b300000, 0x000000008b400000, 0x000000008b400000|100%| E|CS|TAMS 0x000000008b300000, 0x000000008b300000| Complete 

Card table byte_map: [0x000001efc5390000,0x000001efc5790000] _byte_map_base: 0x000001efc4f90000

Marking Bits (Prev, Next): (CMBitMap*) 0x000001efb06ceab0, (CMBitMap*) 0x000001efb06cea78
 Prev Bits: [0x000001efc7b90000, 0x000001efc9b90000)
 Next Bits: [0x000001efc5b90000, 0x000001efc7b90000)

Polling page: 0x000001efb0770000

Metaspace:

Usage:
  Non-class:     57.80 MB capacity,    56.59 MB ( 98%) used,     1.04 MB (  2%) free+waste,   168.06 KB ( <1%) overhead. 
      Class:      8.80 MB capacity,     8.21 MB ( 93%) used,   528.87 KB (  6%) free+waste,    79.25 KB ( <1%) overhead. 
       Both:     66.60 MB capacity,    64.80 MB ( 97%) used,     1.56 MB (  2%) free+waste,   247.31 KB ( <1%) overhead. 

Virtual space:
  Non-class space:       58.00 MB reserved,      58.00 MB (100%) committed 
      Class space:        1.00 GB reserved,       8.88 MB ( <1%) committed 
             Both:        1.06 GB reserved,      66.88 MB (  6%) committed 

Chunk freelists:
   Non-Class:  12.00 KB
       Class:  10.00 KB
        Both:  22.00 KB

MaxMetaspaceSize: 17179869184.00 GB
CompressedClassSpaceSize: 1.00 GB

CodeHeap 'non-profiled nmethods': size=120064Kb used=3521Kb max_used=3521Kb free=116542Kb
 bounds [0x000001efbd430000, 0x000001efbd7b0000, 0x000001efc4970000]
CodeHeap 'profiled nmethods': size=120000Kb used=13675Kb max_used=13675Kb free=106324Kb
 bounds [0x000001efb5f00000, 0x000001efb6c60000, 0x000001efbd430000]
CodeHeap 'non-nmethods': size=5696Kb used=2277Kb max_used=2318Kb free=3418Kb
 bounds [0x000001efb5970000, 0x000001efb5be0000, 0x000001efb5f00000]
 total_blobs=7239 nmethods=6379 adapters=771
 compilation: enabled
              stopped_count=0, restarted_count=0
 full_count=0

Compilation events (20 events):
Event: 5.953 Thread 0x000001efcc216800 6406       3       org.codehaus.groovy.reflection.ClassInfo::isValidWeakMetaClass (30 bytes)
Event: 5.954 Thread 0x000001efcc216800 nmethod 6406 0x000001efb6c55b90 code [0x000001efb6c55d60, 0x000001efb6c560f8]
Event: 5.954 Thread 0x000001efcc216800 6407       3       org.gradle.internal.metaobject.DynamicInvokeResult::isFound (16 bytes)
Event: 5.954 Thread 0x000001efcc216800 nmethod 6407 0x000001efb6c56190 code [0x000001efb6c56340, 0x000001efb6c564b8]
Event: 5.954 Thread 0x000001efcc216800 6408       1       org.gradle.internal.metaobject.BeanDynamicObject::access$500 (5 bytes)
Event: 5.954 Thread 0x000001efcc216800 nmethod 6408 0x000001efbd79b010 code [0x000001efbd79b1c0, 0x000001efbd79b258]
Event: 5.957 Thread 0x000001efcc216800 6409       3       org.gradle.api.internal.collections.AbstractIterationOrderRetainingElementSource$RealizedElementCollectionIterator::updateNext (157 bytes)
Event: 5.958 Thread 0x000001efcc216800 nmethod 6409 0x000001efb6c56590 code [0x000001efb6c56840, 0x000001efb6c57718]
Event: 5.958 Thread 0x000001efcc216800 6410       3       org.gradle.api.internal.collections.AbstractIterationOrderRetainingElementSource$RealizedElementCollectionIterator::hasNext (13 bytes)
Event: 5.958 Thread 0x000001efcc216800 nmethod 6410 0x000001efb6c57b90 code [0x000001efb6c57d40, 0x000001efb6c57e98]
Event: 5.958 Thread 0x000001efcc216800 6411       1       org.gradle.configuration.internal.DefaultUserCodeApplicationContext$CurrentApplication::getId (5 bytes)
Event: 5.958 Thread 0x000001efcc216800 nmethod 6411 0x000001efbd79b310 code [0x000001efbd79b4c0, 0x000001efbd79b578]
Event: 5.964 Thread 0x000001efcc216800 6412       3       com.google.common.util.concurrent.AbstractFuture::get (167 bytes)
Event: 5.965 Thread 0x000001efcc216800 nmethod 6412 0x000001efb6c57f10 code [0x000001efb6c58240, 0x000001efb6c59748]
Event: 5.965 Thread 0x000001efcc216800 6413       3       com.google.common.base.Stopwatch::elapsedNanos (32 bytes)
Event: 5.966 Thread 0x000001efcc216800 nmethod 6413 0x000001efb6c59d10 code [0x000001efb6c59ee0, 0x000001efb6c5a128]
Event: 5.966 Thread 0x000001efcc216800 6414       1       org.gradle.api.internal.collections.AbstractIterationOrderRetainingElementSource::getInserted (5 bytes)
Event: 5.966 Thread 0x000001efcc216800 nmethod 6414 0x000001efbd79b610 code [0x000001efbd79b7c0, 0x000001efbd79b878]
Event: 5.967 Thread 0x000001efcc216800 6415       3       jdk.internal.loader.URLClassPath::findResource (38 bytes)
Event: 5.967 Thread 0x000001efcc216800 nmethod 6415 0x000001efb6c5a210 code [0x000001efb6c5a3e0, 0x000001efb6c5a6f8]

GC Heap History (20 events):
Event: 0.492 GC heap before
{Heap before GC invocations=1 (full 0):
 garbage-first heap   total 126976K, used 20132K [0x0000000080000000, 0x0000000100000000)
  region size 1024K, 14 young (14336K), 2 survivors (2048K)
 Metaspace       used 9834K, capacity 10050K, committed 10112K, reserved 1058816K
  class space    used 1022K, capacity 1102K, committed 1152K, reserved 1048576K
}
Event: 0.495 GC heap after
{Heap after GC invocations=2 (full 0):
 garbage-first heap   total 126976K, used 9090K [0x0000000080000000, 0x0000000100000000)
  region size 1024K, 2 young (2048K), 2 survivors (2048K)
 Metaspace       used 9834K, capacity 10050K, committed 10112K, reserved 1058816K
  class space    used 1022K, capacity 1102K, committed 1152K, reserved 1048576K
}
Event: 0.776 GC heap before
{Heap before GC invocations=2 (full 0):
 garbage-first heap   total 126976K, used 40834K [0x0000000080000000, 0x0000000100000000)
  region size 1024K, 32 young (32768K), 2 survivors (2048K)
 Metaspace       used 10782K, capacity 11003K, committed 11264K, reserved 1058816K
  class space    used 1125K, capacity 1206K, committed 1280K, reserved 1048576K
}
Event: 0.779 GC heap after
{Heap after GC invocations=3 (full 0):
 garbage-first heap   total 126976K, used 11661K [0x0000000080000000, 0x0000000100000000)
  region size 1024K, 4 young (4096K), 4 survivors (4096K)
 Metaspace       used 10782K, capacity 11003K, committed 11264K, reserved 1058816K
  class space    used 1125K, capacity 1206K, committed 1280K, reserved 1048576K
}
Event: 1.683 GC heap before
{Heap before GC invocations=3 (full 0):
 garbage-first heap   total 126976K, used 74125K [0x0000000080000000, 0x0000000100000000)
  region size 1024K, 66 young (67584K), 4 survivors (4096K)
 Metaspace       used 20573K, capacity 21117K, committed 21248K, reserved 1067008K
  class space    used 2512K, capacity 2731K, committed 2816K, reserved 1048576K
}
Event: 1.690 GC heap after
{Heap after GC invocations=4 (full 0):
 garbage-first heap   total 126976K, used 16477K [0x0000000080000000, 0x0000000100000000)
  region size 1024K, 9 young (9216K), 9 survivors (9216K)
 Metaspace       used 20573K, capacity 21117K, committed 21248K, reserved 1067008K
  class space    used 2512K, capacity 2731K, committed 2816K, reserved 1048576K
}
Event: 2.185 GC heap before
{Heap before GC invocations=5 (full 0):
 garbage-first heap   total 126976K, used 91229K [0x0000000080000000, 0x0000000100000000)
  region size 1024K, 72 young (73728K), 9 survivors (9216K)
 Metaspace       used 26824K, capacity 27594K, committed 27648K, reserved 1073152K
  class space    used 3536K, capacity 3806K, committed 3840K, reserved 1048576K
}
Event: 2.195 GC heap after
{Heap after GC invocations=6 (full 0):
 garbage-first heap   total 152576K, used 32271K [0x0000000080000000, 0x0000000100000000)
  region size 1024K, 6 young (6144K), 6 survivors (6144K)
 Metaspace       used 26824K, capacity 27594K, committed 27648K, reserved 1073152K
  class space    used 3536K, capacity 3806K, committed 3840K, reserved 1048576K
}
Event: 2.670 GC heap before
{Heap before GC invocations=6 (full 0):
 garbage-first heap   total 152576K, used 83471K [0x0000000080000000, 0x0000000100000000)
  region size 1024K, 57 young (58368K), 6 survivors (6144K)
 Metaspace       used 34832K, capacity 35727K, committed 35840K, reserved 1081344K
  class space    used 4555K, capacity 4899K, committed 4992K, reserved 1048576K
}
Event: 2.677 GC heap after
{Heap after GC invocations=7 (full 0):
 garbage-first heap   total 152576K, used 35432K [0x0000000080000000, 0x0000000100000000)
  region size 1024K, 9 young (9216K), 9 survivors (9216K)
 Metaspace       used 34832K, capacity 35727K, committed 35840K, reserved 1081344K
  class space    used 4555K, capacity 4899K, committed 4992K, reserved 1048576K
}
Event: 3.280 GC heap before
{Heap before GC invocations=8 (full 0):
 garbage-first heap   total 152576K, used 109160K [0x0000000080000000, 0x0000000100000000)
  region size 1024K, 79 young (80896K), 9 survivors (9216K)
 Metaspace       used 41700K, capacity 42825K, committed 43008K, reserved 1087488K
  class space    used 5375K, capacity 5774K, committed 5888K, reserved 1048576K
}
Event: 3.296 GC heap after
{Heap after GC invocations=9 (full 0):
 garbage-first heap   total 152576K, used 39473K [0x0000000080000000, 0x0000000100000000)
  region size 1024K, 8 young (8192K), 8 survivors (8192K)
 Metaspace       used 41700K, capacity 42825K, committed 43008K, reserved 1087488K
  class space    used 5375K, capacity 5774K, committed 5888K, reserved 1048576K
}
Event: 3.936 GC heap before
{Heap before GC invocations=10 (full 0):
 garbage-first heap   total 152576K, used 121393K [0x0000000080000000, 0x0000000100000000)
  region size 1024K, 79 young (80896K), 8 survivors (8192K)
 Metaspace       used 46215K, capacity 47467K, committed 47616K, reserved 1091584K
  class space    used 5882K, capacity 6329K, committed 6400K, reserved 1048576K
}
Event: 3.947 GC heap after
{Heap after GC invocations=11 (full 0):
 garbage-first heap   total 152576K, used 54206K [0x0000000080000000, 0x0000000100000000)
  region size 1024K, 10 young (10240K), 10 survivors (10240K)
 Metaspace       used 46215K, capacity 47467K, committed 47616K, reserved 1091584K
  class space    used 5882K, capacity 6329K, committed 6400K, reserved 1048576K
}
Event: 4.546 GC heap before
{Heap before GC invocations=11 (full 0):
 garbage-first heap   total 152576K, used 119742K [0x0000000080000000, 0x0000000100000000)
  region size 1024K, 73 young (74752K), 10 survivors (10240K)
 Metaspace       used 49618K, capacity 51066K, committed 51200K, reserved 1093632K
  class space    used 6344K, capacity 6816K, committed 6912K, reserved 1048576K
}
Event: 4.556 GC heap after
{Heap after GC invocations=12 (full 0):
 garbage-first heap   total 184320K, used 63455K [0x0000000080000000, 0x0000000100000000)
  region size 1024K, 7 young (7168K), 7 survivors (7168K)
 Metaspace       used 49618K, capacity 51066K, committed 51200K, reserved 1093632K
  class space    used 6344K, capacity 6816K, committed 6912K, reserved 1048576K
}
Event: 5.266 GC heap before
{Heap before GC invocations=12 (full 0):
 garbage-first heap   total 184320K, used 137183K [0x0000000080000000, 0x0000000100000000)
  region size 1024K, 77 young (78848K), 7 survivors (7168K)
 Metaspace       used 59026K, capacity 60711K, committed 60800K, reserved 1101824K
  class space    used 7478K, capacity 8064K, committed 8064K, reserved 1048576K
}
Event: 5.275 GC heap after
{Heap after GC invocations=13 (full 0):
 garbage-first heap   total 184320K, used 69904K [0x0000000080000000, 0x0000000100000000)
  region size 1024K, 5 young (5120K), 5 survivors (5120K)
 Metaspace       used 59026K, capacity 60711K, committed 60800K, reserved 1101824K
  class space    used 7478K, capacity 8064K, committed 8064K, reserved 1048576K
}
Event: 5.897 GC heap before
{Heap before GC invocations=13 (full 0):
 garbage-first heap   total 184320K, used 141584K [0x0000000080000000, 0x0000000100000000)
  region size 1024K, 75 young (76800K), 5 survivors (5120K)
 Metaspace       used 65901K, capacity 67617K, committed 67840K, reserved 1107968K
  class space    used 8357K, capacity 8946K, committed 8960K, reserved 1048576K
}
Event: 5.905 GC heap after
{Heap after GC invocations=14 (full 0):
 garbage-first heap   total 184320K, used 75775K [0x0000000080000000, 0x0000000100000000)
  region size 1024K, 10 young (10240K), 10 survivors (10240K)
 Metaspace       used 65901K, capacity 67617K, committed 67840K, reserved 1107968K
  class space    used 8357K, capacity 8946K, committed 8960K, reserved 1048576K
}

Deoptimization events (20 events):
Event: 5.814 Thread 0x000001efcdf75800 Uncommon trap: trap_request=0xffffff4d fr.pc=0x000001efbd463938 relative=0x0000000000000478
Event: 5.814 Thread 0x000001efcdf75800 Uncommon trap: reason=unstable_if action=reinterpret pc=0x000001efbd463938 method=java.lang.AbstractStringBuilder.putStringAt(ILjava/lang/String;)V @ 8 c2
Event: 5.814 Thread 0x000001efcdf75800 DEOPT PACKING pc=0x000001efbd463938 sp=0x000000eda84f6d60
Event: 5.814 Thread 0x000001efcdf75800 DEOPT UNPACKING pc=0x000001efb59783af sp=0x000000eda84f6c68 mode 2
Event: 5.814 Thread 0x000001efcdf75800 Uncommon trap: trap_request=0xffffff4d fr.pc=0x000001efbd462c6c relative=0x00000000000000cc
Event: 5.814 Thread 0x000001efcdf75800 Uncommon trap: reason=unstable_if action=reinterpret pc=0x000001efbd462c6c method=java.lang.String.getBytes([BIB)V @ 5 c2
Event: 5.814 Thread 0x000001efcdf75800 DEOPT PACKING pc=0x000001efbd462c6c sp=0x000000eda84f6c20
Event: 5.814 Thread 0x000001efcdf75800 DEOPT UNPACKING pc=0x000001efb59783af sp=0x000000eda84f6be8 mode 2
Event: 5.814 Thread 0x000001efcdf75800 Uncommon trap: trap_request=0xffffff4d fr.pc=0x000001efbd479f14 relative=0x0000000000000454
Event: 5.814 Thread 0x000001efcdf75800 Uncommon trap: reason=unstable_if action=reinterpret pc=0x000001efbd479f14 method=java.lang.AbstractStringBuilder.putStringAt(ILjava/lang/String;)V @ 8 c2
Event: 5.814 Thread 0x000001efcdf75800 DEOPT PACKING pc=0x000001efbd479f14 sp=0x000000eda84f6cf0
Event: 5.814 Thread 0x000001efcdf75800 DEOPT UNPACKING pc=0x000001efb59783af sp=0x000000eda84f6c60 mode 2
Event: 5.814 Thread 0x000001efcdf75800 Uncommon trap: trap_request=0xffffff4d fr.pc=0x000001efbd4bba40 relative=0x0000000000000380
Event: 5.814 Thread 0x000001efcdf75800 Uncommon trap: reason=unstable_if action=reinterpret pc=0x000001efbd4bba40 method=java.lang.AbstractStringBuilder.isLatin1()Z @ 10 c2
Event: 5.814 Thread 0x000001efcdf75800 DEOPT PACKING pc=0x000001efbd4bba40 sp=0x000000eda84f6d70
Event: 5.814 Thread 0x000001efcdf75800 DEOPT UNPACKING pc=0x000001efb59783af sp=0x000000eda84f6cf0 mode 2
Event: 5.870 Thread 0x000001efcdf75800 Uncommon trap: trap_request=0xffffff4d fr.pc=0x000001efbd5e1200 relative=0x0000000000000340
Event: 5.870 Thread 0x000001efcdf75800 Uncommon trap: reason=unstable_if action=reinterpret pc=0x000001efbd5e1200 method=java.util.StringJoiner.add(Ljava/lang/CharSequence;)Ljava/util/StringJoiner; @ 33 c2
Event: 5.870 Thread 0x000001efcdf75800 DEOPT PACKING pc=0x000001efbd5e1200 sp=0x000000eda84f62f0
Event: 5.870 Thread 0x000001efcdf75800 DEOPT UNPACKING pc=0x000001efb59783af sp=0x000000eda84f62a0 mode 2

Classes redefined (0 events):
No events

Internal exceptions (20 events):
Event: 5.921 Thread 0x000001efcdf75800 Exception <a 'java/lang/ClassNotFoundException'{0x000000008afbd978}: org/gradle/api/internal/DefaultNamedDomainObjectSetCustomizer> (0x000000008afbd978) thrown at [./src/hotspot/share/classfile/systemDictionary.cpp, line 231]
Event: 5.923 Thread 0x000001efcdf75800 Exception <a 'java/lang/ClassNotFoundException'{0x000000008ae07008}: org/gradle/api/internal/AbstractNamedDomainObjectContainerCustomizer> (0x000000008ae07008) thrown at [./src/hotspot/share/classfile/systemDictionary.cpp, line 231]
Event: 5.924 Thread 0x000001efcdf75800 Exception <a 'java/lang/ClassNotFoundException'{0x000000008ae4e6e0}: org/gradle/api/internal/FactoryNamedDomainObjectContainerCustomizer> (0x000000008ae4e6e0) thrown at [./src/hotspot/share/classfile/systemDictionary.cpp, line 231]
Event: 5.925 Thread 0x000001efcdf75800 Exception <a 'java/lang/ClassNotFoundException'{0x000000008ae8e930}: org/gradle/api/internal/FactoryNamedDomainObjectContainer_DecoratedCustomizer> (0x000000008ae8e930) thrown at [./src/hotspot/share/classfile/systemDictionary.cpp, line 231]
Event: 5.937 Thread 0x000001efcdf75800 Exception <a 'java/lang/ClassNotFoundException'{0x000000008aca7cb0}: com/android/build/gradle/internal/dsl/BuildType_DecoratedBeanInfo> (0x000000008aca7cb0) thrown at [./src/hotspot/share/classfile/systemDictionary.cpp, line 231]
Event: 5.937 Thread 0x000001efcdf75800 Exception <a 'java/lang/ClassNotFoundException'{0x000000008acc0398}: com/android/build/gradle/internal/dsl/BuildTypeBeanInfo> (0x000000008acc0398) thrown at [./src/hotspot/share/classfile/systemDictionary.cpp, line 231]
Event: 5.938 Thread 0x000001efcdf75800 Exception <a 'java/lang/ClassNotFoundException'{0x000000008acd7ef8}: com/android/builder/core/AbstractBuildTypeBeanInfo> (0x000000008acd7ef8) thrown at [./src/hotspot/share/classfile/systemDictionary.cpp, line 231]
Event: 5.938 Thread 0x000001efcdf75800 Exception <a 'java/lang/ClassNotFoundException'{0x000000008acf01a8}: com/android/builder/core/AbstractBuildTypeCustomizer> (0x000000008acf01a8) thrown at [./src/hotspot/share/classfile/systemDictionary.cpp, line 231]
Event: 5.939 Thread 0x000001efcdf75800 Exception <a 'java/lang/ClassNotFoundException'{0x000000008ab25280}: com/android/build/gradle/internal/dsl/BuildTypeCustomizer> (0x000000008ab25280) thrown at [./src/hotspot/share/classfile/systemDictionary.cpp, line 231]
Event: 5.941 Thread 0x000001efcdf75800 Exception <a 'java/lang/ClassNotFoundException'{0x000000008abb17c0}: com/android/build/gradle/internal/dsl/BuildType_DecoratedCustomizer> (0x000000008abb17c0) thrown at [./src/hotspot/share/classfile/systemDictionary.cpp, line 231]
Event: 5.944 Thread 0x000001efcdf75800 Exception <a 'java/lang/ClassNotFoundException'{0x000000008aa73900}: build_c5a0euxjgc89rn0qk3f7qgegv$_run_closure1$_closure4BeanInfo> (0x000000008aa73900) thrown at [./src/hotspot/share/classfile/systemDictionary.cpp, line 231]
Event: 5.944 Thread 0x000001efcdf75800 Exception <a 'java/lang/ClassNotFoundException'{0x000000008aa84310}: build_c5a0euxjgc89rn0qk3f7qgegv$_run_closure1$_closure4Customizer> (0x000000008aa84310) thrown at [./src/hotspot/share/classfile/systemDictionary.cpp, line 231]
Event: 5.945 Thread 0x000001efcdf75800 Exception <a 'java/lang/ClassNotFoundException'{0x000000008aaad0b0}: build_c5a0euxjgc89rn0qk3f7qgegv$_run_closure1BeanInfo> (0x000000008aaad0b0) thrown at [./src/hotspot/share/classfile/systemDictionary.cpp, line 231]
Event: 5.945 Thread 0x000001efcdf75800 Exception <a 'java/lang/ClassNotFoundException'{0x000000008aabcec0}: build_c5a0euxjgc89rn0qk3f7qgegv$_run_closure1Customizer> (0x000000008aabcec0) thrown at [./src/hotspot/share/classfile/systemDictionary.cpp, line 231]
Event: 5.949 Thread 0x000001efcdf75800 Exception <a 'java/lang/ClassNotFoundException'{0x000000008a91adc0}: org/gradle/api/JavaVersionBeanInfo> (0x000000008a91adc0) thrown at [./src/hotspot/share/classfile/systemDictionary.cpp, line 231]
Event: 5.949 Thread 0x000001efcdf75800 Exception <a 'java/lang/ClassNotFoundException'{0x000000008a945068}: org/gradle/api/JavaVersionCustomizer> (0x000000008a945068) thrown at [./src/hotspot/share/classfile/systemDictionary.cpp, line 231]
Event: 5.950 Thread 0x000001efcdf75800 Exception <a 'java/lang/ClassNotFoundException'{0x000000008a999800}: com/android/build/gradle/internal/CompileOptions_DecoratedBeanInfo> (0x000000008a999800) thrown at [./src/hotspot/share/classfile/systemDictionary.cpp, line 231]
Event: 5.950 Thread 0x000001efcdf75800 Exception <a 'java/lang/ClassNotFoundException'{0x000000008a9b0c58}: com/android/build/gradle/internal/CompileOptionsBeanInfo> (0x000000008a9b0c58) thrown at [./src/hotspot/share/classfile/systemDictionary.cpp, line 231]
Event: 5.951 Thread 0x000001efcdf75800 Exception <a 'java/lang/ClassNotFoundException'{0x000000008a9c8840}: com/android/build/gradle/internal/CompileOptionsCustomizer> (0x000000008a9c8840) thrown at [./src/hotspot/share/classfile/systemDictionary.cpp, line 231]
Event: 5.951 Thread 0x000001efcdf75800 Exception <a 'java/lang/ClassNotFoundException'{0x000000008a9ece10}: com/android/build/gradle/internal/CompileOptions_DecoratedCustomizer> (0x000000008a9ece10) thrown at [./src/hotspot/share/classfile/systemDictionary.cpp, line 231]

Events (20 events):
Event: 5.966 loading class com/android/build/api/dsl/LibraryBuildFeatures
Event: 5.966 loading class com/android/build/api/dsl/LibraryBuildFeatures done
Event: 5.967 loading class com/android/build/gradle/internal/variant/DimensionCombinator
Event: 5.967 loading class com/android/build/gradle/internal/variant/DimensionCombinator done
Event: 5.968 loading class com/android/build/gradle/internal/variant/DimensionCombinator$Companion
Event: 5.968 loading class com/android/build/gradle/internal/variant/DimensionCombinator$Companion done
Event: 5.968 loading class com/android/build/gradle/internal/variant/DimensionCombinationImpl
Event: 5.968 loading class com/android/build/gradle/internal/variant/DimensionCombinationImpl done
Event: 5.968 loading class com/android/build/gradle/internal/variant/DimensionCombination
Event: 5.968 loading class com/android/build/gradle/internal/variant/DimensionCombination done
Event: 5.969 loading class com/android/build/gradle/internal/VariantManager$createVariant$variantDslInfoBuilder$1
Event: 5.969 loading class com/android/build/gradle/internal/VariantManager$createVariant$variantDslInfoBuilder$1 done
Event: 5.969 Executing VM operation: Deoptimize
Event: 5.970 Executing VM operation: Deoptimize done
Event: 5.970 loading class com/android/build/gradle/internal/VariantManager$getLazyManifestParser$1
Event: 5.970 loading class com/android/build/gradle/internal/VariantManager$getLazyManifestParser$1 done
Event: 5.970 loading class com/android/build/gradle/internal/manifest/LazyManifestParser
Event: 5.970 loading class com/android/build/gradle/internal/manifest/LazyManifestParser done
Event: 5.971 loading class com/android/build/gradle/internal/manifest/ManifestDataProvider
Event: 5.971 loading class com/android/build/gradle/internal/manifest/ManifestDataProvider done


Dynamic libraries:
0x00007ff6ae0c0000 - 0x00007ff6ae0ca000 	C:\Program Files\Android\Android Studio\jre\bin\java.exe
0x00007ffa00630000 - 0x00007ffa00828000 	C:\Windows\SYSTEM32\ntdll.dll
0x00007ff9ff2d0000 - 0x00007ff9ff38d000 	C:\Windows\System32\KERNEL32.DLL
0x00007ff9fe060000 - 0x00007ff9fe332000 	C:\Windows\System32\KERNELBASE.dll
0x00007ff9fde00000 - 0x00007ff9fdf00000 	C:\Windows\System32\ucrtbase.dll
0x00007ff9e5d50000 - 0x00007ff9e5d69000 	C:\Program Files\Android\Android Studio\jre\bin\jli.dll
0x00007ff9e5d30000 - 0x00007ff9e5d47000 	C:\Program Files\Android\Android Studio\jre\bin\VCRUNTIME140.dll
0x00007ff9fff60000 - 0x00007ffa000fd000 	C:\Windows\System32\USER32.dll
0x00007ff9fdd40000 - 0x00007ff9fdd62000 	C:\Windows\System32\win32u.dll
0x00007ff9e74d0000 - 0x00007ff9e776a000 	C:\Windows\WinSxS\amd64_microsoft.windows.common-controls_6595b64144ccf1df_6.0.19041.1110_none_60b5254171f9507e\COMCTL32.dll
0x00007ffa003e0000 - 0x00007ffa0040b000 	C:\Windows\System32\GDI32.dll
0x00007ff9ff560000 - 0x00007ff9ff5fe000 	C:\Windows\System32\msvcrt.dll
0x00007ff9fe340000 - 0x00007ff9fe44f000 	C:\Windows\System32\gdi32full.dll
0x00007ff9fdf00000 - 0x00007ff9fdf9d000 	C:\Windows\System32\msvcp_win.dll
0x00007ff9ff390000 - 0x00007ff9ff3c0000 	C:\Windows\System32\IMM32.DLL
0x00007ff9e5c90000 - 0x00007ff9e5d2d000 	C:\Program Files\Android\Android Studio\jre\bin\msvcp140.dll
0x00007ff986330000 - 0x00007ff986dff000 	C:\Program Files\Android\Android Studio\jre\bin\server\jvm.dll
0x00007ffa00540000 - 0x00007ffa005ee000 	C:\Windows\System32\ADVAPI32.dll
0x00007ff9ff230000 - 0x00007ff9ff2cc000 	C:\Windows\System32\sechost.dll
0x00007ffa00100000 - 0x00007ffa00225000 	C:\Windows\System32\RPCRT4.dll
0x00007ff9ff7a0000 - 0x00007ff9ff7a8000 	C:\Windows\System32\PSAPI.DLL
0x00007ff9ec860000 - 0x00007ff9ec869000 	C:\Windows\SYSTEM32\WSOCK32.dll
0x00007ff9e0060000 - 0x00007ff9e0087000 	C:\Windows\SYSTEM32\WINMM.dll
0x00007ffa002e0000 - 0x00007ffa0034b000 	C:\Windows\System32\WS2_32.dll
0x00007ff9f2830000 - 0x00007ff9f283a000 	C:\Windows\SYSTEM32\VERSION.dll
0x00007ff9fc590000 - 0x00007ff9fc5a2000 	C:\Windows\SYSTEM32\kernel.appcore.dll
0x00007ff9e9400000 - 0x00007ff9e9411000 	C:\Program Files\Android\Android Studio\jre\bin\verify.dll
0x00007ff9fb790000 - 0x00007ff9fb974000 	C:\Windows\SYSTEM32\DBGHELP.DLL
0x00007ff9e2690000 - 0x00007ff9e26bc000 	C:\Windows\SYSTEM32\dbgcore.DLL
0x00007ff9fdd70000 - 0x00007ff9fddf2000 	C:\Windows\System32\bcryptPrimitives.dll
0x00007ff9e8d30000 - 0x00007ff9e8d59000 	C:\Program Files\Android\Android Studio\jre\bin\java.dll
0x00007ff9ec850000 - 0x00007ff9ec85b000 	C:\Program Files\Android\Android Studio\jre\bin\jimage.dll
0x00007ff9e9230000 - 0x00007ff9e9248000 	C:\Program Files\Android\Android Studio\jre\bin\zip.dll
0x00007ff9ff7b0000 - 0x00007ff9ffef3000 	C:\Windows\System32\SHELL32.dll
0x00007ff9fbde0000 - 0x00007ff9fc571000 	C:\Windows\SYSTEM32\windows.storage.dll
0x00007ff9feb00000 - 0x00007ff9fee54000 	C:\Windows\System32\combase.dll
0x00007ff9fd7a0000 - 0x00007ff9fd7d0000 	C:\Windows\SYSTEM32\Wldp.dll
0x00007ffa00230000 - 0x00007ffa002dd000 	C:\Windows\System32\SHCORE.dll
0x00007ff9fee60000 - 0x00007ff9feeb5000 	C:\Windows\System32\shlwapi.dll
0x00007ff9fdc80000 - 0x00007ff9fdc9f000 	C:\Windows\SYSTEM32\profapi.dll
0x00007ff9e8ec0000 - 0x00007ff9e8eda000 	C:\Program Files\Android\Android Studio\jre\bin\net.dll
0x00007ff9f4ca0000 - 0x00007ff9f4dad000 	C:\Windows\SYSTEM32\WINHTTP.dll
0x00007ff9fd500000 - 0x00007ff9fd56a000 	C:\Windows\system32\mswsock.dll
0x00007ff9e8cf0000 - 0x00007ff9e8d04000 	C:\Program Files\Android\Android Studio\jre\bin\nio.dll
0x00007ff9e6040000 - 0x00007ff9e6067000 	C:\Users\LABKOM\.gradle\native\8bec1ad78214c89d9ad589b4d07fe93259594b29d510b10fafb7a158f7737e5d\windows-amd64\native-platform.dll
0x00007ff9d3470000 - 0x00007ff9d35ad000 	C:\Users\LABKOM\.gradle\native\53dbd7edfb1c66fb8903c78663c9afc45aea4f116125fa6feffd364cf09443e8\windows-amd64\native-platform-file-events.dll
0x00007ff9ecaa0000 - 0x00007ff9ecaaa000 	C:\Program Files\Android\Android Studio\jre\bin\management.dll
0x00007ff9e93f0000 - 0x00007ff9e93fc000 	C:\Program Files\Android\Android Studio\jre\bin\management_ext.dll
0x00007ff9fd6f0000 - 0x00007ff9fd708000 	C:\Windows\SYSTEM32\CRYPTSP.dll
0x00007ff9fcdb0000 - 0x00007ff9fcde4000 	C:\Windows\system32\rsaenh.dll
0x00007ff9fe660000 - 0x00007ff9fe687000 	C:\Windows\System32\bcrypt.dll
0x00007ff9fdc00000 - 0x00007ff9fdc2e000 	C:\Windows\SYSTEM32\USERENV.dll
0x00007ff9fd710000 - 0x00007ff9fd71c000 	C:\Windows\SYSTEM32\CRYPTBASE.dll
0x00007ff9fd1a0000 - 0x00007ff9fd1db000 	C:\Windows\SYSTEM32\IPHLPAPI.DLL
0x00007ff9ff070000 - 0x00007ff9ff078000 	C:\Windows\System32\NSI.dll
0x00007ff9f2840000 - 0x00007ff9f2857000 	C:\Windows\SYSTEM32\dhcpcsvc6.DLL
0x00007ff9f2810000 - 0x00007ff9f282d000 	C:\Windows\SYSTEM32\dhcpcsvc.DLL
0x00007ff9fd1f0000 - 0x00007ff9fd2ba000 	C:\Windows\SYSTEM32\DNSAPI.dll

dbghelp: loaded successfully - version: 4.0.5 - missing functions: none
symbol engine: initialized successfully - sym options: 0x614 - pdb path: .;C:\Program Files\Android\Android Studio\jre\bin;C:\Windows\SYSTEM32;C:\Windows\WinSxS\amd64_microsoft.windows.common-controls_6595b64144ccf1df_6.0.19041.1110_none_60b5254171f9507e;C:\Program Files\Android\Android Studio\jre\bin\server;C:\Users\LABKOM\.gradle\native\8bec1ad78214c89d9ad589b4d07fe93259594b29d510b10fafb7a158f7737e5d\windows-amd64;C:\Users\LABKOM\.gradle\native\53dbd7edfb1c66fb8903c78663c9afc45aea4f116125fa6feffd364cf09443e8\windows-amd64

VM Arguments:
jvm_args: --add-opens=java.base/java.util=ALL-UNNAMED --add-opens=java.base/java.lang=ALL-UNNAMED --add-opens=java.base/java.lang.invoke=ALL-UNNAMED --add-opens=java.base/java.util=ALL-UNNAMED --add-opens=java.prefs/java.util.prefs=ALL-UNNAMED --add-opens=java.prefs/java.util.prefs=ALL-UNNAMED --add-opens=java.base/java.nio.charset=ALL-UNNAMED --add-opens=java.base/java.net=ALL-UNNAMED --add-opens=java.base/java.util.concurrent.atomic=ALL-UNNAMED -Xmx2048m -Dfile.encoding=UTF-8 -Duser.country=US -Duser.language=en -Duser.variant 
java_command: org.gradle.launcher.daemon.bootstrap.GradleDaemon 7.0.2
java_class_path (initial): C:\Users\LABKOM\.gradle\wrapper\dists\gradle-7.0.2-bin\857tjihv64xamwrf0h14cai3r\gradle-7.0.2\lib\gradle-launcher-7.0.2.jar
Launcher Type: SUN_STANDARD

[Global flags]
     intx CICompilerCount                          = 3                                         {product} {ergonomic}
     uint ConcGCThreads                            = 1                                         {product} {ergonomic}
     uint G1ConcRefinementThreads                  = 4                                         {product} {ergonomic}
   size_t G1HeapRegionSize                         = 1048576                                   {product} {ergonomic}
    uintx GCDrainStackTargetSize                   = 64                                        {product} {ergonomic}
   size_t InitialHeapSize                          = 130023424                                 {product} {ergonomic}
   size_t MarkStackSize                            = 4194304                                   {product} {ergonomic}
   size_t MaxHeapSize                              = 2147483648                                {product} {command line}
   size_t MaxNewSize                               = 1287651328                                {product} {ergonomic}
   size_t MinHeapDeltaBytes                        = 1048576                                   {product} {ergonomic}
    uintx NonNMethodCodeHeapSize                   = 5830732                                {pd product} {ergonomic}
    uintx NonProfiledCodeHeapSize                  = 122913754                              {pd product} {ergonomic}
    uintx ProfiledCodeHeapSize                     = 122913754                              {pd product} {ergonomic}
    uintx ReservedCodeCacheSize                    = 251658240                              {pd product} {ergonomic}
     bool SegmentedCodeCache                       = true                                      {product} {ergonomic}
     bool UseCompressedClassPointers               = true                                 {lp64_product} {ergonomic}
     bool UseCompressedOops                        = true                                 {lp64_product} {ergonomic}
     bool UseG1GC                                  = true                                      {product} {ergonomic}
     bool UseLargePagesIndividualAllocation        = false                                  {pd product} {ergonomic}

Logging:
Log output configuration:
 #0: stdout all=warning uptime,level,tags
 #1: stderr all=off uptime,level,tags

Environment Variables:
PATH=C:\Program Files (x86)\Common Files\Intel\Shared Files\fortran\bin\Intel64;C:\Program Files (x86)\Common Files\Intel\Shared Libraries\redist\intel64_win\mpirt;C:\Program Files (x86)\Common Files\Intel\Shared Libraries\redist\intel64_win\compiler;C:\ProgramData\Oracle\Java\javapath;C:\Program Files\Common Files\Oracle\Java\javapath;C:\Windows\system32;C:\Windows;C:\Windows\System32\Wbem;C:\Windows\System32\WindowsPowerShell\v1.0\;C:\Windows\System32\OpenSSH\;C:\Program Files (x86)\MATLAB\MATLAB Production Server\R2015a\runtime\win32;C:\Program Files (x86)\MATLAB\MATLAB Production Server\R2015a\bin;C:\Program Files (x86)\MATLAB\MATLAB Production Server\R2015a\polyspace\bin;C:\xampp\php;C:\composer;C:\Program Files (x86)\Microsoft SQL Server\100\Tools\Binn\;C:\Program Files\Microsoft SQL Server\100\Tools\Binn\;C:\Program Files\Microsoft SQL Server\100\DTS\Binn\;C:\Program Files\Microsoft SQL Server\110\Tools\Binn\;C:\Program Files\Git\cmd;C:\Users\LABKOM\AppData\Local\Programs\Python\Python39\Scripts\;C:\Users\LABKOM\AppData\Local\Programs\Python\Python39\;C:\Users\LABKOM\AppData\Local\Microsoft\WindowsApps;;C:\Users\LABKOM\AppData\Local\Programs\Microsoft VS Code\bin;C:\Users\LABKOM\AppData\Roaming\Composer\vendor\bin
USERNAME=LABKOM
OS=Windows_NT
PROCESSOR_IDENTIFIER=Intel64 Family 6 Model 140 Stepping 1, GenuineIntel



---------------  S Y S T E M  ---------------

OS: Windows 10 , 64 bit Build 19041 (10.0.19041.1889)
OS uptime: 0 days 1:34 hours

CPU:total 4 (initial active 4) (2 cores per cpu, 2 threads per core) family 6 model 140 stepping 1 microcode 0x72, cmov, cx8, fxsr, mmx, sse, sse2, sse3, ssse3, sse4.1, sse4.2, popcnt, avx, avx2, aes, clmul, erms, 3dnowpref, lzcnt, ht, tsc, tscinvbit, bmi1, bmi2, adx, evex, sha, fma

Memory: 4k page, system-wide physical 7817M (864M free)
TotalPageFile size 8689M (AvailPageFile size 5M)
current process WorkingSet (physical memory assigned to process): 384M, peak: 384M
current process commit charge ("private bytes"): 414M, peak: 415M

vm_info: OpenJDK 64-Bit Server VM (11.0.10+0-b96-7249189) for windows-amd64 JRE (11.0.10+0-b96-7249189), built on Mar 31 2021 21:44:00 by "builder" with MS VC++ 14.0 (VS2015)

END.
